2018-06-23 01:40:41.0758 [TRACE] :  等待扫码开始...
2018-06-23 16:05:56.1264 [TRACE] :  等待扫码开始...
2018-06-23 16:06:48.3296 [TRACE] :  收到扫码触发信号，开始扫码...
2018-06-23 16:07:08.2732 [TRACE] :  读码命令发送成功，等待读码完成...
2018-06-23 16:07:28.6385 [TRACE] :  读码成功: <061850A01134>  <061850A01066>
2018-06-23 16:07:53.2006 [TRACE] :  开始进行电芯进站校验...
2018-06-23 16:08:42.0023 [WARN] :  MES 调用失败，请检查网络与MES设置！
2018-06-23 16:12:33.4994 [TRACE] :  等待扫码开始...
2018-06-23 16:12:56.9462 [TRACE] :  收到扫码触发信号，开始扫码...
2018-06-23 16:13:01.1968 [TRACE] :  读码命令发送成功，等待读码完成...
2018-06-23 16:13:01.4310 [TRACE] :  读码成功: <061850A01134>  <061850A01066>
2018-06-23 16:13:01.4310 [TRACE] :  开始进行电芯进站校验...
2018-06-23 16:13:28.3878 [WARN] :  MES 调用失败，请检查网络与MES设置！
2018-06-23 16:17:52.5149 [TRACE] :  等待扫码开始...
2018-06-23 16:17:52.5305 [TRACE] :  收到扫码触发信号，开始扫码...
2018-06-23 16:17:52.5461 [TRACE] :  读码命令发送成功，等待读码完成...
2018-06-23 16:17:52.7645 [TRACE] :  读码成功: <061850A01134>  <061850A01066>
2018-06-23 16:17:52.7645 [TRACE] :  开始进行电芯进站校验...
2018-06-23 16:19:12.8776 [TRACE] :  等待扫码开始...
2018-06-23 16:19:12.9088 [TRACE] :  收到扫码触发信号，开始扫码...
2018-06-23 16:19:12.9244 [TRACE] :  读码命令发送成功，等待读码完成...
2018-06-23 16:19:13.1428 [TRACE] :  读码成功: <061850A01134>  <061850A01066>
2018-06-23 16:19:13.1428 [TRACE] :  开始进行电芯进站校验...
2018-06-23 16:19:40.0528 [WARN] :  MES 调用失败，请检查网络与MES设置！
2018-06-23 16:20:17.3057 [TRACE] :  等待扫码开始...
2018-06-23 16:20:17.3213 [TRACE] :  收到扫码触发信号，开始扫码...
2018-06-23 16:20:17.3369 [TRACE] :  读码命令发送成功，等待读码完成...
2018-06-23 16:20:17.5553 [TRACE] :  读码成功: <061850A01134>  <061850A01066>
2018-06-23 16:20:17.5709 [TRACE] :  开始进行电芯进站校验...
2018-06-23 16:20:41.8134 [WARN] :  MES 调用失败，请检查网络与MES设置！
