2018-05-03 08:19:08.1996 [TRACE] :  >--------------- Program start -----------------
2018-05-03 08:19:08.4804 [TRACE] :  >Load document...
2018-05-03 08:19:08.6832 [TRACE] :  >Hardware initialize...
2018-05-03 08:19:09.5568 [TRACE] :  >System init ok.
2018-05-03 08:19:10.5864 [WARN] :  >YamahaRobotRCX340 断开连接，即将尝试第 1 次重连...
2018-05-03 08:19:12.5365 [WARN] :  >连接未成功。
2018-05-03 08:19:13.5817 [WARN] :  >YamahaRobotRCX340 断开连接，即将尝试第 2 次重连...
2018-05-03 08:19:15.5473 [WARN] :  >连接未成功。
2018-05-03 08:19:16.5925 [WARN] :  >YamahaRobotRCX340 断开连接，即将尝试第 3 次重连...
2018-05-03 08:19:18.5425 [WARN] :  >连接未成功。
2018-05-03 08:19:19.5877 [WARN] :  >YamahaRobotRCX340 断开连接，即将尝试第 4 次重连...
2018-05-03 08:19:21.5377 [WARN] :  >连接未成功。
2018-05-03 08:19:22.5829 [WARN] :  >YamahaRobotRCX340 断开连接，即将尝试第 5 次重连...
2018-05-03 08:19:24.5329 [WARN] :  >连接未成功。
2018-05-03 08:19:25.5781 [WARN] :  >YamahaRobotRCX340 断开连接，即将尝试第 6 次重连...
2018-05-03 08:19:27.5438 [WARN] :  >连接未成功。
2018-05-03 08:19:28.5890 [WARN] :  >YamahaRobotRCX340 断开连接，即将尝试第 7 次重连...
2018-05-03 08:19:30.5390 [WARN] :  >连接未成功。
2018-05-03 08:19:31.5842 [WARN] :  >YamahaRobotRCX340 断开连接，即将尝试第 8 次重连...
2018-05-03 08:19:33.5342 [WARN] :  >连接未成功。
2018-05-03 08:19:34.5794 [WARN] :  >YamahaRobotRCX340 断开连接，即将尝试第 9 次重连...
2018-05-03 08:19:36.5450 [WARN] :  >连接未成功。
2018-05-03 08:19:37.5902 [WARN] :  >YamahaRobotRCX340 断开连接，即将尝试第 10 次重连...
2018-05-03 08:19:39.5402 [WARN] :  >连接未成功。
2018-05-03 08:19:40.5854 [WARN] :  >连接未成功。
2018-05-03 08:26:20.0292 [TRACE] :  >--------------- Program start -----------------
2018-05-03 08:26:20.2944 [TRACE] :  >Load document...
2018-05-03 08:26:20.4972 [TRACE] :  >Hardware initialize...
2018-05-03 08:26:21.5580 [TRACE] :  >System init ok.
2018-05-03 08:26:22.5876 [WARN] :  >YamahaRobotRCX340 断开连接，即将尝试第 1 次重连...
2018-05-03 08:26:24.5376 [WARN] :  >连接未成功。
2018-05-03 08:26:25.5828 [WARN] :  >YamahaRobotRCX340 断开连接，即将尝试第 2 次重连...
2018-05-03 08:26:27.5484 [WARN] :  >连接未成功。
2018-05-03 08:26:28.5936 [WARN] :  >YamahaRobotRCX340 断开连接，即将尝试第 3 次重连...
2018-05-03 08:26:30.5436 [WARN] :  >连接未成功。
2018-05-03 08:26:31.5888 [WARN] :  >YamahaRobotRCX340 断开连接，即将尝试第 4 次重连...
2018-05-03 08:26:33.5388 [WARN] :  >连接未成功。
2018-05-03 08:26:34.5840 [WARN] :  >YamahaRobotRCX340 断开连接，即将尝试第 5 次重连...
2018-05-03 08:26:36.5340 [WARN] :  >连接未成功。
2018-05-03 08:26:37.5792 [WARN] :  >YamahaRobotRCX340 断开连接，即将尝试第 6 次重连...
2018-05-03 08:26:39.5448 [WARN] :  >连接未成功。
2018-05-03 08:26:40.5900 [WARN] :  >YamahaRobotRCX340 断开连接，即将尝试第 7 次重连...
2018-05-03 08:26:42.5400 [WARN] :  >连接未成功。
2018-05-03 08:26:43.5852 [WARN] :  >YamahaRobotRCX340 断开连接，即将尝试第 8 次重连...
2018-05-03 08:26:45.5352 [WARN] :  >连接未成功。
2018-05-03 08:26:46.5804 [WARN] :  >YamahaRobotRCX340 断开连接，即将尝试第 9 次重连...
2018-05-03 08:26:48.5460 [WARN] :  >连接未成功。
2018-05-03 08:26:49.5912 [WARN] :  >YamahaRobotRCX340 断开连接，即将尝试第 10 次重连...
2018-05-03 08:26:51.5412 [WARN] :  >连接未成功。
2018-05-03 08:26:52.5864 [WARN] :  >连接未成功。
2018-05-03 08:30:36.1584 [TRACE] :  >--------------- Program start -----------------
2018-05-03 08:30:36.4352 [TRACE] :  >Load document...
2018-05-03 08:30:36.6568 [TRACE] :  >Hardware initialize...
2018-05-03 08:30:37.5616 [TRACE] :  >System init ok.
2018-05-03 08:30:38.5912 [WARN] :  >YamahaRobotRCX340 断开连接，即将尝试第 1 次重连...
2018-05-03 08:30:40.5412 [WARN] :  >连接未成功。
2018-05-03 08:30:41.5864 [WARN] :  >YamahaRobotRCX340 断开连接，即将尝试第 2 次重连...
2018-05-03 08:30:43.5364 [WARN] :  >连接未成功。
2018-05-03 08:30:44.5816 [WARN] :  >YamahaRobotRCX340 断开连接，即将尝试第 3 次重连...
2018-05-03 08:30:46.5472 [WARN] :  >连接未成功。
2018-05-03 08:30:47.5924 [WARN] :  >YamahaRobotRCX340 断开连接，即将尝试第 4 次重连...
2018-05-03 08:30:49.5424 [WARN] :  >连接未成功。
2018-05-03 08:30:50.5876 [WARN] :  >YamahaRobotRCX340 断开连接，即将尝试第 5 次重连...
2018-05-03 08:30:52.5376 [WARN] :  >连接未成功。
2018-05-03 08:30:53.5828 [WARN] :  >YamahaRobotRCX340 断开连接，即将尝试第 6 次重连...
2018-05-03 08:30:55.5328 [WARN] :  >连接未成功。
2018-05-03 08:30:56.5780 [WARN] :  >YamahaRobotRCX340 断开连接，即将尝试第 7 次重连...
2018-05-03 08:30:58.5436 [WARN] :  >连接未成功。
2018-05-03 08:30:59.5888 [WARN] :  >YamahaRobotRCX340 断开连接，即将尝试第 8 次重连...
2018-05-03 08:31:01.5388 [WARN] :  >连接未成功。
2018-05-03 08:31:02.5840 [WARN] :  >YamahaRobotRCX340 断开连接，即将尝试第 9 次重连...
2018-05-03 08:31:04.5340 [WARN] :  >连接未成功。
2018-05-03 08:31:05.5792 [WARN] :  >YamahaRobotRCX340 断开连接，即将尝试第 10 次重连...
2018-05-03 08:31:07.5448 [WARN] :  >连接未成功。
2018-05-03 08:31:08.5900 [WARN] :  >连接未成功。
2018-05-03 09:20:58.0698 [TRACE] :  >--------------- Program start -----------------
2018-05-03 09:20:58.3620 [TRACE] :  >Load document...
2018-05-03 09:20:58.5934 [TRACE] :  >Hardware initialize...
2018-05-03 09:20:59.5294 [TRACE] :  >System init ok.
2018-05-03 09:21:00.5590 [WARN] :  >YamahaRobotRCX340 断开连接，即将尝试第 1 次重连...
2018-05-03 09:21:02.5089 [WARN] :  >连接未成功。
2018-05-03 09:21:03.5541 [WARN] :  >YamahaRobotRCX340 断开连接，即将尝试第 2 次重连...
2018-05-03 09:21:05.5197 [WARN] :  >连接未成功。
2018-05-03 09:21:06.5649 [WARN] :  >YamahaRobotRCX340 断开连接，即将尝试第 3 次重连...
2018-05-03 09:21:08.5149 [WARN] :  >连接未成功。
2018-05-03 09:21:09.5601 [WARN] :  >YamahaRobotRCX340 断开连接，即将尝试第 4 次重连...
2018-05-03 09:21:11.5101 [WARN] :  >连接未成功。
2018-05-03 09:21:12.5553 [WARN] :  >YamahaRobotRCX340 断开连接，即将尝试第 5 次重连...
2018-05-03 09:21:14.5209 [WARN] :  >连接未成功。
2018-05-03 09:21:15.5661 [WARN] :  >YamahaRobotRCX340 断开连接，即将尝试第 6 次重连...
2018-05-03 09:21:17.5161 [WARN] :  >连接未成功。
2018-05-03 09:21:18.5612 [WARN] :  >YamahaRobotRCX340 断开连接，即将尝试第 7 次重连...
2018-05-03 09:21:20.5112 [WARN] :  >连接未成功。
2018-05-03 09:21:21.5564 [WARN] :  >YamahaRobotRCX340 断开连接，即将尝试第 8 次重连...
2018-05-03 09:21:23.5220 [WARN] :  >连接未成功。
2018-05-03 09:21:24.5672 [WARN] :  >YamahaRobotRCX340 断开连接，即将尝试第 9 次重连...
2018-05-03 09:21:26.5172 [WARN] :  >连接未成功。
2018-05-03 09:21:27.5624 [WARN] :  >YamahaRobotRCX340 断开连接，即将尝试第 10 次重连...
2018-05-03 09:21:29.5124 [WARN] :  >连接未成功。
2018-05-03 09:21:30.5576 [WARN] :  >连接未成功。
2018-05-03 09:24:34.3106 [TRACE] :  >--------------- Program start -----------------
2018-05-03 09:24:34.5602 [TRACE] :  >Load document...
2018-05-03 09:24:34.7630 [TRACE] :  >Hardware initialize...
2018-05-03 09:24:35.5274 [TRACE] :  >System init ok.
2018-05-03 09:24:36.5570 [WARN] :  >YamahaRobotRCX340 断开连接，即将尝试第 1 次重连...
2018-05-03 09:24:38.5070 [WARN] :  >连接未成功。
2018-05-03 09:24:39.5522 [WARN] :  >YamahaRobotRCX340 断开连接，即将尝试第 2 次重连...
2018-05-03 09:24:41.5177 [WARN] :  >连接未成功。
2018-05-03 09:24:42.5941 [WARN] :  >YamahaRobotRCX340 断开连接，即将尝试第 3 次重连...
2018-05-03 09:24:44.5129 [WARN] :  >连接未成功。
2018-05-03 09:24:45.5581 [WARN] :  >YamahaRobotRCX340 断开连接，即将尝试第 4 次重连...
2018-05-03 09:24:47.5081 [WARN] :  >连接未成功。
2018-05-03 09:24:48.5533 [WARN] :  >YamahaRobotRCX340 断开连接，即将尝试第 5 次重连...
2018-05-03 09:24:50.5189 [WARN] :  >连接未成功。
2018-05-03 09:24:51.5641 [WARN] :  >YamahaRobotRCX340 断开连接，即将尝试第 6 次重连...
2018-05-03 09:24:53.5141 [WARN] :  >连接未成功。
2018-05-03 09:24:54.5593 [WARN] :  >YamahaRobotRCX340 断开连接，即将尝试第 7 次重连...
2018-05-03 09:24:56.5093 [WARN] :  >连接未成功。
2018-05-03 09:24:57.5545 [WARN] :  >YamahaRobotRCX340 断开连接，即将尝试第 8 次重连...
2018-05-03 09:24:59.5201 [WARN] :  >连接未成功。
2018-05-03 09:25:00.5653 [WARN] :  >YamahaRobotRCX340 断开连接，即将尝试第 9 次重连...
2018-05-03 09:25:02.5153 [WARN] :  >连接未成功。
2018-05-03 09:25:03.5605 [WARN] :  >YamahaRobotRCX340 断开连接，即将尝试第 10 次重连...
2018-05-03 09:25:05.5105 [WARN] :  >连接未成功。
2018-05-03 09:25:06.5557 [WARN] :  >连接未成功。
2018-05-03 09:30:54.9572 [TRACE] :  >--------------- Program start -----------------
2018-05-03 09:30:55.1652 [TRACE] :  >Load document...
2018-05-03 09:30:55.3582 [TRACE] :  >Hardware initialize...
2018-05-03 09:30:55.9922 [TRACE] :  >System init ok.
2018-05-03 09:30:56.9972 [WARN] :  >YamahaRobotRCX340 断开连接，即将尝试第 1 次重连...
2018-05-03 09:30:58.9712 [WARN] :  >连接未成功。
2018-05-03 09:30:59.9972 [WARN] :  >YamahaRobotRCX340 断开连接，即将尝试第 2 次重连...
2018-05-03 09:31:01.9752 [WARN] :  >连接未成功。
2018-05-03 09:31:03.0022 [WARN] :  >YamahaRobotRCX340 断开连接，即将尝试第 3 次重连...
2018-05-03 09:31:04.9702 [WARN] :  >连接未成功。
2018-05-03 09:31:05.9982 [WARN] :  >YamahaRobotRCX340 断开连接，即将尝试第 4 次重连...
2018-05-03 09:31:07.9722 [WARN] :  >连接未成功。
2018-05-03 09:31:09.0002 [WARN] :  >YamahaRobotRCX340 断开连接，即将尝试第 5 次重连...
2018-05-03 09:31:10.9722 [WARN] :  >连接未成功。
2018-05-03 09:31:11.9992 [WARN] :  >YamahaRobotRCX340 断开连接，即将尝试第 6 次重连...
2018-05-03 09:31:13.9722 [WARN] :  >连接未成功。
2018-05-03 09:31:15.0490 [WARN] :  >YamahaRobotRCX340 断开连接，即将尝试第 7 次重连...
2018-05-03 09:31:16.9989 [WARN] :  >连接未成功。
2018-05-03 09:31:18.0441 [WARN] :  >YamahaRobotRCX340 断开连接，即将尝试第 8 次重连...
2018-05-03 09:31:20.0097 [WARN] :  >连接未成功。
2018-05-03 09:31:21.0548 [WARN] :  >YamahaRobotRCX340 断开连接，即将尝试第 9 次重连...
2018-05-03 09:31:23.0048 [WARN] :  >连接未成功。
2018-05-03 09:31:24.0500 [WARN] :  >YamahaRobotRCX340 断开连接，即将尝试第 10 次重连...
2018-05-03 09:31:25.9999 [WARN] :  >连接未成功。
2018-05-03 09:31:27.0451 [WARN] :  >连接未成功。
2018-05-03 09:32:54.5862 [TRACE] :  >--------------- Program start -----------------
2018-05-03 09:32:54.8826 [TRACE] :  >Load document...
2018-05-03 09:32:55.0698 [TRACE] :  >Hardware initialize...
2018-05-03 09:32:56.0214 [TRACE] :  >System init ok.
2018-05-03 09:32:57.0510 [WARN] :  >YamahaRobotRCX340 断开连接，即将尝试第 1 次重连...
2018-05-03 09:32:59.0010 [WARN] :  >连接未成功。
2018-05-03 09:33:00.0462 [WARN] :  >YamahaRobotRCX340 断开连接，即将尝试第 2 次重连...
2018-05-03 09:33:02.0118 [WARN] :  >连接未成功。
2018-05-03 09:33:03.0570 [WARN] :  >YamahaRobotRCX340 断开连接，即将尝试第 3 次重连...
2018-05-03 09:33:05.0070 [WARN] :  >连接未成功。
2018-05-03 09:33:06.0522 [WARN] :  >YamahaRobotRCX340 断开连接，即将尝试第 4 次重连...
2018-05-03 09:33:08.0021 [WARN] :  >连接未成功。
2018-05-03 09:33:09.0473 [WARN] :  >YamahaRobotRCX340 断开连接，即将尝试第 5 次重连...
2018-05-03 09:33:10.9973 [WARN] :  >连接未成功。
2018-05-03 09:33:12.0425 [WARN] :  >YamahaRobotRCX340 断开连接，即将尝试第 6 次重连...
2018-05-03 09:33:14.0081 [WARN] :  >连接未成功。
2018-05-03 09:33:15.0533 [WARN] :  >YamahaRobotRCX340 断开连接，即将尝试第 7 次重连...
2018-05-03 09:33:17.0033 [WARN] :  >连接未成功。
2018-05-03 09:33:18.0485 [WARN] :  >YamahaRobotRCX340 断开连接，即将尝试第 8 次重连...
2018-05-03 09:33:19.9985 [WARN] :  >连接未成功。
2018-05-03 09:33:21.0437 [WARN] :  >YamahaRobotRCX340 断开连接，即将尝试第 9 次重连...
2018-05-03 09:33:23.0092 [WARN] :  >连接未成功。
2018-05-03 09:33:24.0544 [WARN] :  >YamahaRobotRCX340 断开连接，即将尝试第 10 次重连...
2018-05-03 09:33:26.0044 [WARN] :  >连接未成功。
2018-05-03 09:33:27.0496 [WARN] :  >连接未成功。
2018-05-03 09:50:16.3308 [TRACE] :  >--------------- Program start -----------------
2018-05-03 09:50:16.6272 [TRACE] :  >Load document...
2018-05-03 09:50:16.8300 [TRACE] :  >Hardware initialize...
2018-05-03 09:50:17.5018 [TRACE] :  >System init ok.
2018-05-03 09:50:18.5314 [WARN] :  >YamahaRobotRCX340 断开连接，即将尝试第 1 次重连...
2018-05-03 09:50:20.5125 [WARN] :  >连接未成功。
2018-05-03 09:50:21.5577 [WARN] :  >YamahaRobotRCX340 断开连接，即将尝试第 2 次重连...
2018-05-03 09:50:23.4764 [WARN] :  >连接未成功。
2018-05-03 09:50:24.5216 [WARN] :  >YamahaRobotRCX340 断开连接，即将尝试第 3 次重连...
2018-05-03 09:50:26.4715 [WARN] :  >连接未成功。
2018-05-03 09:50:27.5167 [WARN] :  >YamahaRobotRCX340 断开连接，即将尝试第 4 次重连...
2018-05-03 09:50:29.4822 [WARN] :  >连接未成功。
2018-05-03 09:50:30.5274 [WARN] :  >YamahaRobotRCX340 断开连接，即将尝试第 5 次重连...
2018-05-03 09:50:32.4773 [WARN] :  >连接未成功。
2018-05-03 09:50:33.5225 [WARN] :  >YamahaRobotRCX340 断开连接，即将尝试第 6 次重连...
2018-05-03 09:50:35.4724 [WARN] :  >连接未成功。
2018-05-03 09:50:36.5176 [WARN] :  >YamahaRobotRCX340 断开连接，即将尝试第 7 次重连...
2018-05-03 09:50:38.4831 [WARN] :  >连接未成功。
2018-05-03 09:50:39.5283 [WARN] :  >YamahaRobotRCX340 断开连接，即将尝试第 8 次重连...
2018-05-03 09:50:41.4782 [WARN] :  >连接未成功。
2018-05-03 09:50:42.5234 [WARN] :  >YamahaRobotRCX340 断开连接，即将尝试第 9 次重连...
2018-05-03 09:50:44.4733 [WARN] :  >连接未成功。
2018-05-03 09:50:45.5185 [WARN] :  >YamahaRobotRCX340 断开连接，即将尝试第 10 次重连...
2018-05-03 09:50:47.4840 [WARN] :  >连接未成功。
2018-05-03 09:50:48.5292 [WARN] :  >连接未成功。
2018-05-03 14:28:33.2381 [TRACE] :  >--------------- Program start -----------------
2018-05-03 14:28:33.6841 [TRACE] :  >Load document...
2018-05-03 14:28:34.1251 [TRACE] :  >Hardware initialize...
2018-05-03 14:28:35.2481 [TRACE] :  >System init ok.
2018-05-03 14:28:36.2461 [WARN] :  >YamahaRobotRCX340 断开连接，即将尝试第 1 次重连...
2018-05-03 14:28:38.2101 [WARN] :  >连接未成功。
2018-05-03 14:28:39.2351 [WARN] :  >YamahaRobotRCX340 断开连接，即将尝试第 2 次重连...
2018-05-03 14:28:41.2091 [WARN] :  >连接未成功。
2018-05-03 14:28:42.2301 [WARN] :  >YamahaRobotRCX340 断开连接，即将尝试第 3 次重连...
2018-05-03 14:28:44.2091 [WARN] :  >连接未成功。
2018-05-03 14:28:45.2341 [WARN] :  >YamahaRobotRCX340 断开连接，即将尝试第 4 次重连...
2018-05-03 14:28:47.2101 [WARN] :  >连接未成功。
2018-05-03 14:28:48.2301 [WARN] :  >YamahaRobotRCX340 断开连接，即将尝试第 5 次重连...
2018-05-03 14:28:50.2101 [WARN] :  >连接未成功。
2018-05-03 14:28:51.2411 [WARN] :  >YamahaRobotRCX340 断开连接，即将尝试第 6 次重连...
2018-05-03 14:28:53.2101 [WARN] :  >连接未成功。
2018-05-03 14:28:54.2311 [WARN] :  >YamahaRobotRCX340 断开连接，即将尝试第 7 次重连...
2018-05-03 14:28:56.2101 [WARN] :  >连接未成功。
2018-05-03 14:28:57.2371 [WARN] :  >YamahaRobotRCX340 断开连接，即将尝试第 8 次重连...
2018-05-03 14:28:59.2091 [WARN] :  >连接未成功。
2018-05-03 14:29:00.2301 [WARN] :  >YamahaRobotRCX340 断开连接，即将尝试第 9 次重连...
2018-05-03 14:29:02.2091 [WARN] :  >连接未成功。
2018-05-03 14:29:03.2351 [WARN] :  >YamahaRobotRCX340 断开连接，即将尝试第 10 次重连...
2018-05-03 14:29:05.2091 [WARN] :  >连接未成功。
2018-05-03 14:29:06.2531 [WARN] :  >连接未成功。
2018-05-03 14:31:07.7221 [TRACE] :  >--------------- Program start -----------------
2018-05-03 14:31:08.1821 [TRACE] :  >Load document...
2018-05-03 14:31:08.6321 [TRACE] :  >Hardware initialize...
2018-05-03 14:31:09.7281 [TRACE] :  >System init ok.
2018-05-03 14:31:10.7501 [WARN] :  >YamahaRobotRCX340 断开连接，即将尝试第 1 次重连...
2018-05-03 14:31:12.7011 [WARN] :  >连接未成功。
2018-05-03 14:31:13.7261 [WARN] :  >YamahaRobotRCX340 断开连接，即将尝试第 2 次重连...
2018-05-03 14:31:15.7031 [WARN] :  >连接未成功。
2018-05-03 14:31:16.7291 [WARN] :  >YamahaRobotRCX340 断开连接，即将尝试第 3 次重连...
2018-05-03 14:31:18.7111 [WARN] :  >连接未成功。
2018-05-03 14:31:19.7601 [WARN] :  >YamahaRobotRCX340 断开连接，即将尝试第 4 次重连...
2018-05-03 14:31:21.7001 [WARN] :  >连接未成功。
2018-05-03 14:31:22.7251 [WARN] :  >YamahaRobotRCX340 断开连接，即将尝试第 5 次重连...
2018-05-03 14:31:24.7001 [WARN] :  >连接未成功。
2018-05-03 14:31:25.7231 [WARN] :  >YamahaRobotRCX340 断开连接，即将尝试第 6 次重连...
2018-05-03 14:31:27.7001 [WARN] :  >连接未成功。
2018-05-03 14:31:28.7251 [WARN] :  >YamahaRobotRCX340 断开连接，即将尝试第 7 次重连...
2018-05-03 14:31:30.7001 [WARN] :  >连接未成功。
2018-05-03 14:31:31.7271 [WARN] :  >YamahaRobotRCX340 断开连接，即将尝试第 8 次重连...
2018-05-03 14:31:33.7011 [WARN] :  >连接未成功。
2018-05-03 14:31:34.7251 [WARN] :  >YamahaRobotRCX340 断开连接，即将尝试第 9 次重连...
2018-05-03 14:31:36.7001 [WARN] :  >连接未成功。
2018-05-03 14:31:37.7311 [WARN] :  >YamahaRobotRCX340 断开连接，即将尝试第 10 次重连...
2018-05-03 14:31:39.7031 [WARN] :  >连接未成功。
2018-05-03 14:31:40.7441 [WARN] :  >连接未成功。
2018-05-03 14:35:18.7671 [TRACE] :  >--------------- Program start -----------------
2018-05-03 14:35:19.1891 [TRACE] :  >Load document...
2018-05-03 14:35:19.7861 [TRACE] :  >Hardware initialize...
2018-05-03 14:35:20.7181 [TRACE] :  >System init ok.
2018-05-03 14:35:21.7221 [WARN] :  >YamahaRobotRCX340 断开连接，即将尝试第 1 次重连...
2018-05-03 14:35:23.6861 [WARN] :  >连接未成功。
2018-05-03 14:35:24.7111 [WARN] :  >YamahaRobotRCX340 断开连接，即将尝试第 2 次重连...
2018-05-03 14:35:26.6861 [WARN] :  >连接未成功。
2018-05-03 14:35:27.7121 [WARN] :  >YamahaRobotRCX340 断开连接，即将尝试第 3 次重连...
2018-05-03 14:35:29.6861 [WARN] :  >连接未成功。
2018-05-03 14:35:30.7191 [WARN] :  >YamahaRobotRCX340 断开连接，即将尝试第 4 次重连...
2018-05-03 14:35:32.6871 [WARN] :  >连接未成功。
2018-05-03 14:35:33.7121 [WARN] :  >YamahaRobotRCX340 断开连接，即将尝试第 5 次重连...
2018-05-03 14:35:35.6891 [WARN] :  >连接未成功。
2018-05-03 14:35:36.7141 [WARN] :  >YamahaRobotRCX340 断开连接，即将尝试第 6 次重连...
2018-05-03 14:35:38.6871 [WARN] :  >连接未成功。
2018-05-03 14:35:39.7121 [WARN] :  >YamahaRobotRCX340 断开连接，即将尝试第 7 次重连...
2018-05-03 14:35:41.6861 [WARN] :  >连接未成功。
2018-05-03 14:35:42.7101 [WARN] :  >YamahaRobotRCX340 断开连接，即将尝试第 8 次重连...
2018-05-03 14:35:44.6861 [WARN] :  >连接未成功。
2018-05-03 14:35:45.7101 [WARN] :  >YamahaRobotRCX340 断开连接，即将尝试第 9 次重连...
2018-05-03 14:35:47.6861 [WARN] :  >连接未成功。
2018-05-03 14:35:48.7101 [WARN] :  >YamahaRobotRCX340 断开连接，即将尝试第 10 次重连...
2018-05-03 14:35:50.6861 [WARN] :  >连接未成功。
2018-05-03 14:36:01.1671 [TRACE] :  >--------------- Program start -----------------
2018-05-03 14:36:01.6311 [TRACE] :  >Load document...
2018-05-03 14:36:02.2281 [TRACE] :  >Hardware initialize...
2018-05-03 14:36:03.2181 [TRACE] :  >System init ok.
2018-05-03 14:36:04.2271 [WARN] :  >YamahaRobotRCX340 断开连接，即将尝试第 1 次重连...
2018-05-03 14:36:06.1841 [WARN] :  >连接未成功。
2018-05-03 14:36:07.2091 [WARN] :  >YamahaRobotRCX340 断开连接，即将尝试第 2 次重连...
2018-05-03 14:36:09.1841 [WARN] :  >连接未成功。
2018-05-03 14:36:10.2051 [WARN] :  >YamahaRobotRCX340 断开连接，即将尝试第 3 次重连...
2018-05-03 14:36:12.1851 [WARN] :  >连接未成功。
2018-05-03 14:36:13.2211 [WARN] :  >连接未成功。
2018-05-03 14:41:34.5071 [TRACE] :  >--------------- Program start -----------------
2018-05-03 14:41:34.9151 [TRACE] :  >Load document...
2018-05-03 14:41:35.4101 [TRACE] :  >Hardware initialize...
2018-05-03 14:41:36.1961 [TRACE] :  >System init ok.
2018-05-03 14:41:37.2291 [WARN] :  >YamahaRobotRCX340 断开连接，即将尝试第 1 次重连...
2018-05-03 14:41:39.1651 [WARN] :  >连接未成功。
2018-05-03 14:41:40.1941 [WARN] :  >YamahaRobotRCX340 断开连接，即将尝试第 2 次重连...
2018-05-03 14:41:42.1651 [WARN] :  >连接未成功。
2018-05-03 14:41:43.1901 [WARN] :  >YamahaRobotRCX340 断开连接，即将尝试第 3 次重连...
2018-05-03 14:41:45.1661 [WARN] :  >连接未成功。
2018-05-03 14:41:46.1931 [WARN] :  >连接未成功。
2018-05-03 14:42:40.5331 [TRACE] :  >--------------- Program start -----------------
2018-05-03 14:42:40.9111 [TRACE] :  >Load document...
2018-05-03 14:42:41.3921 [TRACE] :  >Hardware initialize...
2018-05-03 14:42:42.1881 [TRACE] :  >System init ok.
2018-05-03 14:42:43.1921 [WARN] :  >YamahaRobotRCX340 断开连接，即将尝试第 1 次重连...
2018-05-03 14:42:45.1611 [WARN] :  >连接未成功。
2018-05-03 14:42:46.1821 [WARN] :  >YamahaRobotRCX340 断开连接，即将尝试第 2 次重连...
2018-05-03 14:42:48.1611 [WARN] :  >连接未成功。
2018-05-03 14:42:49.1861 [WARN] :  >YamahaRobotRCX340 断开连接，即将尝试第 3 次重连...
2018-05-03 14:42:51.1611 [WARN] :  >连接未成功。
2018-05-03 14:42:52.1931 [WARN] :  >连接未成功。
2018-05-03 14:44:39.7381 [TRACE] :  >--------------- Program start -----------------
2018-05-03 14:44:40.1671 [TRACE] :  >Load document...
2018-05-03 14:44:40.7401 [TRACE] :  >Hardware initialize...
2018-05-03 14:44:41.6881 [TRACE] :  >System init ok.
2018-05-03 14:44:42.7141 [WARN] :  >YamahaRobotRCX340 断开连接，即将尝试第 1 次重连...
2018-05-03 14:44:44.6541 [WARN] :  >连接未成功。
2018-05-03 14:44:45.6791 [WARN] :  >YamahaRobotRCX340 断开连接，即将尝试第 2 次重连...
2018-05-03 14:44:47.6561 [WARN] :  >连接未成功。
2018-05-03 14:44:48.6811 [WARN] :  >YamahaRobotRCX340 断开连接，即将尝试第 3 次重连...
2018-05-03 14:44:50.6541 [WARN] :  >连接未成功。
2018-05-03 14:44:51.6891 [WARN] :  >连接未成功。
2018-05-03 14:52:45.9231 [TRACE] :  >--------------- Program start -----------------
2018-05-03 14:52:46.3101 [TRACE] :  >Load document...
2018-05-03 14:52:47.0361 [TRACE] :  >Hardware initialize...
2018-05-03 14:52:48.1571 [TRACE] :  >System init ok.
2018-05-03 14:52:49.1831 [WARN] :  >YamahaRobotRCX340 断开连接，即将尝试第 1 次重连...
2018-05-03 14:52:51.1271 [WARN] :  >连接未成功。
2018-05-03 14:52:52.1481 [WARN] :  >YamahaRobotRCX340 断开连接，即将尝试第 2 次重连...
2018-05-03 14:52:54.1271 [WARN] :  >连接未成功。
2018-05-03 14:52:55.1521 [WARN] :  >YamahaRobotRCX340 断开连接，即将尝试第 3 次重连...
2018-05-03 14:52:57.1641 [WARN] :  >连接未成功。
2018-05-03 14:52:58.1911 [WARN] :  >连接未成功。
2018-05-03 14:55:38.9171 [TRACE] :  >--------------- Program start -----------------
2018-05-03 14:55:39.4191 [TRACE] :  >Load document...
2018-05-03 14:55:40.0621 [TRACE] :  >Hardware initialize...
2018-05-03 14:55:41.1481 [TRACE] :  >System init ok.
2018-05-03 14:55:42.1871 [WARN] :  >YamahaRobotRCX340 断开连接，即将尝试第 1 次重连...
2018-05-03 14:55:44.1171 [WARN] :  >连接未成功。
2018-05-03 14:55:45.1421 [WARN] :  >YamahaRobotRCX340 断开连接，即将尝试第 2 次重连...
2018-05-03 14:55:48.1611 [WARN] :  >连接未成功。
2018-05-03 14:55:49.1831 [WARN] :  >YamahaRobotRCX340 断开连接，即将尝试第 3 次重连...
2018-05-03 14:55:51.1161 [WARN] :  >连接未成功。
2018-05-03 14:55:52.1471 [WARN] :  >连接未成功。
2018-05-03 15:00:37.4911 [TRACE] :  >--------------- Program start -----------------
2018-05-03 15:00:37.8581 [TRACE] :  >Load document...
2018-05-03 15:00:38.3401 [TRACE] :  >Hardware initialize...
2018-05-03 15:00:39.1301 [TRACE] :  >System init ok.
2018-05-03 15:00:40.1391 [WARN] :  >YamahaRobotRCX340 断开连接，即将尝试第 1 次重连...
2018-05-03 15:00:42.2961 [WARN] :  >连接未成功。
2018-05-03 15:00:43.3211 [WARN] :  >YamahaRobotRCX340 断开连接，即将尝试第 2 次重连...
2018-05-03 15:00:45.0991 [WARN] :  >连接未成功。
2018-05-03 15:00:46.1201 [WARN] :  >YamahaRobotRCX340 断开连接，即将尝试第 3 次重连...
2018-05-03 15:00:48.0991 [WARN] :  >连接未成功。
2018-05-03 15:00:49.1331 [WARN] :  >连接未成功。
2018-05-03 15:11:56.8111 [TRACE] :  >--------------- Program start -----------------
2018-05-03 15:11:57.2261 [TRACE] :  >Load document...
2018-05-03 15:11:57.6691 [TRACE] :  >Hardware initialize...
2018-05-03 15:11:58.5901 [TRACE] :  >System init ok.
2018-05-03 15:11:59.6001 [WARN] :  >YamahaRobotRCX340 断开连接，即将尝试第 1 次重连...
2018-05-03 15:12:01.5611 [WARN] :  >连接未成功。
2018-05-03 15:12:02.5861 [WARN] :  >YamahaRobotRCX340 断开连接，即将尝试第 2 次重连...
2018-05-03 15:12:04.5631 [WARN] :  >连接未成功。
2018-05-03 15:12:05.5871 [WARN] :  >YamahaRobotRCX340 断开连接，即将尝试第 3 次重连...
2018-05-03 15:12:07.5611 [WARN] :  >连接未成功。
2018-05-03 15:12:08.5961 [WARN] :  >连接未成功。
2018-05-03 15:19:41.7491 [TRACE] :  >--------------- Program start -----------------
2018-05-03 15:19:42.2031 [TRACE] :  >Load document...
2018-05-03 15:19:42.7731 [TRACE] :  >Hardware initialize...
2018-05-03 15:19:43.5661 [TRACE] :  >System init ok.
2018-05-03 15:19:44.5951 [WARN] :  >YamahaRobotRCX340 断开连接，即将尝试第 1 次重连...
2018-05-03 15:19:46.5341 [WARN] :  >连接未成功。
2018-05-03 15:19:47.5591 [WARN] :  >YamahaRobotRCX340 断开连接，即将尝试第 2 次重连...
2018-05-03 15:19:49.5341 [WARN] :  >连接未成功。
2018-05-03 15:19:50.5591 [WARN] :  >YamahaRobotRCX340 断开连接，即将尝试第 3 次重连...
2018-05-03 15:19:52.5341 [WARN] :  >连接未成功。
2018-05-03 15:19:53.5691 [WARN] :  >连接未成功。
2018-05-03 19:18:50.6147 [TRACE] :  >--------------- Program start -----------------
2018-05-03 19:18:50.8787 [TRACE] :  >Load document...
2018-05-03 19:18:51.0767 [TRACE] :  >Hardware initialize...
2018-05-03 19:18:51.9467 [TRACE] :  >System init ok.
2018-05-03 19:18:52.9497 [WARN] :  >YamahaRobotRCX340 断开连接，即将尝试第 1 次重连...
2018-05-03 19:18:54.9227 [WARN] :  >连接未成功。
2018-05-03 19:18:55.9427 [WARN] :  >YamahaRobotRCX340 断开连接，即将尝试第 2 次重连...
2018-05-03 19:18:57.9237 [WARN] :  >连接未成功。
2018-05-03 19:18:58.9487 [WARN] :  >YamahaRobotRCX340 断开连接，即将尝试第 3 次重连...
2018-05-03 19:19:00.9237 [WARN] :  >连接未成功。
2018-05-03 19:19:01.9527 [WARN] :  >连接未成功。
2018-05-03 19:22:08.0487 [TRACE] :  >--------------- Program start -----------------
2018-05-03 19:22:08.3297 [TRACE] :  >Load document...
2018-05-03 19:22:08.5307 [TRACE] :  >Hardware initialize...
2018-05-03 19:22:09.4337 [TRACE] :  >System init ok.
2018-05-03 19:22:10.4367 [WARN] :  >YamahaRobotRCX340 断开连接，即将尝试第 1 次重连...
2018-05-03 19:22:12.4117 [WARN] :  >连接未成功。
2018-05-03 19:22:13.4377 [WARN] :  >YamahaRobotRCX340 断开连接，即将尝试第 2 次重连...
2018-05-03 19:22:15.4127 [WARN] :  >连接未成功。
2018-05-03 19:22:16.4757 [WARN] :  >YamahaRobotRCX340 断开连接，即将尝试第 3 次重连...
2018-05-03 19:22:18.4127 [WARN] :  >连接未成功。
2018-05-03 19:22:19.4477 [WARN] :  >连接未成功。
2018-05-03 20:34:46.4587 [TRACE] :  >--------------- Program start -----------------
2018-05-03 20:34:46.6771 [TRACE] :  >Load document...
2018-05-03 20:34:47.1295 [TRACE] :  >Hardware initialize...
2018-05-03 20:34:47.2699 [TRACE] :  >System init ok.
2018-05-03 20:37:11.0004 [TRACE] :  >--------------- Program start -----------------
2018-05-03 20:37:11.1974 [TRACE] :  >Load document...
2018-05-03 20:37:11.6575 [TRACE] :  >Hardware initialize...
2018-05-03 20:37:11.7955 [TRACE] :  >System init ok.
2018-05-03 21:15:53.2590 [TRACE] :  >--------------- Program start -----------------
2018-05-03 21:15:53.4618 [TRACE] :  >Load document...
2018-05-03 21:15:53.9298 [TRACE] :  >Hardware initialize...
2018-05-03 21:15:54.0702 [TRACE] :  >System init ok.
2018-05-03 22:11:51.5722 [TRACE] :  >--------------- Program start -----------------
2018-05-03 22:11:51.7906 [TRACE] :  >Load document...
2018-05-03 22:11:52.2898 [TRACE] :  >Hardware initialize...
2018-05-03 22:11:52.4458 [TRACE] :  >System init ok.
2018-05-03 22:41:23.3050 [TRACE] :  >--------------- Program start -----------------
2018-05-03 22:41:23.5390 [TRACE] :  >Load document...
2018-05-03 22:41:24.0538 [TRACE] :  >Hardware initialize...
2018-05-03 22:41:24.1942 [TRACE] :  >System init ok.
2018-05-03 23:04:52.9717 [TRACE] :  >--------------- Program start -----------------
2018-05-03 23:04:53.1817 [TRACE] :  >Load document...
2018-05-03 23:04:53.6628 [TRACE] :  >Hardware initialize...
2018-05-03 23:04:53.8038 [TRACE] :  >System init ok.
2018-05-03 23:08:05.8634 [TRACE] :  >--------------- Program start -----------------
2018-05-03 23:08:06.0704 [TRACE] :  >Load document...
2018-05-03 23:08:06.5594 [TRACE] :  >Hardware initialize...
2018-05-03 23:08:06.7084 [TRACE] :  >System init ok.
2018-05-03 23:12:45.7644 [TRACE] :  >--------------- Program start -----------------
2018-05-03 23:12:45.9672 [TRACE] :  >Load document...
2018-05-03 23:12:46.4664 [TRACE] :  >Hardware initialize...
2018-05-03 23:12:46.6068 [TRACE] :  >System init ok.
2018-05-03 23:20:10.7326 [TRACE] :  >--------------- Program start -----------------
2018-05-03 23:20:10.9437 [TRACE] :  >Load document...
2018-05-03 23:20:11.4547 [TRACE] :  >Hardware initialize...
2018-05-03 23:20:11.6007 [TRACE] :  >System init ok.
2018-05-03 23:22:47.0205 [TRACE] :  >--------------- Program start -----------------
2018-05-03 23:22:47.2295 [TRACE] :  >Load document...
2018-05-03 23:22:47.7206 [TRACE] :  >Hardware initialize...
2018-05-03 23:22:47.8746 [TRACE] :  >System init ok.
2018-05-03 23:31:20.5033 [TRACE] :  >--------------- Program start -----------------
2018-05-03 23:31:20.7134 [TRACE] :  >Load document...
2018-05-03 23:31:21.1934 [TRACE] :  >Hardware initialize...
2018-05-03 23:31:21.3374 [TRACE] :  >System init ok.
2018-05-03 23:33:07.7176 [TRACE] :  >--------------- Program start -----------------
2018-05-03 23:33:07.9204 [TRACE] :  >Load document...
2018-05-03 23:33:08.4196 [TRACE] :  >Hardware initialize...
2018-05-03 23:33:08.5756 [TRACE] :  >System init ok.
2018-05-03 23:34:46.1833 [TRACE] :  >--------------- Program start -----------------
2018-05-03 23:34:46.4003 [TRACE] :  >Load document...
2018-05-03 23:34:46.8573 [TRACE] :  >Hardware initialize...
2018-05-03 23:34:47.0013 [TRACE] :  >System init ok.
2018-05-03 23:42:53.0301 [TRACE] :  >--------------- Program start -----------------
2018-05-03 23:42:53.2329 [TRACE] :  >Load document...
2018-05-03 23:42:53.7009 [TRACE] :  >Hardware initialize...
2018-05-03 23:42:53.8569 [TRACE] :  >System init ok.
2018-05-03 23:48:35.8341 [TRACE] :  >--------------- Program start -----------------
2018-05-03 23:48:36.0361 [TRACE] :  >Load document...
2018-05-03 23:48:36.5051 [TRACE] :  >Hardware initialize...
2018-05-03 23:48:36.6591 [TRACE] :  >System init ok.
