2018-05-01 09:03:22.0800 [TRACE] :  >--------------- Program start -----------------
2018-05-01 09:03:22.4550 [TRACE] :  >Load document...
2018-05-01 09:03:22.7519 [TRACE] :  >Hardware initialize...
2018-05-01 09:03:23.8144 [TRACE] :  >System init ok.
2018-05-01 09:03:24.8457 [WARN] :  >YamahaRobotRCX340 断开连接，即将尝试第 1 次重连...
2018-05-01 09:03:26.7998 [WARN] :  >连接未成功。
2018-05-01 09:03:27.8310 [WARN] :  >YamahaRobotRCX340 断开连接，即将尝试第 2 次重连...
2018-05-01 09:03:29.7998 [WARN] :  >连接未成功。
2018-05-01 09:03:30.8310 [WARN] :  >YamahaRobotRCX340 断开连接，即将尝试第 3 次重连...
2018-05-01 09:03:32.7998 [WARN] :  >连接未成功。
2018-05-01 09:03:33.8310 [WARN] :  >YamahaRobotRCX340 断开连接，即将尝试第 4 次重连...
2018-05-01 09:03:35.8007 [WARN] :  >连接未成功。
2018-05-01 09:03:36.8320 [WARN] :  >YamahaRobotRCX340 断开连接，即将尝试第 5 次重连...
2018-05-01 09:03:38.8007 [WARN] :  >连接未成功。
2018-05-01 09:03:39.8320 [WARN] :  >YamahaRobotRCX340 断开连接，即将尝试第 6 次重连...
2018-05-01 09:03:41.8007 [WARN] :  >连接未成功。
2018-05-01 09:03:42.8320 [WARN] :  >YamahaRobotRCX340 断开连接，即将尝试第 7 次重连...
2018-05-01 09:03:44.8007 [WARN] :  >连接未成功。
2018-05-01 09:03:45.8330 [WARN] :  >YamahaRobotRCX340 断开连接，即将尝试第 8 次重连...
2018-05-01 09:03:47.8017 [WARN] :  >连接未成功。
2018-05-01 09:03:48.8330 [WARN] :  >YamahaRobotRCX340 断开连接，即将尝试第 9 次重连...
2018-05-01 09:03:50.8017 [WARN] :  >连接未成功。
2018-05-01 09:03:51.8330 [WARN] :  >YamahaRobotRCX340 断开连接，即将尝试第 10 次重连...
2018-05-01 09:03:53.8017 [WARN] :  >连接未成功。
2018-05-01 09:03:54.8330 [WARN] :  >连接未成功。
2018-05-01 12:37:55.7121 [TRACE] :  >--------------- Program start -----------------
2018-05-01 12:37:55.9929 [TRACE] :  >Load document...
2018-05-01 12:37:56.5389 [TRACE] :  >Hardware initialize...
2018-05-01 12:37:57.3657 [TRACE] :  >System init ok.
2018-05-01 12:37:58.3797 [WARN] :  >YamahaRobotRCX340 断开连接，即将尝试第 1 次重连...
2018-05-01 12:38:00.3297 [WARN] :  >连接未成功。
2018-05-01 12:38:01.3905 [WARN] :  >YamahaRobotRCX340 断开连接，即将尝试第 2 次重连...
2018-05-01 12:38:03.3249 [WARN] :  >连接未成功。
2018-05-01 12:38:04.3701 [WARN] :  >YamahaRobotRCX340 断开连接，即将尝试第 3 次重连...
2018-05-01 12:38:06.3201 [WARN] :  >连接未成功。
2018-05-01 12:38:07.3653 [WARN] :  >YamahaRobotRCX340 断开连接，即将尝试第 4 次重连...
2018-05-01 12:38:09.3153 [WARN] :  >连接未成功。
2018-05-01 12:38:10.3605 [WARN] :  >YamahaRobotRCX340 断开连接，即将尝试第 5 次重连...
2018-05-01 12:38:12.3261 [WARN] :  >连接未成功。
2018-05-01 12:38:13.3869 [WARN] :  >YamahaRobotRCX340 断开连接，即将尝试第 6 次重连...
2018-05-01 12:38:15.3213 [WARN] :  >连接未成功。
2018-05-01 12:38:16.3665 [WARN] :  >YamahaRobotRCX340 断开连接，即将尝试第 7 次重连...
2018-05-01 12:38:18.3165 [WARN] :  >连接未成功。
2018-05-01 12:38:19.3773 [WARN] :  >YamahaRobotRCX340 断开连接，即将尝试第 8 次重连...
2018-05-01 12:38:21.3273 [WARN] :  >连接未成功。
2018-05-01 12:38:22.3725 [WARN] :  >YamahaRobotRCX340 断开连接，即将尝试第 9 次重连...
2018-05-01 12:38:24.3225 [WARN] :  >连接未成功。
2018-05-01 12:38:25.3677 [WARN] :  >YamahaRobotRCX340 断开连接，即将尝试第 10 次重连...
2018-05-01 12:38:27.3177 [WARN] :  >连接未成功。
2018-05-01 12:41:19.1657 [TRACE] :  >--------------- Program start -----------------
2018-05-01 12:41:19.4309 [TRACE] :  >Load document...
2018-05-01 12:41:19.9301 [TRACE] :  >Hardware initialize...
2018-05-01 12:41:20.8505 [TRACE] :  >System init ok.
2018-05-01 12:41:21.8645 [WARN] :  >YamahaRobotRCX340 断开连接，即将尝试第 1 次重连...
2018-05-01 12:41:23.8301 [WARN] :  >连接未成功。
2018-05-01 12:41:24.8753 [WARN] :  >YamahaRobotRCX340 断开连接，即将尝试第 2 次重连...
2018-05-01 12:41:26.8253 [WARN] :  >连接未成功。
2018-05-01 12:41:27.8705 [WARN] :  >YamahaRobotRCX340 断开连接，即将尝试第 3 次重连...
2018-05-01 12:41:29.8205 [WARN] :  >连接未成功。
2018-05-01 12:41:30.8657 [WARN] :  >YamahaRobotRCX340 断开连接，即将尝试第 4 次重连...
2018-05-01 12:41:32.8469 [WARN] :  >连接未成功。
2018-05-01 12:41:33.8921 [WARN] :  >YamahaRobotRCX340 断开连接，即将尝试第 5 次重连...
2018-05-01 12:41:35.8421 [WARN] :  >连接未成功。
2018-05-01 12:41:36.8873 [WARN] :  >YamahaRobotRCX340 断开连接，即将尝试第 6 次重连...
2018-05-01 12:41:38.8217 [WARN] :  >连接未成功。
2018-05-01 12:41:39.8669 [WARN] :  >YamahaRobotRCX340 断开连接，即将尝试第 7 次重连...
2018-05-01 12:41:41.8169 [WARN] :  >连接未成功。
2018-05-01 12:41:42.8631 [WARN] :  >YamahaRobotRCX340 断开连接，即将尝试第 8 次重连...
2018-05-01 12:41:44.8453 [WARN] :  >连接未成功。
2018-05-01 12:41:45.8905 [WARN] :  >YamahaRobotRCX340 断开连接，即将尝试第 9 次重连...
2018-05-01 12:41:47.8249 [WARN] :  >连接未成功。
2018-05-01 12:41:48.8701 [WARN] :  >YamahaRobotRCX340 断开连接，即将尝试第 10 次重连...
2018-05-01 12:41:50.8201 [WARN] :  >连接未成功。
2018-05-01 12:41:51.8809 [WARN] :  >连接未成功。
2018-05-01 12:52:48.8833 [TRACE] :  >--------------- Program start -----------------
2018-05-01 12:52:49.1043 [TRACE] :  >Load document...
2018-05-01 12:52:49.6414 [TRACE] :  >Hardware initialize...
2018-05-01 12:52:49.8004 [TRACE] :  >System init ok.
2018-05-01 13:03:24.3597 [TRACE] :  >--------------- Program start -----------------
2018-05-01 13:03:24.5727 [TRACE] :  >Load document...
2018-05-01 13:03:25.0427 [TRACE] :  >Hardware initialize...
2018-05-01 13:03:25.1837 [TRACE] :  >System init ok.
2018-05-01 13:08:19.9186 [TRACE] :  >--------------- Program start -----------------
2018-05-01 13:08:20.1276 [TRACE] :  >Load document...
2018-05-01 13:08:20.6346 [TRACE] :  >Hardware initialize...
2018-05-01 13:08:20.7836 [TRACE] :  >System init ok.
2018-05-01 13:14:27.0096 [TRACE] :  >--------------- Program start -----------------
2018-05-01 13:14:27.2156 [TRACE] :  >Load document...
2018-05-01 13:14:27.7156 [TRACE] :  >Hardware initialize...
2018-05-01 13:14:27.8776 [TRACE] :  >System init ok.
2018-05-01 13:20:29.4653 [TRACE] :  >--------------- Program start -----------------
2018-05-01 13:20:29.6843 [TRACE] :  >Load document...
2018-05-01 13:20:30.1843 [TRACE] :  >Hardware initialize...
2018-05-01 13:20:30.3304 [TRACE] :  >System init ok.
2018-05-01 13:23:05.7802 [TRACE] :  >--------------- Program start -----------------
2018-05-01 13:23:05.9883 [TRACE] :  >Load document...
2018-05-01 13:23:06.4823 [TRACE] :  >Hardware initialize...
2018-05-01 13:23:06.6313 [TRACE] :  >System init ok.
2018-05-01 13:24:05.7637 [TRACE] :  >--------------- Program start -----------------
2018-05-01 13:24:05.9707 [TRACE] :  >Load document...
2018-05-01 13:24:06.4767 [TRACE] :  >Hardware initialize...
2018-05-01 13:24:06.6197 [TRACE] :  >System init ok.
2018-05-01 13:29:38.9217 [TRACE] :  >--------------- Program start -----------------
2018-05-01 13:29:39.1437 [TRACE] :  >Load document...
2018-05-01 13:29:39.6268 [TRACE] :  >Hardware initialize...
2018-05-01 13:29:39.7738 [TRACE] :  >System init ok.
2018-05-01 13:40:06.0736 [TRACE] :  >--------------- Program start -----------------
2018-05-01 13:40:06.2746 [TRACE] :  >Load document...
2018-05-01 13:40:06.7366 [TRACE] :  >Hardware initialize...
2018-05-01 13:40:06.8836 [TRACE] :  >System init ok.
2018-05-01 13:42:55.2553 [TRACE] :  >--------------- Program start -----------------
2018-05-01 13:42:55.4643 [TRACE] :  >Load document...
2018-05-01 13:42:55.9433 [TRACE] :  >Hardware initialize...
2018-05-01 13:42:56.0873 [TRACE] :  >System init ok.
2018-05-01 13:46:32.2137 [TRACE] :  >--------------- Program start -----------------
2018-05-01 13:46:32.4367 [TRACE] :  >Load document...
2018-05-01 13:46:32.8977 [TRACE] :  >Hardware initialize...
2018-05-01 13:46:33.0477 [TRACE] :  >System init ok.
2018-05-01 13:46:44.2834 [TRACE] :  >--------------- Program start -----------------
2018-05-01 13:46:44.4924 [TRACE] :  >Load document...
2018-05-01 13:46:44.9524 [TRACE] :  >Hardware initialize...
2018-05-01 13:46:45.0954 [TRACE] :  >System init ok.
2018-05-01 13:49:14.9370 [WARN] :  >YamahaRobotRCX340 断开连接，即将尝试第 1 次重连...
2018-05-01 13:49:15.9401 [TRACE] :  >成功建立连接。
2018-05-01 14:01:04.2376 [TRACE] :  >--------------- Program start -----------------
2018-05-01 14:01:04.4456 [TRACE] :  >Load document...
2018-05-01 14:01:04.9166 [TRACE] :  >Hardware initialize...
2018-05-01 14:01:05.0656 [TRACE] :  >System init ok.
2018-05-01 14:07:32.8908 [TRACE] :  >--------------- Program start -----------------
2018-05-01 14:07:33.1018 [TRACE] :  >Load document...
2018-05-01 14:07:33.5918 [TRACE] :  >Hardware initialize...
2018-05-01 14:07:33.7438 [TRACE] :  >System init ok.
2018-05-01 17:07:12.2327 [TRACE] :  >--------------- Program start -----------------
2018-05-01 17:07:12.4777 [TRACE] :  >Load document...
2018-05-01 17:07:12.9528 [TRACE] :  >Hardware initialize...
2018-05-01 17:07:14.0228 [TRACE] :  >System init ok.
2018-05-01 17:07:15.0299 [WARN] :  >YamahaRobotRCX340 断开连接，即将尝试第 1 次重连...
2018-05-01 17:07:34.6130 [WARN] :  >连接未成功。
2018-05-01 17:07:35.6351 [WARN] :  >YamahaRobotRCX340 断开连接，即将尝试第 2 次重连...
2018-05-01 17:07:37.5012 [WARN] :  >连接未成功。
2018-05-01 17:07:38.5242 [WARN] :  >YamahaRobotRCX340 断开连接，即将尝试第 3 次重连...
2018-05-01 17:07:40.4993 [WARN] :  >连接未成功。
2018-05-01 17:07:41.5214 [WARN] :  >YamahaRobotRCX340 断开连接，即将尝试第 4 次重连...
2018-05-01 17:07:43.4995 [WARN] :  >连接未成功。
2018-05-01 17:07:44.5226 [WARN] :  >YamahaRobotRCX340 断开连接，即将尝试第 5 次重连...
2018-05-01 17:07:46.5017 [WARN] :  >连接未成功。
2018-05-01 17:07:47.5407 [WARN] :  >YamahaRobotRCX340 断开连接，即将尝试第 6 次重连...
2018-05-01 17:07:49.4999 [WARN] :  >连接未成功。
2018-05-01 17:07:50.5219 [WARN] :  >YamahaRobotRCX340 断开连接，即将尝试第 7 次重连...
2018-05-01 17:07:52.5000 [WARN] :  >连接未成功。
2018-05-01 17:07:53.5231 [WARN] :  >YamahaRobotRCX340 断开连接，即将尝试第 8 次重连...
2018-05-01 17:07:55.5122 [WARN] :  >连接未成功。
2018-05-01 17:07:56.5353 [WARN] :  >YamahaRobotRCX340 断开连接，即将尝试第 9 次重连...
2018-05-01 17:07:58.5004 [WARN] :  >连接未成功。
2018-05-01 17:07:59.5214 [WARN] :  >YamahaRobotRCX340 断开连接，即将尝试第 10 次重连...
2018-05-01 17:08:01.4995 [WARN] :  >连接未成功。
2018-05-01 17:08:02.5336 [WARN] :  >连接未成功。
2018-05-01 17:10:53.9894 [TRACE] :  >--------------- Program start -----------------
2018-05-01 17:10:54.2714 [TRACE] :  >Load document...
2018-05-01 17:10:54.7615 [TRACE] :  >Hardware initialize...
2018-05-01 17:10:55.5245 [TRACE] :  >System init ok.
2018-05-01 17:10:56.5406 [WARN] :  >YamahaRobotRCX340 断开连接，即将尝试第 1 次重连...
2018-05-01 17:10:58.5227 [WARN] :  >连接未成功。
2018-05-01 17:10:59.5437 [WARN] :  >YamahaRobotRCX340 断开连接，即将尝试第 2 次重连...
2018-05-01 17:11:01.5018 [WARN] :  >连接未成功。
2018-05-01 17:11:02.5239 [WARN] :  >YamahaRobotRCX340 断开连接，即将尝试第 3 次重连...
2018-05-01 17:11:04.5030 [WARN] :  >连接未成功。
2018-05-01 17:11:05.5251 [WARN] :  >YamahaRobotRCX340 断开连接，即将尝试第 4 次重连...
2018-05-01 17:11:07.5002 [WARN] :  >连接未成功。
2018-05-01 17:11:08.5232 [WARN] :  >YamahaRobotRCX340 断开连接，即将尝试第 5 次重连...
2018-05-01 17:11:10.5004 [WARN] :  >连接未成功。
2018-05-01 17:11:11.5234 [WARN] :  >YamahaRobotRCX340 断开连接，即将尝试第 6 次重连...
2018-05-01 17:11:13.5185 [WARN] :  >连接未成功。
2018-05-01 17:11:14.5396 [WARN] :  >YamahaRobotRCX340 断开连接，即将尝试第 7 次重连...
2018-05-01 17:11:16.5007 [WARN] :  >连接未成功。
2018-05-01 17:11:17.5308 [WARN] :  >YamahaRobotRCX340 断开连接，即将尝试第 8 次重连...
2018-05-01 17:11:19.5009 [WARN] :  >连接未成功。
2018-05-01 17:11:20.5219 [WARN] :  >YamahaRobotRCX340 断开连接，即将尝试第 9 次重连...
2018-05-01 17:11:22.5010 [WARN] :  >连接未成功。
2018-05-01 17:11:23.5301 [WARN] :  >YamahaRobotRCX340 断开连接，即将尝试第 10 次重连...
2018-05-01 17:11:25.5002 [WARN] :  >连接未成功。
2018-05-01 17:11:26.5423 [WARN] :  >连接未成功。
