2018-04-29 00:54:58.2744 [TRACE] :  >--------------- Program start -----------------
2018-04-29 00:54:58.6650 [TRACE] :  >Load document...
2018-04-29 00:54:59.2587 [TRACE] :  >Hardware initialize...
2018-04-29 00:55:00.7744 [TRACE] :  >System init ok.
2018-04-29 00:57:03.8320 [TRACE] :  >--------------- Program start -----------------
2018-04-29 00:57:04.2539 [TRACE] :  >Load document...
2018-04-29 00:57:04.8007 [TRACE] :  >Hardware initialize...
2018-04-29 00:57:06.4433 [TRACE] :  >System init ok.
2018-04-29 01:01:15.5294 [TRACE] :  >--------------- Program start -----------------
2018-04-29 01:01:15.9513 [TRACE] :  >Load document...
2018-04-29 01:01:16.5138 [TRACE] :  >Hardware initialize...
2018-04-29 01:01:18.1075 [TRACE] :  >System init ok.
2018-04-29 01:04:05.6534 [TRACE] :  >--------------- Program start -----------------
2018-04-29 01:04:06.0782 [TRACE] :  >Load document...
2018-04-29 01:04:06.5460 [TRACE] :  >Hardware initialize...
2018-04-29 01:04:08.1779 [TRACE] :  >System init ok.
2018-04-29 01:09:43.9718 [TRACE] :  >--------------- Program start -----------------
2018-04-29 01:09:44.3937 [TRACE] :  >Load document...
2018-04-29 01:09:44.8634 [TRACE] :  >Hardware initialize...
2018-04-29 01:09:46.4415 [TRACE] :  >System init ok.
2018-04-29 01:13:37.4757 [TRACE] :  >--------------- Program start -----------------
2018-04-29 01:13:37.8976 [TRACE] :  >Load document...
2018-04-29 01:13:38.3986 [TRACE] :  >Hardware initialize...
2018-04-29 01:13:41.1642 [TRACE] :  >System init ok.
2018-04-29 01:13:41.2579 [WARN] :  >Yamaha_Robot_Yamaha_Robot_RCX340_1 断开连接，即将尝试第 1 次重连...
2018-04-29 01:13:43.1329 [WARN] :  >连接未成功。
2018-04-29 01:13:44.2423 [WARN] :  >Yamaha_Robot_Yamaha_Robot_RCX340_1 断开连接，即将尝试第 2 次重连...
2018-04-29 01:13:46.1339 [WARN] :  >连接未成功。
2018-04-29 01:13:47.2433 [WARN] :  >Yamaha_Robot_Yamaha_Robot_RCX340_1 断开连接，即将尝试第 3 次重连...
2018-04-29 01:13:49.1339 [WARN] :  >连接未成功。
2018-04-29 01:13:50.2433 [WARN] :  >Yamaha_Robot_Yamaha_Robot_RCX340_1 断开连接，即将尝试第 4 次重连...
2018-04-29 01:13:52.1339 [WARN] :  >连接未成功。
2018-04-29 01:13:53.2433 [WARN] :  >Yamaha_Robot_Yamaha_Robot_RCX340_1 断开连接，即将尝试第 5 次重连...
2018-04-29 01:13:55.1339 [WARN] :  >连接未成功。
2018-04-29 01:13:56.2443 [WARN] :  >Yamaha_Robot_Yamaha_Robot_RCX340_1 断开连接，即将尝试第 6 次重连...
2018-04-29 01:13:58.1349 [WARN] :  >连接未成功。
2018-04-29 01:13:59.2443 [WARN] :  >Yamaha_Robot_Yamaha_Robot_RCX340_1 断开连接，即将尝试第 7 次重连...
2018-04-29 01:14:01.1368 [WARN] :  >连接未成功。
2018-04-29 01:14:02.2491 [WARN] :  >Yamaha_Robot_Yamaha_Robot_RCX340_1 断开连接，即将尝试第 8 次重连...
2018-04-29 01:14:04.1251 [WARN] :  >连接未成功。
2018-04-29 01:14:05.2345 [WARN] :  >Yamaha_Robot_Yamaha_Robot_RCX340_1 断开连接，即将尝试第 9 次重连...
2018-04-29 01:14:07.1251 [WARN] :  >连接未成功。
2018-04-29 01:14:08.2355 [WARN] :  >Yamaha_Robot_Yamaha_Robot_RCX340_1 断开连接，即将尝试第 10 次重连...
2018-04-29 01:14:10.1271 [WARN] :  >连接未成功。
2018-04-29 01:14:11.2365 [WARN] :  >连接未成功。
2018-04-29 01:29:10.9005 [TRACE] :  >--------------- Program start -----------------
2018-04-29 01:29:11.3224 [TRACE] :  >Load document...
2018-04-29 01:29:11.8077 [TRACE] :  >Hardware initialize...
2018-04-29 01:29:14.1993 [TRACE] :  >System init ok.
2018-04-29 01:29:14.2931 [WARN] :  >Yamaha_Robot_Yamaha_Robot_RCX340_1 断开连接，即将尝试第 1 次重连...
2018-04-29 01:29:16.1368 [WARN] :  >连接未成功。
2018-04-29 01:29:17.2472 [WARN] :  >Yamaha_Robot_Yamaha_Robot_RCX340_1 断开连接，即将尝试第 2 次重连...
2018-04-29 01:29:19.1378 [WARN] :  >连接未成功。
2018-04-29 01:29:20.2472 [WARN] :  >Yamaha_Robot_Yamaha_Robot_RCX340_1 断开连接，即将尝试第 3 次重连...
2018-04-29 01:29:22.1378 [WARN] :  >连接未成功。
2018-04-29 01:29:23.2472 [WARN] :  >Yamaha_Robot_Yamaha_Robot_RCX340_1 断开连接，即将尝试第 4 次重连...
2018-04-29 01:29:25.1378 [WARN] :  >连接未成功。
2018-04-29 01:29:26.2472 [WARN] :  >Yamaha_Robot_Yamaha_Robot_RCX340_1 断开连接，即将尝试第 5 次重连...
2018-04-29 01:29:28.1232 [WARN] :  >连接未成功。
2018-04-29 01:29:29.2325 [WARN] :  >Yamaha_Robot_Yamaha_Robot_RCX340_1 断开连接，即将尝试第 6 次重连...
2018-04-29 01:29:31.1232 [WARN] :  >连接未成功。
2018-04-29 01:29:32.2325 [WARN] :  >Yamaha_Robot_Yamaha_Robot_RCX340_1 断开连接，即将尝试第 7 次重连...
2018-04-29 01:29:34.1232 [WARN] :  >连接未成功。
2018-04-29 01:29:35.2325 [WARN] :  >Yamaha_Robot_Yamaha_Robot_RCX340_1 断开连接，即将尝试第 8 次重连...
2018-04-29 01:29:37.1241 [WARN] :  >连接未成功。
2018-04-29 01:29:38.2335 [WARN] :  >Yamaha_Robot_Yamaha_Robot_RCX340_1 断开连接，即将尝试第 9 次重连...
2018-04-29 01:29:40.1241 [WARN] :  >连接未成功。
2018-04-29 01:29:41.2335 [WARN] :  >Yamaha_Robot_Yamaha_Robot_RCX340_1 断开连接，即将尝试第 10 次重连...
2018-04-29 01:29:43.1241 [WARN] :  >连接未成功。
2018-04-29 01:29:44.2335 [WARN] :  >连接未成功。
2018-04-29 01:31:57.3390 [TRACE] :  >--------------- Program start -----------------
2018-04-29 01:31:57.5734 [TRACE] :  >Load document...
2018-04-29 01:31:57.8546 [TRACE] :  >Hardware initialize...
2018-04-29 01:31:58.6359 [TRACE] :  >System init ok.
2018-04-29 01:31:59.7452 [WARN] :  >YamahaRobotRCX340 断开连接，即将尝试第 1 次重连...
2018-04-29 01:32:01.6368 [WARN] :  >连接未成功。
2018-04-29 01:32:02.7462 [WARN] :  >YamahaRobotRCX340 断开连接，即将尝试第 2 次重连...
2018-04-29 01:32:04.6378 [WARN] :  >连接未成功。
2018-04-29 01:32:05.7472 [WARN] :  >YamahaRobotRCX340 断开连接，即将尝试第 3 次重连...
2018-04-29 01:32:07.6232 [WARN] :  >连接未成功。
2018-04-29 01:32:08.7325 [WARN] :  >YamahaRobotRCX340 断开连接，即将尝试第 4 次重连...
2018-04-29 01:32:10.6857 [WARN] :  >连接未成功。
2018-04-29 01:32:11.7950 [WARN] :  >YamahaRobotRCX340 断开连接，即将尝试第 5 次重连...
2018-04-29 01:32:13.6232 [WARN] :  >连接未成功。
2018-04-29 01:32:14.7335 [WARN] :  >YamahaRobotRCX340 断开连接，即将尝试第 6 次重连...
2018-04-29 01:32:16.6251 [WARN] :  >连接未成功。
2018-04-29 01:32:17.7345 [WARN] :  >YamahaRobotRCX340 断开连接，即将尝试第 7 次重连...
2018-04-29 01:32:19.6261 [WARN] :  >连接未成功。
2018-04-29 01:32:20.7355 [WARN] :  >YamahaRobotRCX340 断开连接，即将尝试第 8 次重连...
2018-04-29 01:32:22.6271 [WARN] :  >连接未成功。
2018-04-29 01:32:23.7374 [WARN] :  >YamahaRobotRCX340 断开连接，即将尝试第 9 次重连...
2018-04-29 01:32:25.6281 [WARN] :  >连接未成功。
2018-04-29 01:32:26.7384 [WARN] :  >YamahaRobotRCX340 断开连接，即将尝试第 10 次重连...
2018-04-29 01:32:28.6300 [WARN] :  >连接未成功。
2018-04-29 01:32:29.7394 [WARN] :  >连接未成功。
2018-04-29 01:33:22.7169 [TRACE] :  >--------------- Program start -----------------
2018-04-29 01:33:23.1183 [TRACE] :  >Load document...
2018-04-29 01:33:23.6095 [TRACE] :  >Hardware initialize...
2018-04-29 01:33:24.6437 [TRACE] :  >System init ok.
2018-04-29 01:33:25.7374 [WARN] :  >YamahaRobotRCX340 断开连接，即将尝试第 1 次重连...
2018-04-29 01:33:28.4044 [WARN] :  >连接未成功。
2018-04-29 01:33:29.5060 [WARN] :  >YamahaRobotRCX340 断开连接，即将尝试第 2 次重连...
2018-04-29 01:33:31.1241 [WARN] :  >连接未成功。
2018-04-29 01:33:32.2306 [WARN] :  >YamahaRobotRCX340 断开连接，即将尝试第 3 次重连...
2018-04-29 01:33:34.1261 [WARN] :  >连接未成功。
2018-04-29 01:33:35.2306 [WARN] :  >YamahaRobotRCX340 断开连接，即将尝试第 4 次重连...
2018-04-29 01:33:37.1281 [WARN] :  >连接未成功。
2018-04-29 01:33:38.2325 [WARN] :  >YamahaRobotRCX340 断开连接，即将尝试第 5 次重连...
2018-04-29 01:33:40.1261 [WARN] :  >连接未成功。
2018-04-29 01:33:41.2306 [WARN] :  >YamahaRobotRCX340 断开连接，即将尝试第 6 次重连...
2018-04-29 01:33:43.1261 [WARN] :  >连接未成功。
2018-04-29 01:33:44.2306 [WARN] :  >YamahaRobotRCX340 断开连接，即将尝试第 7 次重连...
2018-04-29 01:33:46.2042 [WARN] :  >连接未成功。
2018-04-29 01:33:47.3087 [WARN] :  >YamahaRobotRCX340 断开连接，即将尝试第 8 次重连...
2018-04-29 01:33:49.1261 [WARN] :  >连接未成功。
2018-04-29 01:33:50.2306 [WARN] :  >YamahaRobotRCX340 断开连接，即将尝试第 9 次重连...
2018-04-29 01:33:52.1261 [WARN] :  >连接未成功。
2018-04-29 01:33:53.2306 [WARN] :  >YamahaRobotRCX340 断开连接，即将尝试第 10 次重连...
2018-04-29 01:33:55.1261 [WARN] :  >连接未成功。
2018-04-29 01:33:56.2355 [WARN] :  >连接未成功。
2018-04-29 01:36:19.5284 [TRACE] :  >--------------- Program start -----------------
2018-04-29 01:36:19.9191 [TRACE] :  >Load document...
2018-04-29 01:36:20.3722 [TRACE] :  >Hardware initialize...
2018-04-29 01:36:21.1534 [TRACE] :  >System init ok.
2018-04-29 01:36:22.2472 [WARN] :  >YamahaRobotRCX340 断开连接，即将尝试第 1 次重连...
2018-04-29 01:36:24.1378 [WARN] :  >连接未成功。
2018-04-29 01:36:25.2472 [WARN] :  >YamahaRobotRCX340 断开连接，即将尝试第 2 次重连...
2018-04-29 01:36:27.1378 [WARN] :  >连接未成功。
2018-04-29 01:36:28.2472 [WARN] :  >YamahaRobotRCX340 断开连接，即将尝试第 3 次重连...
2018-04-29 01:36:30.1232 [WARN] :  >连接未成功。
2018-04-29 01:36:31.2325 [WARN] :  >YamahaRobotRCX340 断开连接，即将尝试第 4 次重连...
2018-04-29 01:36:33.1232 [WARN] :  >连接未成功。
2018-04-29 01:36:34.2325 [WARN] :  >YamahaRobotRCX340 断开连接，即将尝试第 5 次重连...
2018-04-29 01:36:36.9513 [WARN] :  >连接未成功。
2018-04-29 01:36:38.0607 [WARN] :  >YamahaRobotRCX340 断开连接，即将尝试第 6 次重连...
2018-04-29 01:36:39.6232 [WARN] :  >连接未成功。
2018-04-29 01:36:40.7325 [WARN] :  >YamahaRobotRCX340 断开连接，即将尝试第 7 次重连...
2018-04-29 01:36:42.6241 [WARN] :  >连接未成功。
2018-04-29 01:36:43.7335 [WARN] :  >YamahaRobotRCX340 断开连接，即将尝试第 8 次重连...
2018-04-29 01:36:45.6241 [WARN] :  >连接未成功。
2018-04-29 01:36:46.7335 [WARN] :  >YamahaRobotRCX340 断开连接，即将尝试第 9 次重连...
2018-04-29 01:36:48.6241 [WARN] :  >连接未成功。
2018-04-29 01:36:49.7335 [WARN] :  >YamahaRobotRCX340 断开连接，即将尝试第 10 次重连...
2018-04-29 01:36:51.6251 [WARN] :  >连接未成功。
2018-04-29 01:36:52.7345 [WARN] :  >连接未成功。
2018-04-29 01:39:28.1017 [TRACE] :  >--------------- Program start -----------------
2018-04-29 01:39:28.5001 [TRACE] :  >Load document...
2018-04-29 01:39:28.9523 [TRACE] :  >Hardware initialize...
2018-04-29 01:39:30.1427 [TRACE] :  >System init ok.
2018-04-29 01:39:31.2365 [WARN] :  >YamahaRobotRCX340 断开连接，即将尝试第 1 次重连...
2018-04-29 01:39:33.1241 [WARN] :  >连接未成功。
2018-04-29 01:39:34.2257 [WARN] :  >YamahaRobotRCX340 断开连接，即将尝试第 2 次重连...
2018-04-29 01:39:42.9103 [WARN] :  >连接未成功。
2018-04-29 01:39:44.0167 [WARN] :  >YamahaRobotRCX340 断开连接，即将尝试第 3 次重连...
2018-04-29 01:39:45.6261 [WARN] :  >连接未成功。
2018-04-29 01:39:46.7316 [WARN] :  >YamahaRobotRCX340 断开连接，即将尝试第 4 次重连...
2018-04-29 01:39:48.6281 [WARN] :  >连接未成功。
2018-04-29 01:39:49.7325 [WARN] :  >YamahaRobotRCX340 断开连接，即将尝试第 5 次重连...
2018-04-29 01:41:01.9679 [WARN] :  >连接未成功。
2018-04-29 01:41:03.0724 [WARN] :  >YamahaRobotRCX340 断开连接，即将尝试第 6 次重连...
2018-04-29 01:41:04.6261 [WARN] :  >连接未成功。
2018-04-29 01:41:05.7306 [WARN] :  >YamahaRobotRCX340 断开连接，即将尝试第 7 次重连...
2018-04-29 01:41:36.7726 [WARN] :  >连接未成功。
2018-04-29 01:41:37.8849 [WARN] :  >YamahaRobotRCX340 断开连接，即将尝试第 8 次重连...
2018-04-29 01:41:39.6349 [WARN] :  >连接未成功。
2018-04-29 01:41:40.7443 [WARN] :  >YamahaRobotRCX340 断开连接，即将尝试第 9 次重连...
2018-04-29 01:46:44.4786 [TRACE] :  >--------------- Program start -----------------
2018-04-29 01:46:44.8839 [TRACE] :  >Load document...
2018-04-29 01:46:45.3419 [TRACE] :  >Hardware initialize...
2018-04-29 01:46:46.6427 [TRACE] :  >System init ok.
2018-04-29 01:46:47.7365 [WARN] :  >YamahaRobotRCX340 断开连接，即将尝试第 1 次重连...
2018-04-29 01:46:49.8536 [WARN] :  >连接未成功。
2018-04-29 01:46:50.9650 [WARN] :  >YamahaRobotRCX340 断开连接，即将尝试第 2 次重连...
2018-04-29 01:46:52.6241 [WARN] :  >连接未成功。
2018-04-29 01:46:53.7306 [WARN] :  >YamahaRobotRCX340 断开连接，即将尝试第 3 次重连...
2018-04-29 01:46:55.6261 [WARN] :  >连接未成功。
2018-04-29 01:46:56.7306 [WARN] :  >YamahaRobotRCX340 断开连接，即将尝试第 4 次重连...
2018-04-29 01:46:58.6281 [WARN] :  >连接未成功。
2018-04-29 01:46:59.7325 [WARN] :  >YamahaRobotRCX340 断开连接，即将尝试第 5 次重连...
2018-04-29 01:47:05.5040 [WARN] :  >连接未成功。
2018-04-29 01:47:06.6085 [WARN] :  >YamahaRobotRCX340 断开连接，即将尝试第 6 次重连...
2018-04-29 01:47:08.6261 [WARN] :  >连接未成功。
2018-04-29 01:47:09.7306 [WARN] :  >YamahaRobotRCX340 断开连接，即将尝试第 7 次重连...
2018-04-29 01:47:11.6261 [WARN] :  >连接未成功。
2018-04-29 01:47:12.7306 [WARN] :  >YamahaRobotRCX340 断开连接，即将尝试第 8 次重连...
2018-04-29 01:47:14.6271 [WARN] :  >连接未成功。
2018-04-29 01:47:15.7316 [WARN] :  >YamahaRobotRCX340 断开连接，即将尝试第 9 次重连...
2018-04-29 01:47:17.6261 [WARN] :  >连接未成功。
2018-04-29 01:47:18.7306 [WARN] :  >YamahaRobotRCX340 断开连接，即将尝试第 10 次重连...
2018-04-29 01:47:20.6261 [WARN] :  >连接未成功。
2018-04-29 01:47:21.7345 [WARN] :  >连接未成功。
2018-04-29 01:48:26.6886 [TRACE] :  >--------------- Program start -----------------
2018-04-29 01:48:27.0851 [TRACE] :  >Load document...
2018-04-29 01:48:27.5450 [TRACE] :  >Hardware initialize...
2018-04-29 01:48:28.6427 [TRACE] :  >System init ok.
2018-04-29 01:48:29.7365 [WARN] :  >YamahaRobotRCX340 断开连接，即将尝试第 1 次重连...
2018-04-29 01:48:31.6241 [WARN] :  >连接未成功。
2018-04-29 01:48:32.7472 [WARN] :  >YamahaRobotRCX340 断开连接，即将尝试第 2 次重连...
2018-04-29 01:48:34.6241 [WARN] :  >连接未成功。
2018-04-29 01:48:35.7306 [WARN] :  >YamahaRobotRCX340 断开连接，即将尝试第 3 次重连...
2018-04-29 01:48:37.6271 [WARN] :  >连接未成功。
2018-04-29 01:48:38.7316 [WARN] :  >YamahaRobotRCX340 断开连接，即将尝试第 4 次重连...
2018-04-29 01:48:40.6281 [WARN] :  >连接未成功。
2018-04-29 01:48:41.7335 [WARN] :  >YamahaRobotRCX340 断开连接，即将尝试第 5 次重连...
2018-04-29 01:48:43.6261 [WARN] :  >连接未成功。
2018-04-29 01:48:44.7306 [WARN] :  >YamahaRobotRCX340 断开连接，即将尝试第 6 次重连...
2018-04-29 01:48:46.6271 [WARN] :  >连接未成功。
2018-04-29 01:48:47.7316 [WARN] :  >YamahaRobotRCX340 断开连接，即将尝试第 7 次重连...
2018-04-29 01:48:49.6261 [WARN] :  >连接未成功。
2018-04-29 01:48:50.7306 [WARN] :  >YamahaRobotRCX340 断开连接，即将尝试第 8 次重连...
2018-04-29 01:48:52.6261 [WARN] :  >连接未成功。
2018-04-29 01:48:53.7306 [WARN] :  >YamahaRobotRCX340 断开连接，即将尝试第 9 次重连...
2018-04-29 01:48:55.6271 [WARN] :  >连接未成功。
2018-04-29 01:48:56.7316 [WARN] :  >YamahaRobotRCX340 断开连接，即将尝试第 10 次重连...
2018-04-29 01:48:58.6261 [WARN] :  >连接未成功。
2018-04-29 01:48:59.7345 [WARN] :  >连接未成功。
2018-04-29 01:49:53.1349 [TRACE] :  >--------------- Program start -----------------
2018-04-29 01:49:53.5275 [TRACE] :  >Load document...
2018-04-29 01:49:53.9835 [TRACE] :  >Hardware initialize...
2018-04-29 01:49:55.1427 [TRACE] :  >System init ok.
2018-04-29 01:49:56.2374 [WARN] :  >YamahaRobotRCX340 断开连接，即将尝试第 1 次重连...
2018-04-29 01:49:58.1241 [WARN] :  >连接未成功。
2018-04-29 01:49:59.2257 [WARN] :  >YamahaRobotRCX340 断开连接，即将尝试第 2 次重连...
2018-04-29 01:50:01.1241 [WARN] :  >连接未成功。
2018-04-29 01:50:02.2306 [WARN] :  >YamahaRobotRCX340 断开连接，即将尝试第 3 次重连...
2018-04-29 01:50:04.1261 [WARN] :  >连接未成功。
2018-04-29 01:50:05.3419 [WARN] :  >YamahaRobotRCX340 断开连接，即将尝试第 4 次重连...
2018-04-29 01:50:07.1281 [WARN] :  >连接未成功。
2018-04-29 01:50:08.2325 [WARN] :  >YamahaRobotRCX340 断开连接，即将尝试第 5 次重连...
2018-04-29 01:50:10.1261 [WARN] :  >连接未成功。
2018-04-29 01:50:11.2306 [WARN] :  >YamahaRobotRCX340 断开连接，即将尝试第 6 次重连...
2018-04-29 01:50:13.1261 [WARN] :  >连接未成功。
2018-04-29 01:50:14.2306 [WARN] :  >YamahaRobotRCX340 断开连接，即将尝试第 7 次重连...
2018-04-29 01:50:16.1261 [WARN] :  >连接未成功。
2018-04-29 01:50:17.2306 [WARN] :  >YamahaRobotRCX340 断开连接，即将尝试第 8 次重连...
2018-04-29 01:50:19.1261 [WARN] :  >连接未成功。
2018-04-29 01:50:20.2306 [WARN] :  >YamahaRobotRCX340 断开连接，即将尝试第 9 次重连...
2018-04-29 01:50:22.1261 [WARN] :  >连接未成功。
2018-04-29 01:50:23.2306 [WARN] :  >YamahaRobotRCX340 断开连接，即将尝试第 10 次重连...
2018-04-29 01:50:25.1261 [WARN] :  >连接未成功。
2018-04-29 01:50:26.2345 [WARN] :  >连接未成功。
2018-04-29 01:51:48.4845 [TRACE] :  >--------------- Program start -----------------
2018-04-29 01:51:48.8761 [TRACE] :  >Load document...
2018-04-29 01:51:49.4015 [TRACE] :  >Hardware initialize...
2018-04-29 01:51:50.1407 [TRACE] :  >System init ok.
2018-04-29 01:51:51.2365 [WARN] :  >YamahaRobotRCX340 断开连接，即将尝试第 1 次重连...
2018-04-29 01:51:53.1241 [WARN] :  >连接未成功。
2018-04-29 01:51:54.2257 [WARN] :  >YamahaRobotRCX340 断开连接，即将尝试第 2 次重连...
2018-04-29 01:51:56.1241 [WARN] :  >连接未成功。
2018-04-29 01:51:57.2306 [WARN] :  >YamahaRobotRCX340 断开连接，即将尝试第 3 次重连...
2018-04-29 01:51:59.1261 [WARN] :  >连接未成功。
2018-04-29 01:52:00.2316 [WARN] :  >YamahaRobotRCX340 断开连接，即将尝试第 4 次重连...
2018-04-29 01:52:02.1281 [WARN] :  >连接未成功。
2018-04-29 01:52:03.2325 [WARN] :  >YamahaRobotRCX340 断开连接，即将尝试第 5 次重连...
2018-04-29 01:52:05.1261 [WARN] :  >连接未成功。
2018-04-29 01:52:06.2306 [WARN] :  >YamahaRobotRCX340 断开连接，即将尝试第 6 次重连...
2018-04-29 01:52:08.1271 [WARN] :  >连接未成功。
2018-04-29 01:52:09.2316 [WARN] :  >YamahaRobotRCX340 断开连接，即将尝试第 7 次重连...
2018-04-29 01:52:11.1261 [WARN] :  >连接未成功。
2018-04-29 01:52:12.2306 [WARN] :  >YamahaRobotRCX340 断开连接，即将尝试第 8 次重连...
2018-04-29 01:52:14.1261 [WARN] :  >连接未成功。
2018-04-29 01:52:15.2306 [WARN] :  >YamahaRobotRCX340 断开连接，即将尝试第 9 次重连...
2018-04-29 01:52:17.1261 [WARN] :  >连接未成功。
2018-04-29 01:52:18.2306 [WARN] :  >YamahaRobotRCX340 断开连接，即将尝试第 10 次重连...
2018-04-29 01:52:20.1271 [WARN] :  >连接未成功。
2018-04-29 01:52:21.2355 [WARN] :  >连接未成功。
2018-04-29 01:59:33.7198 [TRACE] :  >--------------- Program start -----------------
2018-04-29 01:59:34.1134 [TRACE] :  >Load document...
2018-04-29 01:59:34.5773 [TRACE] :  >Hardware initialize...
2018-04-29 01:59:35.6417 [TRACE] :  >System init ok.
2018-04-29 01:59:36.8019 [WARN] :  >YamahaRobotRCX340 断开连接，即将尝试第 1 次重连...
2018-04-29 01:59:38.6251 [WARN] :  >连接未成功。
2018-04-29 01:59:39.7277 [WARN] :  >YamahaRobotRCX340 断开连接，即将尝试第 2 次重连...
2018-04-29 01:59:41.6241 [WARN] :  >连接未成功。
2018-04-29 01:59:42.7306 [WARN] :  >YamahaRobotRCX340 断开连接，即将尝试第 3 次重连...
2018-04-29 01:59:44.6271 [WARN] :  >连接未成功。
2018-04-29 01:59:45.7316 [WARN] :  >YamahaRobotRCX340 断开连接，即将尝试第 4 次重连...
2018-04-29 01:59:47.6281 [WARN] :  >连接未成功。
2018-04-29 01:59:48.7335 [WARN] :  >YamahaRobotRCX340 断开连接，即将尝试第 5 次重连...
2018-04-29 01:59:50.6261 [WARN] :  >连接未成功。
2018-04-29 01:59:51.7306 [WARN] :  >YamahaRobotRCX340 断开连接，即将尝试第 6 次重连...
2018-04-29 01:59:53.6261 [WARN] :  >连接未成功。
2018-04-29 01:59:54.7306 [WARN] :  >YamahaRobotRCX340 断开连接，即将尝试第 7 次重连...
2018-04-29 01:59:56.6271 [WARN] :  >连接未成功。
2018-04-29 01:59:57.7316 [WARN] :  >YamahaRobotRCX340 断开连接，即将尝试第 8 次重连...
2018-04-29 01:59:59.6261 [WARN] :  >连接未成功。
2018-04-29 02:00:07.1974 [TRACE] :  >--------------- Program start -----------------
2018-04-29 02:00:07.5929 [TRACE] :  >Load document...
2018-04-29 02:00:08.0607 [TRACE] :  >Hardware initialize...
2018-04-29 02:00:09.1427 [TRACE] :  >System init ok.
2018-04-29 02:00:10.2374 [WARN] :  >YamahaRobotRCX340 断开连接，即将尝试第 1 次重连...
2018-04-29 02:00:12.3351 [WARN] :  >连接未成功。
2018-04-29 02:00:13.4376 [WARN] :  >YamahaRobotRCX340 断开连接，即将尝试第 2 次重连...
2018-04-29 02:00:15.1241 [WARN] :  >连接未成功。
2018-04-29 02:00:16.2306 [WARN] :  >YamahaRobotRCX340 断开连接，即将尝试第 3 次重连...
2018-04-29 02:00:18.4279 [WARN] :  >连接未成功。
2018-04-29 02:00:19.5323 [WARN] :  >YamahaRobotRCX340 断开连接，即将尝试第 4 次重连...
2018-04-29 02:00:21.1281 [WARN] :  >连接未成功。
2018-04-29 02:00:22.2325 [WARN] :  >YamahaRobotRCX340 断开连接，即将尝试第 5 次重连...
2018-04-29 02:00:24.1261 [WARN] :  >连接未成功。
2018-04-29 02:00:25.2306 [WARN] :  >YamahaRobotRCX340 断开连接，即将尝试第 6 次重连...
2018-04-29 02:00:27.1271 [WARN] :  >连接未成功。
2018-04-29 02:00:28.2316 [WARN] :  >YamahaRobotRCX340 断开连接，即将尝试第 7 次重连...
2018-04-29 02:00:30.1261 [WARN] :  >连接未成功。
2018-04-29 02:00:31.2306 [WARN] :  >YamahaRobotRCX340 断开连接，即将尝试第 8 次重连...
2018-04-29 02:00:33.1261 [WARN] :  >连接未成功。
2018-04-29 02:00:34.2306 [WARN] :  >YamahaRobotRCX340 断开连接，即将尝试第 9 次重连...
2018-04-29 02:00:36.1281 [WARN] :  >连接未成功。
2018-04-29 02:00:37.2482 [WARN] :  >YamahaRobotRCX340 断开连接，即将尝试第 10 次重连...
2018-04-29 02:00:39.1261 [WARN] :  >连接未成功。
2018-04-29 02:00:40.2345 [WARN] :  >连接未成功。
2018-04-29 02:03:10.9552 [TRACE] :  >--------------- Program start -----------------
2018-04-29 02:03:11.3654 [TRACE] :  >Load document...
2018-04-29 02:03:11.8575 [TRACE] :  >Hardware initialize...
2018-04-29 02:03:12.6427 [TRACE] :  >System init ok.
2018-04-29 02:03:13.7365 [WARN] :  >YamahaRobotRCX340 断开连接，即将尝试第 1 次重连...
2018-04-29 02:03:15.6241 [WARN] :  >连接未成功。
2018-04-29 02:03:16.7267 [WARN] :  >YamahaRobotRCX340 断开连接，即将尝试第 2 次重连...
2018-04-29 02:03:18.6241 [WARN] :  >连接未成功。
2018-04-29 02:03:19.7296 [WARN] :  >YamahaRobotRCX340 断开连接，即将尝试第 3 次重连...
2018-04-29 02:03:21.6261 [WARN] :  >连接未成功。
2018-04-29 02:03:22.7306 [WARN] :  >YamahaRobotRCX340 断开连接，即将尝试第 4 次重连...
2018-04-29 02:03:24.6281 [WARN] :  >连接未成功。
2018-04-29 02:03:25.7335 [WARN] :  >YamahaRobotRCX340 断开连接，即将尝试第 5 次重连...
2018-04-29 02:03:27.6261 [WARN] :  >连接未成功。
2018-04-29 02:03:28.7306 [WARN] :  >YamahaRobotRCX340 断开连接，即将尝试第 6 次重连...
2018-04-29 02:03:57.5734 [WARN] :  >连接未成功。
2018-04-29 02:03:58.6827 [WARN] :  >YamahaRobotRCX340 断开连接，即将尝试第 7 次重连...
2018-04-29 02:04:00.6359 [WARN] :  >连接未成功。
2018-04-29 02:04:01.7462 [WARN] :  >YamahaRobotRCX340 断开连接，即将尝试第 8 次重连...
2018-04-29 02:04:03.6378 [WARN] :  >连接未成功。
2018-04-29 02:04:04.7482 [WARN] :  >YamahaRobotRCX340 断开连接，即将尝试第 9 次重连...
2018-04-29 02:04:06.6281 [WARN] :  >连接未成功。
2018-04-29 02:04:07.7316 [WARN] :  >YamahaRobotRCX340 断开连接，即将尝试第 10 次重连...
2018-04-29 02:04:09.6232 [WARN] :  >连接未成功。
2018-04-29 02:04:10.7238 [WARN] :  >连接未成功。
2018-04-29 02:07:16.9142 [TRACE] :  >--------------- Program start -----------------
2018-04-29 02:07:17.1495 [TRACE] :  >Load document...
2018-04-29 02:07:17.4152 [TRACE] :  >Hardware initialize...
2018-04-29 02:07:18.1339 [TRACE] :  >System init ok.
2018-04-29 02:07:19.2433 [WARN] :  >YamahaRobotRCX340 断开连接，即将尝试第 1 次重连...
2018-04-29 02:07:21.1339 [WARN] :  >连接未成功。
2018-04-29 02:07:22.2433 [WARN] :  >YamahaRobotRCX340 断开连接，即将尝试第 2 次重连...
2018-04-29 02:07:24.1339 [WARN] :  >连接未成功。
2018-04-29 02:07:25.2433 [WARN] :  >YamahaRobotRCX340 断开连接，即将尝试第 3 次重连...
2018-04-29 02:07:27.1339 [WARN] :  >连接未成功。
2018-04-29 02:07:28.2443 [WARN] :  >YamahaRobotRCX340 断开连接，即将尝试第 4 次重连...
2018-04-29 02:07:30.1349 [WARN] :  >连接未成功。
2018-04-29 02:07:31.2452 [WARN] :  >YamahaRobotRCX340 断开连接，即将尝试第 5 次重连...
2018-04-29 02:07:33.1359 [WARN] :  >连接未成功。
2018-04-29 02:07:34.2452 [WARN] :  >YamahaRobotRCX340 断开连接，即将尝试第 6 次重连...
2018-04-29 02:07:36.1359 [WARN] :  >连接未成功。
2018-04-29 02:07:37.2452 [WARN] :  >YamahaRobotRCX340 断开连接，即将尝试第 7 次重连...
2018-04-29 02:07:39.1368 [WARN] :  >连接未成功。
2018-04-29 02:07:40.2501 [WARN] :  >YamahaRobotRCX340 断开连接，即将尝试第 8 次重连...
2018-04-29 02:07:42.1261 [WARN] :  >连接未成功。
2018-04-29 02:07:43.2355 [WARN] :  >YamahaRobotRCX340 断开连接，即将尝试第 9 次重连...
2018-04-29 02:07:45.1261 [WARN] :  >连接未成功。
2018-04-29 02:07:46.2365 [WARN] :  >YamahaRobotRCX340 断开连接，即将尝试第 10 次重连...
2018-04-29 02:07:48.1281 [WARN] :  >连接未成功。
2018-04-29 02:07:49.2374 [WARN] :  >连接未成功。
2018-04-29 02:09:56.1847 [TRACE] :  >--------------- Program start -----------------
2018-04-29 02:09:56.4191 [TRACE] :  >Load document...
2018-04-29 02:09:56.6847 [TRACE] :  >Hardware initialize...
2018-04-29 02:09:57.6378 [TRACE] :  >System init ok.
2018-04-29 02:09:58.7472 [WARN] :  >YamahaRobotRCX340 断开连接，即将尝试第 1 次重连...
2018-04-29 02:10:00.6232 [WARN] :  >连接未成功。
2018-04-29 02:10:01.7325 [WARN] :  >YamahaRobotRCX340 断开连接，即将尝试第 2 次重连...
2018-04-29 02:10:03.6232 [WARN] :  >连接未成功。
2018-04-29 02:10:04.7325 [WARN] :  >YamahaRobotRCX340 断开连接，即将尝试第 3 次重连...
2018-04-29 02:10:06.6232 [WARN] :  >连接未成功。
2018-04-29 02:10:07.7325 [WARN] :  >YamahaRobotRCX340 断开连接，即将尝试第 4 次重连...
2018-04-29 02:10:09.6232 [WARN] :  >连接未成功。
2018-04-29 02:10:10.7335 [WARN] :  >YamahaRobotRCX340 断开连接，即将尝试第 5 次重连...
2018-04-29 02:10:12.6241 [WARN] :  >连接未成功。
2018-04-29 02:10:13.7335 [WARN] :  >YamahaRobotRCX340 断开连接，即将尝试第 6 次重连...
2018-04-29 02:10:15.6251 [WARN] :  >连接未成功。
2018-04-29 02:10:16.7345 [WARN] :  >YamahaRobotRCX340 断开连接，即将尝试第 7 次重连...
2018-04-29 02:10:18.6261 [WARN] :  >连接未成功。
2018-04-29 02:10:19.7355 [WARN] :  >YamahaRobotRCX340 断开连接，即将尝试第 8 次重连...
2018-04-29 02:10:21.6261 [WARN] :  >连接未成功。
2018-04-29 02:10:22.7355 [WARN] :  >YamahaRobotRCX340 断开连接，即将尝试第 9 次重连...
2018-04-29 02:10:24.6271 [WARN] :  >连接未成功。
2018-04-29 02:10:25.7365 [WARN] :  >YamahaRobotRCX340 断开连接，即将尝试第 10 次重连...
2018-04-29 02:10:27.6281 [WARN] :  >连接未成功。
2018-04-29 02:10:28.7374 [WARN] :  >连接未成功。
2018-04-29 02:10:53.2091 [TRACE] :  >--------------- Program start -----------------
2018-04-29 02:10:53.4435 [TRACE] :  >Load document...
2018-04-29 02:10:53.7247 [TRACE] :  >Hardware initialize...
2018-04-29 02:10:54.6310 [TRACE] :  >System init ok.
2018-04-29 02:10:55.7404 [WARN] :  >YamahaRobotRCX340 断开连接，即将尝试第 1 次重连...
2018-04-29 02:10:57.6310 [WARN] :  >连接未成功。
2018-04-29 02:10:58.7404 [WARN] :  >YamahaRobotRCX340 断开连接，即将尝试第 2 次重连...
2018-04-29 02:11:00.6310 [WARN] :  >连接未成功。
2018-04-29 02:11:01.7413 [WARN] :  >YamahaRobotRCX340 断开连接，即将尝试第 3 次重连...
2018-04-29 02:11:03.6320 [WARN] :  >连接未成功。
2018-04-29 02:11:04.7423 [WARN] :  >YamahaRobotRCX340 断开连接，即将尝试第 4 次重连...
2018-04-29 02:11:06.6329 [WARN] :  >连接未成功。
2018-04-29 02:11:07.7423 [WARN] :  >YamahaRobotRCX340 断开连接，即将尝试第 5 次重连...
2018-04-29 02:11:09.6339 [WARN] :  >连接未成功。
2018-04-29 02:11:10.7433 [WARN] :  >YamahaRobotRCX340 断开连接，即将尝试第 6 次重连...
2018-04-29 02:11:12.6339 [WARN] :  >连接未成功。
2018-04-29 02:11:13.7433 [WARN] :  >YamahaRobotRCX340 断开连接，即将尝试第 7 次重连...
2018-04-29 02:11:15.6349 [WARN] :  >连接未成功。
2018-04-29 02:11:16.7443 [WARN] :  >YamahaRobotRCX340 断开连接，即将尝试第 8 次重连...
2018-04-29 02:11:18.6349 [WARN] :  >连接未成功。
2018-04-29 02:11:19.7443 [WARN] :  >YamahaRobotRCX340 断开连接，即将尝试第 9 次重连...
2018-04-29 02:11:21.6349 [WARN] :  >连接未成功。
2018-04-29 02:11:22.7443 [WARN] :  >YamahaRobotRCX340 断开连接，即将尝试第 10 次重连...
2018-04-29 02:11:24.6349 [WARN] :  >连接未成功。
2018-04-29 02:11:25.7452 [WARN] :  >连接未成功。
2018-04-29 02:12:39.2150 [TRACE] :  >--------------- Program start -----------------
2018-04-29 02:12:39.4493 [TRACE] :  >Load document...
2018-04-29 02:12:39.7306 [TRACE] :  >Hardware initialize...
2018-04-29 02:12:40.6368 [TRACE] :  >System init ok.
2018-04-29 02:12:41.7618 [WARN] :  >YamahaRobotRCX340 断开连接，即将尝试第 1 次重连...
2018-04-29 02:12:43.6368 [WARN] :  >连接未成功。
2018-04-29 02:12:44.7472 [WARN] :  >YamahaRobotRCX340 断开连接，即将尝试第 2 次重连...
2018-04-29 02:12:46.6378 [WARN] :  >连接未成功。
2018-04-29 02:12:47.7472 [WARN] :  >YamahaRobotRCX340 断开连接，即将尝试第 3 次重连...
2018-04-29 02:12:49.6378 [WARN] :  >连接未成功。
2018-04-29 02:12:50.7472 [WARN] :  >YamahaRobotRCX340 断开连接，即将尝试第 4 次重连...
2018-04-29 02:12:52.6378 [WARN] :  >连接未成功。
2018-04-29 02:12:53.7472 [WARN] :  >YamahaRobotRCX340 断开连接，即将尝试第 5 次重连...
2018-04-29 02:12:55.6232 [WARN] :  >连接未成功。
2018-04-29 02:12:56.7325 [WARN] :  >YamahaRobotRCX340 断开连接，即将尝试第 6 次重连...
2018-04-29 02:12:58.6232 [WARN] :  >连接未成功。
2018-04-29 02:12:59.7325 [WARN] :  >YamahaRobotRCX340 断开连接，即将尝试第 7 次重连...
2018-04-29 02:13:01.6232 [WARN] :  >连接未成功。
2018-04-29 02:13:02.7325 [WARN] :  >YamahaRobotRCX340 断开连接，即将尝试第 8 次重连...
2018-04-29 02:13:04.6241 [WARN] :  >连接未成功。
2018-04-29 02:13:05.7335 [WARN] :  >YamahaRobotRCX340 断开连接，即将尝试第 9 次重连...
2018-04-29 02:13:07.6300 [WARN] :  >连接未成功。
2018-04-29 02:13:08.7394 [WARN] :  >YamahaRobotRCX340 断开连接，即将尝试第 10 次重连...
2018-04-29 02:13:10.6300 [WARN] :  >连接未成功。
2018-04-29 02:13:11.7394 [WARN] :  >连接未成功。
2018-04-29 02:13:24.1495 [TRACE] :  >--------------- Program start -----------------
2018-04-29 02:13:24.3839 [TRACE] :  >Load document...
2018-04-29 02:13:24.6495 [TRACE] :  >Hardware initialize...
2018-04-29 02:13:25.6339 [TRACE] :  >System init ok.
2018-04-29 02:13:26.8527 [WARN] :  >YamahaRobotRCX340 断开连接，即将尝试第 1 次重连...
2018-04-29 02:13:28.6349 [WARN] :  >连接未成功。
2018-04-29 02:13:29.7462 [WARN] :  >YamahaRobotRCX340 断开连接，即将尝试第 2 次重连...
2018-04-29 02:13:31.6241 [WARN] :  >连接未成功。
2018-04-29 02:13:32.7335 [WARN] :  >YamahaRobotRCX340 断开连接，即将尝试第 3 次重连...
2018-04-29 02:13:34.6241 [WARN] :  >连接未成功。
2018-04-29 02:13:35.7335 [WARN] :  >YamahaRobotRCX340 断开连接，即将尝试第 4 次重连...
2018-04-29 02:13:37.6251 [WARN] :  >连接未成功。
2018-04-29 02:13:38.7345 [WARN] :  >YamahaRobotRCX340 断开连接，即将尝试第 5 次重连...
2018-04-29 02:13:40.6251 [WARN] :  >连接未成功。
2018-04-29 02:13:41.7345 [WARN] :  >YamahaRobotRCX340 断开连接，即将尝试第 6 次重连...
2018-04-29 02:13:43.6251 [WARN] :  >连接未成功。
2018-04-29 02:13:44.7355 [WARN] :  >YamahaRobotRCX340 断开连接，即将尝试第 7 次重连...
2018-04-29 02:13:46.6261 [WARN] :  >连接未成功。
2018-04-29 02:13:47.7365 [WARN] :  >YamahaRobotRCX340 断开连接，即将尝试第 8 次重连...
2018-04-29 02:13:49.6281 [WARN] :  >连接未成功。
2018-04-29 02:13:50.7374 [WARN] :  >YamahaRobotRCX340 断开连接，即将尝试第 9 次重连...
2018-04-29 02:13:52.6281 [WARN] :  >连接未成功。
2018-04-29 02:13:53.7374 [WARN] :  >YamahaRobotRCX340 断开连接，即将尝试第 10 次重连...
2018-04-29 02:13:55.6281 [WARN] :  >连接未成功。
2018-04-29 02:13:56.7374 [WARN] :  >连接未成功。
2018-04-29 02:15:18.6456 [TRACE] :  >--------------- Program start -----------------
2018-04-29 02:15:19.0411 [TRACE] :  >Load document...
2018-04-29 02:15:19.4991 [TRACE] :  >Hardware initialize...
2018-04-29 02:15:20.6427 [TRACE] :  >System init ok.
2018-04-29 02:15:21.7365 [WARN] :  >YamahaRobotRCX340 断开连接，即将尝试第 1 次重连...
2018-04-29 02:15:23.6241 [WARN] :  >连接未成功。
2018-04-29 02:15:24.9308 [WARN] :  >YamahaRobotRCX340 断开连接，即将尝试第 2 次重连...
2018-04-29 02:15:26.6241 [WARN] :  >连接未成功。
2018-04-29 02:15:27.7306 [WARN] :  >YamahaRobotRCX340 断开连接，即将尝试第 3 次重连...
2018-04-29 02:15:29.6271 [WARN] :  >连接未成功。
2018-04-29 02:15:30.7316 [WARN] :  >YamahaRobotRCX340 断开连接，即将尝试第 4 次重连...
2018-04-29 02:15:32.6281 [WARN] :  >连接未成功。
2018-04-29 02:15:33.7325 [WARN] :  >YamahaRobotRCX340 断开连接，即将尝试第 5 次重连...
2018-04-29 02:15:35.6261 [WARN] :  >连接未成功。
2018-04-29 02:15:55.9972 [WARN] :  >YamahaRobotRCX340 断开连接，即将尝试第 6 次重连...
2018-04-29 02:15:57.6271 [WARN] :  >连接未成功。
2018-04-29 02:16:04.2950 [WARN] :  >YamahaRobotRCX340 断开连接，即将尝试第 7 次重连...
2018-04-29 02:16:06.1261 [WARN] :  >连接未成功。
2018-04-29 02:16:17.0060 [WARN] :  >YamahaRobotRCX340 断开连接，即将尝试第 8 次重连...
2018-04-29 02:16:18.6261 [WARN] :  >连接未成功。
2018-04-29 02:16:42.7374 [WARN] :  >YamahaRobotRCX340 断开连接，即将尝试第 9 次重连...
2018-04-29 02:16:44.6261 [WARN] :  >连接未成功。
2018-04-29 02:16:45.7306 [WARN] :  >YamahaRobotRCX340 断开连接，即将尝试第 10 次重连...
2018-04-29 02:16:47.6261 [WARN] :  >连接未成功。
2018-04-29 02:16:48.7345 [WARN] :  >连接未成功。
2018-04-29 02:22:09.0323 [TRACE] :  >--------------- Program start -----------------
2018-04-29 02:22:09.2706 [TRACE] :  >Load document...
2018-04-29 02:22:09.5411 [TRACE] :  >Hardware initialize...
2018-04-29 02:22:10.6378 [TRACE] :  >System init ok.
2018-04-29 02:22:11.8126 [WARN] :  >YamahaRobotRCX340 断开连接，即将尝试第 1 次重连...
2018-04-29 02:22:13.6241 [WARN] :  >连接未成功。
2018-04-29 02:22:14.7257 [WARN] :  >YamahaRobotRCX340 断开连接，即将尝试第 2 次重连...
2018-04-29 02:22:16.6241 [WARN] :  >连接未成功。
2018-04-29 02:22:17.7306 [WARN] :  >YamahaRobotRCX340 断开连接，即将尝试第 3 次重连...
2018-04-29 02:22:19.6261 [WARN] :  >连接未成功。
2018-04-29 02:22:20.7306 [WARN] :  >YamahaRobotRCX340 断开连接，即将尝试第 4 次重连...
2018-04-29 02:22:22.6281 [WARN] :  >连接未成功。
2018-04-29 02:22:23.7325 [WARN] :  >YamahaRobotRCX340 断开连接，即将尝试第 5 次重连...
2018-04-29 02:22:25.6261 [WARN] :  >连接未成功。
2018-04-29 02:22:26.7306 [WARN] :  >YamahaRobotRCX340 断开连接，即将尝试第 6 次重连...
2018-04-29 02:22:28.6261 [WARN] :  >连接未成功。
2018-04-29 02:22:29.7306 [WARN] :  >YamahaRobotRCX340 断开连接，即将尝试第 7 次重连...
2018-04-29 02:22:31.6261 [WARN] :  >连接未成功。
2018-04-29 02:22:32.7306 [WARN] :  >YamahaRobotRCX340 断开连接，即将尝试第 8 次重连...
2018-04-29 02:22:34.6261 [WARN] :  >连接未成功。
2018-04-29 02:22:35.7306 [WARN] :  >YamahaRobotRCX340 断开连接，即将尝试第 9 次重连...
2018-04-29 02:22:37.6271 [WARN] :  >连接未成功。
2018-04-29 02:22:38.7316 [WARN] :  >YamahaRobotRCX340 断开连接，即将尝试第 10 次重连...
2018-04-29 02:22:40.6261 [WARN] :  >连接未成功。
2018-04-29 02:22:41.7345 [WARN] :  >连接未成功。
2018-04-29 02:24:29.5948 [TRACE] :  >--------------- Program start -----------------
2018-04-29 02:24:29.8292 [TRACE] :  >Load document...
2018-04-29 02:24:30.0880 [TRACE] :  >Hardware initialize...
2018-04-29 02:24:31.1378 [TRACE] :  >System init ok.
2018-04-29 02:24:32.2325 [WARN] :  >YamahaRobotRCX340 断开连接，即将尝试第 1 次重连...
2018-04-29 02:24:34.1241 [WARN] :  >连接未成功。
2018-04-29 02:24:35.2267 [WARN] :  >YamahaRobotRCX340 断开连接，即将尝试第 2 次重连...
2018-04-29 02:24:37.1241 [WARN] :  >连接未成功。
2018-04-29 02:24:38.2296 [WARN] :  >YamahaRobotRCX340 断开连接，即将尝试第 3 次重连...
2018-04-29 02:24:40.1261 [WARN] :  >连接未成功。
2018-04-29 02:24:41.2306 [WARN] :  >YamahaRobotRCX340 断开连接，即将尝试第 4 次重连...
2018-04-29 02:24:43.1281 [WARN] :  >连接未成功。
2018-04-29 02:24:44.2325 [WARN] :  >YamahaRobotRCX340 断开连接，即将尝试第 5 次重连...
2018-04-29 02:24:46.1271 [WARN] :  >连接未成功。
2018-04-29 02:24:47.2316 [WARN] :  >YamahaRobotRCX340 断开连接，即将尝试第 6 次重连...
2018-04-29 02:24:49.1261 [WARN] :  >连接未成功。
2018-04-29 02:24:50.2306 [WARN] :  >YamahaRobotRCX340 断开连接，即将尝试第 7 次重连...
2018-04-29 02:24:52.1261 [WARN] :  >连接未成功。
2018-04-29 02:24:53.2306 [WARN] :  >YamahaRobotRCX340 断开连接，即将尝试第 8 次重连...
2018-04-29 02:24:55.1271 [WARN] :  >连接未成功。
2018-04-29 02:24:56.2316 [WARN] :  >YamahaRobotRCX340 断开连接，即将尝试第 9 次重连...
2018-04-29 02:25:05.9738 [TRACE] :  >--------------- Program start -----------------
2018-04-29 02:25:06.3644 [TRACE] :  >Load document...
2018-04-29 02:25:06.8175 [TRACE] :  >Hardware initialize...
2018-04-29 02:25:07.6456 [TRACE] :  >System init ok.
2018-04-29 02:25:08.7394 [WARN] :  >YamahaRobotRCX340 断开连接，即将尝试第 1 次重连...
2018-04-29 02:25:10.6300 [WARN] :  >连接未成功。
2018-04-29 02:25:11.7394 [WARN] :  >YamahaRobotRCX340 断开连接，即将尝试第 2 次重连...
2018-04-29 02:25:13.6300 [WARN] :  >连接未成功。
2018-04-29 02:25:14.7394 [WARN] :  >YamahaRobotRCX340 断开连接，即将尝试第 3 次重连...
2018-04-29 02:25:16.6310 [WARN] :  >连接未成功。
2018-04-29 02:25:17.7404 [WARN] :  >YamahaRobotRCX340 断开连接，即将尝试第 4 次重连...
2018-04-29 02:25:19.6310 [WARN] :  >连接未成功。
2018-04-29 02:25:20.7404 [WARN] :  >YamahaRobotRCX340 断开连接，即将尝试第 5 次重连...
2018-04-29 02:25:22.6310 [WARN] :  >连接未成功。
2018-04-29 02:25:23.7404 [WARN] :  >YamahaRobotRCX340 断开连接，即将尝试第 6 次重连...
2018-04-29 02:25:25.6378 [WARN] :  >连接未成功。
2018-04-29 02:25:26.7472 [WARN] :  >YamahaRobotRCX340 断开连接，即将尝试第 7 次重连...
2018-04-29 02:25:34.1632 [WARN] :  >连接未成功。
2018-04-29 02:25:38.1329 [WARN] :  >YamahaRobotRCX340 断开连接，即将尝试第 8 次重连...
2018-04-29 02:25:44.1359 [WARN] :  >连接未成功。
2018-04-29 02:25:45.2452 [WARN] :  >YamahaRobotRCX340 断开连接，即将尝试第 9 次重连...
2018-04-29 02:25:47.1359 [WARN] :  >连接未成功。
2018-04-29 02:25:48.2452 [WARN] :  >YamahaRobotRCX340 断开连接，即将尝试第 10 次重连...
2018-04-29 02:25:50.1359 [WARN] :  >连接未成功。
2018-04-29 02:25:51.2462 [WARN] :  >连接未成功。
2018-04-29 02:26:03.6310 [TRACE] :  >--------------- Program start -----------------
2018-04-29 02:26:03.8654 [TRACE] :  >Load document...
2018-04-29 02:26:04.1310 [TRACE] :  >Hardware initialize...
2018-04-29 02:26:05.1310 [TRACE] :  >System init ok.
2018-04-29 02:26:06.2404 [WARN] :  >YamahaRobotRCX340 断开连接，即将尝试第 1 次重连...
2018-04-29 02:26:08.1310 [WARN] :  >连接未成功。
2018-04-29 02:26:09.2404 [WARN] :  >YamahaRobotRCX340 断开连接，即将尝试第 2 次重连...
2018-04-29 02:26:11.1310 [WARN] :  >连接未成功。
2018-04-29 02:26:12.2413 [WARN] :  >YamahaRobotRCX340 断开连接，即将尝试第 3 次重连...
2018-04-29 02:26:14.1339 [WARN] :  >连接未成功。
2018-04-29 02:26:15.2443 [WARN] :  >YamahaRobotRCX340 断开连接，即将尝试第 4 次重连...
2018-04-29 02:26:17.1349 [WARN] :  >连接未成功。
2018-04-29 02:26:18.2443 [WARN] :  >YamahaRobotRCX340 断开连接，即将尝试第 5 次重连...
2018-04-29 02:26:20.1349 [WARN] :  >连接未成功。
2018-04-29 02:26:21.2443 [WARN] :  >YamahaRobotRCX340 断开连接，即将尝试第 6 次重连...
2018-04-29 02:26:23.1349 [WARN] :  >连接未成功。
2018-04-29 02:26:24.2452 [WARN] :  >YamahaRobotRCX340 断开连接，即将尝试第 7 次重连...
2018-04-29 02:26:26.1359 [WARN] :  >连接未成功。
2018-04-29 02:26:27.2482 [WARN] :  >YamahaRobotRCX340 断开连接，即将尝试第 8 次重连...
2018-04-29 02:26:29.1241 [WARN] :  >连接未成功。
2018-04-29 02:26:30.2335 [WARN] :  >YamahaRobotRCX340 断开连接，即将尝试第 9 次重连...
2018-04-29 02:26:32.1241 [WARN] :  >连接未成功。
2018-04-29 02:26:33.2335 [WARN] :  >YamahaRobotRCX340 断开连接，即将尝试第 10 次重连...
2018-04-29 02:26:35.1241 [WARN] :  >连接未成功。
2018-04-29 02:26:36.2335 [WARN] :  >连接未成功。
2018-04-29 02:27:01.9728 [TRACE] :  >--------------- Program start -----------------
2018-04-29 02:27:02.2072 [TRACE] :  >Load document...
2018-04-29 02:27:02.4728 [TRACE] :  >Hardware initialize...
2018-04-29 02:27:03.1300 [TRACE] :  >System init ok.
2018-04-29 02:27:04.2394 [WARN] :  >YamahaRobotRCX340 断开连接，即将尝试第 1 次重连...
2018-04-29 02:27:06.1300 [WARN] :  >连接未成功。
2018-04-29 02:27:07.2394 [WARN] :  >YamahaRobotRCX340 断开连接，即将尝试第 2 次重连...
2018-04-29 02:27:09.1320 [WARN] :  >连接未成功。
2018-04-29 02:27:10.2413 [WARN] :  >YamahaRobotRCX340 断开连接，即将尝试第 3 次重连...
2018-04-29 02:27:12.1329 [WARN] :  >连接未成功。
2018-04-29 02:27:13.2423 [WARN] :  >YamahaRobotRCX340 断开连接，即将尝试第 4 次重连...
2018-04-29 02:27:15.1329 [WARN] :  >连接未成功。
2018-04-29 02:27:16.2423 [WARN] :  >YamahaRobotRCX340 断开连接，即将尝试第 5 次重连...
2018-04-29 02:27:18.1329 [WARN] :  >连接未成功。
2018-04-29 02:27:19.2433 [WARN] :  >YamahaRobotRCX340 断开连接，即将尝试第 6 次重连...
2018-04-29 02:27:21.1339 [WARN] :  >连接未成功。
2018-04-29 02:27:22.2433 [WARN] :  >YamahaRobotRCX340 断开连接，即将尝试第 7 次重连...
2018-04-29 02:27:24.1339 [WARN] :  >连接未成功。
2018-04-29 02:27:25.2433 [WARN] :  >YamahaRobotRCX340 断开连接，即将尝试第 8 次重连...
2018-04-29 02:27:27.1339 [WARN] :  >连接未成功。
2018-04-29 02:27:28.2433 [WARN] :  >YamahaRobotRCX340 断开连接，即将尝试第 9 次重连...
2018-04-29 02:27:30.1349 [WARN] :  >连接未成功。
2018-04-29 02:27:31.2443 [WARN] :  >YamahaRobotRCX340 断开连接，即将尝试第 10 次重连...
2018-04-29 02:27:33.1349 [WARN] :  >连接未成功。
2018-04-29 02:27:34.2443 [WARN] :  >连接未成功。
2018-04-29 10:38:31.9787 [TRACE] :  >--------------- Program start -----------------
2018-04-29 10:38:32.1971 [TRACE] :  >Load document...
2018-04-29 10:38:32.8056 [TRACE] :  >Hardware initialize...
2018-04-29 10:38:33.5856 [TRACE] :  >System init ok.
2018-04-29 10:38:34.7244 [WARN] :  >YamahaRobotRCX340 断开连接，即将尝试第 1 次重连...
2018-04-29 10:38:36.5808 [WARN] :  >连接未成功。
2018-04-29 10:38:37.7040 [WARN] :  >YamahaRobotRCX340 断开连接，即将尝试第 2 次重连...
2018-04-29 10:38:39.5760 [WARN] :  >连接未成功。
2018-04-29 10:38:40.6992 [WARN] :  >YamahaRobotRCX340 断开连接，即将尝试第 3 次重连...
2018-04-29 10:38:42.5868 [WARN] :  >连接未成功。
2018-04-29 10:38:43.7100 [WARN] :  >YamahaRobotRCX340 断开连接，即将尝试第 4 次重连...
2018-04-29 10:38:45.5820 [WARN] :  >连接未成功。
2018-04-29 10:38:46.7208 [WARN] :  >YamahaRobotRCX340 断开连接，即将尝试第 5 次重连...
2018-04-29 10:38:48.5772 [WARN] :  >连接未成功。
2018-04-29 10:38:49.7004 [WARN] :  >YamahaRobotRCX340 断开连接，即将尝试第 6 次重连...
2018-04-29 10:38:51.5880 [WARN] :  >连接未成功。
2018-04-29 10:38:52.7112 [WARN] :  >YamahaRobotRCX340 断开连接，即将尝试第 7 次重连...
2018-04-29 10:38:54.5832 [WARN] :  >连接未成功。
2018-04-29 10:38:55.7064 [WARN] :  >YamahaRobotRCX340 断开连接，即将尝试第 8 次重连...
2018-04-29 10:38:57.5784 [WARN] :  >连接未成功。
2018-04-29 10:38:58.7016 [WARN] :  >YamahaRobotRCX340 断开连接，即将尝试第 9 次重连...
2018-04-29 10:39:00.5892 [WARN] :  >连接未成功。
2018-04-29 10:39:01.7124 [WARN] :  >YamahaRobotRCX340 断开连接，即将尝试第 10 次重连...
2018-04-29 10:39:03.5844 [WARN] :  >连接未成功。
2018-04-29 10:39:04.7232 [WARN] :  >连接未成功。
2018-04-29 10:46:11.3869 [TRACE] :  >--------------- Program start -----------------
2018-04-29 10:46:11.5897 [TRACE] :  >Load document...
2018-04-29 10:46:12.0265 [TRACE] :  >Hardware initialize...
2018-04-29 10:46:12.1357 [TRACE] :  >System init ok.
2018-04-29 10:50:56.2796 [TRACE] :  >--------------- Program start -----------------
2018-04-29 10:50:56.4876 [TRACE] :  >Load document...
2018-04-29 10:50:56.9438 [TRACE] :  >Hardware initialize...
2018-04-29 10:50:57.0530 [TRACE] :  >System init ok.
2018-04-29 10:53:34.3113 [TRACE] :  >--------------- Program start -----------------
2018-04-29 10:53:34.5609 [TRACE] :  >Load document...
2018-04-29 10:53:35.0133 [TRACE] :  >Hardware initialize...
2018-04-29 10:53:35.1225 [TRACE] :  >System init ok.
2018-04-29 10:55:07.6111 [TRACE] :  >--------------- Program start -----------------
2018-04-29 10:55:07.8295 [TRACE] :  >Load document...
2018-04-29 10:55:08.2975 [TRACE] :  >Hardware initialize...
2018-04-29 10:55:08.4067 [TRACE] :  >System init ok.
2018-04-29 10:55:35.3851 [TRACE] :  >--------------- Program start -----------------
2018-04-29 10:55:35.5723 [TRACE] :  >Load document...
2018-04-29 10:55:36.0403 [TRACE] :  >Hardware initialize...
2018-04-29 10:55:56.3415 [TRACE] :  >System init ok.
2018-04-29 10:57:41.4231 [TRACE] :  >--------------- Program start -----------------
2018-04-29 10:57:41.6259 [TRACE] :  >Load document...
2018-04-29 10:57:42.2187 [TRACE] :  >Hardware initialize...
2018-04-29 10:57:43.4511 [TRACE] :  >System init ok.
2018-04-29 10:58:03.8906 [TRACE] :  >--------------- Program start -----------------
2018-04-29 10:58:04.1116 [TRACE] :  >Load document...
2018-04-29 10:58:04.6796 [TRACE] :  >Hardware initialize...
2018-04-29 10:58:31.6698 [TRACE] :  >System init ok.
2018-04-29 11:00:38.8406 [TRACE] :  >--------------- Program start -----------------
2018-04-29 11:00:39.0456 [TRACE] :  >Load document...
2018-04-29 11:00:39.5207 [TRACE] :  >Hardware initialize...
2018-04-29 11:02:04.7443 [TRACE] :  >System init ok.
2018-04-29 11:12:08.8929 [TRACE] :  >--------------- Program start -----------------
2018-04-29 11:12:09.1029 [TRACE] :  >Load document...
2018-04-29 11:12:09.5730 [TRACE] :  >Hardware initialize...
2018-04-29 11:12:09.7130 [TRACE] :  >System init ok.
2018-04-29 11:19:55.6930 [TRACE] :  >--------------- Program start -----------------
2018-04-29 11:19:55.9031 [TRACE] :  >Load document...
2018-04-29 11:19:56.3881 [TRACE] :  >Hardware initialize...
2018-04-29 11:19:56.5271 [TRACE] :  >System init ok.
2018-04-29 11:33:06.8454 [TRACE] :  >--------------- Program start -----------------
2018-04-29 11:33:07.0574 [TRACE] :  >Load document...
2018-04-29 11:33:07.5324 [TRACE] :  >Hardware initialize...
2018-04-29 11:33:07.6714 [TRACE] :  >System init ok.
2018-04-29 11:39:02.4959 [TRACE] :  >--------------- Program start -----------------
2018-04-29 11:39:02.6949 [TRACE] :  >Load document...
2018-04-29 11:39:03.1589 [TRACE] :  >Hardware initialize...
2018-04-29 11:39:03.2909 [TRACE] :  >System init ok.
2018-04-29 11:41:06.5224 [TRACE] :  >--------------- Program start -----------------
2018-04-29 11:41:06.7444 [TRACE] :  >Load document...
2018-04-29 11:41:07.2165 [TRACE] :  >Hardware initialize...
2018-04-29 11:41:07.3555 [TRACE] :  >System init ok.
2018-04-29 11:42:24.5706 [TRACE] :  >--------------- Program start -----------------
2018-04-29 11:42:24.7726 [TRACE] :  >Load document...
2018-04-29 11:42:25.2357 [TRACE] :  >Hardware initialize...
2018-04-29 11:42:25.3737 [TRACE] :  >System init ok.
2018-04-29 11:54:27.1621 [TRACE] :  >--------------- Program start -----------------
2018-04-29 11:54:27.3649 [TRACE] :  >Load document...
2018-04-29 11:54:27.8651 [TRACE] :  >Hardware initialize...
2018-04-29 11:54:28.0055 [TRACE] :  >System init ok.
2018-04-29 12:10:24.1108 [TRACE] :  >--------------- Program start -----------------
2018-04-29 12:10:24.3238 [TRACE] :  >Load document...
2018-04-29 12:10:24.8068 [TRACE] :  >Hardware initialize...
2018-04-29 12:10:24.9518 [TRACE] :  >System init ok.
2018-04-29 12:21:14.6356 [TRACE] :  >--------------- Program start -----------------
2018-04-29 12:21:14.8610 [TRACE] :  >Load document...
2018-04-29 12:21:15.4382 [TRACE] :  >Hardware initialize...
2018-04-29 12:21:15.5786 [TRACE] :  >System init ok.
2018-04-29 12:27:35.6861 [TRACE] :  >--------------- Program start -----------------
2018-04-29 12:27:35.9051 [TRACE] :  >Load document...
2018-04-29 12:27:36.4471 [TRACE] :  >Hardware initialize...
2018-04-29 12:27:36.5871 [TRACE] :  >System init ok.
2018-04-29 12:45:28.1652 [TRACE] :  >--------------- Program start -----------------
2018-04-29 12:45:28.3836 [TRACE] :  >Load document...
2018-04-29 12:45:28.8828 [TRACE] :  >Hardware initialize...
2018-04-29 12:45:29.0232 [TRACE] :  >System init ok.
2018-04-29 12:49:06.2441 [TRACE] :  >--------------- Program start -----------------
2018-04-29 12:49:06.4469 [TRACE] :  >Load document...
2018-04-29 12:49:06.8993 [TRACE] :  >Hardware initialize...
2018-04-29 12:49:07.0553 [TRACE] :  >System init ok.
2018-04-29 12:58:53.6876 [TRACE] :  >--------------- Program start -----------------
2018-04-29 12:58:53.9036 [TRACE] :  >Load document...
2018-04-29 12:58:54.3736 [TRACE] :  >Hardware initialize...
2018-04-29 12:58:54.5216 [TRACE] :  >System init ok.
2018-04-29 13:05:42.2110 [TRACE] :  >--------------- Program start -----------------
2018-04-29 13:05:42.4294 [TRACE] :  >Load document...
2018-04-29 13:05:42.9130 [TRACE] :  >Hardware initialize...
2018-04-29 13:05:43.0534 [TRACE] :  >System init ok.
2018-04-29 13:05:45.2374 [WARN] :  >YamahaRobotRCX340 断开连接，即将尝试第 1 次重连...
2018-04-29 13:05:46.2514 [TRACE] :  >成功建立连接。
2018-04-29 13:05:48.4198 [WARN] :  >YamahaRobotRCX340 断开连接，即将尝试第 1 次重连...
2018-04-29 13:05:49.4338 [TRACE] :  >成功建立连接。
2018-04-29 13:05:51.5866 [WARN] :  >YamahaRobotRCX340 断开连接，即将尝试第 1 次重连...
2018-04-29 13:05:52.6006 [TRACE] :  >成功建立连接。
2018-04-29 13:05:54.8470 [WARN] :  >YamahaRobotRCX340 断开连接，即将尝试第 1 次重连...
2018-04-29 13:05:55.8610 [TRACE] :  >成功建立连接。
2018-04-29 13:05:58.0762 [WARN] :  >YamahaRobotRCX340 断开连接，即将尝试第 1 次重连...
2018-04-29 13:05:59.0902 [TRACE] :  >成功建立连接。
2018-04-29 13:06:01.2742 [WARN] :  >YamahaRobotRCX340 断开连接，即将尝试第 1 次重连...
2018-04-29 13:06:02.2882 [TRACE] :  >成功建立连接。
2018-04-29 13:06:04.4722 [WARN] :  >YamahaRobotRCX340 断开连接，即将尝试第 1 次重连...
2018-04-29 13:06:05.4862 [TRACE] :  >成功建立连接。
2018-04-29 13:06:07.6234 [WARN] :  >YamahaRobotRCX340 断开连接，即将尝试第 1 次重连...
2018-04-29 13:06:08.6374 [TRACE] :  >成功建立连接。
2018-04-29 13:06:10.7902 [WARN] :  >YamahaRobotRCX340 断开连接，即将尝试第 1 次重连...
2018-04-29 13:06:11.8042 [TRACE] :  >成功建立连接。
2018-04-29 13:06:13.9726 [WARN] :  >YamahaRobotRCX340 断开连接，即将尝试第 1 次重连...
2018-04-29 13:06:14.9866 [TRACE] :  >成功建立连接。
2018-04-29 13:06:17.1238 [WARN] :  >YamahaRobotRCX340 断开连接，即将尝试第 1 次重连...
2018-04-29 13:06:18.1378 [TRACE] :  >成功建立连接。
2018-04-29 13:06:20.2907 [WARN] :  >YamahaRobotRCX340 断开连接，即将尝试第 1 次重连...
2018-04-29 13:06:21.3047 [TRACE] :  >成功建立连接。
2018-04-29 13:06:23.5043 [WARN] :  >YamahaRobotRCX340 断开连接，即将尝试第 1 次重连...
2018-04-29 13:06:24.5183 [TRACE] :  >成功建立连接。
2018-04-29 13:06:26.6555 [WARN] :  >YamahaRobotRCX340 断开连接，即将尝试第 1 次重连...
2018-04-29 13:06:27.6695 [TRACE] :  >成功建立连接。
2018-04-29 13:06:29.8223 [WARN] :  >YamahaRobotRCX340 断开连接，即将尝试第 1 次重连...
2018-04-29 13:06:30.8363 [TRACE] :  >成功建立连接。
2018-04-29 13:07:38.4305 [TRACE] :  >--------------- Program start -----------------
2018-04-29 13:07:38.6333 [TRACE] :  >Load document...
2018-04-29 13:07:39.1325 [TRACE] :  >Hardware initialize...
2018-04-29 13:07:39.2729 [TRACE] :  >System init ok.
2018-04-29 13:07:43.4070 [WARN] :  >YamahaRobotRCX340 断开连接，即将尝试第 1 次重连...
2018-04-29 13:07:44.4210 [TRACE] :  >成功建立连接。
2018-04-29 13:07:46.6050 [WARN] :  >YamahaRobotRCX340 断开连接，即将尝试第 1 次重连...
2018-04-29 13:07:47.6190 [TRACE] :  >成功建立连接。
2018-04-29 13:07:49.7562 [WARN] :  >YamahaRobotRCX340 断开连接，即将尝试第 1 次重连...
2018-04-29 13:07:50.7702 [TRACE] :  >成功建立连接。
2018-04-29 13:07:52.9386 [WARN] :  >YamahaRobotRCX340 断开连接，即将尝试第 1 次重连...
2018-04-29 13:07:53.9526 [TRACE] :  >成功建立连接。
2018-04-29 13:07:56.1054 [WARN] :  >YamahaRobotRCX340 断开连接，即将尝试第 1 次重连...
2018-04-29 13:07:57.1194 [TRACE] :  >成功建立连接。
2018-04-29 13:07:59.2722 [WARN] :  >YamahaRobotRCX340 断开连接，即将尝试第 1 次重连...
2018-04-29 13:08:00.2862 [TRACE] :  >成功建立连接。
2018-04-29 13:08:02.4390 [WARN] :  >YamahaRobotRCX340 断开连接，即将尝试第 1 次重连...
2018-04-29 13:08:03.4530 [TRACE] :  >成功建立连接。
2018-04-29 13:08:05.6058 [WARN] :  >YamahaRobotRCX340 断开连接，即将尝试第 1 次重连...
2018-04-29 13:08:06.6198 [TRACE] :  >成功建立连接。
2018-04-29 13:08:08.7726 [WARN] :  >YamahaRobotRCX340 断开连接，即将尝试第 1 次重连...
2018-04-29 13:08:09.7866 [TRACE] :  >成功建立连接。
2018-04-29 13:08:11.9550 [WARN] :  >YamahaRobotRCX340 断开连接，即将尝试第 1 次重连...
2018-04-29 13:09:54.9999 [TRACE] :  >--------------- Program start -----------------
2018-04-29 13:09:55.2027 [TRACE] :  >Load document...
2018-04-29 13:09:55.7331 [TRACE] :  >Hardware initialize...
2018-04-29 13:09:55.8735 [TRACE] :  >System init ok.
2018-04-29 13:27:13.5290 [TRACE] :  >--------------- Program start -----------------
2018-04-29 13:27:13.7474 [TRACE] :  >Load document...
2018-04-29 13:27:14.2778 [TRACE] :  >Hardware initialize...
2018-04-29 13:27:14.4182 [TRACE] :  >System init ok.
2018-04-29 13:31:03.4900 [TRACE] :  >--------------- Program start -----------------
2018-04-29 13:31:03.6950 [TRACE] :  >Load document...
2018-04-29 13:31:04.2358 [TRACE] :  >Hardware initialize...
2018-04-29 13:31:04.3762 [TRACE] :  >System init ok.
2018-04-29 13:39:09.0869 [TRACE] :  >--------------- Program start -----------------
2018-04-29 13:39:09.2897 [TRACE] :  >Load document...
2018-04-29 13:39:09.7733 [TRACE] :  >Hardware initialize...
2018-04-29 13:39:09.9293 [TRACE] :  >System init ok.
2018-04-29 13:51:15.7220 [TRACE] :  >--------------- Program start -----------------
2018-04-29 13:51:15.9560 [TRACE] :  >Load document...
2018-04-29 13:51:16.5020 [TRACE] :  >Hardware initialize...
2018-04-29 13:51:16.6424 [TRACE] :  >System init ok.
2018-04-29 13:56:31.6739 [TRACE] :  >--------------- Program start -----------------
2018-04-29 13:56:31.8767 [TRACE] :  >Load document...
2018-04-29 13:56:32.3291 [TRACE] :  >Hardware initialize...
2018-04-29 13:56:32.4695 [TRACE] :  >System init ok.
2018-04-29 14:05:59.2843 [TRACE] :  >--------------- Program start -----------------
2018-04-29 14:05:59.4871 [TRACE] :  >Load document...
2018-04-29 14:06:00.0175 [TRACE] :  >Hardware initialize...
2018-04-29 14:06:00.1579 [TRACE] :  >System init ok.
2018-04-29 14:11:42.5345 [TRACE] :  >--------------- Program start -----------------
2018-04-29 14:11:42.7605 [TRACE] :  >Load document...
2018-04-29 14:11:43.2505 [TRACE] :  >Hardware initialize...
2018-04-29 14:11:43.4025 [TRACE] :  >System init ok.
2018-04-29 14:13:05.6099 [TRACE] :  >--------------- Program start -----------------
2018-04-29 14:13:05.8127 [TRACE] :  >Load document...
2018-04-29 14:13:06.3431 [TRACE] :  >Hardware initialize...
2018-04-29 14:13:06.4991 [TRACE] :  >System init ok.
2018-04-29 15:50:08.3094 [TRACE] :  >--------------- Program start -----------------
2018-04-29 15:50:08.5278 [TRACE] :  >Load document...
2018-04-29 15:50:09.0270 [TRACE] :  >Hardware initialize...
2018-04-29 15:50:09.1674 [TRACE] :  >System init ok.
2018-04-29 16:20:55.1552 [TRACE] :  >--------------- Program start -----------------
2018-04-29 16:20:55.2872 [TRACE] :  >Load document...
2018-04-29 16:20:55.3992 [TRACE] :  >Hardware initialize...
2018-04-29 16:20:55.4732 [TRACE] :  >System init ok.
2018-04-29 16:21:22.6467 [TRACE] :  >--------------- Program start -----------------
2018-04-29 16:21:22.8637 [TRACE] :  >Load document...
2018-04-29 16:21:23.3918 [TRACE] :  >Hardware initialize...
2018-04-29 16:21:23.5318 [TRACE] :  >System init ok.
2018-04-29 16:23:04.1095 [TRACE] :  >--------------- Program start -----------------
2018-04-29 16:23:04.2275 [TRACE] :  >Load document...
2018-04-29 16:23:04.3345 [TRACE] :  >Hardware initialize...
2018-04-29 16:23:04.4045 [TRACE] :  >System init ok.
2018-04-29 16:28:30.5071 [TRACE] :  >--------------- Program start -----------------
2018-04-29 16:28:30.6322 [TRACE] :  >Load document...
2018-04-29 16:28:30.7522 [TRACE] :  >Hardware initialize...
2018-04-29 16:28:30.8242 [TRACE] :  >System init ok.
2018-04-29 19:18:05.7040 [TRACE] :  >--------------- Program start -----------------
2018-04-29 19:18:05.9068 [TRACE] :  >Load document...
2018-04-29 19:18:06.4528 [TRACE] :  >Hardware initialize...
2018-04-29 19:18:06.6088 [TRACE] :  >System init ok.
2018-04-29 19:35:48.8774 [TRACE] :  >--------------- Program start -----------------
2018-04-29 19:35:49.0894 [TRACE] :  >Load document...
2018-04-29 19:35:49.5704 [TRACE] :  >Hardware initialize...
2018-04-29 19:35:49.7135 [TRACE] :  >System init ok.
2018-04-29 20:03:28.0004 [TRACE] :  >--------------- Program start -----------------
2018-04-29 20:03:28.2344 [TRACE] :  >Load document...
2018-04-29 20:03:28.7336 [TRACE] :  >Hardware initialize...
2018-04-29 20:03:28.8740 [TRACE] :  >System init ok.
2018-04-29 20:03:29.9348 [WARN] :  >YamahaRobotRCX340 断开连接，即将尝试第 1 次重连...
2018-04-29 20:03:30.9488 [TRACE] :  >成功建立连接。
2018-04-29 20:03:32.6180 [WARN] :  >YamahaRobotRCX340 断开连接，即将尝试第 1 次重连...
2018-04-29 20:03:33.6320 [TRACE] :  >成功建立连接。
2018-04-29 20:03:35.3012 [WARN] :  >YamahaRobotRCX340 断开连接，即将尝试第 1 次重连...
2018-04-29 20:03:36.3152 [TRACE] :  >成功建立连接。
2018-04-29 20:03:37.9844 [WARN] :  >YamahaRobotRCX340 断开连接，即将尝试第 1 次重连...
2018-04-29 20:03:38.9984 [TRACE] :  >成功建立连接。
2018-04-29 20:03:40.6676 [WARN] :  >YamahaRobotRCX340 断开连接，即将尝试第 1 次重连...
2018-04-29 20:03:41.6816 [TRACE] :  >成功建立连接。
2018-04-29 20:03:43.3055 [WARN] :  >YamahaRobotRCX340 断开连接，即将尝试第 1 次重连...
2018-04-29 20:03:44.3137 [TRACE] :  >成功建立连接。
2018-04-29 20:03:45.9203 [WARN] :  >YamahaRobotRCX340 断开连接，即将尝试第 1 次重连...
2018-04-29 20:03:46.9242 [TRACE] :  >成功建立连接。
2018-04-29 20:03:48.5944 [WARN] :  >YamahaRobotRCX340 断开连接，即将尝试第 1 次重连...
2018-04-29 20:03:49.6084 [TRACE] :  >成功建立连接。
2018-04-29 20:03:51.2776 [WARN] :  >YamahaRobotRCX340 断开连接，即将尝试第 1 次重连...
2018-04-29 20:03:52.2916 [TRACE] :  >成功建立连接。
2018-04-29 20:03:53.9608 [WARN] :  >YamahaRobotRCX340 断开连接，即将尝试第 1 次重连...
2018-04-29 20:03:54.9748 [TRACE] :  >成功建立连接。
2018-04-29 20:03:56.6440 [WARN] :  >YamahaRobotRCX340 断开连接，即将尝试第 1 次重连...
2018-04-29 20:03:57.6580 [TRACE] :  >成功建立连接。
2018-04-29 20:03:59.3272 [WARN] :  >YamahaRobotRCX340 断开连接，即将尝试第 1 次重连...
2018-04-29 20:04:00.3412 [TRACE] :  >成功建立连接。
2018-04-29 20:04:01.8847 [WARN] :  >YamahaRobotRCX340 断开连接，即将尝试第 1 次重连...
2018-04-29 20:04:02.8993 [TRACE] :  >成功建立连接。
2018-04-29 20:04:04.5685 [WARN] :  >YamahaRobotRCX340 断开连接，即将尝试第 1 次重连...
2018-04-29 20:04:05.5819 [TRACE] :  >成功建立连接。
2018-04-29 20:04:07.2511 [WARN] :  >YamahaRobotRCX340 断开连接，即将尝试第 1 次重连...
2018-04-29 20:04:08.2651 [TRACE] :  >成功建立连接。
2018-04-29 20:04:09.9707 [WARN] :  >YamahaRobotRCX340 断开连接，即将尝试第 1 次重连...
2018-04-29 20:04:10.9723 [TRACE] :  >成功建立连接。
2018-04-29 20:04:12.6416 [WARN] :  >YamahaRobotRCX340 断开连接，即将尝试第 1 次重连...
2018-04-29 20:04:13.6418 [TRACE] :  >成功建立连接。
2018-04-29 20:04:15.2584 [WARN] :  >YamahaRobotRCX340 断开连接，即将尝试第 1 次重连...
2018-04-29 20:04:16.2620 [TRACE] :  >成功建立连接。
2018-04-29 20:04:17.9234 [WARN] :  >YamahaRobotRCX340 断开连接，即将尝试第 1 次重连...
2018-04-29 20:04:18.9374 [TRACE] :  >成功建立连接。
2018-04-29 20:04:20.5525 [WARN] :  >YamahaRobotRCX340 断开连接，即将尝试第 1 次重连...
2018-04-29 20:04:21.5585 [TRACE] :  >成功建立连接。
2018-04-29 20:04:23.2277 [WARN] :  >YamahaRobotRCX340 断开连接，即将尝试第 1 次重连...
2018-04-29 20:04:24.2297 [TRACE] :  >成功建立连接。
2018-04-29 20:04:25.8980 [WARN] :  >YamahaRobotRCX340 断开连接，即将尝试第 1 次重连...
2018-04-29 20:04:26.9008 [TRACE] :  >成功建立连接。
2018-04-29 20:04:56.2846 [TRACE] :  >--------------- Program start -----------------
2018-04-29 20:04:56.5030 [TRACE] :  >Load document...
2018-04-29 20:04:56.9866 [TRACE] :  >Hardware initialize...
2018-04-29 20:04:57.1270 [TRACE] :  >System init ok.
2018-04-29 20:04:58.1878 [WARN] :  >YamahaRobotRCX340 断开连接，即将尝试第 1 次重连...
2018-04-29 20:04:59.2018 [TRACE] :  >成功建立连接。
2018-04-29 20:05:00.8710 [WARN] :  >YamahaRobotRCX340 断开连接，即将尝试第 1 次重连...
2018-04-29 20:05:01.8850 [TRACE] :  >成功建立连接。
2018-04-29 20:05:18.0379 [TRACE] :  >--------------- Program start -----------------
2018-04-29 20:05:18.2380 [TRACE] :  >Load document...
2018-04-29 20:05:18.7070 [TRACE] :  >Hardware initialize...
2018-04-29 20:05:18.8420 [TRACE] :  >System init ok.
2018-04-29 20:05:19.8891 [WARN] :  >YamahaRobotRCX340 断开连接，即将尝试第 1 次重连...
2018-04-29 20:05:30.4272 [TRACE] :  >--------------- Program start -----------------
2018-04-29 20:05:30.6312 [TRACE] :  >Load document...
2018-04-29 20:05:31.1042 [TRACE] :  >Hardware initialize...
2018-04-29 20:05:31.2422 [TRACE] :  >System init ok.
2018-04-29 20:05:36.0325 [WARN] :  >YamahaRobotRCX340 断开连接，即将尝试第 1 次重连...
2018-04-29 20:05:37.0356 [TRACE] :  >成功建立连接。
2018-04-29 20:05:42.5171 [WARN] :  >YamahaRobotRCX340 断开连接，即将尝试第 1 次重连...
2018-04-29 20:05:43.5225 [TRACE] :  >成功建立连接。
2018-04-29 20:05:45.1917 [WARN] :  >YamahaRobotRCX340 断开连接，即将尝试第 1 次重连...
2018-04-29 20:05:46.2057 [TRACE] :  >成功建立连接。
2018-04-29 20:05:47.8749 [WARN] :  >YamahaRobotRCX340 断开连接，即将尝试第 1 次重连...
2018-04-29 20:05:48.8889 [TRACE] :  >成功建立连接。
2018-04-29 20:06:35.2133 [TRACE] :  >--------------- Program start -----------------
2018-04-29 20:06:35.4473 [TRACE] :  >Load document...
2018-04-29 20:06:35.9309 [TRACE] :  >Hardware initialize...
2018-04-29 20:06:36.0557 [TRACE] :  >System init ok.
2018-04-29 20:08:22.6175 [TRACE] :  >--------------- Program start -----------------
2018-04-29 20:08:22.8146 [TRACE] :  >Load document...
2018-04-29 20:08:23.2816 [TRACE] :  >Hardware initialize...
2018-04-29 20:08:23.4216 [TRACE] :  >System init ok.
2018-04-29 20:08:51.8152 [WARN] :  >YamahaRobotRCX340 断开连接，即将尝试第 1 次重连...
2018-04-29 20:08:52.8213 [TRACE] :  >成功建立连接。
2018-04-29 20:08:56.4625 [WARN] :  >YamahaRobotRCX340 断开连接，即将尝试第 1 次重连...
2018-04-29 20:08:57.4655 [TRACE] :  >成功建立连接。
2018-04-29 20:09:01.1387 [WARN] :  >YamahaRobotRCX340 断开连接，即将尝试第 1 次重连...
2018-04-29 20:09:02.1478 [TRACE] :  >成功建立连接。
2018-04-29 20:09:05.8300 [WARN] :  >YamahaRobotRCX340 断开连接，即将尝试第 1 次重连...
2018-04-29 20:09:06.8411 [TRACE] :  >成功建立连接。
2018-04-29 20:10:12.3593 [TRACE] :  >--------------- Program start -----------------
2018-04-29 20:10:12.5621 [TRACE] :  >Load document...
2018-04-29 20:10:13.0145 [TRACE] :  >Hardware initialize...
2018-04-29 20:10:13.1549 [TRACE] :  >System init ok.
2018-04-29 20:11:56.3755 [TRACE] :  >--------------- Program start -----------------
2018-04-29 20:11:56.5783 [TRACE] :  >Load document...
2018-04-29 20:11:57.0775 [TRACE] :  >Hardware initialize...
2018-04-29 20:11:57.2179 [TRACE] :  >System init ok.
2018-04-29 20:11:58.2943 [WARN] :  >YamahaRobotRCX340 断开连接，即将尝试第 1 次重连...
2018-04-29 20:11:59.3083 [TRACE] :  >成功建立连接。
2018-04-29 20:12:00.9775 [WARN] :  >YamahaRobotRCX340 断开连接，即将尝试第 1 次重连...
2018-04-29 20:12:01.9915 [TRACE] :  >成功建立连接。
2018-04-29 20:12:43.4301 [TRACE] :  >--------------- Program start -----------------
2018-04-29 20:12:43.6173 [TRACE] :  >Load document...
2018-04-29 20:12:44.1321 [TRACE] :  >Hardware initialize...
2018-04-29 20:12:44.2725 [TRACE] :  >System init ok.
2018-04-29 20:13:11.6868 [WARN] :  >YamahaRobotRCX340 断开连接，即将尝试第 1 次重连...
2018-04-29 20:13:12.7008 [TRACE] :  >成功建立连接。
2018-04-29 20:13:55.5408 [WARN] :  >YamahaRobotRCX340 断开连接，即将尝试第 1 次重连...
2018-04-29 20:13:56.5449 [TRACE] :  >成功建立连接。
2018-04-29 20:14:16.3729 [WARN] :  >YamahaRobotRCX340 断开连接，即将尝试第 1 次重连...
2018-04-29 20:14:17.3869 [TRACE] :  >成功建立连接。
2018-04-29 20:15:16.0129 [WARN] :  >YamahaRobotRCX340 断开连接，即将尝试第 1 次重连...
2018-04-29 20:15:17.0269 [TRACE] :  >成功建立连接。
2018-04-29 20:22:57.8436 [TRACE] :  >--------------- Program start -----------------
2018-04-29 20:22:58.0856 [TRACE] :  >Load document...
2018-04-29 20:22:58.5456 [TRACE] :  >Hardware initialize...
2018-04-29 20:22:58.6906 [TRACE] :  >System init ok.
2018-04-29 20:22:59.7377 [WARN] :  >YamahaRobotRCX340 断开连接，即将尝试第 1 次重连...
2018-04-29 20:23:01.4848 [TRACE] :  >成功建立连接。
2018-04-29 20:23:03.0339 [WARN] :  >YamahaRobotRCX340 断开连接，即将尝试第 1 次重连...
2018-04-29 20:23:04.0349 [TRACE] :  >成功建立连接。
2018-04-29 20:23:05.5510 [WARN] :  >YamahaRobotRCX340 断开连接，即将尝试第 1 次重连...
2018-04-29 20:23:06.5561 [TRACE] :  >成功建立连接。
2018-04-29 20:23:08.0782 [WARN] :  >YamahaRobotRCX340 断开连接，即将尝试第 1 次重连...
2018-04-29 20:23:09.0832 [TRACE] :  >成功建立连接。
2018-04-29 20:23:10.6293 [WARN] :  >YamahaRobotRCX340 断开连接，即将尝试第 1 次重连...
2018-04-29 20:23:11.6334 [TRACE] :  >成功建立连接。
2018-04-29 20:23:13.1825 [WARN] :  >YamahaRobotRCX340 断开连接，即将尝试第 1 次重连...
2018-04-29 20:23:14.1855 [TRACE] :  >成功建立连接。
2018-04-29 20:23:15.7676 [WARN] :  >YamahaRobotRCX340 断开连接，即将尝试第 1 次重连...
2018-04-29 20:23:16.7727 [TRACE] :  >成功建立连接。
2018-04-29 20:23:18.3178 [WARN] :  >YamahaRobotRCX340 断开连接，即将尝试第 1 次重连...
2018-04-29 20:23:19.3208 [TRACE] :  >成功建立连接。
2018-04-29 20:23:20.8659 [WARN] :  >YamahaRobotRCX340 断开连接，即将尝试第 1 次重连...
2018-04-29 20:23:21.8680 [TRACE] :  >成功建立连接。
2018-04-29 20:23:23.3780 [WARN] :  >YamahaRobotRCX340 断开连接，即将尝试第 1 次重连...
2018-04-29 20:23:24.3791 [TRACE] :  >成功建立连接。
2018-04-29 20:23:25.8892 [WARN] :  >YamahaRobotRCX340 断开连接，即将尝试第 1 次重连...
2018-04-29 20:23:26.8902 [TRACE] :  >成功建立连接。
2018-04-29 20:23:28.4693 [WARN] :  >YamahaRobotRCX340 断开连接，即将尝试第 1 次重连...
2018-04-29 20:23:29.5254 [TRACE] :  >成功建立连接。
2018-04-29 20:23:31.0695 [WARN] :  >YamahaRobotRCX340 断开连接，即将尝试第 1 次重连...
2018-04-29 20:23:32.0715 [TRACE] :  >成功建立连接。
2018-04-29 20:23:33.6216 [WARN] :  >YamahaRobotRCX340 断开连接，即将尝试第 1 次重连...
2018-04-29 20:23:34.6247 [TRACE] :  >成功建立连接。
2018-04-29 20:23:36.1738 [WARN] :  >YamahaRobotRCX340 断开连接，即将尝试第 1 次重连...
2018-04-29 20:23:37.1748 [TRACE] :  >成功建立连接。
2018-04-29 20:23:38.7219 [WARN] :  >YamahaRobotRCX340 断开连接，即将尝试第 1 次重连...
2018-04-29 20:23:39.7230 [TRACE] :  >成功建立连接。
2018-04-29 20:23:41.2731 [WARN] :  >YamahaRobotRCX340 断开连接，即将尝试第 1 次重连...
2018-04-29 20:23:42.2751 [TRACE] :  >成功建立连接。
2018-04-29 20:23:43.7852 [WARN] :  >YamahaRobotRCX340 断开连接，即将尝试第 1 次重连...
2018-04-29 20:23:44.7883 [TRACE] :  >成功建立连接。
2018-04-29 20:23:46.3314 [WARN] :  >YamahaRobotRCX340 断开连接，即将尝试第 1 次重连...
2018-04-29 20:23:47.3324 [TRACE] :  >成功建立连接。
2018-04-29 20:23:48.8765 [WARN] :  >YamahaRobotRCX340 断开连接，即将尝试第 1 次重连...
2018-04-29 20:23:49.8776 [TRACE] :  >成功建立连接。
2018-04-29 20:23:51.4276 [WARN] :  >YamahaRobotRCX340 断开连接，即将尝试第 1 次重连...
2018-04-29 20:23:52.4287 [TRACE] :  >成功建立连接。
2018-04-29 20:23:54.0058 [WARN] :  >YamahaRobotRCX340 断开连接，即将尝试第 1 次重连...
2018-04-29 20:23:55.0069 [TRACE] :  >成功建立连接。
2018-04-29 20:24:12.5779 [TRACE] :  >--------------- Program start -----------------
2018-04-29 20:24:12.7889 [TRACE] :  >Load document...
2018-04-29 20:24:13.2459 [TRACE] :  >Hardware initialize...
2018-04-29 20:24:13.3919 [TRACE] :  >System init ok.
2018-04-29 20:24:14.4360 [WARN] :  >YamahaRobotRCX340 断开连接，即将尝试第 1 次重连...
2018-04-29 20:24:15.4400 [TRACE] :  >成功建立连接。
2018-04-29 20:24:17.3571 [WARN] :  >YamahaRobotRCX340 断开连接，即将尝试第 1 次重连...
2018-04-29 20:24:18.3592 [TRACE] :  >成功建立连接。
2018-04-29 20:24:19.8713 [WARN] :  >YamahaRobotRCX340 断开连接，即将尝试第 1 次重连...
2018-04-29 20:24:20.8753 [TRACE] :  >成功建立连接。
2018-04-29 20:24:22.4234 [WARN] :  >YamahaRobotRCX340 断开连接，即将尝试第 1 次重连...
2018-04-29 20:24:23.4255 [TRACE] :  >成功建立连接。
2018-04-29 20:24:24.9706 [WARN] :  >YamahaRobotRCX340 断开连接，即将尝试第 1 次重连...
2018-04-29 20:24:25.9716 [TRACE] :  >成功建立连接。
2018-04-29 20:24:27.5157 [WARN] :  >YamahaRobotRCX340 断开连接，即将尝试第 1 次重连...
2018-04-29 20:24:28.5178 [TRACE] :  >成功建立连接。
2018-04-29 20:24:30.0979 [WARN] :  >YamahaRobotRCX340 断开连接，即将尝试第 1 次重连...
2018-04-29 20:24:31.0999 [TRACE] :  >成功建立连接。
2018-04-29 20:24:32.6440 [WARN] :  >YamahaRobotRCX340 断开连接，即将尝试第 1 次重连...
2018-04-29 20:24:33.6451 [TRACE] :  >成功建立连接。
2018-04-29 20:24:35.1841 [WARN] :  >YamahaRobotRCX340 断开连接，即将尝试第 1 次重连...
2018-04-29 20:24:36.1882 [TRACE] :  >成功建立连接。
2018-04-29 20:24:37.6953 [WARN] :  >YamahaRobotRCX340 断开连接，即将尝试第 1 次重连...
2018-04-29 20:26:05.7563 [TRACE] :  >成功建立连接。
2018-04-29 20:26:07.8404 [WARN] :  >YamahaRobotRCX340 断开连接，即将尝试第 1 次重连...
2018-04-29 20:26:08.8415 [TRACE] :  >成功建立连接。
2018-04-29 20:26:10.3856 [WARN] :  >YamahaRobotRCX340 断开连接，即将尝试第 1 次重连...
2018-04-29 20:26:11.3867 [TRACE] :  >成功建立连接。
2018-04-29 23:27:24.4433 [TRACE] :  >--------------- Program start -----------------
2018-04-29 23:27:24.8652 [TRACE] :  >Load document...
2018-04-29 23:27:25.4121 [TRACE] :  >Hardware initialize...
2018-04-29 23:27:25.7558 [TRACE] :  >System init ok.
2018-04-29 23:27:26.7568 [WARN] :  >YamahaRobotRCX340 断开连接，即将尝试第 1 次重连...
2018-04-29 23:27:27.8037 [WARN] :  >连接未成功。
2018-04-29 23:27:28.8349 [WARN] :  >YamahaRobotRCX340 断开连接，即将尝试第 2 次重连...
2018-04-29 23:27:29.8349 [WARN] :  >连接未成功。
2018-04-29 23:27:30.8818 [WARN] :  >YamahaRobotRCX340 断开连接，即将尝试第 3 次重连...
2018-04-29 23:27:31.9130 [WARN] :  >连接未成功。
2018-04-29 23:27:32.9443 [WARN] :  >YamahaRobotRCX340 断开连接，即将尝试第 4 次重连...
2018-04-29 23:27:33.9599 [WARN] :  >连接未成功。
2018-04-29 23:27:34.9912 [WARN] :  >YamahaRobotRCX340 断开连接，即将尝试第 5 次重连...
2018-04-29 23:27:36.0078 [WARN] :  >连接未成功。
2018-04-29 23:27:37.0390 [WARN] :  >YamahaRobotRCX340 断开连接，即将尝试第 6 次重连...
2018-04-29 23:27:38.0546 [WARN] :  >连接未成功。
2018-04-29 23:27:39.0859 [WARN] :  >YamahaRobotRCX340 断开连接，即将尝试第 7 次重连...
2018-04-29 23:27:40.1015 [WARN] :  >连接未成功。
2018-04-29 23:27:41.1328 [WARN] :  >YamahaRobotRCX340 断开连接，即将尝试第 8 次重连...
2018-04-29 23:27:42.1484 [WARN] :  >连接未成功。
2018-04-29 23:27:43.1796 [WARN] :  >YamahaRobotRCX340 断开连接，即将尝试第 9 次重连...
2018-04-29 23:27:44.1953 [WARN] :  >连接未成功。
2018-04-29 23:27:45.2265 [WARN] :  >YamahaRobotRCX340 断开连接，即将尝试第 10 次重连...
2018-04-29 23:27:46.2431 [WARN] :  >连接未成功。
2018-04-29 23:27:47.2744 [WARN] :  >连接未成功。
