2018-05-05 16:57:02.0006 [TRACE] :  >--------------- Program start -----------------
2018-05-05 16:57:02.2086 [TRACE] :  >Load document...
2018-05-05 16:57:02.6826 [TRACE] :  >Hardware initialize...
2018-05-05 16:57:02.8286 [TRACE] :  >System init ok.
2018-05-05 17:04:05.1938 [TRACE] :  >--------------- Program start -----------------
2018-05-05 17:04:05.3938 [TRACE] :  >Load document...
2018-05-05 17:04:05.8948 [TRACE] :  >Hardware initialize...
2018-05-05 17:04:06.0328 [TRACE] :  >System init ok.
2018-05-05 17:05:51.9359 [TRACE] :  >--------------- Program start -----------------
2018-05-05 17:05:52.1399 [TRACE] :  >Load document...
2018-05-05 17:05:52.5969 [TRACE] :  >Hardware initialize...
2018-05-05 17:05:52.7510 [TRACE] :  >System init ok.
2018-05-05 17:12:47.6777 [WARN] :  >YamahaRobotRCX340 断开连接，即将尝试第 1 次重连...
2018-05-05 17:12:48.6797 [TRACE] :  >成功建立连接。
2018-05-05 17:13:57.9077 [TRACE] :  >--------------- Program start -----------------
2018-05-05 17:13:58.1277 [TRACE] :  >Load document...
2018-05-05 17:13:58.6437 [TRACE] :  >Hardware initialize...
2018-05-05 17:13:58.7888 [TRACE] :  >System init ok.
2018-05-05 17:30:35.8678 [TRACE] :  >--------------- Program start -----------------
2018-05-05 17:30:36.0728 [TRACE] :  >Load document...
2018-05-05 17:30:36.5488 [TRACE] :  >Hardware initialize...
2018-05-05 17:30:36.6878 [TRACE] :  >System init ok.
2018-05-05 17:43:54.0594 [TRACE] :  >--------------- Program start -----------------
2018-05-05 17:43:54.2644 [TRACE] :  >Load document...
2018-05-05 17:43:54.7345 [TRACE] :  >Hardware initialize...
2018-05-05 17:43:54.8745 [TRACE] :  >System init ok.
2018-05-05 18:01:49.1404 [TRACE] :  >--------------- Program start -----------------
2018-05-05 18:01:49.3432 [TRACE] :  >Load document...
2018-05-05 18:01:49.7800 [TRACE] :  >Hardware initialize...
2018-05-05 18:01:49.9360 [TRACE] :  >System init ok.
2018-05-05 18:05:38.9016 [TRACE] :  >--------------- Program start -----------------
2018-05-05 18:05:39.1356 [TRACE] :  >Load document...
2018-05-05 18:05:39.6192 [TRACE] :  >Hardware initialize...
2018-05-05 18:05:39.7752 [TRACE] :  >System init ok.
2018-05-05 18:09:31.1397 [TRACE] :  >--------------- Program start -----------------
2018-05-05 18:09:31.3581 [TRACE] :  >Load document...
2018-05-05 18:09:31.9509 [TRACE] :  >Hardware initialize...
2018-05-05 18:09:32.0913 [TRACE] :  >System init ok.
2018-05-05 18:19:25.6751 [TRACE] :  >--------------- Program start -----------------
2018-05-05 18:19:25.8935 [TRACE] :  >Load document...
2018-05-05 18:19:26.3771 [TRACE] :  >Hardware initialize...
2018-05-05 18:19:26.5175 [TRACE] :  >System init ok.
2018-05-05 18:23:21.6212 [TRACE] :  >--------------- Program start -----------------
2018-05-05 18:23:21.8396 [TRACE] :  >Load document...
2018-05-05 18:23:22.4324 [TRACE] :  >Hardware initialize...
2018-05-05 18:23:22.5728 [TRACE] :  >System init ok.
2018-05-05 18:43:37.5820 [TRACE] :  >--------------- Program start -----------------
2018-05-05 18:43:37.7848 [TRACE] :  >Load document...
2018-05-05 18:43:38.2684 [TRACE] :  >Hardware initialize...
2018-05-05 18:43:38.4088 [TRACE] :  >System init ok.
2018-05-05 18:47:29.7229 [TRACE] :  >--------------- Program start -----------------
2018-05-05 18:47:29.9289 [TRACE] :  >Load document...
2018-05-05 18:47:30.4400 [TRACE] :  >Hardware initialize...
2018-05-05 18:47:30.5880 [TRACE] :  >System init ok.
2018-05-05 18:55:04.9395 [TRACE] :  >--------------- Program start -----------------
2018-05-05 18:55:05.1423 [TRACE] :  >Load document...
2018-05-05 18:55:05.6103 [TRACE] :  >Hardware initialize...
2018-05-05 18:55:05.7507 [TRACE] :  >System init ok.
2018-05-05 19:01:34.9250 [TRACE] :  >--------------- Program start -----------------
2018-05-05 19:01:35.1278 [TRACE] :  >Load document...
2018-05-05 19:01:35.6582 [TRACE] :  >Hardware initialize...
2018-05-05 19:01:35.7986 [TRACE] :  >System init ok.
2018-05-05 19:19:08.6801 [TRACE] :  >--------------- Program start -----------------
2018-05-05 19:19:08.8811 [TRACE] :  >Load document...
2018-05-05 19:19:09.3881 [TRACE] :  >Hardware initialize...
2018-05-05 19:19:09.5302 [TRACE] :  >System init ok.
2018-05-05 19:55:58.1968 [TRACE] :  >--------------- Program start -----------------
2018-05-05 19:55:58.4009 [TRACE] :  >Load document...
2018-05-05 19:55:58.8769 [TRACE] :  >Hardware initialize...
2018-05-05 19:55:59.0229 [TRACE] :  >System init ok.
2018-05-05 20:01:57.0622 [TRACE] :  >--------------- Program start -----------------
2018-05-05 20:01:57.2650 [TRACE] :  >Load document...
2018-05-05 20:01:57.7798 [TRACE] :  >Hardware initialize...
2018-05-05 20:01:57.9202 [TRACE] :  >System init ok.
2018-05-05 20:07:56.6645 [TRACE] :  >--------------- Program start -----------------
2018-05-05 20:07:56.8829 [TRACE] :  >Load document...
2018-05-05 20:07:57.3665 [TRACE] :  >Hardware initialize...
2018-05-05 20:07:57.5069 [TRACE] :  >System init ok.
2018-05-05 20:11:48.3266 [TRACE] :  >--------------- Program start -----------------
2018-05-05 20:11:48.5450 [TRACE] :  >Load document...
2018-05-05 20:11:49.0754 [TRACE] :  >Hardware initialize...
2018-05-05 20:11:49.2314 [TRACE] :  >System init ok.
2018-05-05 20:22:24.4173 [TRACE] :  >--------------- Program start -----------------
2018-05-05 20:22:24.6357 [TRACE] :  >Load document...
2018-05-05 20:22:25.1193 [TRACE] :  >Hardware initialize...
2018-05-05 20:22:25.2597 [TRACE] :  >System init ok.
2018-05-05 20:26:48.5322 [TRACE] :  >--------------- Program start -----------------
2018-05-05 20:26:48.7506 [TRACE] :  >Load document...
2018-05-05 20:26:49.2654 [TRACE] :  >Hardware initialize...
2018-05-05 20:26:49.4058 [TRACE] :  >System init ok.
