2018-05-02 08:40:01.4983 [TRACE] :  >--------------- Program start -----------------
2018-05-02 08:40:01.8103 [TRACE] :  >Load document...
2018-05-02 08:40:02.0131 [TRACE] :  >Hardware initialize...
2018-05-02 08:40:02.7307 [TRACE] :  >System init ok.
2018-05-02 08:40:03.7447 [WARN] :  >YamahaRobotRCX340 断开连接，即将尝试第 1 次重连...
2018-05-02 08:40:05.6947 [WARN] :  >连接未成功。
2018-05-02 08:40:06.7399 [WARN] :  >YamahaRobotRCX340 断开连接，即将尝试第 2 次重连...
2018-05-02 08:40:08.6899 [WARN] :  >连接未成功。
2018-05-02 08:40:09.7351 [WARN] :  >YamahaRobotRCX340 断开连接，即将尝试第 3 次重连...
2018-05-02 08:40:11.6851 [WARN] :  >连接未成功。
2018-05-02 08:40:12.7302 [WARN] :  >YamahaRobotRCX340 断开连接，即将尝试第 4 次重连...
2018-05-02 08:40:14.6958 [WARN] :  >连接未成功。
2018-05-02 08:40:15.7410 [WARN] :  >YamahaRobotRCX340 断开连接，即将尝试第 5 次重连...
2018-05-02 08:40:17.6910 [WARN] :  >连接未成功。
2018-05-02 08:40:18.7362 [WARN] :  >YamahaRobotRCX340 断开连接，即将尝试第 6 次重连...
2018-05-02 08:40:20.6862 [WARN] :  >连接未成功。
2018-05-02 08:40:21.7314 [WARN] :  >YamahaRobotRCX340 断开连接，即将尝试第 7 次重连...
2018-05-02 08:40:23.6970 [WARN] :  >连接未成功。
2018-05-02 08:40:24.7422 [WARN] :  >YamahaRobotRCX340 断开连接，即将尝试第 8 次重连...
2018-05-02 08:40:26.6922 [WARN] :  >连接未成功。
2018-05-02 08:40:27.7374 [WARN] :  >YamahaRobotRCX340 断开连接，即将尝试第 9 次重连...
2018-05-02 08:40:29.6873 [WARN] :  >连接未成功。
2018-05-02 08:40:30.7325 [WARN] :  >YamahaRobotRCX340 断开连接，即将尝试第 10 次重连...
2018-05-02 08:40:32.6981 [WARN] :  >连接未成功。
2018-05-02 08:40:33.7589 [WARN] :  >连接未成功。
2018-05-02 09:49:37.3429 [TRACE] :  >--------------- Program start -----------------
2018-05-02 09:49:37.6159 [TRACE] :  >Load document...
2018-05-02 09:49:37.8129 [TRACE] :  >Hardware initialize...
2018-05-02 09:49:38.6069 [TRACE] :  >System init ok.
2018-05-02 09:49:39.6119 [WARN] :  >YamahaRobotRCX340 断开连接，即将尝试第 1 次重连...
2018-05-02 09:49:41.5849 [WARN] :  >连接未成功。
2018-05-02 09:49:42.6059 [WARN] :  >YamahaRobotRCX340 断开连接，即将尝试第 2 次重连...
2018-05-02 09:49:44.5859 [WARN] :  >连接未成功。
2018-05-02 09:49:45.6109 [WARN] :  >YamahaRobotRCX340 断开连接，即将尝试第 3 次重连...
2018-05-02 09:49:47.5849 [WARN] :  >连接未成功。
2018-05-02 09:49:48.6059 [WARN] :  >YamahaRobotRCX340 断开连接，即将尝试第 4 次重连...
2018-05-02 09:49:50.5849 [WARN] :  >连接未成功。
2018-05-02 09:49:51.6099 [WARN] :  >YamahaRobotRCX340 断开连接，即将尝试第 5 次重连...
2018-05-02 09:49:53.5849 [WARN] :  >连接未成功。
2018-05-02 09:49:54.6059 [WARN] :  >YamahaRobotRCX340 断开连接，即将尝试第 6 次重连...
2018-05-02 09:49:58.4519 [WARN] :  >连接未成功。
2018-05-02 09:49:59.4769 [WARN] :  >YamahaRobotRCX340 断开连接，即将尝试第 7 次重连...
2018-05-02 09:50:01.0839 [WARN] :  >连接未成功。
2018-05-02 09:50:06.2179 [WARN] :  >YamahaRobotRCX340 断开连接，即将尝试第 8 次重连...
2018-05-02 09:50:08.0839 [WARN] :  >连接未成功。
2018-05-02 09:50:09.6949 [WARN] :  >YamahaRobotRCX340 断开连接，即将尝试第 9 次重连...
2018-05-02 09:50:14.2689 [WARN] :  >连接未成功。
2018-05-02 09:50:15.2909 [WARN] :  >YamahaRobotRCX340 断开连接，即将尝试第 10 次重连...
2018-05-02 09:50:17.0829 [WARN] :  >连接未成功。
2018-05-02 09:50:18.1249 [WARN] :  >连接未成功。
2018-05-02 10:14:33.3969 [TRACE] :  >--------------- Program start -----------------
2018-05-02 10:14:33.6779 [TRACE] :  >Load document...
2018-05-02 10:14:33.8879 [TRACE] :  >Hardware initialize...
2018-05-02 10:14:34.6119 [TRACE] :  >System init ok.
2018-05-02 10:14:35.6159 [WARN] :  >YamahaRobotRCX340 断开连接，即将尝试第 1 次重连...
2018-05-02 10:14:37.5899 [WARN] :  >连接未成功。
2018-05-02 10:14:38.6109 [WARN] :  >YamahaRobotRCX340 断开连接，即将尝试第 2 次重连...
2018-05-02 10:14:40.5919 [WARN] :  >连接未成功。
2018-05-02 10:14:41.6169 [WARN] :  >YamahaRobotRCX340 断开连接，即将尝试第 3 次重连...
2018-05-02 10:14:43.5889 [WARN] :  >连接未成功。
2018-05-02 10:14:44.6099 [WARN] :  >YamahaRobotRCX340 断开连接，即将尝试第 4 次重连...
2018-05-02 10:14:46.9479 [WARN] :  >连接未成功。
2018-05-02 10:14:47.9749 [WARN] :  >YamahaRobotRCX340 断开连接，即将尝试第 5 次重连...
2018-05-02 10:14:49.5889 [WARN] :  >连接未成功。
2018-05-02 10:14:50.6099 [WARN] :  >YamahaRobotRCX340 断开连接，即将尝试第 6 次重连...
2018-05-02 10:14:52.5899 [WARN] :  >连接未成功。
2018-05-02 10:14:53.6149 [WARN] :  >YamahaRobotRCX340 断开连接，即将尝试第 7 次重连...
2018-05-02 10:14:55.5889 [WARN] :  >连接未成功。
2018-05-02 10:14:56.6129 [WARN] :  >YamahaRobotRCX340 断开连接，即将尝试第 8 次重连...
2018-05-02 10:14:58.5879 [WARN] :  >连接未成功。
2018-05-02 10:14:59.6129 [WARN] :  >YamahaRobotRCX340 断开连接，即将尝试第 9 次重连...
2018-05-02 10:15:01.5879 [WARN] :  >连接未成功。
2018-05-02 10:15:02.6099 [WARN] :  >YamahaRobotRCX340 断开连接，即将尝试第 10 次重连...
2018-05-02 10:15:05.0919 [WARN] :  >连接未成功。
2018-05-02 10:15:06.1409 [WARN] :  >连接未成功。
2018-05-02 11:58:08.3724 [TRACE] :  >--------------- Program start -----------------
2018-05-02 11:58:08.6365 [TRACE] :  >Load document...
2018-05-02 11:58:08.8285 [TRACE] :  >Hardware initialize...
2018-05-02 11:58:09.4527 [TRACE] :  >System init ok.
2018-05-02 11:58:10.4569 [WARN] :  >YamahaRobotRCX340 断开连接，即将尝试第 1 次重连...
2018-05-02 11:58:12.4313 [WARN] :  >连接未成功。
2018-05-02 11:58:13.4585 [WARN] :  >YamahaRobotRCX340 断开连接，即将尝试第 2 次重连...
2018-05-02 11:58:17.6223 [WARN] :  >连接未成功。
2018-05-02 11:58:18.6425 [WARN] :  >YamahaRobotRCX340 断开连接，即将尝试第 3 次重连...
2018-05-02 11:58:20.4339 [WARN] :  >连接未成功。
2018-05-02 11:58:21.4581 [WARN] :  >YamahaRobotRCX340 断开连接，即将尝试第 4 次重连...
2018-05-02 11:58:23.4335 [WARN] :  >连接未成功。
2018-05-02 11:58:24.4547 [WARN] :  >YamahaRobotRCX340 断开连接，即将尝试第 5 次重连...
2018-05-02 11:58:26.4331 [WARN] :  >连接未成功。
2018-05-02 11:58:27.4583 [WARN] :  >YamahaRobotRCX340 断开连接，即将尝试第 6 次重连...
2018-05-02 11:58:31.7541 [WARN] :  >连接未成功。
2018-05-02 11:58:32.7753 [WARN] :  >YamahaRobotRCX340 断开连接，即将尝试第 7 次重连...
2018-05-02 11:58:34.4347 [WARN] :  >连接未成功。
2018-05-02 11:58:35.4609 [WARN] :  >YamahaRobotRCX340 断开连接，即将尝试第 8 次重连...
2018-05-02 11:58:37.4353 [WARN] :  >连接未成功。
2018-05-02 11:58:38.4565 [WARN] :  >YamahaRobotRCX340 断开连接，即将尝试第 9 次重连...
2018-05-02 11:58:40.4359 [WARN] :  >连接未成功。
2018-05-02 11:58:41.4611 [WARN] :  >YamahaRobotRCX340 断开连接，即将尝试第 10 次重连...
2018-05-02 11:58:43.4355 [WARN] :  >连接未成功。
2018-05-02 11:58:44.4697 [WARN] :  >连接未成功。
2018-05-02 11:59:22.1172 [TRACE] :  >--------------- Program start -----------------
2018-05-02 11:59:22.5933 [TRACE] :  >Load document...
2018-05-02 11:59:23.0134 [TRACE] :  >Hardware initialize...
2018-05-02 11:59:23.9796 [TRACE] :  >System init ok.
2018-05-02 11:59:24.9768 [WARN] :  >YamahaRobotRCX340 断开连接，即将尝试第 1 次重连...
2018-05-02 11:59:26.9422 [WARN] :  >连接未成功。
2018-05-02 11:59:27.9674 [WARN] :  >YamahaRobotRCX340 断开连接，即将尝试第 2 次重连...
2018-05-02 11:59:29.9438 [WARN] :  >连接未成功。
2018-05-02 12:00:20.3178 [TRACE] :  >--------------- Program start -----------------
2018-05-02 12:00:20.5859 [TRACE] :  >Load document...
2018-05-02 12:00:20.7889 [TRACE] :  >Hardware initialize...
2018-05-02 12:00:21.4651 [TRACE] :  >System init ok.
2018-05-02 12:00:22.4743 [WARN] :  >YamahaRobotRCX340 断开连接，即将尝试第 1 次重连...
2018-05-02 12:00:24.4507 [WARN] :  >连接未成功。
2018-05-02 12:00:25.4719 [WARN] :  >YamahaRobotRCX340 断开连接，即将尝试第 2 次重连...
2018-05-02 12:00:30.1688 [WARN] :  >连接未成功。
2018-05-02 12:00:31.1930 [WARN] :  >YamahaRobotRCX340 断开连接，即将尝试第 3 次重连...
2018-05-02 12:00:32.9514 [WARN] :  >连接未成功。
2018-05-02 12:00:33.9726 [WARN] :  >YamahaRobotRCX340 断开连接，即将尝试第 4 次重连...
2018-05-02 12:00:35.9530 [WARN] :  >连接未成功。
2018-05-02 12:00:36.9782 [WARN] :  >YamahaRobotRCX340 断开连接，即将尝试第 5 次重连...
2018-05-02 12:00:38.9526 [WARN] :  >连接未成功。
2018-05-02 12:00:39.9778 [WARN] :  >YamahaRobotRCX340 断开连接，即将尝试第 6 次重连...
2018-05-02 12:00:42.6073 [WARN] :  >连接未成功。
2018-05-02 12:00:43.6325 [WARN] :  >YamahaRobotRCX340 断开连接，即将尝试第 7 次重连...
2018-05-02 12:00:45.4529 [WARN] :  >连接未成功。
2018-05-02 12:00:46.4741 [WARN] :  >YamahaRobotRCX340 断开连接，即将尝试第 8 次重连...
2018-05-02 12:00:48.4535 [WARN] :  >连接未成功。
2018-05-02 12:00:49.4787 [WARN] :  >YamahaRobotRCX340 断开连接，即将尝试第 9 次重连...
2018-05-02 12:00:51.4541 [WARN] :  >连接未成功。
2018-05-02 12:00:52.4753 [WARN] :  >YamahaRobotRCX340 断开连接，即将尝试第 10 次重连...
2018-05-02 12:00:54.4547 [WARN] :  >连接未成功。
2018-05-02 12:00:55.4959 [WARN] :  >连接未成功。
2018-05-02 12:01:48.1764 [TRACE] :  >--------------- Program start -----------------
2018-05-02 12:01:48.4295 [TRACE] :  >Load document...
2018-05-02 12:01:48.6645 [TRACE] :  >Hardware initialize...
2018-05-02 12:01:49.4997 [TRACE] :  >System init ok.
2018-05-02 12:01:50.4969 [WARN] :  >YamahaRobotRCX340 断开连接，即将尝试第 1 次重连...
2018-05-02 12:01:52.4643 [WARN] :  >连接未成功。
2018-05-02 12:01:53.4875 [WARN] :  >YamahaRobotRCX340 断开连接，即将尝试第 2 次重连...
2018-05-02 12:01:55.4639 [WARN] :  >连接未成功。
2018-05-02 12:01:58.3324 [WARN] :  >YamahaRobotRCX340 断开连接，即将尝试第 3 次重连...
2018-05-02 12:01:59.9638 [WARN] :  >连接未成功。
2018-05-02 12:02:00.9870 [WARN] :  >YamahaRobotRCX340 断开连接，即将尝试第 4 次重连...
2018-05-02 12:02:02.9644 [WARN] :  >连接未成功。
2018-05-02 12:02:03.9876 [WARN] :  >YamahaRobotRCX340 断开连接，即将尝试第 5 次重连...
2018-05-02 12:02:05.9650 [WARN] :  >连接未成功。
2018-05-02 12:02:06.9902 [WARN] :  >YamahaRobotRCX340 断开连接，即将尝试第 6 次重连...
2018-05-02 12:02:08.9656 [WARN] :  >连接未成功。
2018-05-02 12:02:09.9908 [WARN] :  >YamahaRobotRCX340 断开连接，即将尝试第 7 次重连...
2018-05-02 12:02:11.9662 [WARN] :  >连接未成功。
2018-05-02 12:02:12.9904 [WARN] :  >YamahaRobotRCX340 断开连接，即将尝试第 8 次重连...
2018-05-02 12:02:14.9658 [WARN] :  >连接未成功。
2018-05-02 12:02:15.9910 [WARN] :  >YamahaRobotRCX340 断开连接，即将尝试第 9 次重连...
2018-05-02 12:02:17.9664 [WARN] :  >连接未成功。
2018-05-02 12:02:18.9916 [WARN] :  >YamahaRobotRCX340 断开连接，即将尝试第 10 次重连...
2018-05-02 12:02:20.9670 [WARN] :  >连接未成功。
2018-05-02 12:02:22.0042 [WARN] :  >连接未成功。
2018-05-02 12:02:30.9730 [TRACE] :  >--------------- Program start -----------------
2018-05-02 12:02:31.3560 [TRACE] :  >Load document...
2018-05-02 12:02:31.8891 [TRACE] :  >Hardware initialize...
2018-05-02 12:02:33.0124 [TRACE] :  >System init ok.
2018-05-02 12:02:34.0126 [WARN] :  >YamahaRobotRCX340 断开连接，即将尝试第 1 次重连...
2018-05-02 12:02:35.9690 [WARN] :  >连接未成功。
2018-05-02 12:02:36.9942 [WARN] :  >YamahaRobotRCX340 断开连接，即将尝试第 2 次重连...
2018-05-02 12:02:38.9706 [WARN] :  >连接未成功。
2018-05-02 12:02:47.9444 [WARN] :  >YamahaRobotRCX340 断开连接，即将尝试第 3 次重连...
2018-05-02 12:02:49.9708 [WARN] :  >连接未成功。
2018-05-02 12:02:50.9960 [WARN] :  >YamahaRobotRCX340 断开连接，即将尝试第 4 次重连...
2018-05-02 12:02:52.9724 [WARN] :  >连接未成功。
2018-05-02 12:02:53.9976 [WARN] :  >YamahaRobotRCX340 断开连接，即将尝试第 5 次重连...
2018-05-02 12:02:55.9719 [WARN] :  >连接未成功。
2018-05-02 12:03:05.7199 [WARN] :  >YamahaRobotRCX340 断开连接，即将尝试第 6 次重连...
2018-05-02 12:03:07.4721 [WARN] :  >连接未成功。
2018-05-02 12:03:08.4942 [WARN] :  >YamahaRobotRCX340 断开连接，即将尝试第 7 次重连...
2018-05-02 12:03:10.4764 [WARN] :  >连接未成功。
2018-05-02 12:03:11.5005 [WARN] :  >YamahaRobotRCX340 断开连接，即将尝试第 8 次重连...
2018-05-02 12:03:13.4737 [WARN] :  >连接未成功。
2018-05-02 12:03:14.4948 [WARN] :  >YamahaRobotRCX340 断开连接，即将尝试第 9 次重连...
2018-05-02 12:03:16.5120 [WARN] :  >连接未成功。
2018-05-02 12:03:17.5381 [WARN] :  >YamahaRobotRCX340 断开连接，即将尝试第 10 次重连...
2018-05-02 12:03:19.4753 [WARN] :  >连接未成功。
2018-05-02 12:03:20.5124 [WARN] :  >连接未成功。
2018-05-02 13:32:06.3013 [TRACE] :  >--------------- Program start -----------------
2018-05-02 13:32:06.5273 [TRACE] :  >Load document...
2018-05-02 13:32:06.7134 [TRACE] :  >Hardware initialize...
2018-05-02 13:32:07.4724 [TRACE] :  >System init ok.
2018-05-02 13:32:08.4665 [WARN] :  >YamahaRobotRCX340 断开连接，即将尝试第 1 次重连...
2018-05-02 13:32:10.4417 [WARN] :  >连接未成功。
2018-05-02 13:32:11.4668 [WARN] :  >YamahaRobotRCX340 断开连接，即将尝试第 2 次重连...
2018-05-02 13:32:13.4430 [WARN] :  >连接未成功。
2018-05-02 13:32:14.4641 [WARN] :  >YamahaRobotRCX340 断开连接，即将尝试第 3 次重连...
2018-05-02 13:32:16.4413 [WARN] :  >连接未成功。
2018-05-02 13:32:17.4664 [WARN] :  >YamahaRobotRCX340 断开连接，即将尝试第 4 次重连...
2018-05-02 13:32:19.4436 [WARN] :  >连接未成功。
2018-05-02 13:32:20.4637 [WARN] :  >YamahaRobotRCX340 断开连接，即将尝试第 5 次重连...
2018-05-02 13:32:22.4419 [WARN] :  >连接未成功。
2018-05-02 13:32:23.4670 [WARN] :  >YamahaRobotRCX340 断开连接，即将尝试第 6 次重连...
2018-05-02 13:32:25.4422 [WARN] :  >连接未成功。
2018-05-02 13:32:26.4633 [WARN] :  >YamahaRobotRCX340 断开连接，即将尝试第 7 次重连...
2018-05-02 13:32:28.4425 [WARN] :  >连接未成功。
2018-05-02 13:32:29.4666 [WARN] :  >YamahaRobotRCX340 断开连接，即将尝试第 8 次重连...
2018-05-02 13:32:31.7099 [WARN] :  >连接未成功。
2018-05-02 13:32:32.7310 [WARN] :  >YamahaRobotRCX340 断开连接，即将尝试第 9 次重连...
2018-05-02 13:32:34.4421 [WARN] :  >连接未成功。
2018-05-02 13:32:35.4682 [WARN] :  >YamahaRobotRCX340 断开连接，即将尝试第 10 次重连...
2018-05-02 13:32:37.4424 [WARN] :  >连接未成功。
2018-05-02 13:32:38.4765 [WARN] :  >连接未成功。
2018-05-02 13:37:27.6885 [TRACE] :  >--------------- Program start -----------------
2018-05-02 13:37:27.9645 [TRACE] :  >Load document...
2018-05-02 13:37:28.2035 [TRACE] :  >Hardware initialize...
2018-05-02 13:37:28.9736 [TRACE] :  >System init ok.
2018-05-02 13:37:29.9807 [WARN] :  >YamahaRobotRCX340 断开连接，即将尝试第 1 次重连...
2018-05-02 13:37:31.9549 [WARN] :  >连接未成功。
2018-05-02 13:37:32.9800 [WARN] :  >YamahaRobotRCX340 断开连接，即将尝试第 2 次重连...
2018-05-02 13:37:34.9562 [WARN] :  >连接未成功。
2018-05-02 13:37:35.9813 [WARN] :  >YamahaRobotRCX340 断开连接，即将尝试第 3 次重连...
2018-05-02 13:37:37.9555 [WARN] :  >连接未成功。
2018-05-02 13:37:42.6369 [WARN] :  >YamahaRobotRCX340 断开连接，即将尝试第 4 次重连...
2018-05-02 13:37:44.4561 [WARN] :  >连接未成功。
2018-05-02 13:37:45.4812 [WARN] :  >YamahaRobotRCX340 断开连接，即将尝试第 5 次重连...
2018-05-02 13:37:47.4564 [WARN] :  >连接未成功。
2018-05-02 13:37:48.4765 [WARN] :  >YamahaRobotRCX340 断开连接，即将尝试第 6 次重连...
2018-05-02 13:37:50.7758 [WARN] :  >连接未成功。
2018-05-02 13:37:51.8049 [WARN] :  >YamahaRobotRCX340 断开连接，即将尝试第 7 次重连...
2018-05-02 13:37:53.4560 [WARN] :  >连接未成功。
2018-05-02 13:37:54.4771 [WARN] :  >YamahaRobotRCX340 断开连接，即将尝试第 8 次重连...
2018-05-02 13:37:56.4563 [WARN] :  >连接未成功。
2018-05-02 13:37:58.5855 [WARN] :  >YamahaRobotRCX340 断开连接，即将尝试第 9 次重连...
2018-05-02 13:38:00.4567 [WARN] :  >连接未成功。
2018-05-02 13:38:01.4818 [WARN] :  >YamahaRobotRCX340 断开连接，即将尝试第 10 次重连...
2018-05-02 13:38:04.4791 [WARN] :  >连接未成功。
2018-05-02 13:38:07.1234 [WARN] :  >连接未成功。
2018-05-02 13:40:48.7206 [TRACE] :  >--------------- Program start -----------------
2018-05-02 13:40:48.9556 [TRACE] :  >Load document...
2018-05-02 13:40:49.1586 [TRACE] :  >Hardware initialize...
2018-05-02 13:40:49.9847 [TRACE] :  >System init ok.
2018-05-02 13:40:50.9908 [WARN] :  >YamahaRobotRCX340 断开连接，即将尝试第 1 次重连...
2018-05-02 13:40:52.9640 [WARN] :  >连接未成功。
2018-05-02 13:40:53.9941 [WARN] :  >YamahaRobotRCX340 断开连接，即将尝试第 2 次重连...
2018-05-02 13:40:55.9653 [WARN] :  >连接未成功。
2018-05-02 13:40:56.9894 [WARN] :  >YamahaRobotRCX340 断开连接，即将尝试第 3 次重连...
2018-05-02 13:40:58.9646 [WARN] :  >连接未成功。
2018-05-02 13:40:59.9887 [WARN] :  >YamahaRobotRCX340 断开连接，即将尝试第 4 次重连...
2018-05-02 13:41:01.9639 [WARN] :  >连接未成功。
2018-05-02 13:41:02.9890 [WARN] :  >YamahaRobotRCX340 断开连接，即将尝试第 5 次重连...
2018-05-02 13:41:04.9652 [WARN] :  >连接未成功。
2018-05-02 13:41:05.9903 [WARN] :  >YamahaRobotRCX340 断开连接，即将尝试第 6 次重连...
2018-05-02 13:41:07.9655 [WARN] :  >连接未成功。
2018-05-02 13:41:08.9906 [WARN] :  >YamahaRobotRCX340 断开连接，即将尝试第 7 次重连...
2018-05-02 13:41:10.9648 [WARN] :  >连接未成功。
2018-05-02 13:41:11.9899 [WARN] :  >YamahaRobotRCX340 断开连接，即将尝试第 8 次重连...
2018-05-02 13:41:13.9651 [WARN] :  >连接未成功。
2018-05-02 13:41:14.9912 [WARN] :  >YamahaRobotRCX340 断开连接，即将尝试第 9 次重连...
2018-05-02 13:41:16.9644 [WARN] :  >连接未成功。
2018-05-02 13:41:17.9895 [WARN] :  >YamahaRobotRCX340 断开连接，即将尝试第 10 次重连...
2018-05-02 13:41:19.9647 [WARN] :  >连接未成功。
2018-05-02 13:41:20.9968 [WARN] :  >连接未成功。
2018-05-02 13:47:09.8767 [TRACE] :  >--------------- Program start -----------------
2018-05-02 13:47:10.1347 [TRACE] :  >Load document...
2018-05-02 13:47:10.3327 [TRACE] :  >Hardware initialize...
2018-05-02 13:47:11.0018 [TRACE] :  >System init ok.
2018-05-02 13:47:12.0059 [WARN] :  >YamahaRobotRCX340 断开连接，即将尝试第 1 次重连...
2018-05-02 13:47:13.9801 [WARN] :  >连接未成功。
2018-05-02 13:47:15.0052 [WARN] :  >YamahaRobotRCX340 断开连接，即将尝试第 2 次重连...
2018-05-02 13:47:16.9814 [WARN] :  >连接未成功。
2018-05-02 13:47:18.0065 [WARN] :  >YamahaRobotRCX340 断开连接，即将尝试第 3 次重连...
2018-05-02 13:47:19.9807 [WARN] :  >连接未成功。
2018-05-02 13:47:21.0068 [WARN] :  >YamahaRobotRCX340 断开连接，即将尝试第 4 次重连...
2018-05-02 13:47:22.9810 [WARN] :  >连接未成功。
2018-05-02 13:47:24.0061 [WARN] :  >YamahaRobotRCX340 断开连接，即将尝试第 5 次重连...
2018-05-02 13:47:25.9803 [WARN] :  >连接未成功。
2018-05-02 13:47:27.0054 [WARN] :  >YamahaRobotRCX340 断开连接，即将尝试第 6 次重连...
2018-05-02 13:47:28.9806 [WARN] :  >连接未成功。
2018-05-02 13:47:30.9238 [WARN] :  >YamahaRobotRCX340 断开连接，即将尝试第 7 次重连...
2018-05-02 13:47:32.4809 [WARN] :  >连接未成功。
2018-05-02 13:47:33.5060 [WARN] :  >YamahaRobotRCX340 断开连接，即将尝试第 8 次重连...
2018-05-02 13:47:35.4822 [WARN] :  >连接未成功。
2018-05-02 13:47:36.5033 [WARN] :  >YamahaRobotRCX340 断开连接，即将尝试第 9 次重连...
2018-05-02 13:47:38.8486 [WARN] :  >连接未成功。
2018-05-02 13:47:39.8737 [WARN] :  >YamahaRobotRCX340 断开连接，即将尝试第 10 次重连...
2018-05-02 13:47:41.4808 [WARN] :  >连接未成功。
2018-05-02 13:47:42.5159 [WARN] :  >连接未成功。
2018-05-02 14:02:05.5292 [TRACE] :  >--------------- Program start -----------------
2018-05-02 14:02:05.7892 [TRACE] :  >Load document...
2018-05-02 14:02:05.9873 [TRACE] :  >Hardware initialize...
2018-05-02 14:02:07.0404 [TRACE] :  >System init ok.
2018-05-02 14:02:08.0435 [WARN] :  >YamahaRobotRCX340 断开连接，即将尝试第 1 次重连...
2018-05-02 14:02:10.0187 [WARN] :  >连接未成功。
2018-05-02 14:02:11.0398 [WARN] :  >YamahaRobotRCX340 断开连接，即将尝试第 2 次重连...
2018-05-02 14:02:13.0200 [WARN] :  >连接未成功。
2018-05-02 14:02:14.0451 [WARN] :  >YamahaRobotRCX340 断开连接，即将尝试第 3 次重连...
2018-05-02 14:02:16.0183 [WARN] :  >连接未成功。
2018-05-02 14:02:17.0434 [WARN] :  >YamahaRobotRCX340 断开连接，即将尝试第 4 次重连...
2018-05-02 14:02:36.6633 [TRACE] :  >--------------- Program start -----------------
2018-05-02 14:02:36.8544 [TRACE] :  >Load document...
2018-05-02 14:02:37.0424 [TRACE] :  >Hardware initialize...
2018-05-02 14:02:38.0405 [TRACE] :  >System init ok.
2018-05-02 14:02:39.0456 [WARN] :  >YamahaRobotRCX340 断开连接，即将尝试第 1 次重连...
2018-05-02 14:02:41.0208 [WARN] :  >连接未成功。
2018-05-02 14:02:42.0449 [WARN] :  >YamahaRobotRCX340 断开连接，即将尝试第 2 次重连...
2018-05-02 14:02:44.0211 [WARN] :  >连接未成功。
2018-05-02 14:02:45.0462 [WARN] :  >YamahaRobotRCX340 断开连接，即将尝试第 3 次重连...
2018-05-02 14:02:47.0204 [WARN] :  >连接未成功。
2018-05-02 14:02:48.0455 [WARN] :  >YamahaRobotRCX340 断开连接，即将尝试第 4 次重连...
2018-05-02 14:02:50.0207 [WARN] :  >连接未成功。
2018-05-02 14:02:52.8750 [WARN] :  >YamahaRobotRCX340 断开连接，即将尝试第 5 次重连...
2018-05-02 14:02:54.5201 [WARN] :  >连接未成功。
2018-05-02 14:02:55.5452 [WARN] :  >YamahaRobotRCX340 断开连接，即将尝试第 6 次重连...
2018-05-02 14:02:57.5204 [WARN] :  >连接未成功。
2018-05-02 14:06:07.2284 [TRACE] :  >--------------- Program start -----------------
2018-05-02 14:06:07.4794 [TRACE] :  >Load document...
2018-05-02 14:06:07.6784 [TRACE] :  >Hardware initialize...
2018-05-02 14:06:08.5555 [TRACE] :  >System init ok.
2018-05-02 14:06:09.5546 [WARN] :  >YamahaRobotRCX340 断开连接，即将尝试第 1 次重连...
2018-05-02 14:06:11.5288 [WARN] :  >连接未成功。
2018-05-02 14:06:12.5499 [WARN] :  >YamahaRobotRCX340 断开连接，即将尝试第 2 次重连...
2018-05-02 14:06:14.5301 [WARN] :  >连接未成功。
2018-05-02 14:06:15.5562 [WARN] :  >YamahaRobotRCX340 断开连接，即将尝试第 3 次重连...
2018-05-02 14:06:17.5294 [WARN] :  >连接未成功。
2018-05-02 14:06:18.5515 [WARN] :  >YamahaRobotRCX340 断开连接，即将尝试第 4 次重连...
2018-05-02 14:06:20.5287 [WARN] :  >连接未成功。
2018-05-02 14:06:21.5538 [WARN] :  >YamahaRobotRCX340 断开连接，即将尝试第 5 次重连...
2018-05-02 14:06:23.5310 [WARN] :  >连接未成功。
2018-05-02 14:06:24.5511 [WARN] :  >YamahaRobotRCX340 断开连接，即将尝试第 6 次重连...
2018-05-02 14:06:26.5293 [WARN] :  >连接未成功。
2018-05-02 14:06:27.5544 [WARN] :  >YamahaRobotRCX340 断开连接，即将尝试第 7 次重连...
2018-05-02 14:06:29.5296 [WARN] :  >连接未成功。
2018-05-02 14:06:30.5517 [WARN] :  >YamahaRobotRCX340 断开连接，即将尝试第 8 次重连...
2018-05-02 14:06:32.5299 [WARN] :  >连接未成功。
2018-05-02 14:06:33.5550 [WARN] :  >YamahaRobotRCX340 断开连接，即将尝试第 9 次重连...
2018-05-02 14:06:35.5302 [WARN] :  >连接未成功。
2018-05-02 14:06:36.5513 [WARN] :  >YamahaRobotRCX340 断开连接，即将尝试第 10 次重连...
2018-05-02 14:06:38.5295 [WARN] :  >连接未成功。
2018-05-02 14:06:39.5636 [WARN] :  >连接未成功。
2018-05-02 14:09:03.1070 [TRACE] :  >--------------- Program start -----------------
2018-05-02 14:09:03.5420 [TRACE] :  >Load document...
2018-05-02 14:09:03.9581 [TRACE] :  >Hardware initialize...
2018-05-02 14:09:05.0832 [TRACE] :  >System init ok.
2018-05-02 14:09:06.1433 [WARN] :  >YamahaRobotRCX340 断开连接，即将尝试第 1 次重连...
2018-05-02 14:09:08.0365 [WARN] :  >连接未成功。
2018-05-02 14:09:09.0646 [WARN] :  >YamahaRobotRCX340 断开连接，即将尝试第 2 次重连...
2018-05-02 14:09:11.0418 [WARN] :  >连接未成功。
2018-05-02 14:09:12.0659 [WARN] :  >YamahaRobotRCX340 断开连接，即将尝试第 3 次重连...
2018-05-02 14:09:14.0371 [WARN] :  >连接未成功。
2018-05-02 14:09:15.0632 [WARN] :  >YamahaRobotRCX340 断开连接，即将尝试第 4 次重连...
2018-05-02 14:09:17.0364 [WARN] :  >连接未成功。
2018-05-02 14:09:18.0615 [WARN] :  >YamahaRobotRCX340 断开连接，即将尝试第 5 次重连...
2018-05-02 14:09:20.0407 [WARN] :  >连接未成功。
2018-05-02 14:09:21.0678 [WARN] :  >YamahaRobotRCX340 断开连接，即将尝试第 6 次重连...
2018-05-02 14:09:23.0370 [WARN] :  >连接未成功。
2018-05-02 14:09:24.0661 [WARN] :  >YamahaRobotRCX340 断开连接，即将尝试第 7 次重连...
2018-05-02 14:09:26.0373 [WARN] :  >连接未成功。
2018-05-02 14:09:27.0634 [WARN] :  >YamahaRobotRCX340 断开连接，即将尝试第 8 次重连...
2018-05-02 14:09:29.0396 [WARN] :  >连接未成功。
2018-05-02 14:09:30.0627 [WARN] :  >YamahaRobotRCX340 断开连接，即将尝试第 9 次重连...
2018-05-02 14:09:32.0379 [WARN] :  >连接未成功。
2018-05-02 14:09:33.0690 [WARN] :  >YamahaRobotRCX340 断开连接，即将尝试第 10 次重连...
2018-05-02 14:09:35.0372 [WARN] :  >连接未成功。
2018-05-02 14:09:36.0663 [WARN] :  >连接未成功。
2018-05-02 14:13:59.0248 [TRACE] :  >--------------- Program start -----------------
2018-05-02 14:13:59.4460 [TRACE] :  >Load document...
2018-05-02 14:13:59.8516 [TRACE] :  >Hardware initialize...
2018-05-02 14:14:00.6160 [TRACE] :  >System init ok.
2018-05-02 14:14:01.6301 [WARN] :  >YamahaRobotRCX340 断开连接，即将尝试第 1 次重连...
2018-05-02 14:14:04.1105 [WARN] :  >连接未成功。
2018-05-02 14:14:05.1557 [WARN] :  >YamahaRobotRCX340 断开连接，即将尝试第 2 次重连...
2018-05-02 14:14:07.0745 [WARN] :  >连接未成功。
2018-05-02 14:14:08.1197 [WARN] :  >YamahaRobotRCX340 断开连接，即将尝试第 3 次重连...
2018-05-02 14:14:10.0853 [WARN] :  >连接未成功。
2018-05-02 14:14:11.1305 [WARN] :  >YamahaRobotRCX340 断开连接，即将尝试第 4 次重连...
2018-05-02 14:14:13.0805 [WARN] :  >连接未成功。
2018-05-02 14:14:14.1257 [WARN] :  >YamahaRobotRCX340 断开连接，即将尝试第 5 次重连...
2018-05-02 14:14:16.0757 [WARN] :  >连接未成功。
2018-05-02 14:14:17.1210 [WARN] :  >YamahaRobotRCX340 断开连接，即将尝试第 6 次重连...
2018-05-02 14:14:19.0866 [WARN] :  >连接未成功。
2018-05-02 14:14:20.1318 [WARN] :  >YamahaRobotRCX340 断开连接，即将尝试第 7 次重连...
2018-05-02 14:14:22.0818 [WARN] :  >连接未成功。
2018-05-02 14:14:23.1270 [WARN] :  >YamahaRobotRCX340 断开连接，即将尝试第 8 次重连...
2018-05-02 14:14:25.0770 [WARN] :  >连接未成功。
2018-05-02 14:14:26.1222 [WARN] :  >YamahaRobotRCX340 断开连接，即将尝试第 9 次重连...
2018-05-02 14:14:28.0876 [WARN] :  >连接未成功。
2018-05-02 14:14:29.1323 [WARN] :  >YamahaRobotRCX340 断开连接，即将尝试第 10 次重连...
2018-05-02 14:14:31.0814 [WARN] :  >连接未成功。
2018-05-02 14:14:32.1261 [WARN] :  >连接未成功。
2018-05-02 14:16:08.2367 [TRACE] :  >--------------- Program start -----------------
2018-05-02 14:16:08.5174 [TRACE] :  >Load document...
2018-05-02 14:16:08.7045 [TRACE] :  >Hardware initialize...
2018-05-02 14:16:09.5465 [TRACE] :  >System init ok.
2018-05-02 14:16:10.5756 [WARN] :  >YamahaRobotRCX340 断开连接，即将尝试第 1 次重连...
2018-05-02 14:16:12.5247 [WARN] :  >连接未成功。
2018-05-02 14:16:13.5694 [WARN] :  >YamahaRobotRCX340 断开连接，即将尝试第 2 次重连...
2018-05-02 14:16:15.5340 [WARN] :  >连接未成功。
2018-05-02 14:16:16.5787 [WARN] :  >YamahaRobotRCX340 断开连接，即将尝试第 3 次重连...
2018-05-02 14:16:18.5278 [WARN] :  >连接未成功。
2018-05-02 14:16:55.5333 [WARN] :  >连接未成功。
2018-05-02 14:16:56.5780 [WARN] :  >YamahaRobotRCX340 断开连接，即将尝试第 5 次重连...
2018-05-02 14:16:58.5115 [WARN] :  >连接未成功。
2018-05-02 14:16:59.5562 [WARN] :  >YamahaRobotRCX340 断开连接，即将尝试第 6 次重连...
2018-05-02 14:17:01.5052 [WARN] :  >连接未成功。
2018-05-02 14:17:28.4328 [TRACE] :  >--------------- Program start -----------------
2018-05-02 14:17:28.6317 [TRACE] :  >Load document...
2018-05-02 14:17:28.8257 [TRACE] :  >Hardware initialize...
2018-05-02 14:17:29.4824 [TRACE] :  >System init ok.
2018-05-02 14:17:30.4840 [WARN] :  >YamahaRobotRCX340 断开连接，即将尝试第 1 次重连...
2018-05-02 14:17:32.4572 [WARN] :  >连接未成功。
2018-05-02 14:17:33.4818 [WARN] :  >YamahaRobotRCX340 断开连接，即将尝试第 2 次重连...
2018-05-02 14:17:35.4560 [WARN] :  >连接未成功。
2018-05-02 14:17:36.4766 [WARN] :  >YamahaRobotRCX340 断开连接，即将尝试第 3 次重连...
2018-05-02 14:17:38.4548 [WARN] :  >连接未成功。
2018-05-02 14:17:39.4784 [WARN] :  >YamahaRobotRCX340 断开连接，即将尝试第 4 次重连...
2018-05-02 14:17:41.4546 [WARN] :  >连接未成功。
2018-05-02 14:17:42.4752 [WARN] :  >YamahaRobotRCX340 断开连接，即将尝试第 5 次重连...
2018-05-02 14:17:44.4514 [WARN] :  >连接未成功。
2018-05-02 14:17:45.4760 [WARN] :  >YamahaRobotRCX340 断开连接，即将尝试第 6 次重连...
2018-05-02 14:17:47.4502 [WARN] :  >连接未成功。
2018-05-02 14:17:48.4708 [WARN] :  >YamahaRobotRCX340 断开连接，即将尝试第 7 次重连...
2018-05-02 14:17:50.4490 [WARN] :  >连接未成功。
2018-05-02 14:17:51.4736 [WARN] :  >YamahaRobotRCX340 断开连接，即将尝试第 8 次重连...
2018-05-02 14:17:53.4468 [WARN] :  >连接未成功。
2018-05-02 14:17:54.4674 [WARN] :  >YamahaRobotRCX340 断开连接，即将尝试第 9 次重连...
2018-05-02 14:17:56.4456 [WARN] :  >连接未成功。
2018-05-02 14:17:57.4712 [WARN] :  >YamahaRobotRCX340 断开连接，即将尝试第 10 次重连...
2018-05-02 14:17:59.4454 [WARN] :  >连接未成功。
2018-05-02 14:18:00.4780 [WARN] :  >连接未成功。
2018-05-02 14:18:52.8920 [TRACE] :  >--------------- Program start -----------------
2018-05-02 14:18:53.0889 [TRACE] :  >Load document...
2018-05-02 14:18:53.2779 [TRACE] :  >Hardware initialize...
2018-05-02 14:18:53.9406 [TRACE] :  >System init ok.
2018-05-02 14:18:54.9462 [WARN] :  >YamahaRobotRCX340 断开连接，即将尝试第 1 次重连...
2018-05-02 14:18:56.9184 [WARN] :  >连接未成功。
2018-05-02 14:18:57.9430 [WARN] :  >YamahaRobotRCX340 断开连接，即将尝试第 2 次重连...
2018-05-02 14:18:59.9182 [WARN] :  >连接未成功。
2018-05-02 14:19:00.9418 [WARN] :  >YamahaRobotRCX340 断开连接，即将尝试第 3 次重连...
2018-05-02 14:19:02.9150 [WARN] :  >连接未成功。
2018-05-02 14:19:03.9396 [WARN] :  >YamahaRobotRCX340 断开连接，即将尝试第 4 次重连...
2018-05-02 14:19:05.9218 [WARN] :  >连接未成功。
2018-05-02 14:19:06.9474 [WARN] :  >YamahaRobotRCX340 断开连接，即将尝试第 5 次重连...
2018-05-02 14:19:08.9126 [WARN] :  >连接未成功。
2018-05-02 14:19:09.9382 [WARN] :  >YamahaRobotRCX340 断开连接，即将尝试第 6 次重连...
2018-05-02 14:19:11.9114 [WARN] :  >连接未成功。
2018-05-02 14:19:12.9360 [WARN] :  >YamahaRobotRCX340 断开连接，即将尝试第 7 次重连...
2018-05-02 14:19:14.9102 [WARN] :  >连接未成功。
2018-05-02 14:19:15.9348 [WARN] :  >YamahaRobotRCX340 断开连接，即将尝试第 8 次重连...
2018-05-02 14:19:17.9100 [WARN] :  >连接未成功。
2018-05-02 14:19:18.9356 [WARN] :  >YamahaRobotRCX340 断开连接，即将尝试第 9 次重连...
2018-05-02 14:19:20.9068 [WARN] :  >连接未成功。
2018-05-02 14:19:21.9314 [WARN] :  >YamahaRobotRCX340 断开连接，即将尝试第 10 次重连...
2018-05-02 14:19:23.9056 [WARN] :  >连接未成功。
2018-05-02 14:19:24.9302 [WARN] :  >连接未成功。
2018-05-02 14:20:11.7977 [TRACE] :  >--------------- Program start -----------------
2018-05-02 14:20:11.9967 [TRACE] :  >Load document...
2018-05-02 14:20:12.1887 [TRACE] :  >Hardware initialize...
2018-05-02 14:20:12.9186 [TRACE] :  >System init ok.
2018-05-02 14:20:13.9225 [WARN] :  >YamahaRobotRCX340 断开连接，即将尝试第 1 次重连...
2018-05-02 14:20:15.8963 [WARN] :  >连接未成功。
2018-05-02 14:20:16.9212 [WARN] :  >YamahaRobotRCX340 断开连接，即将尝试第 2 次重连...
2018-05-02 14:20:18.8970 [WARN] :  >连接未成功。
2018-05-02 14:20:19.9219 [WARN] :  >YamahaRobotRCX340 断开连接，即将尝试第 3 次重连...
2018-05-02 14:20:21.8957 [WARN] :  >连接未成功。
2018-05-02 14:20:22.9206 [WARN] :  >YamahaRobotRCX340 断开连接，即将尝试第 4 次重连...
2018-05-02 14:20:24.8954 [WARN] :  >连接未成功。
2018-05-02 14:20:25.9203 [WARN] :  >YamahaRobotRCX340 断开连接，即将尝试第 5 次重连...
2018-05-02 14:20:27.8951 [WARN] :  >连接未成功。
2018-05-02 14:20:28.9200 [WARN] :  >YamahaRobotRCX340 断开连接，即将尝试第 6 次重连...
2018-05-02 14:20:30.8938 [WARN] :  >连接未成功。
2018-05-02 14:20:31.9187 [WARN] :  >YamahaRobotRCX340 断开连接，即将尝试第 7 次重连...
2018-05-02 14:21:07.4152 [TRACE] :  >--------------- Program start -----------------
2018-05-02 14:21:07.6861 [TRACE] :  >Load document...
2018-05-02 14:21:07.8881 [TRACE] :  >Hardware initialize...
2018-05-02 14:21:08.9150 [TRACE] :  >System init ok.
2018-05-02 14:21:09.9139 [WARN] :  >YamahaRobotRCX340 断开连接，即将尝试第 1 次重连...
2018-05-02 14:21:11.8877 [WARN] :  >连接未成功。
2018-05-02 14:21:12.9146 [WARN] :  >YamahaRobotRCX340 断开连接，即将尝试第 2 次重连...
2018-05-02 14:21:14.8884 [WARN] :  >连接未成功。
2018-05-02 14:21:15.9153 [WARN] :  >YamahaRobotRCX340 断开连接，即将尝试第 3 次重连...
2018-05-02 14:21:17.8891 [WARN] :  >连接未成功。
2018-05-02 14:21:18.9160 [WARN] :  >YamahaRobotRCX340 断开连接，即将尝试第 4 次重连...
2018-05-02 14:21:20.8888 [WARN] :  >连接未成功。
2018-05-02 14:21:21.9157 [WARN] :  >YamahaRobotRCX340 断开连接，即将尝试第 5 次重连...
2018-05-02 14:21:23.8885 [WARN] :  >连接未成功。
2018-05-02 14:21:24.9154 [WARN] :  >YamahaRobotRCX340 断开连接，即将尝试第 6 次重连...
2018-05-02 14:21:26.8872 [WARN] :  >连接未成功。
2018-05-02 14:21:27.9141 [WARN] :  >YamahaRobotRCX340 断开连接，即将尝试第 7 次重连...
2018-05-02 14:21:29.8869 [WARN] :  >连接未成功。
2018-05-02 14:21:30.9138 [WARN] :  >YamahaRobotRCX340 断开连接，即将尝试第 8 次重连...
2018-05-02 14:21:32.8866 [WARN] :  >连接未成功。
2018-05-02 14:21:33.9135 [WARN] :  >YamahaRobotRCX340 断开连接，即将尝试第 9 次重连...
2018-05-02 14:21:35.8863 [WARN] :  >连接未成功。
2018-05-02 14:21:36.9132 [WARN] :  >YamahaRobotRCX340 断开连接，即将尝试第 10 次重连...
2018-05-02 14:21:38.8860 [WARN] :  >连接未成功。
2018-05-02 14:21:39.9259 [WARN] :  >连接未成功。
2018-05-02 14:22:07.4212 [TRACE] :  >--------------- Program start -----------------
2018-05-02 14:22:07.7011 [TRACE] :  >Load document...
2018-05-02 14:22:07.8971 [TRACE] :  >Hardware initialize...
2018-05-02 14:22:08.9000 [TRACE] :  >System init ok.
2018-05-02 14:22:09.9039 [WARN] :  >YamahaRobotRCX340 断开连接，即将尝试第 1 次重连...
2018-05-02 14:22:11.8787 [WARN] :  >连接未成功。
2018-05-02 14:22:12.9036 [WARN] :  >YamahaRobotRCX340 断开连接，即将尝试第 2 次重连...
2018-05-02 14:22:14.8794 [WARN] :  >连接未成功。
2018-05-02 14:22:15.9033 [WARN] :  >YamahaRobotRCX340 断开连接，即将尝试第 3 次重连...
2018-05-02 14:22:17.8771 [WARN] :  >连接未成功。
2018-05-02 14:22:18.9020 [WARN] :  >YamahaRobotRCX340 断开连接，即将尝试第 4 次重连...
2018-05-02 14:22:20.8768 [WARN] :  >连接未成功。
2018-05-02 14:22:21.9037 [WARN] :  >YamahaRobotRCX340 断开连接，即将尝试第 5 次重连...
2018-05-02 14:22:23.8765 [WARN] :  >连接未成功。
2018-05-02 14:22:24.9014 [WARN] :  >YamahaRobotRCX340 断开连接，即将尝试第 6 次重连...
2018-05-02 14:22:26.8762 [WARN] :  >连接未成功。
2018-05-02 14:22:27.9001 [WARN] :  >YamahaRobotRCX340 断开连接，即将尝试第 7 次重连...
2018-05-02 14:23:22.8906 [WARN] :  >YamahaRobotRCX340 断开连接，即将尝试第 8 次重连...
2018-05-02 14:23:24.8664 [WARN] :  >连接未成功。
2018-05-02 14:23:25.8913 [WARN] :  >YamahaRobotRCX340 断开连接，即将尝试第 9 次重连...
2018-05-02 14:23:27.8661 [WARN] :  >连接未成功。
2018-05-02 14:23:28.8910 [WARN] :  >YamahaRobotRCX340 断开连接，即将尝试第 10 次重连...
2018-05-02 14:23:39.9829 [TRACE] :  >--------------- Program start -----------------
2018-05-02 14:23:40.3869 [TRACE] :  >Load document...
2018-05-02 14:23:40.7858 [TRACE] :  >Hardware initialize...
2018-05-02 14:23:41.9047 [TRACE] :  >System init ok.
2018-05-02 14:23:42.9026 [WARN] :  >YamahaRobotRCX340 断开连接，即将尝试第 1 次重连...
2018-05-02 14:23:44.8634 [WARN] :  >连接未成功。
2018-05-02 14:23:45.8893 [WARN] :  >YamahaRobotRCX340 断开连接，即将尝试第 2 次重连...
2018-05-02 14:56:29.6937 [TRACE] :  >--------------- Program start -----------------
2018-05-02 14:56:30.0827 [TRACE] :  >Load document...
2018-05-02 14:56:30.5517 [TRACE] :  >Hardware initialize...
2018-05-02 14:56:31.3627 [TRACE] :  >System init ok.
2018-05-02 14:56:32.3577 [WARN] :  >YamahaRobotRCX340 断开连接，即将尝试第 1 次重连...
2018-05-02 14:56:34.3237 [WARN] :  >连接未成功。
2018-05-02 14:56:41.9909 [WARN] :  >YamahaRobotRCX340 断开连接，即将尝试第 2 次重连...
2018-05-02 14:56:43.8247 [WARN] :  >连接未成功。
2018-05-02 14:56:44.8919 [WARN] :  >YamahaRobotRCX340 断开连接，即将尝试第 3 次重连...
2018-05-02 14:56:46.8585 [WARN] :  >连接未成功。
2018-05-02 15:01:02.2877 [TRACE] :  >--------------- Program start -----------------
2018-05-02 15:01:02.7557 [TRACE] :  >Load document...
2018-05-02 15:01:03.1769 [TRACE] :  >Hardware initialize...
2018-05-02 15:01:03.8955 [TRACE] :  >System init ok.
2018-05-02 15:01:04.9105 [WARN] :  >YamahaRobotRCX340 断开连接，即将尝试第 1 次重连...
2018-05-02 15:01:06.8625 [WARN] :  >连接未成功。
2018-05-02 15:01:07.9087 [WARN] :  >YamahaRobotRCX340 断开连接，即将尝试第 2 次重连...
2018-05-02 15:01:09.8597 [WARN] :  >连接未成功。
2018-05-02 15:01:10.9049 [WARN] :  >YamahaRobotRCX340 断开连接，即将尝试第 3 次重连...
2018-05-02 15:01:12.8549 [WARN] :  >连接未成功。
2018-05-02 15:01:13.9001 [WARN] :  >YamahaRobotRCX340 断开连接，即将尝试第 4 次重连...
2018-05-02 15:01:15.8657 [WARN] :  >连接未成功。
2018-05-02 15:01:16.9109 [WARN] :  >YamahaRobotRCX340 断开连接，即将尝试第 5 次重连...
2018-05-02 15:01:18.8609 [WARN] :  >连接未成功。
2018-05-02 15:01:19.9061 [WARN] :  >YamahaRobotRCX340 断开连接，即将尝试第 6 次重连...
2018-05-02 15:01:21.8561 [WARN] :  >连接未成功。
2018-05-02 15:01:22.9013 [WARN] :  >YamahaRobotRCX340 断开连接，即将尝试第 7 次重连...
2018-05-02 15:01:24.8513 [WARN] :  >连接未成功。
2018-05-02 15:01:25.8965 [WARN] :  >YamahaRobotRCX340 断开连接，即将尝试第 8 次重连...
2018-05-02 15:01:27.8621 [WARN] :  >连接未成功。
2018-05-02 15:01:28.9073 [WARN] :  >YamahaRobotRCX340 断开连接，即将尝试第 9 次重连...
2018-05-02 15:01:30.8573 [WARN] :  >连接未成功。
2018-05-02 15:01:31.9025 [WARN] :  >YamahaRobotRCX340 断开连接，即将尝试第 10 次重连...
2018-05-02 15:01:33.8525 [WARN] :  >连接未成功。
2018-05-02 15:02:09.7533 [TRACE] :  >--------------- Program start -----------------
2018-05-02 15:02:10.2803 [TRACE] :  >Load document...
2018-05-02 15:02:10.7793 [TRACE] :  >Hardware initialize...
2018-05-02 15:02:11.8613 [TRACE] :  >System init ok.
2018-05-02 15:02:12.8553 [WARN] :  >YamahaRobotRCX340 断开连接，即将尝试第 1 次重连...
2018-05-02 15:02:14.8213 [WARN] :  >连接未成功。
2018-05-02 15:02:15.8463 [WARN] :  >YamahaRobotRCX340 断开连接，即将尝试第 2 次重连...
2018-05-02 15:02:17.8223 [WARN] :  >连接未成功。
2018-05-02 15:02:18.8473 [WARN] :  >YamahaRobotRCX340 断开连接，即将尝试第 3 次重连...
2018-05-02 15:02:20.8213 [WARN] :  >连接未成功。
2018-05-02 15:02:21.8463 [WARN] :  >YamahaRobotRCX340 断开连接，即将尝试第 4 次重连...
2018-05-02 15:02:23.8213 [WARN] :  >连接未成功。
2018-05-02 15:02:24.8463 [WARN] :  >YamahaRobotRCX340 断开连接，即将尝试第 5 次重连...
2018-05-02 15:02:26.8203 [WARN] :  >连接未成功。
2018-05-02 15:02:27.8453 [WARN] :  >YamahaRobotRCX340 断开连接，即将尝试第 6 次重连...
2018-05-02 15:02:29.8203 [WARN] :  >连接未成功。
2018-05-02 15:02:30.8453 [WARN] :  >YamahaRobotRCX340 断开连接，即将尝试第 7 次重连...
2018-05-02 15:02:32.8243 [WARN] :  >连接未成功。
2018-05-02 15:02:33.8483 [WARN] :  >YamahaRobotRCX340 断开连接，即将尝试第 8 次重连...
2018-05-02 15:02:35.8203 [WARN] :  >连接未成功。
2018-05-02 15:02:36.8453 [WARN] :  >YamahaRobotRCX340 断开连接，即将尝试第 9 次重连...
2018-05-02 15:02:38.8213 [WARN] :  >连接未成功。
2018-05-02 15:02:39.8463 [WARN] :  >YamahaRobotRCX340 断开连接，即将尝试第 10 次重连...
2018-05-02 15:02:41.8203 [WARN] :  >连接未成功。
2018-05-02 15:02:42.8613 [WARN] :  >连接未成功。
2018-05-02 15:04:14.4503 [TRACE] :  >--------------- Program start -----------------
2018-05-02 15:04:14.6375 [TRACE] :  >Load document...
2018-05-02 15:04:14.8247 [TRACE] :  >Hardware initialize...
2018-05-02 15:04:15.8699 [TRACE] :  >System init ok.
2018-05-02 15:04:16.8995 [WARN] :  >YamahaRobotRCX340 断开连接，即将尝试第 1 次重连...
2018-05-02 15:04:18.8495 [WARN] :  >连接未成功。
2018-05-02 15:04:19.8947 [WARN] :  >YamahaRobotRCX340 断开连接，即将尝试第 2 次重连...
2018-05-02 15:04:21.8603 [WARN] :  >连接未成功。
2018-05-02 15:04:22.9055 [WARN] :  >YamahaRobotRCX340 断开连接，即将尝试第 3 次重连...
2018-05-02 15:04:24.8555 [WARN] :  >连接未成功。
2018-05-02 15:04:25.9007 [WARN] :  >YamahaRobotRCX340 断开连接，即将尝试第 4 次重连...
2018-05-02 15:04:27.8507 [WARN] :  >连接未成功。
2018-05-02 15:04:28.8959 [WARN] :  >YamahaRobotRCX340 断开连接，即将尝试第 5 次重连...
2018-05-02 15:04:30.8459 [WARN] :  >连接未成功。
2018-05-02 15:04:31.8911 [WARN] :  >YamahaRobotRCX340 断开连接，即将尝试第 6 次重连...
2018-05-02 15:04:33.8567 [WARN] :  >连接未成功。
2018-05-02 15:04:34.9019 [WARN] :  >YamahaRobotRCX340 断开连接，即将尝试第 7 次重连...
2018-05-02 15:04:36.8519 [WARN] :  >连接未成功。
2018-05-02 15:04:37.8971 [WARN] :  >YamahaRobotRCX340 断开连接，即将尝试第 8 次重连...
2018-05-02 15:04:39.8471 [WARN] :  >连接未成功。
2018-05-02 15:04:40.8923 [WARN] :  >YamahaRobotRCX340 断开连接，即将尝试第 9 次重连...
2018-05-02 15:04:42.8579 [WARN] :  >连接未成功。
2018-05-02 15:04:43.9031 [WARN] :  >YamahaRobotRCX340 断开连接，即将尝试第 10 次重连...
2018-05-02 15:04:45.8531 [WARN] :  >连接未成功。
2018-05-02 15:04:46.8983 [WARN] :  >连接未成功。
2018-05-02 15:14:13.1907 [TRACE] :  >--------------- Program start -----------------
2018-05-02 15:14:13.4407 [TRACE] :  >Load document...
2018-05-02 15:14:13.6647 [TRACE] :  >Hardware initialize...
2018-05-02 15:14:14.3347 [TRACE] :  >System init ok.
2018-05-02 15:14:15.3387 [WARN] :  >YamahaRobotRCX340 断开连接，即将尝试第 1 次重连...
2018-05-02 15:14:17.3127 [WARN] :  >连接未成功。
2018-05-02 15:14:18.3337 [WARN] :  >YamahaRobotRCX340 断开连接，即将尝试第 2 次重连...
2018-05-02 15:14:20.3137 [WARN] :  >连接未成功。
2018-05-02 15:14:21.3387 [WARN] :  >YamahaRobotRCX340 断开连接，即将尝试第 3 次重连...
2018-05-02 15:14:23.3127 [WARN] :  >连接未成功。
2018-05-02 15:14:24.3337 [WARN] :  >YamahaRobotRCX340 断开连接，即将尝试第 4 次重连...
2018-05-02 15:14:26.3137 [WARN] :  >连接未成功。
2018-05-02 15:14:27.3377 [WARN] :  >YamahaRobotRCX340 断开连接，即将尝试第 5 次重连...
2018-05-02 15:14:29.3127 [WARN] :  >连接未成功。
2018-05-02 15:14:30.3337 [WARN] :  >YamahaRobotRCX340 断开连接，即将尝试第 6 次重连...
2018-05-02 15:14:32.3147 [WARN] :  >连接未成功。
2018-05-02 15:14:33.3397 [WARN] :  >YamahaRobotRCX340 断开连接，即将尝试第 7 次重连...
2018-05-02 15:14:35.3117 [WARN] :  >连接未成功。
2018-05-02 15:14:36.3337 [WARN] :  >YamahaRobotRCX340 断开连接，即将尝试第 8 次重连...
2018-05-02 15:16:21.3407 [WARN] :  >YamahaRobotRCX340 断开连接，即将尝试第 9 次重连...
2018-05-02 15:16:23.3057 [WARN] :  >连接未成功。
2018-05-02 15:16:24.3267 [WARN] :  >YamahaRobotRCX340 断开连接，即将尝试第 10 次重连...
2018-05-02 15:16:26.3057 [WARN] :  >连接未成功。
2018-05-02 15:18:00.0147 [TRACE] :  >--------------- Program start -----------------
2018-05-02 15:18:00.2297 [TRACE] :  >Load document...
2018-05-02 15:18:00.4347 [TRACE] :  >Hardware initialize...
2018-05-02 15:18:01.3157 [TRACE] :  >System init ok.
2018-05-02 15:18:02.3257 [WARN] :  >YamahaRobotRCX340 断开连接，即将尝试第 1 次重连...
2018-05-02 15:18:04.3007 [WARN] :  >连接未成功。
2018-05-02 15:18:05.3217 [WARN] :  >YamahaRobotRCX340 断开连接，即将尝试第 2 次重连...
2018-05-02 15:18:07.3007 [WARN] :  >连接未成功。
2018-05-02 15:18:08.3217 [WARN] :  >YamahaRobotRCX340 断开连接，即将尝试第 3 次重连...
2018-05-02 15:18:10.3017 [WARN] :  >连接未成功。
2018-05-02 15:18:11.3267 [WARN] :  >YamahaRobotRCX340 断开连接，即将尝试第 4 次重连...
2018-05-02 15:19:28.3247 [WARN] :  >YamahaRobotRCX340 断开连接，即将尝试第 5 次重连...
2018-05-02 15:19:30.2987 [WARN] :  >连接未成功。
2018-05-02 15:19:31.3277 [WARN] :  >YamahaRobotRCX340 断开连接，即将尝试第 6 次重连...
2018-05-02 15:19:33.2947 [WARN] :  >连接未成功。
2018-05-02 15:19:34.3157 [WARN] :  >YamahaRobotRCX340 断开连接，即将尝试第 7 次重连...
2018-05-02 15:24:20.1457 [TRACE] :  >--------------- Program start -----------------
2018-05-02 15:24:20.3557 [TRACE] :  >Load document...
2018-05-02 15:24:20.5537 [TRACE] :  >Hardware initialize...
2018-05-02 15:24:21.3007 [TRACE] :  >System init ok.
2018-05-02 15:24:22.3047 [WARN] :  >YamahaRobotRCX340 断开连接，即将尝试第 1 次重连...
2018-05-02 15:24:24.2787 [WARN] :  >连接未成功。
2018-05-02 15:24:25.3037 [WARN] :  >YamahaRobotRCX340 断开连接，即将尝试第 2 次重连...
2018-05-02 15:24:27.2797 [WARN] :  >连接未成功。
2018-05-02 15:24:28.3047 [WARN] :  >YamahaRobotRCX340 断开连接，即将尝试第 3 次重连...
2018-05-02 15:24:30.2777 [WARN] :  >连接未成功。
2018-05-02 15:24:31.3027 [WARN] :  >YamahaRobotRCX340 断开连接，即将尝试第 4 次重连...
2018-05-02 15:24:33.2777 [WARN] :  >连接未成功。
2018-05-02 15:24:34.2987 [WARN] :  >YamahaRobotRCX340 断开连接，即将尝试第 5 次重连...
2018-05-02 15:25:04.2977 [WARN] :  >YamahaRobotRCX340 断开连接，即将尝试第 6 次重连...
2018-05-02 15:25:06.2757 [WARN] :  >连接未成功。
2018-05-02 15:25:07.3007 [WARN] :  >YamahaRobotRCX340 断开连接，即将尝试第 7 次重连...
2018-05-02 15:25:09.2757 [WARN] :  >连接未成功。
2018-05-02 15:26:21.4737 [TRACE] :  >--------------- Program start -----------------
2018-05-02 15:26:21.7257 [TRACE] :  >Load document...
2018-05-02 15:26:21.9177 [TRACE] :  >Hardware initialize...
2018-05-02 15:26:22.7867 [TRACE] :  >System init ok.
2018-05-02 15:26:23.7957 [WARN] :  >YamahaRobotRCX340 断开连接，即将尝试第 1 次重连...
2018-05-02 15:26:25.7717 [WARN] :  >连接未成功。
2018-05-02 15:26:26.7977 [WARN] :  >YamahaRobotRCX340 断开连接，即将尝试第 2 次重连...
2018-05-02 15:26:28.7737 [WARN] :  >连接未成功。
2018-05-02 15:26:29.7987 [WARN] :  >YamahaRobotRCX340 断开连接，即将尝试第 3 次重连...
2018-05-02 15:26:31.7707 [WARN] :  >连接未成功。
2018-05-02 15:26:32.7957 [WARN] :  >YamahaRobotRCX340 断开连接，即将尝试第 4 次重连...
2018-05-02 15:26:34.7707 [WARN] :  >连接未成功。
2018-05-02 15:26:35.7957 [WARN] :  >YamahaRobotRCX340 断开连接，即将尝试第 5 次重连...
2018-05-02 15:26:37.7707 [WARN] :  >连接未成功。
2018-05-02 15:26:38.7957 [WARN] :  >YamahaRobotRCX340 断开连接，即将尝试第 6 次重连...
2018-05-02 15:26:53.7907 [WARN] :  >YamahaRobotRCX340 断开连接，即将尝试第 7 次重连...
2018-05-02 15:26:55.7697 [WARN] :  >连接未成功。
2018-05-02 15:26:56.7947 [WARN] :  >YamahaRobotRCX340 断开连接，即将尝试第 8 次重连...
2018-05-02 15:27:28.0567 [TRACE] :  >--------------- Program start -----------------
2018-05-02 15:27:28.5097 [TRACE] :  >Load document...
2018-05-02 15:27:28.9777 [TRACE] :  >Hardware initialize...
2018-05-02 15:27:29.8117 [TRACE] :  >System init ok.
2018-05-02 15:27:30.8097 [WARN] :  >YamahaRobotRCX340 断开连接，即将尝试第 1 次重连...
2018-05-02 15:27:32.7677 [WARN] :  >连接未成功。
2018-05-02 15:27:33.7927 [WARN] :  >YamahaRobotRCX340 断开连接，即将尝试第 2 次重连...
2018-05-02 15:27:35.7697 [WARN] :  >连接未成功。
2018-05-02 15:27:36.7937 [WARN] :  >YamahaRobotRCX340 断开连接，即将尝试第 3 次重连...
2018-05-02 15:27:38.7677 [WARN] :  >连接未成功。
2018-05-02 15:27:39.7927 [WARN] :  >YamahaRobotRCX340 断开连接，即将尝试第 4 次重连...
2018-05-02 15:27:41.7667 [WARN] :  >连接未成功。
2018-05-02 15:27:42.7917 [WARN] :  >YamahaRobotRCX340 断开连接，即将尝试第 5 次重连...
2018-05-02 15:27:44.7667 [WARN] :  >连接未成功。
2018-05-02 15:27:45.7917 [WARN] :  >YamahaRobotRCX340 断开连接，即将尝试第 6 次重连...
2018-05-02 15:27:47.7667 [WARN] :  >连接未成功。
2018-05-02 15:27:48.7907 [WARN] :  >YamahaRobotRCX340 断开连接，即将尝试第 7 次重连...
2018-05-02 15:27:50.7667 [WARN] :  >连接未成功。
2018-05-02 15:27:51.7917 [WARN] :  >YamahaRobotRCX340 断开连接，即将尝试第 8 次重连...
2018-05-02 15:27:53.7667 [WARN] :  >连接未成功。
2018-05-02 15:27:54.7917 [WARN] :  >YamahaRobotRCX340 断开连接，即将尝试第 9 次重连...
2018-05-02 15:27:56.7667 [WARN] :  >连接未成功。
2018-05-02 15:27:57.7917 [WARN] :  >YamahaRobotRCX340 断开连接，即将尝试第 10 次重连...
2018-05-02 15:27:59.7657 [WARN] :  >连接未成功。
2018-05-02 15:28:00.7977 [WARN] :  >连接未成功。
2018-05-02 15:28:35.4757 [TRACE] :  >--------------- Program start -----------------
2018-05-02 15:28:35.8507 [TRACE] :  >Load document...
2018-05-02 15:28:36.3597 [TRACE] :  >Hardware initialize...
2018-05-02 15:28:37.3017 [TRACE] :  >System init ok.
2018-05-02 15:28:38.2987 [WARN] :  >YamahaRobotRCX340 断开连接，即将尝试第 1 次重连...
2018-05-02 15:28:40.2637 [WARN] :  >连接未成功。
2018-05-02 15:28:41.2887 [WARN] :  >YamahaRobotRCX340 断开连接，即将尝试第 2 次重连...
2018-05-02 15:28:43.2647 [WARN] :  >连接未成功。
2018-05-02 15:28:44.2857 [WARN] :  >YamahaRobotRCX340 断开连接，即将尝试第 3 次重连...
2018-05-02 15:33:31.6753 [TRACE] :  >--------------- Program start -----------------
2018-05-02 15:33:32.0943 [TRACE] :  >Load document...
2018-05-02 15:33:32.5603 [TRACE] :  >Hardware initialize...
2018-05-02 15:33:33.3003 [TRACE] :  >System init ok.
2018-05-02 15:33:34.2973 [WARN] :  >YamahaRobotRCX340 断开连接，即将尝试第 1 次重连...
2018-05-02 15:33:42.2603 [WARN] :  >连接未成功。
2018-05-02 15:33:43.2853 [WARN] :  >YamahaRobotRCX340 断开连接，即将尝试第 2 次重连...
2018-05-02 15:34:55.7969 [TRACE] :  >--------------- Program start -----------------
2018-05-02 15:34:56.3429 [TRACE] :  >Load document...
2018-05-02 15:34:56.8421 [TRACE] :  >Hardware initialize...
2018-05-02 15:34:57.8249 [TRACE] :  >System init ok.
2018-05-02 15:34:58.8545 [WARN] :  >YamahaRobotRCX340 断开连接，即将尝试第 1 次重连...
2018-05-02 15:35:00.7889 [WARN] :  >连接未成功。
2018-05-02 15:35:01.8341 [WARN] :  >YamahaRobotRCX340 断开连接，即将尝试第 2 次重连...
2018-05-02 15:35:03.7997 [WARN] :  >连接未成功。
2018-05-02 15:43:36.5043 [TRACE] :  >--------------- Program start -----------------
2018-05-02 15:43:36.9255 [TRACE] :  >Load document...
2018-05-02 15:43:37.4247 [TRACE] :  >Hardware initialize...
2018-05-02 15:43:38.3295 [TRACE] :  >System init ok.
2018-05-02 15:43:39.3747 [WARN] :  >YamahaRobotRCX340 断开连接，即将尝试第 1 次重连...
2018-05-02 15:43:41.2935 [WARN] :  >连接未成功。
2018-05-02 15:43:42.3387 [WARN] :  >YamahaRobotRCX340 断开连接，即将尝试第 2 次重连...
2018-05-02 15:43:44.2887 [WARN] :  >连接未成功。
2018-05-02 15:43:45.3339 [WARN] :  >YamahaRobotRCX340 断开连接，即将尝试第 3 次重连...
2018-05-02 15:43:47.2839 [WARN] :  >连接未成功。
2018-05-02 15:43:48.3291 [WARN] :  >YamahaRobotRCX340 断开连接，即将尝试第 4 次重连...
2018-05-02 15:43:50.2947 [WARN] :  >连接未成功。
2018-05-02 15:43:51.3399 [WARN] :  >YamahaRobotRCX340 断开连接，即将尝试第 5 次重连...
2018-05-02 15:43:53.2547 [WARN] :  >连接未成功。
2018-05-02 15:43:54.3227 [WARN] :  >YamahaRobotRCX340 断开连接，即将尝试第 6 次重连...
2018-05-02 15:43:56.2547 [WARN] :  >连接未成功。
2018-05-02 15:43:57.3321 [WARN] :  >YamahaRobotRCX340 断开连接，即将尝试第 7 次重连...
2018-05-02 15:43:59.2551 [WARN] :  >连接未成功。
2018-05-02 15:44:00.3261 [WARN] :  >YamahaRobotRCX340 断开连接，即将尝试第 8 次重连...
2018-05-02 15:44:02.2917 [WARN] :  >连接未成功。
2018-05-02 15:44:03.3369 [WARN] :  >YamahaRobotRCX340 断开连接，即将尝试第 9 次重连...
2018-05-02 15:44:05.2551 [WARN] :  >连接未成功。
2018-05-02 15:44:06.2763 [WARN] :  >YamahaRobotRCX340 断开连接，即将尝试第 10 次重连...
2018-05-02 15:44:14.0903 [TRACE] :  >--------------- Program start -----------------
2018-05-02 15:44:14.5271 [TRACE] :  >Load document...
2018-05-02 15:44:14.9483 [TRACE] :  >Hardware initialize...
2018-05-02 15:44:15.8219 [TRACE] :  >System init ok.
2018-05-02 15:44:16.8359 [WARN] :  >YamahaRobotRCX340 断开连接，即将尝试第 1 次重连...
2018-05-02 15:44:18.7859 [WARN] :  >连接未成功。
2018-05-02 15:44:19.7775 [WARN] :  >YamahaRobotRCX340 断开连接，即将尝试第 2 次重连...
2018-05-02 15:44:21.7963 [WARN] :  >连接未成功。
2018-05-02 15:44:22.8415 [WARN] :  >YamahaRobotRCX340 断开连接，即将尝试第 3 次重连...
2018-05-02 15:44:24.7917 [WARN] :  >连接未成功。
2018-05-02 15:44:25.8321 [WARN] :  >YamahaRobotRCX340 断开连接，即将尝试第 4 次重连...
2018-05-02 15:44:27.7543 [WARN] :  >连接未成功。
2018-05-02 15:44:28.7803 [WARN] :  >YamahaRobotRCX340 断开连接，即将尝试第 5 次重连...
2018-05-02 15:48:49.9429 [TRACE] :  >--------------- Program start -----------------
2018-05-02 15:48:50.3779 [TRACE] :  >Load document...
2018-05-02 15:48:50.9159 [TRACE] :  >Hardware initialize...
2018-05-02 15:48:51.8159 [TRACE] :  >System init ok.
2018-05-02 15:48:52.8489 [WARN] :  >YamahaRobotRCX340 断开连接，即将尝试第 1 次重连...
2018-05-02 15:48:54.7509 [WARN] :  >连接未成功。
2018-05-02 15:48:55.7719 [WARN] :  >YamahaRobotRCX340 断开连接，即将尝试第 2 次重连...
2018-05-02 15:48:57.7539 [WARN] :  >连接未成功。
2018-05-02 15:48:58.7779 [WARN] :  >YamahaRobotRCX340 断开连接，即将尝试第 3 次重连...
2018-05-02 15:49:00.7499 [WARN] :  >连接未成功。
2018-05-02 15:49:01.7749 [WARN] :  >YamahaRobotRCX340 断开连接，即将尝试第 4 次重连...
2018-05-02 15:49:03.7499 [WARN] :  >连接未成功。
2018-05-02 15:49:04.7749 [WARN] :  >YamahaRobotRCX340 断开连接，即将尝试第 5 次重连...
2018-05-02 15:49:06.7499 [WARN] :  >连接未成功。
2018-05-02 15:49:07.7749 [WARN] :  >YamahaRobotRCX340 断开连接，即将尝试第 6 次重连...
2018-05-02 15:49:09.7499 [WARN] :  >连接未成功。
2018-05-02 15:49:10.7749 [WARN] :  >YamahaRobotRCX340 断开连接，即将尝试第 7 次重连...
2018-05-02 15:49:12.7499 [WARN] :  >连接未成功。
2018-05-02 15:49:13.7769 [WARN] :  >YamahaRobotRCX340 断开连接，即将尝试第 8 次重连...
2018-05-02 15:49:15.7619 [WARN] :  >连接未成功。
2018-05-02 15:49:16.7909 [WARN] :  >YamahaRobotRCX340 断开连接，即将尝试第 9 次重连...
2018-05-02 15:49:18.7489 [WARN] :  >连接未成功。
2018-05-02 15:49:19.7739 [WARN] :  >YamahaRobotRCX340 断开连接，即将尝试第 10 次重连...
2018-05-02 15:49:21.7489 [WARN] :  >连接未成功。
2018-05-02 15:49:22.7889 [WARN] :  >连接未成功。
2018-05-02 15:59:35.4305 [TRACE] :  >--------------- Program start -----------------
2018-05-02 15:59:35.6801 [TRACE] :  >Load document...
2018-05-02 15:59:35.8673 [TRACE] :  >Hardware initialize...
2018-05-02 15:59:36.7877 [TRACE] :  >System init ok.
2018-05-02 15:59:37.8173 [WARN] :  >YamahaRobotRCX340 断开连接，即将尝试第 1 次重连...
2018-05-02 15:59:39.7673 [WARN] :  >连接未成功。
2018-05-02 15:59:40.8125 [WARN] :  >YamahaRobotRCX340 断开连接，即将尝试第 2 次重连...
2018-05-02 15:59:42.7781 [WARN] :  >连接未成功。
2018-05-02 15:59:43.8233 [WARN] :  >YamahaRobotRCX340 断开连接，即将尝试第 3 次重连...
2018-05-02 15:59:45.7733 [WARN] :  >连接未成功。
2018-05-02 15:59:46.8185 [WARN] :  >YamahaRobotRCX340 断开连接，即将尝试第 4 次重连...
2018-05-02 15:59:48.7685 [WARN] :  >连接未成功。
2018-05-02 15:59:49.8137 [WARN] :  >YamahaRobotRCX340 断开连接，即将尝试第 5 次重连...
2018-05-02 15:59:51.7793 [WARN] :  >连接未成功。
2018-05-02 15:59:52.8245 [WARN] :  >YamahaRobotRCX340 断开连接，即将尝试第 6 次重连...
2018-05-02 15:59:54.7745 [WARN] :  >连接未成功。
2018-05-02 15:59:55.8197 [WARN] :  >YamahaRobotRCX340 断开连接，即将尝试第 7 次重连...
2018-05-02 15:59:57.7697 [WARN] :  >连接未成功。
2018-05-02 15:59:58.8149 [WARN] :  >YamahaRobotRCX340 断开连接，即将尝试第 8 次重连...
2018-05-02 16:00:00.7805 [WARN] :  >连接未成功。
2018-05-02 16:00:01.8257 [WARN] :  >YamahaRobotRCX340 断开连接，即将尝试第 9 次重连...
2018-05-02 16:00:03.7757 [WARN] :  >连接未成功。
2018-05-02 16:00:04.8209 [WARN] :  >YamahaRobotRCX340 断开连接，即将尝试第 10 次重连...
2018-05-02 16:00:06.7709 [WARN] :  >连接未成功。
2018-05-02 16:00:07.8161 [WARN] :  >连接未成功。
2018-05-02 16:05:08.7579 [TRACE] :  >--------------- Program start -----------------
2018-05-02 16:05:09.0075 [TRACE] :  >Load document...
2018-05-02 16:05:09.2103 [TRACE] :  >Hardware initialize...
2018-05-02 16:05:10.2867 [TRACE] :  >System init ok.
2018-05-02 16:05:11.3163 [WARN] :  >YamahaRobotRCX340 断开连接，即将尝试第 1 次重连...
2018-05-02 16:05:13.2663 [WARN] :  >连接未成功。
2018-05-02 16:05:14.3115 [WARN] :  >YamahaRobotRCX340 断开连接，即将尝试第 2 次重连...
2018-05-02 16:05:16.2771 [WARN] :  >连接未成功。
2018-05-02 16:05:17.3223 [WARN] :  >YamahaRobotRCX340 断开连接，即将尝试第 3 次重连...
2018-05-02 16:05:19.2723 [WARN] :  >连接未成功。
2018-05-02 16:05:20.3175 [WARN] :  >YamahaRobotRCX340 断开连接，即将尝试第 4 次重连...
2018-05-02 16:05:22.2675 [WARN] :  >连接未成功。
2018-05-02 16:05:23.3127 [WARN] :  >YamahaRobotRCX340 断开连接，即将尝试第 5 次重连...
2018-05-02 16:05:25.2783 [WARN] :  >连接未成功。
2018-05-02 16:05:26.3235 [WARN] :  >YamahaRobotRCX340 断开连接，即将尝试第 6 次重连...
2018-05-02 16:05:28.2735 [WARN] :  >连接未成功。
2018-05-02 16:05:29.3187 [WARN] :  >YamahaRobotRCX340 断开连接，即将尝试第 7 次重连...
2018-05-02 16:05:31.2687 [WARN] :  >连接未成功。
2018-05-02 16:05:32.3139 [WARN] :  >YamahaRobotRCX340 断开连接，即将尝试第 8 次重连...
2018-05-02 16:05:34.2795 [WARN] :  >连接未成功。
2018-05-02 16:05:35.3247 [WARN] :  >YamahaRobotRCX340 断开连接，即将尝试第 9 次重连...
2018-05-02 16:05:37.2747 [WARN] :  >连接未成功。
2018-05-02 16:05:38.3199 [WARN] :  >YamahaRobotRCX340 断开连接，即将尝试第 10 次重连...
2018-05-02 16:05:40.2699 [WARN] :  >连接未成功。
2018-05-02 16:05:41.3151 [WARN] :  >连接未成功。
2018-05-02 16:06:23.6815 [TRACE] :  >--------------- Program start -----------------
2018-05-02 16:06:23.9467 [TRACE] :  >Load document...
2018-05-02 16:06:24.1349 [TRACE] :  >Hardware initialize...
2018-05-02 16:06:24.7901 [TRACE] :  >System init ok.
2018-05-02 16:06:25.8197 [WARN] :  >YamahaRobotRCX340 断开连接，即将尝试第 1 次重连...
2018-05-02 16:06:27.7697 [WARN] :  >连接未成功。
2018-05-02 16:06:28.8149 [WARN] :  >YamahaRobotRCX340 断开连接，即将尝试第 2 次重连...
2018-05-02 16:06:30.7649 [WARN] :  >连接未成功。
2018-05-02 16:06:31.8101 [WARN] :  >YamahaRobotRCX340 断开连接，即将尝试第 3 次重连...
2018-05-02 16:06:33.7757 [WARN] :  >连接未成功。
2018-05-02 16:06:34.8219 [WARN] :  >YamahaRobotRCX340 断开连接，即将尝试第 4 次重连...
2018-05-02 16:06:36.7719 [WARN] :  >连接未成功。
2018-05-02 16:06:37.8171 [WARN] :  >YamahaRobotRCX340 断开连接，即将尝试第 5 次重连...
2018-05-02 16:06:39.7671 [WARN] :  >连接未成功。
2018-05-02 16:06:40.8123 [WARN] :  >YamahaRobotRCX340 断开连接，即将尝试第 6 次重连...
2018-05-02 16:06:42.7779 [WARN] :  >连接未成功。
2018-05-02 16:06:43.8231 [WARN] :  >YamahaRobotRCX340 断开连接，即将尝试第 7 次重连...
2018-05-02 16:06:45.7731 [WARN] :  >连接未成功。
2018-05-02 16:06:46.8183 [WARN] :  >YamahaRobotRCX340 断开连接，即将尝试第 8 次重连...
2018-05-02 16:06:48.7683 [WARN] :  >连接未成功。
2018-05-02 16:06:49.8135 [WARN] :  >YamahaRobotRCX340 断开连接，即将尝试第 9 次重连...
2018-05-02 16:06:51.7791 [WARN] :  >连接未成功。
2018-05-02 16:06:52.8243 [WARN] :  >YamahaRobotRCX340 断开连接，即将尝试第 10 次重连...
2018-05-02 16:06:54.7743 [WARN] :  >连接未成功。
2018-05-02 16:06:55.8195 [WARN] :  >连接未成功。
2018-05-02 16:10:08.7603 [TRACE] :  >--------------- Program start -----------------
2018-05-02 16:10:09.1035 [TRACE] :  >Load document...
2018-05-02 16:10:09.5247 [TRACE] :  >Hardware initialize...
2018-05-02 16:10:10.3047 [TRACE] :  >System init ok.
2018-05-02 16:10:11.3187 [WARN] :  >YamahaRobotRCX340 断开连接，即将尝试第 1 次重连...
2018-05-02 16:10:13.2687 [WARN] :  >连接未成功。
2018-05-02 16:10:14.3139 [WARN] :  >YamahaRobotRCX340 断开连接，即将尝试第 2 次重连...
2018-05-02 16:10:16.2639 [WARN] :  >连接未成功。
2018-05-02 16:10:17.3091 [WARN] :  >YamahaRobotRCX340 断开连接，即将尝试第 3 次重连...
2018-05-02 16:10:19.2747 [WARN] :  >连接未成功。
2018-05-02 16:10:20.3199 [WARN] :  >YamahaRobotRCX340 断开连接，即将尝试第 4 次重连...
2018-05-02 16:10:22.2699 [WARN] :  >连接未成功。
2018-05-02 16:10:23.3151 [WARN] :  >YamahaRobotRCX340 断开连接，即将尝试第 5 次重连...
2018-05-02 16:10:25.2651 [WARN] :  >连接未成功。
2018-05-02 16:10:26.3103 [WARN] :  >YamahaRobotRCX340 断开连接，即将尝试第 6 次重连...
2018-05-02 16:10:28.2759 [WARN] :  >连接未成功。
2018-05-02 16:10:29.3211 [WARN] :  >YamahaRobotRCX340 断开连接，即将尝试第 7 次重连...
2018-05-02 16:10:31.2711 [WARN] :  >连接未成功。
2018-05-02 16:10:32.3319 [WARN] :  >YamahaRobotRCX340 断开连接，即将尝试第 8 次重连...
2018-05-02 16:10:43.7653 [WARN] :  >连接未成功。
2018-05-02 16:10:44.7923 [WARN] :  >YamahaRobotRCX340 断开连接，即将尝试第 9 次重连...
2018-05-02 16:10:46.7707 [WARN] :  >连接未成功。
2018-05-02 16:10:47.8159 [WARN] :  >YamahaRobotRCX340 断开连接，即将尝试第 10 次重连...
2018-05-02 16:10:49.7659 [WARN] :  >连接未成功。
2018-05-02 16:10:50.8111 [WARN] :  >连接未成功。
2018-05-02 16:15:32.3519 [TRACE] :  >--------------- Program start -----------------
2018-05-02 16:15:32.5529 [TRACE] :  >Load document...
2018-05-02 16:15:32.7439 [TRACE] :  >Hardware initialize...
2018-05-02 16:15:33.7539 [TRACE] :  >System init ok.
2018-05-02 16:15:34.7579 [WARN] :  >YamahaRobotRCX340 断开连接，即将尝试第 1 次重连...
2018-05-02 16:15:36.7319 [WARN] :  >连接未成功。
2018-05-02 16:15:37.7529 [WARN] :  >YamahaRobotRCX340 断开连接，即将尝试第 2 次重连...
2018-05-02 16:15:39.7329 [WARN] :  >连接未成功。
2018-05-02 16:15:40.8429 [WARN] :  >YamahaRobotRCX340 断开连接，即将尝试第 3 次重连...
2018-05-02 16:15:42.7309 [WARN] :  >连接未成功。
2018-05-02 16:15:43.7559 [WARN] :  >YamahaRobotRCX340 断开连接，即将尝试第 4 次重连...
2018-05-02 16:15:45.7329 [WARN] :  >连接未成功。
2018-05-02 16:15:46.7599 [WARN] :  >YamahaRobotRCX340 断开连接，即将尝试第 5 次重连...
2018-05-02 16:15:48.7329 [WARN] :  >连接未成功。
2018-05-02 16:15:49.7609 [WARN] :  >YamahaRobotRCX340 断开连接，即将尝试第 6 次重连...
2018-05-02 16:15:51.7349 [WARN] :  >连接未成功。
2018-05-02 16:15:52.7619 [WARN] :  >YamahaRobotRCX340 断开连接，即将尝试第 7 次重连...
2018-05-02 16:15:54.7359 [WARN] :  >连接未成功。
2018-05-02 16:15:55.7619 [WARN] :  >YamahaRobotRCX340 断开连接，即将尝试第 8 次重连...
2018-05-02 16:15:57.7329 [WARN] :  >连接未成功。
2018-05-02 16:15:58.7599 [WARN] :  >YamahaRobotRCX340 断开连接，即将尝试第 9 次重连...
2018-05-02 16:16:00.7319 [WARN] :  >连接未成功。
2018-05-02 16:16:01.7589 [WARN] :  >YamahaRobotRCX340 断开连接，即将尝试第 10 次重连...
2018-05-02 16:16:03.7319 [WARN] :  >连接未成功。
2018-05-02 16:16:04.7659 [WARN] :  >连接未成功。
2018-05-02 16:19:33.6691 [TRACE] :  >--------------- Program start -----------------
2018-05-02 16:19:34.1215 [TRACE] :  >Load document...
2018-05-02 16:19:34.5115 [TRACE] :  >Hardware initialize...
2018-05-02 16:19:35.3071 [TRACE] :  >System init ok.
2018-05-02 16:19:36.3211 [WARN] :  >YamahaRobotRCX340 断开连接，即将尝试第 1 次重连...
2018-05-02 16:19:38.2555 [WARN] :  >连接未成功。
2018-05-02 16:19:39.3007 [WARN] :  >YamahaRobotRCX340 断开连接，即将尝试第 2 次重连...
2018-05-02 16:19:41.2507 [WARN] :  >连接未成功。
2018-05-02 16:19:42.2959 [WARN] :  >YamahaRobotRCX340 断开连接，即将尝试第 3 次重连...
2018-05-02 16:19:44.2615 [WARN] :  >连接未成功。
2018-05-02 16:19:45.3067 [WARN] :  >YamahaRobotRCX340 断开连接，即将尝试第 4 次重连...
2018-05-02 16:19:47.2567 [WARN] :  >连接未成功。
2018-05-02 16:19:48.3019 [WARN] :  >YamahaRobotRCX340 断开连接，即将尝试第 5 次重连...
2018-05-02 16:19:50.2519 [WARN] :  >连接未成功。
2018-05-02 16:19:51.2971 [WARN] :  >YamahaRobotRCX340 断开连接，即将尝试第 6 次重连...
2018-05-02 16:19:53.2471 [WARN] :  >连接未成功。
2018-05-02 16:19:54.2923 [WARN] :  >YamahaRobotRCX340 断开连接，即将尝试第 7 次重连...
2018-05-02 16:19:56.2579 [WARN] :  >连接未成功。
2018-05-02 16:19:57.3031 [WARN] :  >YamahaRobotRCX340 断开连接，即将尝试第 8 次重连...
2018-05-02 16:19:59.2531 [WARN] :  >连接未成功。
2018-05-02 16:20:00.2983 [WARN] :  >YamahaRobotRCX340 断开连接，即将尝试第 9 次重连...
2018-05-02 16:20:02.2483 [WARN] :  >连接未成功。
2018-05-02 16:20:03.2935 [WARN] :  >YamahaRobotRCX340 断开连接，即将尝试第 10 次重连...
2018-05-02 16:20:05.2591 [WARN] :  >连接未成功。
2018-05-02 16:20:06.3043 [WARN] :  >连接未成功。
2018-05-02 16:22:11.1147 [TRACE] :  >--------------- Program start -----------------
2018-05-02 16:22:11.4735 [TRACE] :  >Load document...
2018-05-02 16:22:11.8635 [TRACE] :  >Hardware initialize...
2018-05-02 16:22:12.7839 [TRACE] :  >System init ok.
2018-05-02 16:22:13.7979 [WARN] :  >YamahaRobotRCX340 断开连接，即将尝试第 1 次重连...
2018-05-02 16:22:15.7479 [WARN] :  >连接未成功。
2018-05-02 16:22:16.7931 [WARN] :  >YamahaRobotRCX340 断开连接，即将尝试第 2 次重连...
2018-05-02 16:22:18.7587 [WARN] :  >连接未成功。
2018-05-02 16:22:19.8039 [WARN] :  >YamahaRobotRCX340 断开连接，即将尝试第 3 次重连...
2018-05-02 16:22:21.7539 [WARN] :  >连接未成功。
2018-05-02 16:22:22.7991 [WARN] :  >YamahaRobotRCX340 断开连接，即将尝试第 4 次重连...
2018-05-02 16:22:24.7491 [WARN] :  >连接未成功。
2018-05-02 16:22:25.7943 [WARN] :  >YamahaRobotRCX340 断开连接，即将尝试第 5 次重连...
2018-05-02 16:22:27.7599 [WARN] :  >连接未成功。
2018-05-02 16:22:28.8051 [WARN] :  >YamahaRobotRCX340 断开连接，即将尝试第 6 次重连...
2018-05-02 16:22:30.7551 [WARN] :  >连接未成功。
2018-05-02 16:22:31.8003 [WARN] :  >YamahaRobotRCX340 断开连接，即将尝试第 7 次重连...
2018-05-02 16:22:33.7503 [WARN] :  >连接未成功。
2018-05-02 16:22:34.7955 [WARN] :  >YamahaRobotRCX340 断开连接，即将尝试第 8 次重连...
2018-05-02 16:22:36.7611 [WARN] :  >连接未成功。
2018-05-02 16:22:37.8063 [WARN] :  >YamahaRobotRCX340 断开连接，即将尝试第 9 次重连...
2018-05-02 16:22:39.7563 [WARN] :  >连接未成功。
2018-05-02 16:22:40.8015 [WARN] :  >YamahaRobotRCX340 断开连接，即将尝试第 10 次重连...
2018-05-02 16:22:42.7515 [WARN] :  >连接未成功。
2018-05-02 16:22:43.7967 [WARN] :  >连接未成功。
2018-05-02 16:27:34.1509 [TRACE] :  >--------------- Program start -----------------
2018-05-02 16:27:34.5009 [TRACE] :  >Load document...
2018-05-02 16:27:34.9029 [TRACE] :  >Hardware initialize...
2018-05-02 16:27:35.7549 [TRACE] :  >System init ok.
2018-05-02 16:27:36.7529 [WARN] :  >YamahaRobotRCX340 断开连接，即将尝试第 1 次重连...
2018-05-02 16:27:38.7149 [WARN] :  >连接未成功。
2018-05-02 16:27:39.7399 [WARN] :  >YamahaRobotRCX340 断开连接，即将尝试第 2 次重连...
2018-05-02 16:27:41.7199 [WARN] :  >连接未成功。
2018-05-02 16:27:42.7459 [WARN] :  >YamahaRobotRCX340 断开连接，即将尝试第 3 次重连...
2018-05-02 16:27:44.7159 [WARN] :  >连接未成功。
2018-05-02 16:27:45.7439 [WARN] :  >YamahaRobotRCX340 断开连接，即将尝试第 4 次重连...
2018-05-02 16:27:47.7139 [WARN] :  >连接未成功。
2018-05-02 16:27:48.7399 [WARN] :  >YamahaRobotRCX340 断开连接，即将尝试第 5 次重连...
2018-05-02 16:27:50.7169 [WARN] :  >连接未成功。
2018-05-02 16:27:51.7429 [WARN] :  >YamahaRobotRCX340 断开连接，即将尝试第 6 次重连...
2018-05-02 16:27:53.7149 [WARN] :  >连接未成功。
2018-05-02 16:27:54.7409 [WARN] :  >YamahaRobotRCX340 断开连接，即将尝试第 7 次重连...
2018-05-02 16:27:56.7159 [WARN] :  >连接未成功。
2018-05-02 16:27:57.7429 [WARN] :  >YamahaRobotRCX340 断开连接，即将尝试第 8 次重连...
2018-05-02 16:28:00.2679 [WARN] :  >连接未成功。
2018-05-02 16:28:01.3249 [WARN] :  >YamahaRobotRCX340 断开连接，即将尝试第 9 次重连...
2018-05-02 16:28:03.2149 [WARN] :  >连接未成功。
2018-05-02 16:28:04.2379 [WARN] :  >YamahaRobotRCX340 断开连接，即将尝试第 10 次重连...
2018-05-02 16:28:06.2139 [WARN] :  >连接未成功。
2018-05-02 16:28:07.2489 [WARN] :  >连接未成功。
2018-05-02 16:33:20.6960 [TRACE] :  >--------------- Program start -----------------
2018-05-02 16:33:21.0970 [TRACE] :  >Load document...
2018-05-02 16:33:21.7450 [TRACE] :  >Hardware initialize...
2018-05-02 16:33:22.7290 [TRACE] :  >System init ok.
2018-05-02 16:33:23.7470 [WARN] :  >YamahaRobotRCX340 断开连接，即将尝试第 1 次重连...
2018-05-02 16:33:25.7000 [WARN] :  >连接未成功。
2018-05-02 16:33:26.7210 [WARN] :  >YamahaRobotRCX340 断开连接，即将尝试第 2 次重连...
2018-05-02 16:33:28.7040 [WARN] :  >连接未成功。
2018-05-02 16:33:29.7270 [WARN] :  >YamahaRobotRCX340 断开连接，即将尝试第 3 次重连...
2018-05-02 16:33:31.7020 [WARN] :  >连接未成功。
2018-05-02 16:33:32.7280 [WARN] :  >YamahaRobotRCX340 断开连接，即将尝试第 4 次重连...
2018-05-02 16:35:12.7745 [TRACE] :  >--------------- Program start -----------------
2018-05-02 16:35:13.1333 [TRACE] :  >Load document...
2018-05-02 16:35:13.5233 [TRACE] :  >Hardware initialize...
2018-05-02 16:35:14.2564 [TRACE] :  >System init ok.
2018-05-02 16:35:15.2714 [WARN] :  >YamahaRobotRCX340 断开连接，即将尝试第 1 次重连...
2018-05-02 16:35:17.2368 [WARN] :  >连接未成功。
2018-05-02 16:35:18.2820 [WARN] :  >YamahaRobotRCX340 断开连接，即将尝试第 2 次重连...
2018-05-02 16:35:20.2318 [WARN] :  >连接未成功。
2018-05-02 16:35:21.2770 [WARN] :  >YamahaRobotRCX340 断开连接，即将尝试第 3 次重连...
2018-05-02 16:35:23.2323 [WARN] :  >连接未成功。
2018-05-02 16:35:24.2238 [WARN] :  >YamahaRobotRCX340 断开连接，即将尝试第 4 次重连...
2018-05-02 16:35:26.1922 [WARN] :  >连接未成功。
2018-05-02 16:35:27.2189 [WARN] :  >YamahaRobotRCX340 断开连接，即将尝试第 5 次重连...
2018-05-02 16:35:29.2228 [WARN] :  >连接未成功。
2018-05-02 16:35:30.2680 [WARN] :  >YamahaRobotRCX340 断开连接，即将尝试第 6 次重连...
2018-05-02 16:35:32.2334 [WARN] :  >连接未成功。
2018-05-02 16:35:33.2786 [WARN] :  >YamahaRobotRCX340 断开连接，即将尝试第 7 次重连...
2018-05-02 16:35:35.2284 [WARN] :  >连接未成功。
2018-05-02 16:35:36.2736 [WARN] :  >YamahaRobotRCX340 断开连接，即将尝试第 8 次重连...
2018-05-02 16:35:38.2235 [WARN] :  >连接未成功。
2018-05-02 16:35:39.2686 [WARN] :  >YamahaRobotRCX340 断开连接，即将尝试第 9 次重连...
2018-05-02 16:35:41.2341 [WARN] :  >连接未成功。
2018-05-02 16:35:42.2792 [WARN] :  >YamahaRobotRCX340 断开连接，即将尝试第 10 次重连...
2018-05-02 16:35:44.2291 [WARN] :  >连接未成功。
2018-05-02 16:35:45.2742 [WARN] :  >连接未成功。
2018-05-02 16:38:57.7099 [TRACE] :  >--------------- Program start -----------------
2018-05-02 16:38:58.0531 [TRACE] :  >Load document...
2018-05-02 16:38:58.4587 [TRACE] :  >Hardware initialize...
2018-05-02 16:38:59.2387 [TRACE] :  >System init ok.
2018-05-02 16:39:00.2683 [WARN] :  >YamahaRobotRCX340 断开连接，即将尝试第 1 次重连...
2018-05-02 16:39:02.2182 [WARN] :  >连接未成功。
2018-05-02 16:39:03.2634 [WARN] :  >YamahaRobotRCX340 断开连接，即将尝试第 2 次重连...
2018-05-02 16:39:05.2133 [WARN] :  >连接未成功。
2018-05-02 16:39:06.2585 [WARN] :  >YamahaRobotRCX340 断开连接，即将尝试第 3 次重连...
2018-05-02 16:39:08.2241 [WARN] :  >连接未成功。
2018-05-02 16:39:09.2692 [WARN] :  >YamahaRobotRCX340 断开连接，即将尝试第 4 次重连...
2018-05-02 16:39:11.2192 [WARN] :  >连接未成功。
2018-05-02 16:39:12.2644 [WARN] :  >YamahaRobotRCX340 断开连接，即将尝试第 5 次重连...
2018-05-02 16:39:14.2143 [WARN] :  >连接未成功。
2018-05-02 16:39:15.2595 [WARN] :  >YamahaRobotRCX340 断开连接，即将尝试第 6 次重连...
2018-05-02 16:39:17.2250 [WARN] :  >连接未成功。
2018-05-02 16:39:18.2702 [WARN] :  >YamahaRobotRCX340 断开连接，即将尝试第 7 次重连...
2018-05-02 16:39:20.2201 [WARN] :  >连接未成功。
2018-05-02 16:39:21.2653 [WARN] :  >YamahaRobotRCX340 断开连接，即将尝试第 8 次重连...
2018-05-02 16:39:23.2153 [WARN] :  >连接未成功。
2018-05-02 16:39:24.2604 [WARN] :  >YamahaRobotRCX340 断开连接，即将尝试第 9 次重连...
2018-05-02 16:39:26.2260 [WARN] :  >连接未成功。
2018-05-02 16:39:27.2712 [WARN] :  >YamahaRobotRCX340 断开连接，即将尝试第 10 次重连...
2018-05-02 16:39:29.2211 [WARN] :  >连接未成功。
2018-05-02 16:39:30.2663 [WARN] :  >连接未成功。
2018-05-02 16:44:46.3867 [TRACE] :  >--------------- Program start -----------------
2018-05-02 16:44:46.6437 [TRACE] :  >Load document...
2018-05-02 16:44:46.8527 [TRACE] :  >Hardware initialize...
2018-05-02 16:44:47.6997 [TRACE] :  >System init ok.
2018-05-02 16:44:48.7037 [WARN] :  >YamahaRobotRCX340 断开连接，即将尝试第 1 次重连...
2018-05-02 16:44:50.6787 [WARN] :  >连接未成功。
2018-05-02 16:44:51.7037 [WARN] :  >YamahaRobotRCX340 断开连接，即将尝试第 2 次重连...
2018-05-02 16:44:53.6787 [WARN] :  >连接未成功。
2018-05-02 16:44:54.7057 [WARN] :  >YamahaRobotRCX340 断开连接，即将尝试第 3 次重连...
2018-05-02 16:44:56.6797 [WARN] :  >连接未成功。
2018-05-02 16:44:57.7057 [WARN] :  >YamahaRobotRCX340 断开连接，即将尝试第 4 次重连...
2018-05-02 16:44:59.6797 [WARN] :  >连接未成功。
2018-05-02 16:45:00.7067 [WARN] :  >YamahaRobotRCX340 断开连接，即将尝试第 5 次重连...
2018-05-02 16:45:02.6777 [WARN] :  >连接未成功。
2018-05-02 16:45:03.7027 [WARN] :  >YamahaRobotRCX340 断开连接，即将尝试第 6 次重连...
2018-05-02 16:45:05.6797 [WARN] :  >连接未成功。
2018-05-02 16:45:06.7057 [WARN] :  >YamahaRobotRCX340 断开连接，即将尝试第 7 次重连...
2018-05-02 16:45:08.6787 [WARN] :  >连接未成功。
2018-05-02 16:45:09.7057 [WARN] :  >YamahaRobotRCX340 断开连接，即将尝试第 8 次重连...
2018-05-02 16:45:11.6787 [WARN] :  >连接未成功。
2018-05-02 16:45:12.7057 [WARN] :  >YamahaRobotRCX340 断开连接，即将尝试第 9 次重连...
2018-05-02 16:45:14.6787 [WARN] :  >连接未成功。
2018-05-02 16:45:15.7057 [WARN] :  >YamahaRobotRCX340 断开连接，即将尝试第 10 次重连...
2018-05-02 16:45:17.6777 [WARN] :  >连接未成功。
2018-05-02 16:45:18.7127 [WARN] :  >连接未成功。
2018-05-02 16:48:21.3487 [TRACE] :  >--------------- Program start -----------------
2018-05-02 16:48:21.7917 [TRACE] :  >Load document...
2018-05-02 16:48:22.2057 [TRACE] :  >Hardware initialize...
2018-05-02 16:48:23.2007 [TRACE] :  >System init ok.
2018-05-02 16:48:24.2007 [WARN] :  >YamahaRobotRCX340 断开连接，即将尝试第 1 次重连...
2018-05-02 16:48:26.1657 [WARN] :  >连接未成功。
2018-05-02 16:48:27.1907 [WARN] :  >YamahaRobotRCX340 断开连接，即将尝试第 2 次重连...
2018-05-02 16:48:29.1667 [WARN] :  >连接未成功。
2018-05-02 16:51:31.9110 [TRACE] :  >--------------- Program start -----------------
2018-05-02 16:51:32.3478 [TRACE] :  >Load document...
2018-05-02 16:51:32.7846 [TRACE] :  >Hardware initialize...
2018-05-02 16:51:33.7372 [TRACE] :  >System init ok.
2018-05-02 16:51:34.7512 [WARN] :  >YamahaRobotRCX340 断开连接，即将尝试第 1 次重连...
2018-05-02 16:51:36.7012 [WARN] :  >连接未成功。
2018-05-02 16:51:37.7464 [WARN] :  >YamahaRobotRCX340 断开连接，即将尝试第 2 次重连...
2018-05-02 16:51:39.6964 [WARN] :  >连接未成功。
2018-05-02 16:51:40.7416 [WARN] :  >YamahaRobotRCX340 断开连接，即将尝试第 3 次重连...
2018-05-02 16:51:42.6916 [WARN] :  >连接未成功。
2018-05-02 16:51:43.7368 [WARN] :  >YamahaRobotRCX340 断开连接，即将尝试第 4 次重连...
2018-05-02 16:51:45.7024 [WARN] :  >连接未成功。
2018-05-02 16:51:46.7476 [WARN] :  >YamahaRobotRCX340 断开连接，即将尝试第 5 次重连...
2018-05-02 16:51:48.6976 [WARN] :  >连接未成功。
2018-05-02 16:51:49.7428 [WARN] :  >YamahaRobotRCX340 断开连接，即将尝试第 6 次重连...
2018-05-02 16:51:51.6928 [WARN] :  >连接未成功。
2018-05-02 16:51:52.7380 [WARN] :  >YamahaRobotRCX340 断开连接，即将尝试第 7 次重连...
2018-05-02 16:51:54.7036 [WARN] :  >连接未成功。
2018-05-02 16:51:55.7488 [WARN] :  >YamahaRobotRCX340 断开连接，即将尝试第 8 次重连...
2018-05-02 16:51:57.6988 [WARN] :  >连接未成功。
2018-05-02 16:51:58.7440 [WARN] :  >YamahaRobotRCX340 断开连接，即将尝试第 9 次重连...
2018-05-02 16:52:00.6940 [WARN] :  >连接未成功。
2018-05-02 16:52:01.7392 [WARN] :  >YamahaRobotRCX340 断开连接，即将尝试第 10 次重连...
2018-05-02 16:52:03.7048 [WARN] :  >连接未成功。
2018-05-02 16:52:04.7500 [WARN] :  >连接未成功。
2018-05-02 17:13:08.5796 [TRACE] :  >--------------- Program start -----------------
2018-05-02 17:13:08.9956 [TRACE] :  >Load document...
2018-05-02 17:13:09.4956 [TRACE] :  >Hardware initialize...
2018-05-02 17:13:10.6846 [TRACE] :  >System init ok.
2018-05-02 17:13:11.6796 [WARN] :  >YamahaRobotRCX340 断开连接，即将尝试第 1 次重连...
2018-05-02 17:13:13.6436 [WARN] :  >连接未成功。
2018-05-02 17:13:14.6686 [WARN] :  >YamahaRobotRCX340 断开连接，即将尝试第 2 次重连...
2018-05-02 17:13:16.6446 [WARN] :  >连接未成功。
2018-05-02 17:13:17.6696 [WARN] :  >YamahaRobotRCX340 断开连接，即将尝试第 3 次重连...
2018-05-02 17:13:19.6456 [WARN] :  >连接未成功。
2018-05-02 17:13:20.7006 [WARN] :  >YamahaRobotRCX340 断开连接，即将尝试第 4 次重连...
2018-05-02 17:13:22.6456 [WARN] :  >连接未成功。
2018-05-02 17:13:23.6726 [WARN] :  >YamahaRobotRCX340 断开连接，即将尝试第 5 次重连...
2018-05-02 17:13:25.6426 [WARN] :  >连接未成功。
2018-05-02 17:13:26.6686 [WARN] :  >YamahaRobotRCX340 断开连接，即将尝试第 6 次重连...
2018-05-02 17:13:28.6426 [WARN] :  >连接未成功。
2018-05-02 17:13:29.6706 [WARN] :  >YamahaRobotRCX340 断开连接，即将尝试第 7 次重连...
2018-05-02 17:13:31.6446 [WARN] :  >连接未成功。
2018-05-02 17:13:32.6716 [WARN] :  >YamahaRobotRCX340 断开连接，即将尝试第 8 次重连...
2018-05-02 17:13:34.6446 [WARN] :  >连接未成功。
2018-05-02 17:13:35.6706 [WARN] :  >YamahaRobotRCX340 断开连接，即将尝试第 9 次重连...
2018-05-02 17:13:37.6446 [WARN] :  >连接未成功。
2018-05-02 17:13:38.6716 [WARN] :  >YamahaRobotRCX340 断开连接，即将尝试第 10 次重连...
2018-05-02 17:13:40.6446 [WARN] :  >连接未成功。
2018-05-02 17:13:41.6786 [WARN] :  >连接未成功。
2018-05-02 17:17:16.2286 [TRACE] :  >--------------- Program start -----------------
2018-05-02 17:17:16.4976 [TRACE] :  >Load document...
2018-05-02 17:17:16.7216 [TRACE] :  >Hardware initialize...
2018-05-02 17:17:17.6536 [TRACE] :  >System init ok.
2018-05-02 17:17:18.6566 [WARN] :  >YamahaRobotRCX340 断开连接，即将尝试第 1 次重连...
2018-05-02 17:17:20.6336 [WARN] :  >连接未成功。
2018-05-02 17:17:21.6586 [WARN] :  >YamahaRobotRCX340 断开连接，即将尝试第 2 次重连...
2018-05-02 17:17:23.6366 [WARN] :  >连接未成功。
2018-05-02 17:17:24.6616 [WARN] :  >YamahaRobotRCX340 断开连接，即将尝试第 3 次重连...
2018-05-02 17:17:26.6336 [WARN] :  >连接未成功。
2018-05-02 17:17:27.6586 [WARN] :  >YamahaRobotRCX340 断开连接，即将尝试第 4 次重连...
2018-05-02 17:17:29.6346 [WARN] :  >连接未成功。
2018-05-02 17:17:30.6616 [WARN] :  >YamahaRobotRCX340 断开连接，即将尝试第 5 次重连...
2018-05-02 17:17:32.6346 [WARN] :  >连接未成功。
2018-05-02 17:17:33.6616 [WARN] :  >YamahaRobotRCX340 断开连接，即将尝试第 6 次重连...
2018-05-02 17:17:35.6346 [WARN] :  >连接未成功。
2018-05-02 17:17:36.6616 [WARN] :  >YamahaRobotRCX340 断开连接，即将尝试第 7 次重连...
2018-05-02 17:17:38.6346 [WARN] :  >连接未成功。
2018-05-02 17:17:39.6616 [WARN] :  >YamahaRobotRCX340 断开连接，即将尝试第 8 次重连...
2018-05-02 17:17:41.6346 [WARN] :  >连接未成功。
2018-05-02 17:17:42.6606 [WARN] :  >YamahaRobotRCX340 断开连接，即将尝试第 9 次重连...
2018-05-02 17:17:44.6336 [WARN] :  >连接未成功。
2018-05-02 17:17:45.6596 [WARN] :  >YamahaRobotRCX340 断开连接，即将尝试第 10 次重连...
2018-05-02 17:17:47.6326 [WARN] :  >连接未成功。
2018-05-02 17:17:48.6646 [WARN] :  >连接未成功。
2018-05-02 17:22:08.0166 [TRACE] :  >--------------- Program start -----------------
2018-05-02 17:22:08.2356 [TRACE] :  >Load document...
2018-05-02 17:22:08.4406 [TRACE] :  >Hardware initialize...
2018-05-02 17:22:09.1386 [TRACE] :  >System init ok.
2018-05-02 17:22:10.1406 [WARN] :  >YamahaRobotRCX340 断开连接，即将尝试第 1 次重连...
2018-05-02 17:22:12.3366 [WARN] :  >连接未成功。
2018-05-02 17:22:13.3616 [WARN] :  >YamahaRobotRCX340 断开连接，即将尝试第 2 次重连...
2018-05-02 17:22:15.1216 [WARN] :  >连接未成功。
2018-05-02 17:22:16.1446 [WARN] :  >YamahaRobotRCX340 断开连接，即将尝试第 3 次重连...
2018-05-02 17:22:18.1166 [WARN] :  >连接未成功。
2018-05-02 17:22:19.1416 [WARN] :  >YamahaRobotRCX340 断开连接，即将尝试第 4 次重连...
2018-05-02 17:22:21.1156 [WARN] :  >连接未成功。
2018-05-02 17:22:22.1376 [WARN] :  >YamahaRobotRCX340 断开连接，即将尝试第 5 次重连...
2018-05-02 17:22:24.1176 [WARN] :  >连接未成功。
2018-05-02 17:22:25.1456 [WARN] :  >YamahaRobotRCX340 断开连接，即将尝试第 6 次重连...
2018-05-02 17:22:27.1176 [WARN] :  >连接未成功。
2018-05-02 17:22:28.1406 [WARN] :  >YamahaRobotRCX340 断开连接，即将尝试第 7 次重连...
2018-05-02 17:22:30.1176 [WARN] :  >连接未成功。
2018-05-02 17:22:31.1446 [WARN] :  >YamahaRobotRCX340 断开连接，即将尝试第 8 次重连...
2018-05-02 17:22:33.1196 [WARN] :  >连接未成功。
2018-05-02 17:22:34.1456 [WARN] :  >YamahaRobotRCX340 断开连接，即将尝试第 9 次重连...
2018-05-02 17:22:36.1176 [WARN] :  >连接未成功。
2018-05-02 17:22:37.1426 [WARN] :  >YamahaRobotRCX340 断开连接，即将尝试第 10 次重连...
2018-05-02 17:22:39.1156 [WARN] :  >连接未成功。
2018-05-02 17:22:40.1436 [WARN] :  >连接未成功。
2018-05-02 17:26:02.3946 [TRACE] :  >--------------- Program start -----------------
2018-05-02 17:26:02.6596 [TRACE] :  >Load document...
2018-05-02 17:26:02.8666 [TRACE] :  >Hardware initialize...
2018-05-02 17:26:03.6246 [TRACE] :  >System init ok.
2018-05-02 17:26:04.6276 [WARN] :  >YamahaRobotRCX340 断开连接，即将尝试第 1 次重连...
2018-05-02 17:26:06.6036 [WARN] :  >连接未成功。
2018-05-02 17:26:07.6286 [WARN] :  >YamahaRobotRCX340 断开连接，即将尝试第 2 次重连...
2018-05-02 17:26:09.6036 [WARN] :  >连接未成功。
2018-05-02 17:26:10.6286 [WARN] :  >YamahaRobotRCX340 断开连接，即将尝试第 3 次重连...
2018-05-02 17:26:12.6026 [WARN] :  >连接未成功。
2018-05-02 17:26:13.6276 [WARN] :  >YamahaRobotRCX340 断开连接，即将尝试第 4 次重连...
2018-05-02 17:26:15.6046 [WARN] :  >连接未成功。
2018-05-02 17:26:16.6306 [WARN] :  >YamahaRobotRCX340 断开连接，即将尝试第 5 次重连...
2018-05-02 17:26:18.6026 [WARN] :  >连接未成功。
2018-05-02 17:26:19.6346 [WARN] :  >YamahaRobotRCX340 断开连接，即将尝试第 6 次重连...
2018-05-02 17:26:21.6046 [WARN] :  >连接未成功。
2018-05-02 17:26:22.6316 [WARN] :  >YamahaRobotRCX340 断开连接，即将尝试第 7 次重连...
2018-05-02 17:26:24.6046 [WARN] :  >连接未成功。
2018-05-02 17:26:25.6306 [WARN] :  >YamahaRobotRCX340 断开连接，即将尝试第 8 次重连...
2018-05-02 17:26:27.6056 [WARN] :  >连接未成功。
2018-05-02 17:26:28.6316 [WARN] :  >YamahaRobotRCX340 断开连接，即将尝试第 9 次重连...
2018-05-02 17:26:30.6036 [WARN] :  >连接未成功。
2018-05-02 17:26:31.6306 [WARN] :  >YamahaRobotRCX340 断开连接，即将尝试第 10 次重连...
2018-05-02 17:26:33.6036 [WARN] :  >连接未成功。
2018-05-02 17:26:34.6406 [WARN] :  >连接未成功。
2018-05-02 17:28:35.3966 [TRACE] :  >--------------- Program start -----------------
2018-05-02 17:28:35.6626 [TRACE] :  >Load document...
2018-05-02 17:28:35.8616 [TRACE] :  >Hardware initialize...
2018-05-02 17:28:36.6166 [TRACE] :  >System init ok.
2018-05-02 17:28:37.6206 [WARN] :  >YamahaRobotRCX340 断开连接，即将尝试第 1 次重连...
2018-05-02 17:28:39.5946 [WARN] :  >连接未成功。
2018-05-02 17:28:40.6196 [WARN] :  >YamahaRobotRCX340 断开连接，即将尝试第 2 次重连...
2018-05-02 17:28:42.5986 [WARN] :  >连接未成功。
2018-05-02 17:28:43.6256 [WARN] :  >YamahaRobotRCX340 断开连接，即将尝试第 3 次重连...
2018-05-02 17:28:45.5966 [WARN] :  >连接未成功。
2018-05-02 17:28:46.6226 [WARN] :  >YamahaRobotRCX340 断开连接，即将尝试第 4 次重连...
2018-05-02 17:28:48.5966 [WARN] :  >连接未成功。
2018-05-02 17:28:49.6226 [WARN] :  >YamahaRobotRCX340 断开连接，即将尝试第 5 次重连...
2018-05-02 17:28:51.5966 [WARN] :  >连接未成功。
2018-05-02 17:28:52.6226 [WARN] :  >YamahaRobotRCX340 断开连接，即将尝试第 6 次重连...
2018-05-02 17:28:54.5956 [WARN] :  >连接未成功。
2018-05-02 17:28:55.6236 [WARN] :  >YamahaRobotRCX340 断开连接，即将尝试第 7 次重连...
2018-05-02 17:28:57.5966 [WARN] :  >连接未成功。
2018-05-02 17:28:58.6226 [WARN] :  >YamahaRobotRCX340 断开连接，即将尝试第 8 次重连...
2018-05-02 17:29:00.5966 [WARN] :  >连接未成功。
2018-05-02 17:29:01.6226 [WARN] :  >YamahaRobotRCX340 断开连接，即将尝试第 9 次重连...
2018-05-02 17:29:03.5946 [WARN] :  >连接未成功。
2018-05-02 17:29:04.6226 [WARN] :  >YamahaRobotRCX340 断开连接，即将尝试第 10 次重连...
2018-05-02 17:29:06.5946 [WARN] :  >连接未成功。
2018-05-02 17:29:07.6336 [WARN] :  >连接未成功。
