2018-05-04 00:33:16.2524 [TRACE] :  >--------------- Program start -----------------
2018-05-04 00:33:16.4864 [TRACE] :  >Load document...
2018-05-04 00:33:17.0012 [TRACE] :  >Hardware initialize...
2018-05-04 00:33:17.1416 [TRACE] :  >System init ok.
2018-05-04 00:43:52.0233 [TRACE] :  >--------------- Program start -----------------
2018-05-04 00:43:52.2261 [TRACE] :  >Load document...
2018-05-04 00:43:52.6941 [TRACE] :  >Hardware initialize...
2018-05-04 00:43:52.8657 [TRACE] :  >System init ok.
2018-05-04 00:45:41.5981 [TRACE] :  >--------------- Program start -----------------
2018-05-04 00:45:41.8009 [TRACE] :  >Load document...
2018-05-04 00:45:42.4093 [TRACE] :  >Hardware initialize...
2018-05-04 00:45:42.5497 [TRACE] :  >System init ok.
2018-05-04 00:47:39.6821 [TRACE] :  >--------------- Program start -----------------
2018-05-04 00:47:39.9005 [TRACE] :  >Load document...
2018-05-04 00:47:40.4153 [TRACE] :  >Hardware initialize...
2018-05-04 00:47:40.5713 [TRACE] :  >System init ok.
2018-05-04 00:52:42.8436 [TRACE] :  >--------------- Program start -----------------
2018-05-04 00:52:43.0620 [TRACE] :  >Load document...
2018-05-04 00:52:43.6080 [TRACE] :  >Hardware initialize...
2018-05-04 00:52:43.7640 [TRACE] :  >System init ok.
2018-05-04 01:00:33.5600 [TRACE] :  >--------------- Program start -----------------
2018-05-04 01:00:33.7940 [TRACE] :  >Load document...
2018-05-04 01:00:34.3556 [TRACE] :  >Hardware initialize...
2018-05-04 01:00:34.4960 [TRACE] :  >System init ok.
2018-05-04 01:21:54.7149 [TRACE] :  >--------------- Program start -----------------
2018-05-04 01:21:54.9489 [TRACE] :  >Load document...
2018-05-04 01:21:55.4325 [TRACE] :  >Hardware initialize...
2018-05-04 01:21:55.5885 [TRACE] :  >System init ok.
2018-05-04 02:11:32.0911 [TRACE] :  >--------------- Program start -----------------
2018-05-04 02:11:32.3095 [TRACE] :  >Load document...
2018-05-04 02:11:32.8243 [TRACE] :  >Hardware initialize...
2018-05-04 02:11:32.9803 [TRACE] :  >System init ok.
2018-05-04 02:17:13.2533 [TRACE] :  >--------------- Program start -----------------
2018-05-04 02:17:13.4717 [TRACE] :  >Load document...
2018-05-04 02:17:13.9553 [TRACE] :  >Hardware initialize...
2018-05-04 02:17:14.1113 [TRACE] :  >System init ok.
2018-05-04 02:19:28.6138 [TRACE] :  >--------------- Program start -----------------
2018-05-04 02:19:28.8322 [TRACE] :  >Load document...
2018-05-04 02:19:29.3324 [TRACE] :  >Hardware initialize...
2018-05-04 02:19:29.4728 [TRACE] :  >System init ok.
2018-05-04 02:35:33.9419 [TRACE] :  >--------------- Program start -----------------
2018-05-04 02:35:34.0609 [TRACE] :  >Load document...
2018-05-04 02:35:34.1729 [TRACE] :  >Hardware initialize...
2018-05-04 02:35:34.2479 [TRACE] :  >System init ok.
2018-05-04 19:05:02.4199 [TRACE] :  >--------------- Program start -----------------
2018-05-04 19:05:02.6539 [TRACE] :  >Load document...
2018-05-04 19:05:03.1219 [TRACE] :  >Hardware initialize...
2018-05-04 19:05:03.2623 [TRACE] :  >System init ok.
2018-05-04 19:10:36.6675 [TRACE] :  >--------------- Program start -----------------
2018-05-04 19:10:36.8859 [TRACE] :  >Load document...
2018-05-04 19:10:37.3695 [TRACE] :  >Hardware initialize...
2018-05-04 19:10:37.5099 [TRACE] :  >System init ok.
2018-05-04 19:18:52.3803 [TRACE] :  >--------------- Program start -----------------
2018-05-04 19:18:52.5984 [TRACE] :  >Load document...
2018-05-04 19:18:53.0864 [TRACE] :  >Hardware initialize...
2018-05-04 19:18:53.2414 [TRACE] :  >System init ok.
2018-05-04 19:21:34.3194 [TRACE] :  >--------------- Program start -----------------
2018-05-04 19:21:34.5222 [TRACE] :  >Load document...
2018-05-04 19:21:34.9902 [TRACE] :  >Hardware initialize...
2018-05-04 19:21:35.1306 [TRACE] :  >System init ok.
2018-05-04 19:38:02.9687 [TRACE] :  >--------------- Program start -----------------
2018-05-04 19:38:03.1807 [TRACE] :  >Load document...
2018-05-04 19:38:03.6877 [TRACE] :  >Hardware initialize...
2018-05-04 19:38:03.8337 [TRACE] :  >System init ok.
2018-05-04 19:41:03.5010 [TRACE] :  >--------------- Program start -----------------
2018-05-04 19:41:03.7194 [TRACE] :  >Load document...
2018-05-04 19:41:04.1874 [TRACE] :  >Hardware initialize...
2018-05-04 19:41:04.3746 [TRACE] :  >System init ok.
2018-05-04 19:49:43.2657 [TRACE] :  >--------------- Program start -----------------
2018-05-04 19:49:43.4997 [TRACE] :  >Load document...
2018-05-04 19:49:44.0301 [TRACE] :  >Hardware initialize...
2018-05-04 19:49:44.1705 [TRACE] :  >System init ok.
2018-05-04 19:58:04.0015 [TRACE] :  >--------------- Program start -----------------
2018-05-04 19:58:04.2043 [TRACE] :  >Load document...
2018-05-04 19:58:04.7035 [TRACE] :  >Hardware initialize...
2018-05-04 19:58:04.8439 [TRACE] :  >System init ok.
2018-05-04 20:10:05.1882 [TRACE] :  >--------------- Program start -----------------
2018-05-04 20:10:05.4066 [TRACE] :  >Load document...
2018-05-04 20:10:06.0074 [TRACE] :  >Hardware initialize...
2018-05-04 20:10:06.1394 [TRACE] :  >System init ok.
2018-05-04 20:13:54.9465 [TRACE] :  >--------------- Program start -----------------
2018-05-04 20:13:55.1493 [TRACE] :  >Load document...
2018-05-04 20:13:55.6797 [TRACE] :  >Hardware initialize...
2018-05-04 20:13:55.8201 [TRACE] :  >System init ok.
2018-05-04 22:34:45.0869 [TRACE] :  >--------------- Program start -----------------
2018-05-04 22:34:45.3212 [TRACE] :  >Load document...
2018-05-04 22:34:45.6181 [TRACE] :  >Hardware initialize...
2018-05-04 22:34:46.6191 [TRACE] :  >System init ok.
2018-05-04 22:34:47.6347 [WARN] :  >YamahaRobotRCX340 断开连接，即将尝试第 1 次重连...
2018-05-04 22:34:49.6035 [WARN] :  >连接未成功。
2018-05-04 22:34:50.6357 [WARN] :  >YamahaRobotRCX340 断开连接，即将尝试第 2 次重连...
2018-05-04 22:34:52.6201 [WARN] :  >连接未成功。
2018-05-04 22:34:53.6533 [WARN] :  >YamahaRobotRCX340 断开连接，即将尝试第 3 次重连...
2018-05-04 22:34:55.6074 [WARN] :  >连接未成功。
2018-05-04 23:03:52.8623 [TRACE] :  >--------------- Program start -----------------
2018-05-04 23:03:53.2685 [TRACE] :  >Load document...
2018-05-04 23:03:53.7998 [TRACE] :  >Hardware initialize...
2018-05-04 23:03:54.6279 [TRACE] :  >System init ok.
2018-05-04 23:03:55.6445 [WARN] :  >YamahaRobotRCX340 断开连接，即将尝试第 1 次重连...
2018-05-04 23:03:57.6132 [WARN] :  >连接未成功。
2018-05-04 23:03:58.6445 [WARN] :  >YamahaRobotRCX340 断开连接，即将尝试第 2 次重连...
2018-05-04 23:04:00.6142 [WARN] :  >连接未成功。
2018-05-04 23:04:01.6455 [WARN] :  >YamahaRobotRCX340 断开连接，即将尝试第 3 次重连...
2018-05-04 23:04:03.6142 [WARN] :  >连接未成功。
2018-05-04 23:04:04.6455 [WARN] :  >YamahaRobotRCX340 断开连接，即将尝试第 4 次重连...
2018-05-04 23:04:06.6298 [WARN] :  >连接未成功。
2018-05-04 23:04:07.6640 [WARN] :  >YamahaRobotRCX340 断开连接，即将尝试第 5 次重连...
2018-05-04 23:04:09.6025 [WARN] :  >连接未成功。
2018-05-04 23:04:10.6347 [WARN] :  >YamahaRobotRCX340 断开连接，即将尝试第 6 次重连...
2018-05-04 23:04:12.6035 [WARN] :  >连接未成功。
2018-05-04 23:04:13.6367 [WARN] :  >YamahaRobotRCX340 断开连接，即将尝试第 7 次重连...
2018-05-04 23:04:15.6064 [WARN] :  >连接未成功。
2018-05-04 23:04:16.6376 [WARN] :  >YamahaRobotRCX340 断开连接，即将尝试第 8 次重连...
