2018-05-10 14:41:57.7515 [TRACE] :  >--------------- Program start -----------------
2018-05-10 14:41:58.0167 [TRACE] :  >Load document...
2018-05-10 14:41:58.4223 [TRACE] :  >Hardware initialize...
2018-05-10 14:41:59.2023 [TRACE] :  >System init ok.
2018-05-10 14:42:01.2147 [WARN] :  >YamahaRobotRCX340 断开连接，即将尝试第 1 次重连...
2018-05-10 14:42:03.1812 [WARN] :  >连接未成功。
2018-05-10 14:42:05.2092 [WARN] :  >YamahaRobotRCX340 断开连接，即将尝试第 2 次重连...
2018-05-10 14:42:07.5356 [WARN] :  >连接未成功。
2018-05-10 14:42:09.5812 [WARN] :  >YamahaRobotRCX340 断开连接，即将尝试第 3 次重连...
2018-05-10 14:42:11.1879 [WARN] :  >连接未成功。
2018-05-10 14:42:13.2159 [WARN] :  >YamahaRobotRCX340 断开连接，即将尝试第 4 次重连...
2018-05-10 14:42:15.1835 [WARN] :  >连接未成功。
2018-05-10 14:42:17.2759 [WARN] :  >YamahaRobotRCX340 断开连接，即将尝试第 5 次重连...
2018-05-10 14:42:19.1790 [WARN] :  >连接未成功。
2018-05-10 14:42:21.2070 [WARN] :  >YamahaRobotRCX340 断开连接，即将尝试第 6 次重连...
2018-05-10 14:42:23.1882 [WARN] :  >连接未成功。
2018-05-10 14:42:25.2162 [WARN] :  >YamahaRobotRCX340 断开连接，即将尝试第 7 次重连...
2018-05-10 14:43:08.6626 [TRACE] :  >--------------- Program start -----------------
2018-05-10 14:43:08.8342 [TRACE] :  >Load document...
2018-05-10 14:43:09.0526 [TRACE] :  >Hardware initialize...
2018-05-10 14:43:09.6922 [TRACE] :  >System init ok.
2018-05-10 14:43:11.7046 [WARN] :  >YamahaRobotRCX340 断开连接，即将尝试第 1 次重连...
2018-05-10 14:43:13.6857 [WARN] :  >连接未成功。
2018-05-10 14:43:15.7137 [WARN] :  >YamahaRobotRCX340 断开连接，即将尝试第 2 次重连...
2018-05-10 14:43:17.6793 [WARN] :  >连接未成功。
2018-05-10 14:43:19.7073 [WARN] :  >YamahaRobotRCX340 断开连接，即将尝试第 3 次重连...
2018-05-10 14:43:21.6884 [WARN] :  >连接未成功。
2018-05-10 14:43:23.7164 [WARN] :  >YamahaRobotRCX340 断开连接，即将尝试第 4 次重连...
2018-05-10 14:43:25.6820 [WARN] :  >连接未成功。
2018-05-10 14:43:27.7100 [WARN] :  >YamahaRobotRCX340 断开连接，即将尝试第 5 次重连...
2018-05-10 14:43:29.6755 [WARN] :  >连接未成功。
2018-05-10 14:43:31.7035 [WARN] :  >YamahaRobotRCX340 断开连接，即将尝试第 6 次重连...
2018-05-10 14:43:33.6847 [WARN] :  >连接未成功。
2018-05-10 14:43:35.7751 [WARN] :  >YamahaRobotRCX340 断开连接，即将尝试第 7 次重连...
2018-05-10 14:43:37.6782 [WARN] :  >连接未成功。
2018-05-10 14:43:39.7062 [WARN] :  >YamahaRobotRCX340 断开连接，即将尝试第 8 次重连...
2018-05-10 14:43:41.6874 [WARN] :  >连接未成功。
2018-05-10 14:43:43.7154 [WARN] :  >YamahaRobotRCX340 断开连接，即将尝试第 9 次重连...
2018-05-10 14:43:45.6809 [WARN] :  >连接未成功。
2018-05-10 14:43:47.7089 [WARN] :  >YamahaRobotRCX340 断开连接，即将尝试第 10 次重连...
2018-05-10 14:43:49.6745 [WARN] :  >连接未成功。
2018-05-10 14:43:51.7025 [WARN] :  >连接未成功。
2018-05-10 16:34:04.4088 [TRACE] :  >--------------- Program start -----------------
2018-05-10 16:34:04.8144 [TRACE] :  >Load document...
2018-05-10 16:34:05.3447 [TRACE] :  >Hardware initialize...
2018-05-10 16:34:06.1257 [TRACE] :  >System init ok.
2018-05-10 16:34:08.1713 [WARN] :  >YamahaRobotRCX340 断开连接，即将尝试第 1 次重连...
2018-05-10 16:34:10.0921 [WARN] :  >连接未成功。
2018-05-10 16:34:26.9654 [TRACE] :  >--------------- Program start -----------------
2018-05-10 16:34:27.3554 [TRACE] :  >Load document...
2018-05-10 16:34:27.9170 [TRACE] :  >Hardware initialize...
2018-05-10 16:34:29.1026 [TRACE] :  >System init ok.
2018-05-10 16:34:31.1149 [WARN] :  >YamahaRobotRCX340 断开连接，即将尝试第 1 次重连...
2018-05-10 16:34:33.0805 [WARN] :  >连接未成功。
2018-05-10 16:34:35.1241 [WARN] :  >YamahaRobotRCX340 断开连接，即将尝试第 2 次重连...
2018-05-10 16:34:37.0741 [WARN] :  >连接未成功。
2018-05-10 16:34:39.1020 [WARN] :  >YamahaRobotRCX340 断开连接，即将尝试第 3 次重连...
2018-05-10 16:34:41.0832 [WARN] :  >连接未成功。
2018-05-10 16:34:43.1112 [WARN] :  >YamahaRobotRCX340 断开连接，即将尝试第 4 次重连...
2018-05-10 16:34:45.0767 [WARN] :  >连接未成功。
2018-05-10 16:34:47.1047 [WARN] :  >YamahaRobotRCX340 断开连接，即将尝试第 5 次重连...
2018-05-10 16:34:49.0703 [WARN] :  >连接未成功。
2018-05-10 16:34:51.0983 [WARN] :  >YamahaRobotRCX340 断开连接，即将尝试第 6 次重连...
2018-05-10 16:34:53.0794 [WARN] :  >连接未成功。
2018-05-10 16:34:55.1084 [WARN] :  >YamahaRobotRCX340 断开连接，即将尝试第 7 次重连...
2018-05-10 16:34:57.0750 [WARN] :  >连接未成功。
2018-05-10 16:34:59.1030 [WARN] :  >YamahaRobotRCX340 断开连接，即将尝试第 8 次重连...
2018-05-10 16:35:01.0841 [WARN] :  >连接未成功。
2018-05-10 16:35:03.1121 [WARN] :  >YamahaRobotRCX340 断开连接，即将尝试第 9 次重连...
2018-05-10 16:35:05.0777 [WARN] :  >连接未成功。
2018-05-10 16:35:07.1067 [WARN] :  >YamahaRobotRCX340 断开连接，即将尝试第 10 次重连...
2018-05-10 16:35:09.3550 [WARN] :  >连接未成功。
2018-05-10 16:35:11.3830 [WARN] :  >连接未成功。
2018-05-10 16:38:29.5428 [TRACE] :  >--------------- Program start -----------------
2018-05-10 16:38:29.8608 [TRACE] :  >Load document...
2018-05-10 16:38:30.2868 [TRACE] :  >Hardware initialize...
2018-05-10 16:38:31.1028 [TRACE] :  >System init ok.
2018-05-10 16:38:33.1548 [WARN] :  >YamahaRobotRCX340 断开连接，即将尝试第 1 次重连...
2018-05-10 16:38:35.1548 [WARN] :  >连接未成功。
2018-05-10 16:38:37.1578 [WARN] :  >YamahaRobotRCX340 断开连接，即将尝试第 2 次重连...
2018-05-10 16:38:39.0398 [WARN] :  >连接未成功。
2018-05-10 16:38:41.0478 [WARN] :  >YamahaRobotRCX340 断开连接，即将尝试第 3 次重连...
2018-05-10 16:38:43.0368 [WARN] :  >连接未成功。
2018-05-10 16:38:45.0458 [WARN] :  >YamahaRobotRCX340 断开连接，即将尝试第 4 次重连...
2018-05-10 16:38:47.3058 [WARN] :  >连接未成功。
2018-05-10 16:38:49.3118 [WARN] :  >YamahaRobotRCX340 断开连接，即将尝试第 5 次重连...
2018-05-10 16:38:51.6158 [WARN] :  >连接未成功。
2018-05-10 16:38:53.6208 [WARN] :  >YamahaRobotRCX340 断开连接，即将尝试第 6 次重连...
2018-05-10 16:38:55.5348 [WARN] :  >连接未成功。
2018-05-10 16:38:57.5378 [WARN] :  >YamahaRobotRCX340 断开连接，即将尝试第 7 次重连...
2018-05-10 16:38:59.5368 [WARN] :  >连接未成功。
2018-05-10 16:39:01.5388 [WARN] :  >YamahaRobotRCX340 断开连接，即将尝试第 8 次重连...
2018-05-10 16:39:03.5338 [WARN] :  >连接未成功。
2018-05-10 16:39:05.5368 [WARN] :  >YamahaRobotRCX340 断开连接，即将尝试第 9 次重连...
2018-05-10 16:39:07.5338 [WARN] :  >连接未成功。
2018-05-10 16:39:09.5368 [WARN] :  >YamahaRobotRCX340 断开连接，即将尝试第 10 次重连...
2018-05-10 16:39:11.5348 [WARN] :  >连接未成功。
2018-05-10 16:39:13.5428 [WARN] :  >连接未成功。
2018-05-10 16:50:07.5666 [TRACE] :  >--------------- Program start -----------------
2018-05-10 16:50:07.9376 [TRACE] :  >Load document...
2018-05-10 16:50:08.7466 [TRACE] :  >Hardware initialize...
2018-05-10 16:50:09.3486 [TRACE] :  >System init ok.
2018-05-10 16:51:21.7509 [TRACE] :  >--------------- Program start -----------------
2018-05-10 16:51:22.0889 [TRACE] :  >Load document...
2018-05-10 16:51:22.5119 [TRACE] :  >Hardware initialize...
2018-05-10 16:51:22.8889 [TRACE] :  >System init ok.
2018-05-10 16:53:29.6096 [TRACE] :  >--------------- Program start -----------------
2018-05-10 16:53:29.9616 [TRACE] :  >Load document...
2018-05-10 16:53:30.3756 [TRACE] :  >Hardware initialize...
2018-05-10 16:53:30.5676 [TRACE] :  >System init ok.
2018-05-10 16:54:31.6328 [TRACE] :  >--------------- Program start -----------------
2018-05-10 16:54:31.9760 [TRACE] :  >Load document...
2018-05-10 16:54:32.3816 [TRACE] :  >Hardware initialize...
2018-05-10 16:54:32.5844 [TRACE] :  >System init ok.
2018-05-10 16:55:40.8334 [TRACE] :  >--------------- Program start -----------------
2018-05-10 16:55:41.1534 [TRACE] :  >Load document...
2018-05-10 16:55:41.5694 [TRACE] :  >Hardware initialize...
2018-05-10 16:55:43.2004 [TRACE] :  >System init ok.
2018-05-10 17:03:15.9116 [TRACE] :  >--------------- Program start -----------------
2018-05-10 17:03:16.2816 [TRACE] :  >Load document...
2018-05-10 17:03:16.8156 [TRACE] :  >Hardware initialize...
2018-05-10 17:03:18.2186 [TRACE] :  >System init ok.
2018-05-10 17:26:48.6847 [TRACE] :  >--------------- Program start -----------------
2018-05-10 17:26:48.8719 [TRACE] :  >Load document...
2018-05-10 17:26:49.0747 [TRACE] :  >Hardware initialize...
2018-05-10 17:26:50.0263 [TRACE] :  >System init ok.
2018-05-10 18:24:43.0760 [TRACE] :  >--------------- Program start -----------------
2018-05-10 18:24:43.2788 [TRACE] :  >Load document...
2018-05-10 18:24:43.4972 [TRACE] :  >Hardware initialize...
2018-05-10 18:24:44.4800 [TRACE] :  >System init ok.
2018-05-10 19:10:44.6206 [TRACE] :  >--------------- Program start -----------------
2018-05-10 19:10:44.9794 [TRACE] :  >Load document...
2018-05-10 19:10:45.4162 [TRACE] :  >Hardware initialize...
2018-05-10 19:10:47.1165 [TRACE] :  >System init ok.
2018-05-10 19:12:45.5295 [TRACE] :  >--------------- Program start -----------------
2018-05-10 19:12:45.9351 [TRACE] :  >Load document...
2018-05-10 19:12:46.3407 [TRACE] :  >Hardware initialize...
2018-05-10 19:12:47.6043 [TRACE] :  >System init ok.
2018-05-10 19:18:32.2074 [TRACE] :  >--------------- Program start -----------------
2018-05-10 19:18:32.5038 [TRACE] :  >Load document...
2018-05-10 19:18:32.9094 [TRACE] :  >Hardware initialize...
2018-05-10 19:18:34.6254 [TRACE] :  >System init ok.
2018-05-10 19:29:58.1547 [TRACE] :  >--------------- Program start -----------------
2018-05-10 19:29:58.4511 [TRACE] :  >Load document...
2018-05-10 19:29:58.8567 [TRACE] :  >Hardware initialize...
2018-05-10 19:30:00.0578 [TRACE] :  >System init ok.
2018-05-10 19:30:43.3850 [TRACE] :  >--------------- Program start -----------------
2018-05-10 19:30:43.9778 [TRACE] :  >Load document...
2018-05-10 19:30:44.5862 [TRACE] :  >Hardware initialize...
2018-05-10 19:30:46.3489 [TRACE] :  >System init ok.
2018-05-10 19:31:40.1519 [TRACE] :  >--------------- Program start -----------------
2018-05-10 19:31:40.3391 [TRACE] :  >Load document...
2018-05-10 19:31:40.5429 [TRACE] :  >Hardware initialize...
2018-05-10 19:31:41.3697 [TRACE] :  >System init ok.
2018-05-10 19:46:43.5502 [TRACE] :  >--------------- Program start -----------------
2018-05-10 19:46:43.7218 [TRACE] :  >Load document...
2018-05-10 19:46:43.9246 [TRACE] :  >Hardware initialize...
2018-05-10 19:46:45.1258 [TRACE] :  >System init ok.
2018-05-10 19:52:15.6129 [TRACE] :  >--------------- Program start -----------------
2018-05-10 19:52:15.7533 [TRACE] :  >Load document...
2018-05-10 19:52:15.9249 [TRACE] :  >Hardware initialize...
2018-05-10 19:52:16.5957 [TRACE] :  >System init ok.
2018-05-10 19:57:02.2447 [TRACE] :  >--------------- Program start -----------------
2018-05-10 19:57:02.4007 [TRACE] :  >Load document...
2018-05-10 19:57:02.5723 [TRACE] :  >Hardware initialize...
2018-05-10 19:57:03.0871 [TRACE] :  >System init ok.
2018-05-10 20:06:08.7509 [TRACE] :  >--------------- Program start -----------------
2018-05-10 20:06:08.9069 [TRACE] :  >Load document...
2018-05-10 20:06:09.0629 [TRACE] :  >Hardware initialize...
2018-05-10 20:06:10.0613 [TRACE] :  >System init ok.
