2018-05-08 10:10:24.1030 [TRACE] :  >--------------- Program start -----------------
2018-05-08 10:10:24.3214 [TRACE] :  >Load document...
2018-05-08 10:10:24.6178 [TRACE] :  >Hardware initialize...
2018-05-08 10:10:25.3510 [TRACE] :  >System init ok.
2018-05-08 10:10:27.3945 [WARN] :  >YamahaRobotRCX340 断开连接，即将尝试第 1 次重连...
2018-05-08 10:10:29.3445 [WARN] :  >连接未成功。
2018-05-08 10:10:31.3725 [WARN] :  >YamahaRobotRCX340 断开连接，即将尝试第 2 次重连...
2018-05-08 10:10:33.3537 [WARN] :  >连接未成功。
2018-05-08 10:10:35.3816 [WARN] :  >YamahaRobotRCX340 断开连接，即将尝试第 3 次重连...
2018-05-08 10:10:37.3472 [WARN] :  >连接未成功。
2018-05-08 10:10:39.3752 [WARN] :  >YamahaRobotRCX340 断开连接，即将尝试第 4 次重连...
2018-05-08 10:10:41.3564 [WARN] :  >连接未成功。
2018-05-08 10:10:43.3843 [WARN] :  >YamahaRobotRCX340 断开连接，即将尝试第 5 次重连...
2018-05-08 10:10:45.3499 [WARN] :  >连接未成功。
2018-05-08 10:10:47.3779 [WARN] :  >YamahaRobotRCX340 断开连接，即将尝试第 6 次重连...
2018-05-08 10:10:49.3435 [WARN] :  >连接未成功。
2018-05-08 10:10:51.3714 [WARN] :  >YamahaRobotRCX340 断开连接，即将尝试第 7 次重连...
2018-05-08 10:10:53.3526 [WARN] :  >连接未成功。
2018-05-08 10:10:55.3806 [WARN] :  >YamahaRobotRCX340 断开连接，即将尝试第 8 次重连...
2018-05-08 10:10:57.3462 [WARN] :  >连接未成功。
2018-05-08 10:10:59.3741 [WARN] :  >YamahaRobotRCX340 断开连接，即将尝试第 9 次重连...
2018-05-08 10:11:01.3553 [WARN] :  >连接未成功。
2018-05-08 10:11:03.3833 [WARN] :  >YamahaRobotRCX340 断开连接，即将尝试第 10 次重连...
2018-05-08 10:11:05.3489 [WARN] :  >连接未成功。
2018-05-08 10:36:14.6196 [TRACE] :  >--------------- Program start -----------------
2018-05-08 10:36:14.8224 [TRACE] :  >Load document...
2018-05-08 10:36:15.0096 [TRACE] :  >Hardware initialize...
2018-05-08 10:36:15.8364 [TRACE] :  >System init ok.
2018-05-08 10:36:17.8644 [WARN] :  >YamahaRobotRCX340 断开连接，即将尝试第 1 次重连...
2018-05-08 10:36:19.8144 [WARN] :  >连接未成功。
2018-05-08 10:36:21.8424 [WARN] :  >YamahaRobotRCX340 断开连接，即将尝试第 2 次重连...
2018-05-08 10:36:23.8236 [WARN] :  >连接未成功。
2018-05-08 10:36:25.8516 [WARN] :  >YamahaRobotRCX340 断开连接，即将尝试第 3 次重连...
2018-05-08 10:36:27.8172 [WARN] :  >连接未成功。
2018-05-08 10:36:29.8452 [WARN] :  >YamahaRobotRCX340 断开连接，即将尝试第 4 次重连...
2018-05-08 10:36:31.8264 [WARN] :  >连接未成功。
2018-05-08 10:36:33.8544 [WARN] :  >YamahaRobotRCX340 断开连接，即将尝试第 5 次重连...
2018-05-08 10:36:35.8200 [WARN] :  >连接未成功。
2018-05-08 10:36:37.8480 [WARN] :  >YamahaRobotRCX340 断开连接，即将尝试第 6 次重连...
2018-05-08 10:36:39.8136 [WARN] :  >连接未成功。
2018-05-08 10:36:41.8416 [WARN] :  >YamahaRobotRCX340 断开连接，即将尝试第 7 次重连...
2018-05-08 10:36:43.8228 [WARN] :  >连接未成功。
2018-05-08 10:36:45.8508 [WARN] :  >YamahaRobotRCX340 断开连接，即将尝试第 8 次重连...
2018-05-08 10:36:47.8164 [WARN] :  >连接未成功。
2018-05-08 10:40:09.1047 [TRACE] :  >--------------- Program start -----------------
2018-05-08 10:40:09.3543 [TRACE] :  >Load document...
2018-05-08 10:40:09.5415 [TRACE] :  >Hardware initialize...
2018-05-08 10:40:10.3371 [TRACE] :  >System init ok.
2018-05-08 10:40:12.3495 [WARN] :  >YamahaRobotRCX340 断开连接，即将尝试第 1 次重连...
2018-05-08 10:40:14.3151 [WARN] :  >连接未成功。
2018-05-08 10:40:16.3431 [WARN] :  >YamahaRobotRCX340 断开连接，即将尝试第 2 次重连...
2018-05-08 10:40:18.3243 [WARN] :  >连接未成功。
2018-05-08 10:40:20.3522 [WARN] :  >YamahaRobotRCX340 断开连接，即将尝试第 3 次重连...
2018-05-08 10:40:22.3178 [WARN] :  >连接未成功。
2018-05-08 10:40:24.3458 [WARN] :  >YamahaRobotRCX340 断开连接，即将尝试第 4 次重连...
2018-05-08 10:40:26.3426 [WARN] :  >连接未成功。
2018-05-08 10:40:28.3862 [WARN] :  >YamahaRobotRCX340 断开连接，即将尝试第 5 次重连...
2018-05-08 10:40:30.3206 [WARN] :  >连接未成功。
2018-05-08 10:40:32.3486 [WARN] :  >YamahaRobotRCX340 断开连接，即将尝试第 6 次重连...
2018-05-08 10:40:34.3142 [WARN] :  >连接未成功。
2018-05-08 10:40:36.3421 [WARN] :  >YamahaRobotRCX340 断开连接，即将尝试第 7 次重连...
2018-05-08 10:40:38.3233 [WARN] :  >连接未成功。
2018-05-08 10:40:40.3513 [WARN] :  >YamahaRobotRCX340 断开连接，即将尝试第 8 次重连...
2018-05-08 10:40:42.3169 [WARN] :  >连接未成功。
2018-05-08 10:40:44.3449 [WARN] :  >YamahaRobotRCX340 断开连接，即将尝试第 9 次重连...
2018-05-08 10:40:46.3105 [WARN] :  >连接未成功。
2018-05-08 10:40:48.3385 [WARN] :  >YamahaRobotRCX340 断开连接，即将尝试第 10 次重连...
2018-05-08 10:40:50.3196 [WARN] :  >连接未成功。
2018-05-08 10:40:52.3632 [WARN] :  >连接未成功。
2018-05-08 10:53:35.8752 [TRACE] :  >--------------- Program start -----------------
2018-05-08 10:53:36.2496 [TRACE] :  >Load document...
2018-05-08 10:53:36.8736 [TRACE] :  >Hardware initialize...
2018-05-08 10:53:37.8408 [TRACE] :  >System init ok.
2018-05-08 10:53:39.8376 [WARN] :  >YamahaRobotRCX340 断开连接，即将尝试第 1 次重连...
2018-05-08 10:53:41.8188 [WARN] :  >连接未成功。
2018-05-08 10:53:43.8780 [WARN] :  >YamahaRobotRCX340 断开连接，即将尝试第 2 次重连...
2018-05-08 10:53:45.8124 [WARN] :  >连接未成功。
2018-05-08 10:53:47.8404 [WARN] :  >YamahaRobotRCX340 断开连接，即将尝试第 3 次重连...
2018-05-08 10:53:49.8060 [WARN] :  >连接未成功。
2018-05-08 10:53:51.8340 [WARN] :  >YamahaRobotRCX340 断开连接，即将尝试第 4 次重连...
2018-05-08 10:53:53.8152 [WARN] :  >连接未成功。
2018-05-08 10:53:55.8432 [WARN] :  >YamahaRobotRCX340 断开连接，即将尝试第 5 次重连...
2018-05-08 10:53:57.8088 [WARN] :  >连接未成功。
2018-05-08 10:53:59.8368 [WARN] :  >YamahaRobotRCX340 断开连接，即将尝试第 6 次重连...
2018-05-08 10:54:01.8180 [WARN] :  >连接未成功。
2018-05-08 10:54:03.8460 [WARN] :  >YamahaRobotRCX340 断开连接，即将尝试第 7 次重连...
2018-05-08 10:54:05.8116 [WARN] :  >连接未成功。
2018-05-08 10:54:54.7033 [TRACE] :  >--------------- Program start -----------------
2018-05-08 10:54:55.0933 [TRACE] :  >Load document...
2018-05-08 10:54:55.6549 [TRACE] :  >Hardware initialize...
2018-05-08 10:54:56.8249 [TRACE] :  >System init ok.
2018-05-08 10:54:58.8528 [WARN] :  >YamahaRobotRCX340 断开连接，即将尝试第 1 次重连...
2018-05-08 10:55:00.8037 [WARN] :  >连接未成功。
2018-05-08 10:55:02.8317 [WARN] :  >YamahaRobotRCX340 断开连接，即将尝试第 2 次重连...
2018-05-08 10:55:04.8128 [WARN] :  >连接未成功。
2018-05-08 10:55:06.8407 [WARN] :  >YamahaRobotRCX340 断开连接，即将尝试第 3 次重连...
2018-05-08 10:55:08.8063 [WARN] :  >连接未成功。
2018-05-08 10:55:10.8342 [WARN] :  >YamahaRobotRCX340 断开连接，即将尝试第 4 次重连...
2018-05-08 10:55:12.8153 [WARN] :  >连接未成功。
2018-05-08 10:55:25.9813 [WARN] :  >YamahaRobotRCX340 断开连接，即将尝试第 5 次重连...
2018-05-08 10:55:27.8065 [WARN] :  >连接未成功。
2018-05-08 10:55:29.8344 [WARN] :  >YamahaRobotRCX340 断开连接，即将尝试第 6 次重连...
2018-05-08 10:55:31.8155 [WARN] :  >连接未成功。
2018-05-08 10:55:33.8435 [WARN] :  >YamahaRobotRCX340 断开连接，即将尝试第 7 次重连...
2018-05-08 10:55:35.8090 [WARN] :  >连接未成功。
2018-05-08 10:55:37.8369 [WARN] :  >YamahaRobotRCX340 断开连接，即将尝试第 8 次重连...
2018-05-08 10:55:39.8025 [WARN] :  >连接未成功。
2018-05-08 10:55:41.8304 [WARN] :  >YamahaRobotRCX340 断开连接，即将尝试第 9 次重连...
2018-05-08 10:55:43.8116 [WARN] :  >连接未成功。
2018-05-08 10:55:45.8395 [WARN] :  >YamahaRobotRCX340 断开连接，即将尝试第 10 次重连...
2018-05-08 10:55:47.8050 [WARN] :  >连接未成功。
2018-05-08 10:55:49.8330 [WARN] :  >连接未成功。
2018-05-08 11:18:39.7509 [TRACE] :  >--------------- Program start -----------------
2018-05-08 11:18:39.9381 [TRACE] :  >Load document...
2018-05-08 11:18:40.1877 [TRACE] :  >Hardware initialize...
2018-05-08 11:18:40.2345 [TRACE] :  >System init ok.
2018-05-08 11:19:37.4493 [TRACE] :  >--------------- Program start -----------------
2018-05-08 11:19:37.7043 [TRACE] :  >Load document...
2018-05-08 11:19:37.9803 [TRACE] :  >Hardware initialize...
2018-05-08 11:19:38.0253 [TRACE] :  >System init ok.
2018-05-08 11:22:19.3303 [TRACE] :  >--------------- Program start -----------------
2018-05-08 11:22:19.5193 [TRACE] :  >Load document...
2018-05-08 11:22:19.7243 [TRACE] :  >Hardware initialize...
2018-05-08 11:22:19.7533 [TRACE] :  >System init ok.
2018-05-08 11:25:13.5403 [TRACE] :  >--------------- Program start -----------------
2018-05-08 11:25:13.8283 [TRACE] :  >Load document...
2018-05-08 11:25:14.0353 [TRACE] :  >Hardware initialize...
2018-05-08 11:25:14.7573 [TRACE] :  >System init ok.
2018-05-08 11:25:16.7433 [WARN] :  >YamahaRobotRCX340 断开连接，即将尝试第 1 次重连...
2018-05-08 11:25:18.7373 [WARN] :  >连接未成功。
2018-05-08 11:25:20.7423 [WARN] :  >YamahaRobotRCX340 断开连接，即将尝试第 2 次重连...
2018-05-08 11:25:22.7383 [WARN] :  >连接未成功。
2018-05-08 11:25:24.7433 [WARN] :  >YamahaRobotRCX340 断开连接，即将尝试第 3 次重连...
2018-05-08 11:25:26.7373 [WARN] :  >连接未成功。
2018-05-08 11:25:28.7423 [WARN] :  >YamahaRobotRCX340 断开连接，即将尝试第 4 次重连...
2018-05-08 11:25:30.7363 [WARN] :  >连接未成功。
2018-05-08 11:25:32.7423 [WARN] :  >YamahaRobotRCX340 断开连接，即将尝试第 5 次重连...
2018-05-08 11:25:34.7363 [WARN] :  >连接未成功。
2018-05-08 11:25:36.7413 [WARN] :  >YamahaRobotRCX340 断开连接，即将尝试第 6 次重连...
2018-05-08 11:25:38.7363 [WARN] :  >连接未成功。
2018-05-08 11:25:40.7413 [WARN] :  >YamahaRobotRCX340 断开连接，即将尝试第 7 次重连...
2018-05-08 11:25:43.7583 [TRACE] :  >--------------- Program start -----------------
2018-05-08 11:25:44.0073 [TRACE] :  >Load document...
2018-05-08 11:25:44.2243 [TRACE] :  >Hardware initialize...
2018-05-08 11:25:45.2593 [TRACE] :  >System init ok.
2018-05-08 11:25:47.2423 [WARN] :  >YamahaRobotRCX340 断开连接，即将尝试第 1 次重连...
2018-05-08 11:25:49.2353 [WARN] :  >连接未成功。
2018-05-08 11:25:51.2403 [WARN] :  >YamahaRobotRCX340 断开连接，即将尝试第 2 次重连...
2018-05-08 11:25:53.2363 [WARN] :  >连接未成功。
2018-05-08 11:25:55.2413 [WARN] :  >YamahaRobotRCX340 断开连接，即将尝试第 3 次重连...
2018-05-08 11:25:57.2353 [WARN] :  >连接未成功。
2018-05-08 11:25:59.2403 [WARN] :  >YamahaRobotRCX340 断开连接，即将尝试第 4 次重连...
2018-05-08 11:26:01.2353 [WARN] :  >连接未成功。
2018-05-08 11:26:03.2403 [WARN] :  >YamahaRobotRCX340 断开连接，即将尝试第 5 次重连...
2018-05-08 11:26:05.2343 [WARN] :  >连接未成功。
2018-05-08 11:26:07.2373 [WARN] :  >YamahaRobotRCX340 断开连接，即将尝试第 6 次重连...
2018-05-08 11:26:09.2343 [WARN] :  >连接未成功。
2018-05-08 11:26:11.2393 [WARN] :  >YamahaRobotRCX340 断开连接，即将尝试第 7 次重连...
2018-05-08 11:26:13.2343 [WARN] :  >连接未成功。
2018-05-08 11:26:15.2393 [WARN] :  >YamahaRobotRCX340 断开连接，即将尝试第 8 次重连...
2018-05-08 11:26:17.2343 [WARN] :  >连接未成功。
2018-05-08 11:26:19.2403 [WARN] :  >YamahaRobotRCX340 断开连接，即将尝试第 9 次重连...
2018-05-08 11:31:22.7766 [TRACE] :  >--------------- Program start -----------------
2018-05-08 11:31:22.9886 [TRACE] :  >Load document...
2018-05-08 11:31:23.1916 [TRACE] :  >Hardware initialize...
2018-05-08 11:31:24.2547 [TRACE] :  >System init ok.
2018-05-08 11:31:26.2389 [WARN] :  >YamahaRobotRCX340 断开连接，即将尝试第 1 次重连...
2018-05-08 11:31:28.2331 [WARN] :  >连接未成功。
2018-05-08 11:31:30.2383 [WARN] :  >YamahaRobotRCX340 断开连接，即将尝试第 2 次重连...
2018-05-08 11:31:32.2345 [WARN] :  >连接未成功。
2018-05-08 11:31:34.2417 [WARN] :  >YamahaRobotRCX340 断开连接，即将尝试第 3 次重连...
2018-05-08 11:31:36.2339 [WARN] :  >连接未成功。
2018-05-08 11:31:38.2401 [WARN] :  >YamahaRobotRCX340 断开连接，即将尝试第 4 次重连...
2018-05-08 11:31:40.2333 [WARN] :  >连接未成功。
2018-05-08 11:31:42.2385 [WARN] :  >YamahaRobotRCX340 断开连接，即将尝试第 5 次重连...
2018-05-08 11:31:44.2337 [WARN] :  >连接未成功。
2018-05-08 11:31:46.2389 [WARN] :  >YamahaRobotRCX340 断开连接，即将尝试第 6 次重连...
2018-05-08 11:31:48.2341 [WARN] :  >连接未成功。
2018-05-08 11:31:50.2403 [WARN] :  >YamahaRobotRCX340 断开连接，即将尝试第 7 次重连...
2018-05-08 11:31:52.2345 [WARN] :  >连接未成功。
2018-05-08 11:31:54.2407 [WARN] :  >YamahaRobotRCX340 断开连接，即将尝试第 8 次重连...
2018-05-08 11:31:56.2339 [WARN] :  >连接未成功。
2018-05-08 11:34:40.2047 [TRACE] :  >--------------- Program start -----------------
2018-05-08 11:34:40.4998 [TRACE] :  >Load document...
2018-05-08 11:34:40.7028 [TRACE] :  >Hardware initialize...
2018-05-08 11:34:41.7629 [TRACE] :  >System init ok.
2018-05-08 11:34:43.7471 [WARN] :  >YamahaRobotRCX340 断开连接，即将尝试第 1 次重连...
2018-05-08 11:34:45.7413 [WARN] :  >连接未成功。
2018-05-08 11:34:47.7425 [WARN] :  >YamahaRobotRCX340 断开连接，即将尝试第 2 次重连...
2018-05-08 11:34:49.7417 [WARN] :  >连接未成功。
2018-05-08 11:35:04.2412 [TRACE] :  >--------------- Program start -----------------
2018-05-08 11:35:04.4284 [TRACE] :  >Load document...
2018-05-08 11:35:04.6156 [TRACE] :  >Hardware initialize...
2018-05-08 11:35:05.2864 [TRACE] :  >System init ok.
2018-05-08 11:35:07.2988 [WARN] :  >YamahaRobotRCX340 断开连接，即将尝试第 1 次重连...
2018-05-08 11:35:09.2801 [WARN] :  >连接未成功。
2018-05-08 11:35:11.3081 [WARN] :  >YamahaRobotRCX340 断开连接，即将尝试第 2 次重连...
2018-05-08 11:35:13.2737 [WARN] :  >连接未成功。
2018-05-08 11:35:15.3018 [WARN] :  >YamahaRobotRCX340 断开连接，即将尝试第 3 次重连...
2018-05-08 11:35:17.2830 [WARN] :  >连接未成功。
2018-05-08 11:35:19.3111 [WARN] :  >YamahaRobotRCX340 断开连接，即将尝试第 4 次重连...
2018-05-08 11:35:21.2767 [WARN] :  >连接未成功。
2018-05-08 11:35:23.3047 [WARN] :  >YamahaRobotRCX340 断开连接，即将尝试第 5 次重连...
2018-05-08 11:35:25.2724 [WARN] :  >连接未成功。
2018-05-08 11:35:27.3014 [WARN] :  >YamahaRobotRCX340 断开连接，即将尝试第 6 次重连...
2018-05-08 11:35:29.2827 [WARN] :  >连接未成功。
2018-05-08 11:35:31.3107 [WARN] :  >YamahaRobotRCX340 断开连接，即将尝试第 7 次重连...
2018-05-08 11:49:52.3739 [TRACE] :  >--------------- Program start -----------------
2018-05-08 11:49:52.5611 [TRACE] :  >Load document...
2018-05-08 11:49:52.7483 [TRACE] :  >Hardware initialize...
2018-05-08 11:49:53.7935 [TRACE] :  >System init ok.
2018-05-08 11:49:55.8059 [WARN] :  >YamahaRobotRCX340 断开连接，即将尝试第 1 次重连...
2018-05-08 11:49:57.7871 [WARN] :  >连接未成功。
2018-05-08 11:49:59.8151 [WARN] :  >YamahaRobotRCX340 断开连接，即将尝试第 2 次重连...
2018-05-08 11:50:01.7807 [WARN] :  >连接未成功。
2018-05-08 11:50:03.8087 [WARN] :  >YamahaRobotRCX340 断开连接，即将尝试第 3 次重连...
2018-05-08 11:50:05.7743 [WARN] :  >连接未成功。
2018-05-08 13:40:45.4918 [TRACE] :  >--------------- Program start -----------------
2018-05-08 13:40:45.6946 [TRACE] :  >Load document...
2018-05-08 13:40:45.8974 [TRACE] :  >Hardware initialize...
2018-05-08 13:40:46.6774 [TRACE] :  >System init ok.
2018-05-08 13:40:48.6898 [WARN] :  >YamahaRobotRCX340 断开连接，即将尝试第 1 次重连...
2018-05-08 13:40:50.6554 [WARN] :  >连接未成功。
2018-05-08 13:40:52.6834 [WARN] :  >YamahaRobotRCX340 断开连接，即将尝试第 2 次重连...
2018-05-08 13:40:54.6490 [WARN] :  >连接未成功。
2018-05-08 13:40:56.6770 [WARN] :  >YamahaRobotRCX340 断开连接，即将尝试第 3 次重连...
2018-05-08 13:40:58.6582 [WARN] :  >连接未成功。
2018-05-08 13:41:00.6862 [WARN] :  >YamahaRobotRCX340 断开连接，即将尝试第 4 次重连...
2018-05-08 13:41:02.6518 [WARN] :  >连接未成功。
2018-05-08 13:41:04.6818 [WARN] :  >YamahaRobotRCX340 断开连接，即将尝试第 5 次重连...
2018-05-08 13:41:06.6494 [WARN] :  >连接未成功。
2018-05-08 13:41:08.6794 [WARN] :  >YamahaRobotRCX340 断开连接，即将尝试第 6 次重连...
2018-05-08 13:41:10.6606 [WARN] :  >连接未成功。
2018-05-08 13:41:12.6886 [WARN] :  >YamahaRobotRCX340 断开连接，即将尝试第 7 次重连...
2018-05-08 13:41:14.6542 [WARN] :  >连接未成功。
2018-05-08 13:41:16.6822 [WARN] :  >YamahaRobotRCX340 断开连接，即将尝试第 8 次重连...
2018-05-08 13:41:18.6634 [WARN] :  >连接未成功。
2018-05-08 13:41:20.6914 [WARN] :  >YamahaRobotRCX340 断开连接，即将尝试第 9 次重连...
2018-05-08 13:41:22.6570 [WARN] :  >连接未成功。
2018-05-08 13:41:24.6850 [WARN] :  >YamahaRobotRCX340 断开连接，即将尝试第 10 次重连...
2018-05-08 13:41:26.6506 [WARN] :  >连接未成功。
2018-05-08 13:41:28.6786 [WARN] :  >连接未成功。
2018-05-08 17:47:09.0671 [TRACE] :  >--------------- Program start -----------------
2018-05-08 17:47:09.2831 [TRACE] :  >Load document...
2018-05-08 17:47:09.6360 [TRACE] :  >Hardware initialize...
2018-05-08 17:47:10.4180 [TRACE] :  >System init ok.
2018-05-08 17:47:12.3838 [WARN] :  >YamahaRobotRCX340 断开连接，即将尝试第 1 次重连...
2018-05-08 17:47:14.3796 [WARN] :  >连接未成功。
2018-05-08 17:47:16.3854 [WARN] :  >YamahaRobotRCX340 断开连接，即将尝试第 2 次重连...
2018-05-08 17:47:18.3802 [WARN] :  >连接未成功。
