2018-04-30 09:58:39.4453 [TRACE] :  >--------------- Program start -----------------
2018-04-30 09:58:39.9133 [TRACE] :  >Load document...
2018-04-30 09:58:40.7245 [TRACE] :  >Hardware initialize...
2018-04-30 09:58:43.4389 [TRACE] :  >System init ok.
2018-04-30 09:58:44.4529 [WARN] :  >YamahaRobotRCX340 断开连接，即将尝试第 1 次重连...
2018-04-30 09:58:46.4029 [WARN] :  >连接未成功。
2018-04-30 09:58:47.4481 [WARN] :  >YamahaRobotRCX340 断开连接，即将尝试第 2 次重连...
2018-04-30 09:58:49.3981 [WARN] :  >连接未成功。
2018-04-30 09:58:50.4433 [WARN] :  >YamahaRobotRCX340 断开连接，即将尝试第 3 次重连...
2018-04-30 09:58:52.6273 [WARN] :  >连接未成功。
2018-04-30 09:58:53.6725 [WARN] :  >YamahaRobotRCX340 断开连接，即将尝试第 4 次重连...
2018-04-30 09:58:55.4041 [WARN] :  >连接未成功。
2018-04-30 09:58:56.4493 [WARN] :  >YamahaRobotRCX340 断开连接，即将尝试第 5 次重连...
2018-04-30 09:58:58.3993 [WARN] :  >连接未成功。
2018-04-30 09:58:59.4445 [WARN] :  >YamahaRobotRCX340 断开连接，即将尝试第 6 次重连...
2018-04-30 09:59:01.3945 [WARN] :  >连接未成功。
2018-04-30 09:59:02.4397 [WARN] :  >YamahaRobotRCX340 断开连接，即将尝试第 7 次重连...
2018-04-30 09:59:04.4053 [WARN] :  >连接未成功。
2018-04-30 09:59:05.4505 [WARN] :  >YamahaRobotRCX340 断开连接，即将尝试第 8 次重连...
2018-04-30 09:59:07.4005 [WARN] :  >连接未成功。
2018-04-30 09:59:08.4457 [WARN] :  >YamahaRobotRCX340 断开连接，即将尝试第 9 次重连...
2018-04-30 09:59:10.3957 [WARN] :  >连接未成功。
2018-04-30 09:59:11.4409 [WARN] :  >YamahaRobotRCX340 断开连接，即将尝试第 10 次重连...
2018-04-30 09:59:13.4065 [WARN] :  >连接未成功。
2018-04-30 09:59:14.5141 [WARN] :  >连接未成功。
2018-04-30 10:17:47.5188 [TRACE] :  >--------------- Program start -----------------
2018-04-30 10:17:47.9244 [TRACE] :  >Load document...
2018-04-30 10:17:48.3144 [TRACE] :  >Hardware initialize...
2018-04-30 10:17:49.4065 [TRACE] :  >System init ok.
2018-04-30 10:17:50.4205 [WARN] :  >YamahaRobotRCX340 断开连接，即将尝试第 1 次重连...
2018-04-30 10:17:52.3705 [WARN] :  >连接未成功。
2018-04-30 10:17:53.4157 [WARN] :  >YamahaRobotRCX340 断开连接，即将尝试第 2 次重连...
2018-04-30 10:17:55.3813 [WARN] :  >连接未成功。
2018-04-30 10:17:56.4266 [WARN] :  >YamahaRobotRCX340 断开连接，即将尝试第 3 次重连...
2018-04-30 10:17:58.3766 [WARN] :  >连接未成功。
2018-04-30 10:17:59.4218 [WARN] :  >YamahaRobotRCX340 断开连接，即将尝试第 4 次重连...
2018-04-30 10:18:01.3718 [WARN] :  >连接未成功。
2018-04-30 10:18:02.4170 [WARN] :  >YamahaRobotRCX340 断开连接，即将尝试第 5 次重连...
2018-04-30 10:18:04.3827 [WARN] :  >连接未成功。
2018-04-30 10:18:05.4591 [WARN] :  >YamahaRobotRCX340 断开连接，即将尝试第 6 次重连...
2018-04-30 10:18:07.3779 [WARN] :  >连接未成功。
2018-04-30 10:18:08.4231 [WARN] :  >YamahaRobotRCX340 断开连接，即将尝试第 7 次重连...
2018-04-30 10:18:10.3731 [WARN] :  >连接未成功。
2018-04-30 10:18:11.4183 [WARN] :  >YamahaRobotRCX340 断开连接，即将尝试第 8 次重连...
2018-04-30 10:18:13.3840 [WARN] :  >连接未成功。
2018-04-30 10:18:14.4292 [WARN] :  >YamahaRobotRCX340 断开连接，即将尝试第 9 次重连...
2018-04-30 10:18:16.3792 [WARN] :  >连接未成功。
2018-04-30 10:18:17.4244 [WARN] :  >YamahaRobotRCX340 断开连接，即将尝试第 10 次重连...
2018-04-30 10:18:19.3744 [WARN] :  >连接未成功。
2018-04-30 10:18:20.4197 [WARN] :  >连接未成功。
2018-04-30 10:24:16.1908 [TRACE] :  >--------------- Program start -----------------
2018-04-30 10:24:16.6968 [TRACE] :  >Load document...
2018-04-30 10:24:17.1492 [TRACE] :  >Hardware initialize...
2018-04-30 10:24:17.9136 [TRACE] :  >System init ok.
2018-04-30 10:24:18.9276 [WARN] :  >YamahaRobotRCX340 断开连接，即将尝试第 1 次重连...
2018-04-30 10:24:20.8776 [WARN] :  >连接未成功。
2018-04-30 10:24:21.9228 [WARN] :  >YamahaRobotRCX340 断开连接，即将尝试第 2 次重连...
2018-04-30 10:24:23.8728 [WARN] :  >连接未成功。
2018-04-30 10:24:24.9180 [WARN] :  >YamahaRobotRCX340 断开连接，即将尝试第 3 次重连...
2018-04-30 10:24:26.8836 [WARN] :  >连接未成功。
2018-04-30 10:24:27.9288 [WARN] :  >YamahaRobotRCX340 断开连接，即将尝试第 4 次重连...
2018-04-30 10:24:29.8788 [WARN] :  >连接未成功。
2018-04-30 10:24:30.9240 [WARN] :  >YamahaRobotRCX340 断开连接，即将尝试第 5 次重连...
2018-04-30 10:24:32.8740 [WARN] :  >连接未成功。
2018-04-30 10:24:33.9192 [WARN] :  >YamahaRobotRCX340 断开连接，即将尝试第 6 次重连...
2018-04-30 10:24:35.8848 [WARN] :  >连接未成功。
2018-04-30 10:24:36.9300 [WARN] :  >YamahaRobotRCX340 断开连接，即将尝试第 7 次重连...
2018-04-30 10:24:38.8800 [WARN] :  >连接未成功。
2018-04-30 10:24:39.9252 [WARN] :  >YamahaRobotRCX340 断开连接，即将尝试第 8 次重连...
2018-04-30 10:24:41.8772 [WARN] :  >连接未成功。
2018-04-30 10:24:42.9234 [WARN] :  >YamahaRobotRCX340 断开连接，即将尝试第 9 次重连...
2018-04-30 10:24:44.8754 [WARN] :  >连接未成功。
2018-04-30 10:24:45.9216 [WARN] :  >YamahaRobotRCX340 断开连接，即将尝试第 10 次重连...
2018-04-30 10:24:47.8736 [WARN] :  >连接未成功。
2018-04-30 10:26:32.1820 [TRACE] :  >--------------- Program start -----------------
2018-04-30 10:26:32.5430 [TRACE] :  >Load document...
2018-04-30 10:26:32.9390 [TRACE] :  >Hardware initialize...
2018-04-30 10:26:33.8810 [TRACE] :  >System init ok.
2018-04-30 10:26:34.8830 [WARN] :  >YamahaRobotRCX340 断开连接，即将尝试第 1 次重连...
2018-04-30 10:26:36.8430 [WARN] :  >连接未成功。
2018-04-30 10:26:37.8700 [WARN] :  >YamahaRobotRCX340 断开连接，即将尝试第 2 次重连...
2018-04-30 10:26:39.8420 [WARN] :  >连接未成功。
2018-04-30 10:26:40.8730 [WARN] :  >YamahaRobotRCX340 断开连接，即将尝试第 3 次重连...
2018-04-30 10:26:42.8460 [WARN] :  >连接未成功。
2018-04-30 10:26:43.8750 [WARN] :  >YamahaRobotRCX340 断开连接，即将尝试第 4 次重连...
2018-04-30 10:26:45.8460 [WARN] :  >连接未成功。
2018-04-30 10:27:19.0004 [TRACE] :  >--------------- Program start -----------------
2018-04-30 10:27:19.4024 [TRACE] :  >Load document...
2018-04-30 10:27:19.8184 [TRACE] :  >Hardware initialize...
2018-04-30 10:27:20.8634 [TRACE] :  >System init ok.
2018-04-30 10:27:21.8774 [WARN] :  >YamahaRobotRCX340 断开连接，即将尝试第 1 次重连...
2018-04-30 10:27:23.8394 [WARN] :  >连接未成功。
2018-04-30 10:27:24.8614 [WARN] :  >YamahaRobotRCX340 断开连接，即将尝试第 2 次重连...
2018-04-30 10:27:26.8394 [WARN] :  >连接未成功。
2018-04-30 10:27:27.8684 [WARN] :  >YamahaRobotRCX340 断开连接，即将尝试第 3 次重连...
2018-04-30 10:27:29.8424 [WARN] :  >连接未成功。
2018-04-30 10:27:30.8714 [WARN] :  >YamahaRobotRCX340 断开连接，即将尝试第 4 次重连...
2018-04-30 10:27:32.8434 [WARN] :  >连接未成功。
2018-04-30 10:27:33.8724 [WARN] :  >YamahaRobotRCX340 断开连接，即将尝试第 5 次重连...
2018-04-30 10:27:35.8434 [WARN] :  >连接未成功。
2018-04-30 10:27:36.8724 [WARN] :  >YamahaRobotRCX340 断开连接，即将尝试第 6 次重连...
2018-04-30 10:27:38.8434 [WARN] :  >连接未成功。
2018-04-30 10:27:39.8724 [WARN] :  >YamahaRobotRCX340 断开连接，即将尝试第 7 次重连...
2018-04-30 10:27:41.8414 [WARN] :  >连接未成功。
2018-04-30 10:27:42.8714 [WARN] :  >YamahaRobotRCX340 断开连接，即将尝试第 8 次重连...
2018-04-30 10:27:44.8424 [WARN] :  >连接未成功。
2018-04-30 10:27:45.8784 [WARN] :  >YamahaRobotRCX340 断开连接，即将尝试第 9 次重连...
2018-04-30 10:27:47.8414 [WARN] :  >连接未成功。
2018-04-30 10:27:48.8704 [WARN] :  >YamahaRobotRCX340 断开连接，即将尝试第 10 次重连...
2018-04-30 10:27:50.8414 [WARN] :  >连接未成功。
2018-04-30 10:30:15.3400 [TRACE] :  >--------------- Program start -----------------
2018-04-30 10:30:15.7900 [TRACE] :  >Load document...
2018-04-30 10:30:16.2280 [TRACE] :  >Hardware initialize...
2018-04-30 10:30:17.3750 [TRACE] :  >System init ok.
2018-04-30 10:30:18.3780 [WARN] :  >YamahaRobotRCX340 断开连接，即将尝试第 1 次重连...
2018-04-30 10:30:20.3360 [WARN] :  >连接未成功。
2018-04-30 10:30:21.3580 [WARN] :  >YamahaRobotRCX340 断开连接，即将尝试第 2 次重连...
2018-04-30 10:30:23.3340 [WARN] :  >连接未成功。
2018-04-30 10:30:24.3670 [WARN] :  >YamahaRobotRCX340 断开连接，即将尝试第 3 次重连...
2018-04-30 10:30:26.3380 [WARN] :  >连接未成功。
2018-04-30 10:30:27.3660 [WARN] :  >YamahaRobotRCX340 断开连接，即将尝试第 4 次重连...
2018-04-30 10:30:29.3400 [WARN] :  >连接未成功。
2018-04-30 10:30:30.3690 [WARN] :  >YamahaRobotRCX340 断开连接，即将尝试第 5 次重连...
2018-04-30 10:30:32.3360 [WARN] :  >连接未成功。
2018-04-30 10:30:33.3590 [WARN] :  >YamahaRobotRCX340 断开连接，即将尝试第 6 次重连...
2018-04-30 10:30:35.3380 [WARN] :  >连接未成功。
2018-04-30 10:30:36.3680 [WARN] :  >YamahaRobotRCX340 断开连接，即将尝试第 7 次重连...
2018-04-30 10:30:38.3380 [WARN] :  >连接未成功。
2018-04-30 10:30:39.3640 [WARN] :  >YamahaRobotRCX340 断开连接，即将尝试第 8 次重连...
2018-04-30 10:30:41.3370 [WARN] :  >连接未成功。
2018-04-30 10:30:42.3660 [WARN] :  >YamahaRobotRCX340 断开连接，即将尝试第 9 次重连...
2018-04-30 10:30:44.3370 [WARN] :  >连接未成功。
2018-04-30 10:30:45.3620 [WARN] :  >YamahaRobotRCX340 断开连接，即将尝试第 10 次重连...
2018-04-30 10:30:47.3370 [WARN] :  >连接未成功。
2018-04-30 10:31:49.0052 [TRACE] :  >--------------- Program start -----------------
2018-04-30 10:31:49.4532 [TRACE] :  >Load document...
2018-04-30 10:31:49.8992 [TRACE] :  >Hardware initialize...
2018-04-30 10:31:50.8642 [TRACE] :  >System init ok.
2018-04-30 10:31:51.8782 [WARN] :  >YamahaRobotRCX340 断开连接，即将尝试第 1 次重连...
2018-04-30 10:31:55.8750 [WARN] :  >连接未成功。
2018-04-30 10:31:56.9202 [WARN] :  >YamahaRobotRCX340 断开连接，即将尝试第 2 次重连...
2018-04-30 10:31:58.8596 [WARN] :  >连接未成功。
2018-04-30 10:31:59.8596 [WARN] :  >YamahaRobotRCX340 断开连接，即将尝试第 3 次重连...
2018-04-30 10:32:01.8334 [WARN] :  >连接未成功。
2018-04-30 10:32:02.8632 [WARN] :  >YamahaRobotRCX340 断开连接，即将尝试第 4 次重连...
2018-04-30 10:32:04.8634 [WARN] :  >连接未成功。
2018-04-30 10:32:05.9086 [WARN] :  >YamahaRobotRCX340 断开连接，即将尝试第 5 次重连...
2018-04-30 10:32:07.8742 [WARN] :  >连接未成功。
2018-04-30 10:32:08.9194 [WARN] :  >YamahaRobotRCX340 断开连接，即将尝试第 6 次重连...
2018-04-30 10:32:10.8694 [WARN] :  >连接未成功。
2018-04-30 10:32:11.9146 [WARN] :  >YamahaRobotRCX340 断开连接，即将尝试第 7 次重连...
2018-04-30 10:32:13.8646 [WARN] :  >连接未成功。
2018-04-30 10:32:14.9098 [WARN] :  >YamahaRobotRCX340 断开连接，即将尝试第 8 次重连...
2018-04-30 10:32:16.8598 [WARN] :  >连接未成功。
2018-04-30 10:32:17.9050 [WARN] :  >YamahaRobotRCX340 断开连接，即将尝试第 9 次重连...
2018-04-30 10:32:19.8706 [WARN] :  >连接未成功。
2018-04-30 10:32:20.9158 [WARN] :  >YamahaRobotRCX340 断开连接，即将尝试第 10 次重连...
2018-04-30 10:32:22.8658 [WARN] :  >连接未成功。
2018-04-30 10:35:07.6800 [TRACE] :  >--------------- Program start -----------------
2018-04-30 10:35:08.2120 [TRACE] :  >Load document...
2018-04-30 10:35:08.6470 [TRACE] :  >Hardware initialize...
2018-04-30 10:35:09.8820 [TRACE] :  >System init ok.
2018-04-30 10:35:10.9480 [WARN] :  >YamahaRobotRCX340 断开连接，即将尝试第 1 次重连...
2018-04-30 10:35:19.3664 [WARN] :  >连接未成功。
2018-04-30 10:35:20.3980 [WARN] :  >YamahaRobotRCX340 断开连接，即将尝试第 2 次重连...
2018-04-30 10:35:22.3576 [WARN] :  >连接未成功。
2018-04-30 10:35:23.4048 [WARN] :  >YamahaRobotRCX340 断开连接，即将尝试第 3 次重连...
2018-04-30 10:35:25.3708 [WARN] :  >连接未成功。
2018-04-30 10:35:26.4160 [WARN] :  >YamahaRobotRCX340 断开连接，即将尝试第 4 次重连...
2018-04-30 10:35:28.3660 [WARN] :  >连接未成功。
2018-04-30 10:35:29.4112 [WARN] :  >YamahaRobotRCX340 断开连接，即将尝试第 5 次重连...
2018-04-30 10:35:31.3612 [WARN] :  >连接未成功。
2018-04-30 10:35:32.4064 [WARN] :  >YamahaRobotRCX340 断开连接，即将尝试第 6 次重连...
2018-04-30 10:35:34.3720 [WARN] :  >连接未成功。
2018-04-30 10:35:35.4172 [WARN] :  >YamahaRobotRCX340 断开连接，即将尝试第 7 次重连...
2018-04-30 10:35:37.3672 [WARN] :  >连接未成功。
2018-04-30 10:35:38.4124 [WARN] :  >YamahaRobotRCX340 断开连接，即将尝试第 8 次重连...
2018-04-30 10:35:40.3624 [WARN] :  >连接未成功。
2018-04-30 10:35:41.4076 [WARN] :  >YamahaRobotRCX340 断开连接，即将尝试第 9 次重连...
2018-04-30 10:35:43.3576 [WARN] :  >连接未成功。
2018-04-30 10:35:44.4028 [WARN] :  >YamahaRobotRCX340 断开连接，即将尝试第 10 次重连...
2018-04-30 10:35:46.3684 [WARN] :  >连接未成功。
2018-04-30 10:37:10.9512 [WARN] :  >连接未成功。
2018-04-30 10:38:54.0634 [TRACE] :  >--------------- Program start -----------------
2018-04-30 10:38:54.5314 [TRACE] :  >Load document...
2018-04-30 10:38:55.0044 [TRACE] :  >Hardware initialize...
2018-04-30 10:38:55.8834 [TRACE] :  >System init ok.
2018-04-30 10:38:56.8864 [WARN] :  >YamahaRobotRCX340 断开连接，即将尝试第 1 次重连...
2018-04-30 10:39:06.6398 [WARN] :  >连接未成功。
2018-04-30 10:39:07.7170 [WARN] :  >YamahaRobotRCX340 断开连接，即将尝试第 2 次重连...
2018-04-30 10:39:09.3550 [WARN] :  >连接未成功。
2018-04-30 10:39:10.4002 [WARN] :  >YamahaRobotRCX340 断开连接，即将尝试第 3 次重连...
2018-04-30 10:39:12.3658 [WARN] :  >连接未成功。
2018-04-30 10:39:13.4110 [WARN] :  >YamahaRobotRCX340 断开连接，即将尝试第 4 次重连...
2018-04-30 10:39:15.3610 [WARN] :  >连接未成功。
2018-04-30 10:39:16.4062 [WARN] :  >YamahaRobotRCX340 断开连接，即将尝试第 5 次重连...
2018-04-30 10:39:18.3548 [WARN] :  >连接未成功。
2018-04-30 10:39:19.4000 [WARN] :  >YamahaRobotRCX340 断开连接，即将尝试第 6 次重连...
2018-04-30 10:39:21.3656 [WARN] :  >连接未成功。
2018-04-30 10:39:22.4108 [WARN] :  >YamahaRobotRCX340 断开连接，即将尝试第 7 次重连...
2018-04-30 10:39:24.3608 [WARN] :  >连接未成功。
2018-04-30 10:39:25.4060 [WARN] :  >YamahaRobotRCX340 断开连接，即将尝试第 8 次重连...
2018-04-30 10:39:27.3560 [WARN] :  >连接未成功。
2018-04-30 10:39:28.4012 [WARN] :  >YamahaRobotRCX340 断开连接，即将尝试第 9 次重连...
2018-04-30 10:39:30.3668 [WARN] :  >连接未成功。
2018-04-30 10:39:31.4120 [WARN] :  >YamahaRobotRCX340 断开连接，即将尝试第 10 次重连...
2018-04-30 10:39:33.3620 [WARN] :  >连接未成功。
2018-04-30 10:39:57.8724 [WARN] :  >连接未成功。
2018-04-30 10:41:34.4636 [TRACE] :  >--------------- Program start -----------------
2018-04-30 10:41:34.7906 [TRACE] :  >Load document...
2018-04-30 10:41:35.0196 [TRACE] :  >Hardware initialize...
2018-04-30 10:41:35.8436 [TRACE] :  >System init ok.
2018-04-30 10:41:36.8536 [WARN] :  >YamahaRobotRCX340 断开连接，即将尝试第 1 次重连...
2018-04-30 10:41:38.8266 [WARN] :  >连接未成功。
2018-04-30 10:41:39.8496 [WARN] :  >YamahaRobotRCX340 断开连接，即将尝试第 2 次重连...
2018-04-30 10:41:41.8246 [WARN] :  >连接未成功。
2018-04-30 10:41:42.8516 [WARN] :  >YamahaRobotRCX340 断开连接，即将尝试第 3 次重连...
2018-04-30 10:41:44.8276 [WARN] :  >连接未成功。
2018-04-30 10:41:45.8546 [WARN] :  >YamahaRobotRCX340 断开连接，即将尝试第 4 次重连...
2018-04-30 10:41:48.3346 [WARN] :  >连接未成功。
2018-04-30 10:41:49.3656 [WARN] :  >YamahaRobotRCX340 断开连接，即将尝试第 5 次重连...
2018-04-30 10:41:51.3286 [WARN] :  >连接未成功。
2018-04-30 10:41:52.3586 [WARN] :  >YamahaRobotRCX340 断开连接，即将尝试第 6 次重连...
2018-04-30 10:41:54.3276 [WARN] :  >连接未成功。
2018-04-30 10:41:55.3526 [WARN] :  >YamahaRobotRCX340 断开连接，即将尝试第 7 次重连...
2018-04-30 10:41:57.3286 [WARN] :  >连接未成功。
2018-04-30 10:41:58.3576 [WARN] :  >YamahaRobotRCX340 断开连接，即将尝试第 8 次重连...
2018-04-30 10:42:00.3276 [WARN] :  >连接未成功。
2018-04-30 10:42:01.3526 [WARN] :  >YamahaRobotRCX340 断开连接，即将尝试第 9 次重连...
2018-04-30 10:42:03.3306 [WARN] :  >连接未成功。
2018-04-30 10:42:04.3596 [WARN] :  >YamahaRobotRCX340 断开连接，即将尝试第 10 次重连...
2018-04-30 10:42:06.3246 [WARN] :  >连接未成功。
2018-04-30 10:42:07.3646 [WARN] :  >连接未成功。
2018-04-30 12:03:07.4048 [TRACE] :  >--------------- Program start -----------------
2018-04-30 12:03:07.8378 [TRACE] :  >Load document...
2018-04-30 12:03:08.3478 [TRACE] :  >Hardware initialize...
2018-04-30 12:03:09.3028 [TRACE] :  >System init ok.
2018-04-30 12:03:10.3198 [WARN] :  >YamahaRobotRCX340 断开连接，即将尝试第 1 次重连...
2018-04-30 12:03:12.2688 [WARN] :  >连接未成功。
2018-04-30 12:03:13.2908 [WARN] :  >YamahaRobotRCX340 断开连接，即将尝试第 2 次重连...
2018-04-30 12:03:15.2688 [WARN] :  >连接未成功。
2018-04-30 12:03:16.2958 [WARN] :  >YamahaRobotRCX340 断开连接，即将尝试第 3 次重连...
2018-04-30 12:03:18.5958 [WARN] :  >连接未成功。
2018-04-30 12:03:19.6208 [WARN] :  >YamahaRobotRCX340 断开连接，即将尝试第 4 次重连...
2018-04-30 12:03:21.2738 [WARN] :  >连接未成功。
2018-04-30 12:03:22.3028 [WARN] :  >YamahaRobotRCX340 断开连接，即将尝试第 5 次重连...
2018-04-30 13:34:44.7170 [TRACE] :  >--------------- Program start -----------------
2018-04-30 13:34:44.9380 [TRACE] :  >Load document...
2018-04-30 13:34:45.1300 [TRACE] :  >Hardware initialize...
2018-04-30 13:34:46.1790 [TRACE] :  >System init ok.
2018-04-30 13:34:47.1900 [WARN] :  >YamahaRobotRCX340 断开连接，即将尝试第 1 次重连...
2018-04-30 13:34:49.1580 [WARN] :  >连接未成功。
2018-04-30 13:34:50.1840 [WARN] :  >YamahaRobotRCX340 断开连接，即将尝试第 2 次重连...
2018-04-30 13:34:52.1570 [WARN] :  >连接未成功。
2018-04-30 13:34:53.1860 [WARN] :  >YamahaRobotRCX340 断开连接，即将尝试第 3 次重连...
2018-04-30 13:34:55.1610 [WARN] :  >连接未成功。
2018-04-30 13:34:56.1900 [WARN] :  >YamahaRobotRCX340 断开连接，即将尝试第 4 次重连...
2018-04-30 13:34:58.1600 [WARN] :  >连接未成功。
2018-04-30 13:34:59.1850 [WARN] :  >YamahaRobotRCX340 断开连接，即将尝试第 5 次重连...
2018-04-30 13:35:01.1620 [WARN] :  >连接未成功。
2018-04-30 13:35:02.1920 [WARN] :  >YamahaRobotRCX340 断开连接，即将尝试第 6 次重连...
2018-04-30 13:35:04.1600 [WARN] :  >连接未成功。
2018-04-30 13:35:05.1850 [WARN] :  >YamahaRobotRCX340 断开连接，即将尝试第 7 次重连...
2018-04-30 13:35:07.1590 [WARN] :  >连接未成功。
2018-04-30 13:35:08.1890 [WARN] :  >YamahaRobotRCX340 断开连接，即将尝试第 8 次重连...
2018-04-30 13:35:10.1600 [WARN] :  >连接未成功。
2018-04-30 13:35:11.1850 [WARN] :  >YamahaRobotRCX340 断开连接，即将尝试第 9 次重连...
2018-04-30 13:35:13.1600 [WARN] :  >连接未成功。
2018-04-30 13:35:14.1900 [WARN] :  >YamahaRobotRCX340 断开连接，即将尝试第 10 次重连...
2018-04-30 13:35:16.1600 [WARN] :  >连接未成功。
2018-04-30 13:35:17.1960 [WARN] :  >连接未成功。
2018-04-30 13:38:05.2430 [TRACE] :  >--------------- Program start -----------------
2018-04-30 13:38:05.7130 [TRACE] :  >Load document...
2018-04-30 13:38:06.2030 [TRACE] :  >Hardware initialize...
2018-04-30 13:38:07.1860 [TRACE] :  >System init ok.
2018-04-30 13:38:08.1910 [WARN] :  >YamahaRobotRCX340 断开连接，即将尝试第 1 次重连...
2018-04-30 13:38:10.1470 [WARN] :  >连接未成功。
2018-04-30 13:38:11.1690 [WARN] :  >YamahaRobotRCX340 断开连接，即将尝试第 2 次重连...
2018-04-30 13:38:13.1460 [WARN] :  >连接未成功。
2018-04-30 13:38:14.1800 [WARN] :  >YamahaRobotRCX340 断开连接，即将尝试第 3 次重连...
2018-04-30 13:38:16.1490 [WARN] :  >连接未成功。
2018-04-30 13:38:17.1750 [WARN] :  >YamahaRobotRCX340 断开连接，即将尝试第 4 次重连...
2018-04-30 13:38:19.1520 [WARN] :  >连接未成功。
2018-04-30 13:38:20.1800 [WARN] :  >YamahaRobotRCX340 断开连接，即将尝试第 5 次重连...
2018-04-30 13:38:22.1490 [WARN] :  >连接未成功。
2018-04-30 13:38:23.1730 [WARN] :  >YamahaRobotRCX340 断开连接，即将尝试第 6 次重连...
2018-04-30 13:38:25.1490 [WARN] :  >连接未成功。
2018-04-30 13:38:26.1800 [WARN] :  >YamahaRobotRCX340 断开连接，即将尝试第 7 次重连...
2018-04-30 13:38:28.1490 [WARN] :  >连接未成功。
2018-04-30 13:38:29.1750 [WARN] :  >YamahaRobotRCX340 断开连接，即将尝试第 8 次重连...
2018-04-30 13:38:31.1500 [WARN] :  >连接未成功。
2018-04-30 13:38:32.1790 [WARN] :  >YamahaRobotRCX340 断开连接，即将尝试第 9 次重连...
2018-04-30 13:38:34.1470 [WARN] :  >连接未成功。
2018-04-30 13:38:35.1720 [WARN] :  >YamahaRobotRCX340 断开连接，即将尝试第 10 次重连...
2018-04-30 13:38:37.1480 [WARN] :  >连接未成功。
2018-04-30 13:38:38.1910 [WARN] :  >连接未成功。
2018-04-30 14:03:18.5100 [TRACE] :  >--------------- Program start -----------------
2018-04-30 14:03:19.0480 [TRACE] :  >Load document...
2018-04-30 14:03:19.5220 [TRACE] :  >Hardware initialize...
2018-04-30 14:03:20.7030 [TRACE] :  >System init ok.
2018-04-30 14:03:21.5970 [WARN] :  >YamahaRobotRCX340 断开连接，即将尝试第 1 次重连...
2018-04-30 14:03:23.5590 [WARN] :  >连接未成功。
2018-04-30 14:03:24.5800 [WARN] :  >YamahaRobotRCX340 断开连接，即将尝试第 2 次重连...
2018-04-30 14:03:26.5590 [WARN] :  >连接未成功。
2018-04-30 14:03:27.5860 [WARN] :  >YamahaRobotRCX340 断开连接，即将尝试第 3 次重连...
2018-04-30 14:03:29.5620 [WARN] :  >连接未成功。
2018-04-30 14:03:30.6260 [WARN] :  >YamahaRobotRCX340 断开连接，即将尝试第 4 次重连...
2018-04-30 14:03:32.5590 [WARN] :  >连接未成功。
2018-04-30 14:03:33.5850 [WARN] :  >YamahaRobotRCX340 断开连接，即将尝试第 5 次重连...
2018-04-30 14:03:35.5590 [WARN] :  >连接未成功。
2018-04-30 14:03:36.5860 [WARN] :  >YamahaRobotRCX340 断开连接，即将尝试第 6 次重连...
2018-04-30 14:03:38.5610 [WARN] :  >连接未成功。
2018-04-30 14:05:41.4250 [TRACE] :  >--------------- Program start -----------------
2018-04-30 14:05:41.8280 [TRACE] :  >Load document...
2018-04-30 14:05:42.3810 [TRACE] :  >Hardware initialize...
2018-04-30 14:05:43.5820 [TRACE] :  >System init ok.
2018-04-30 14:05:44.6100 [WARN] :  >YamahaRobotRCX340 断开连接，即将尝试第 1 次重连...
2018-04-30 14:05:46.5530 [WARN] :  >连接未成功。
2018-04-30 14:05:47.5760 [WARN] :  >YamahaRobotRCX340 断开连接，即将尝试第 2 次重连...
2018-04-30 14:05:49.5530 [WARN] :  >连接未成功。
2018-04-30 14:05:50.5760 [WARN] :  >YamahaRobotRCX340 断开连接，即将尝试第 3 次重连...
2018-04-30 14:05:52.5530 [WARN] :  >连接未成功。
2018-04-30 14:05:53.5760 [WARN] :  >YamahaRobotRCX340 断开连接，即将尝试第 4 次重连...
2018-04-30 14:05:55.5530 [WARN] :  >连接未成功。
2018-04-30 14:05:56.5810 [WARN] :  >YamahaRobotRCX340 断开连接，即将尝试第 5 次重连...
2018-04-30 14:05:58.5540 [WARN] :  >连接未成功。
2018-04-30 14:05:59.5840 [WARN] :  >YamahaRobotRCX340 断开连接，即将尝试第 6 次重连...
2018-04-30 14:06:01.5550 [WARN] :  >连接未成功。
2018-04-30 14:06:02.5860 [WARN] :  >YamahaRobotRCX340 断开连接，即将尝试第 7 次重连...
2018-04-30 14:06:04.5550 [WARN] :  >连接未成功。
2018-04-30 14:06:05.5860 [WARN] :  >YamahaRobotRCX340 断开连接，即将尝试第 8 次重连...
2018-04-30 14:06:07.5540 [WARN] :  >连接未成功。
2018-04-30 14:06:08.5850 [WARN] :  >YamahaRobotRCX340 断开连接，即将尝试第 9 次重连...
2018-04-30 14:06:10.5560 [WARN] :  >连接未成功。
2018-04-30 14:06:11.5850 [WARN] :  >YamahaRobotRCX340 断开连接，即将尝试第 10 次重连...
2018-04-30 14:06:13.5550 [WARN] :  >连接未成功。
2018-04-30 14:06:14.6010 [WARN] :  >连接未成功。
2018-04-30 14:13:35.1650 [TRACE] :  >--------------- Program start -----------------
2018-04-30 14:13:35.7280 [TRACE] :  >Load document...
2018-04-30 14:13:36.6950 [TRACE] :  >Hardware initialize...
2018-04-30 14:13:37.5800 [TRACE] :  >System init ok.
2018-04-30 14:13:38.5850 [WARN] :  >YamahaRobotRCX340 断开连接，即将尝试第 1 次重连...
2018-04-30 14:13:40.5250 [WARN] :  >连接未成功。
2018-04-30 14:13:41.5480 [WARN] :  >YamahaRobotRCX340 断开连接，即将尝试第 2 次重连...
2018-04-30 14:13:43.5250 [WARN] :  >连接未成功。
2018-04-30 14:13:44.5480 [WARN] :  >YamahaRobotRCX340 断开连接，即将尝试第 3 次重连...
2018-04-30 14:13:46.5250 [WARN] :  >连接未成功。
2018-04-30 14:17:59.7011 [TRACE] :  >--------------- Program start -----------------
2018-04-30 14:18:00.1483 [TRACE] :  >Load document...
2018-04-30 14:18:00.9925 [TRACE] :  >Hardware initialize...
2018-04-30 14:18:02.1329 [TRACE] :  >System init ok.
2018-04-30 14:18:03.1592 [WARN] :  >YamahaRobotRCX340 断开连接，即将尝试第 1 次重连...
2018-04-30 14:18:05.0367 [WARN] :  >连接未成功。
2018-04-30 14:18:06.0590 [WARN] :  >YamahaRobotRCX340 断开连接，即将尝试第 2 次重连...
2018-04-30 14:18:08.0376 [WARN] :  >连接未成功。
2018-04-30 14:18:09.0609 [WARN] :  >YamahaRobotRCX340 断开连接，即将尝试第 3 次重连...
2018-04-30 14:18:11.0365 [WARN] :  >连接未成功。
2018-04-30 14:18:12.0698 [WARN] :  >YamahaRobotRCX340 断开连接，即将尝试第 4 次重连...
2018-04-30 14:18:14.0394 [WARN] :  >连接未成功。
2018-04-30 14:18:15.0667 [WARN] :  >YamahaRobotRCX340 断开连接，即将尝试第 5 次重连...
2018-04-30 14:18:17.0423 [WARN] :  >连接未成功。
2018-04-30 14:18:18.0726 [WARN] :  >YamahaRobotRCX340 断开连接，即将尝试第 6 次重连...
2018-04-30 14:18:20.0422 [WARN] :  >连接未成功。
2018-04-30 14:18:21.0685 [WARN] :  >YamahaRobotRCX340 断开连接，即将尝试第 7 次重连...
2018-04-30 14:18:23.0451 [WARN] :  >连接未成功。
2018-04-30 14:18:24.0744 [WARN] :  >YamahaRobotRCX340 断开连接，即将尝试第 8 次重连...
2018-04-30 14:18:26.0440 [WARN] :  >连接未成功。
2018-04-30 14:18:27.0693 [WARN] :  >YamahaRobotRCX340 断开连接，即将尝试第 9 次重连...
2018-04-30 14:18:29.0439 [WARN] :  >连接未成功。
2018-04-30 14:18:30.0742 [WARN] :  >YamahaRobotRCX340 断开连接，即将尝试第 10 次重连...
2018-04-30 14:18:32.0458 [WARN] :  >连接未成功。
2018-04-30 14:18:33.0861 [WARN] :  >连接未成功。
2018-04-30 14:27:20.2391 [TRACE] :  >--------------- Program start -----------------
2018-04-30 14:27:20.7331 [TRACE] :  >Load document...
2018-04-30 14:27:21.2212 [TRACE] :  >Hardware initialize...
2018-04-30 14:27:22.1383 [TRACE] :  >System init ok.
2018-04-30 14:27:23.1544 [WARN] :  >YamahaRobotRCX340 断开连接，即将尝试第 1 次重连...
2018-04-30 14:27:25.1036 [WARN] :  >连接未成功。
2018-04-30 14:27:26.1257 [WARN] :  >YamahaRobotRCX340 断开连接，即将尝试第 2 次重连...
2018-04-30 14:27:28.1039 [WARN] :  >连接未成功。
2018-04-30 14:27:29.1270 [WARN] :  >YamahaRobotRCX340 断开连接，即将尝试第 3 次重连...
2018-04-30 14:27:31.1042 [WARN] :  >连接未成功。
2018-04-30 14:27:32.1313 [WARN] :  >YamahaRobotRCX340 断开连接，即将尝试第 4 次重连...
2018-04-30 14:27:34.1095 [WARN] :  >连接未成功。
2018-04-30 14:27:35.1346 [WARN] :  >YamahaRobotRCX340 断开连接，即将尝试第 5 次重连...
2018-04-30 14:27:37.1038 [WARN] :  >连接未成功。
2018-04-30 14:27:38.1309 [WARN] :  >YamahaRobotRCX340 断开连接，即将尝试第 6 次重连...
2018-04-30 14:27:40.1041 [WARN] :  >连接未成功。
2018-04-30 14:27:41.1282 [WARN] :  >YamahaRobotRCX340 断开连接，即将尝试第 7 次重连...
2018-04-30 14:27:43.1044 [WARN] :  >连接未成功。
2018-04-30 14:27:44.1315 [WARN] :  >YamahaRobotRCX340 断开连接，即将尝试第 8 次重连...
2018-04-30 14:27:46.1047 [WARN] :  >连接未成功。
2018-04-30 14:27:47.1288 [WARN] :  >YamahaRobotRCX340 断开连接，即将尝试第 9 次重连...
2018-04-30 14:31:38.8399 [TRACE] :  >--------------- Program start -----------------
2018-04-30 14:31:39.3090 [TRACE] :  >Load document...
2018-04-30 14:31:39.8150 [TRACE] :  >Hardware initialize...
2018-04-30 14:31:40.6471 [TRACE] :  >System init ok.
2018-04-30 14:31:41.6522 [WARN] :  >YamahaRobotRCX340 断开连接，即将尝试第 1 次重连...
2018-04-30 14:31:43.6134 [WARN] :  >连接未成功。
2018-04-30 14:31:44.6355 [WARN] :  >YamahaRobotRCX340 断开连接，即将尝试第 2 次重连...
2018-04-30 14:31:46.6147 [WARN] :  >连接未成功。
2018-04-30 14:31:47.6438 [WARN] :  >YamahaRobotRCX340 断开连接，即将尝试第 3 次重连...
2018-04-30 14:31:50.0581 [WARN] :  >连接未成功。
2018-04-30 14:32:17.3278 [TRACE] :  >--------------- Program start -----------------
2018-04-30 14:32:17.7938 [TRACE] :  >Load document...
2018-04-30 14:32:18.3349 [TRACE] :  >Hardware initialize...
2018-04-30 14:32:19.1610 [TRACE] :  >System init ok.
2018-04-30 14:32:20.1601 [WARN] :  >YamahaRobotRCX340 断开连接，即将尝试第 1 次重连...
2018-04-30 14:32:22.1143 [WARN] :  >连接未成功。
2018-04-30 14:32:23.1344 [WARN] :  >YamahaRobotRCX340 断开连接，即将尝试第 2 次重连...
2018-04-30 14:32:25.1146 [WARN] :  >连接未成功。
2018-04-30 14:32:26.1397 [WARN] :  >YamahaRobotRCX340 断开连接，即将尝试第 3 次重连...
2018-04-30 14:32:28.1179 [WARN] :  >连接未成功。
2018-04-30 14:32:29.1450 [WARN] :  >YamahaRobotRCX340 断开连接，即将尝试第 4 次重连...
2018-04-30 14:32:31.1622 [WARN] :  >连接未成功。
2018-04-30 14:32:32.1923 [WARN] :  >YamahaRobotRCX340 断开连接，即将尝试第 5 次重连...
2018-04-30 14:32:34.1135 [WARN] :  >连接未成功。
2018-04-30 14:32:35.2816 [WARN] :  >YamahaRobotRCX340 断开连接，即将尝试第 6 次重连...
2018-04-30 14:32:37.1148 [WARN] :  >连接未成功。
2018-04-30 14:32:38.3789 [WARN] :  >YamahaRobotRCX340 断开连接，即将尝试第 7 次重连...
2018-04-30 14:32:40.1201 [WARN] :  >连接未成功。
2018-04-30 14:32:41.1442 [WARN] :  >YamahaRobotRCX340 断开连接，即将尝试第 8 次重连...
2018-04-30 14:32:43.1194 [WARN] :  >连接未成功。
2018-04-30 14:32:44.1485 [WARN] :  >YamahaRobotRCX340 断开连接，即将尝试第 9 次重连...
2018-04-30 14:32:46.1187 [WARN] :  >连接未成功。
2018-04-30 14:32:47.1438 [WARN] :  >YamahaRobotRCX340 断开连接，即将尝试第 10 次重连...
2018-04-30 14:32:49.1200 [WARN] :  >连接未成功。
2018-04-30 14:32:50.1631 [WARN] :  >连接未成功。
2018-04-30 14:36:12.8241 [TRACE] :  >--------------- Program start -----------------
2018-04-30 14:36:13.2765 [TRACE] :  >Load document...
2018-04-30 14:36:13.7445 [TRACE] :  >Hardware initialize...
2018-04-30 14:36:14.6649 [TRACE] :  >System init ok.
2018-04-30 14:36:15.7257 [WARN] :  >YamahaRobotRCX340 断开连接，即将尝试第 1 次重连...
2018-04-30 14:36:17.6758 [WARN] :  >连接未成功。
2018-04-30 14:36:18.7210 [WARN] :  >YamahaRobotRCX340 断开连接，即将尝试第 2 次重连...
2018-04-30 14:36:20.6554 [WARN] :  >连接未成功。
2018-04-30 14:36:21.7007 [WARN] :  >YamahaRobotRCX340 断开连接，即将尝试第 3 次重连...
2018-04-30 14:36:23.6507 [WARN] :  >连接未成功。
2018-04-30 14:39:28.7292 [TRACE] :  >--------------- Program start -----------------
2018-04-30 14:39:29.1972 [TRACE] :  >Load document...
2018-04-30 14:39:29.6808 [TRACE] :  >Hardware initialize...
2018-04-30 14:39:30.6948 [TRACE] :  >System init ok.
2018-04-30 14:39:31.7566 [WARN] :  >YamahaRobotRCX340 断开连接，即将尝试第 1 次重连...
2018-04-30 14:46:19.9655 [TRACE] :  >--------------- Program start -----------------
2018-04-30 14:46:20.3325 [TRACE] :  >Load document...
2018-04-30 14:46:20.7296 [TRACE] :  >Hardware initialize...
2018-04-30 14:46:21.6737 [TRACE] :  >System init ok.
2018-04-30 14:46:22.6678 [WARN] :  >YamahaRobotRCX340 断开连接，即将尝试第 1 次重连...
2018-04-30 14:46:24.6310 [WARN] :  >连接未成功。
2018-04-30 14:46:25.6521 [WARN] :  >YamahaRobotRCX340 断开连接，即将尝试第 2 次重连...
2018-04-30 14:46:27.6293 [WARN] :  >连接未成功。
2018-04-30 14:46:28.6564 [WARN] :  >YamahaRobotRCX340 断开连接，即将尝试第 3 次重连...
2018-04-30 14:46:30.6306 [WARN] :  >连接未成功。
2018-04-30 14:46:31.6557 [WARN] :  >YamahaRobotRCX340 断开连接，即将尝试第 4 次重连...
2018-04-30 14:46:33.6439 [WARN] :  >连接未成功。
2018-04-30 14:46:34.6750 [WARN] :  >YamahaRobotRCX340 断开连接，即将尝试第 5 次重连...
2018-04-30 14:46:36.6362 [WARN] :  >连接未成功。
2018-04-30 14:46:37.6613 [WARN] :  >YamahaRobotRCX340 断开连接，即将尝试第 6 次重连...
2018-04-30 14:46:39.6305 [WARN] :  >连接未成功。
2018-04-30 14:46:40.6576 [WARN] :  >YamahaRobotRCX340 断开连接，即将尝试第 7 次重连...
2018-04-30 14:46:42.6308 [WARN] :  >连接未成功。
2018-04-30 14:46:43.6569 [WARN] :  >YamahaRobotRCX340 断开连接，即将尝试第 8 次重连...
2018-04-30 14:46:45.6300 [WARN] :  >连接未成功。
2018-04-30 14:46:46.6562 [WARN] :  >YamahaRobotRCX340 断开连接，即将尝试第 9 次重连...
2018-04-30 14:46:48.6303 [WARN] :  >连接未成功。
2018-04-30 14:46:49.6565 [WARN] :  >YamahaRobotRCX340 断开连接，即将尝试第 10 次重连...
2018-04-30 14:46:51.6306 [WARN] :  >连接未成功。
2018-04-30 14:46:52.6688 [WARN] :  >连接未成功。
2018-04-30 14:48:33.0294 [TRACE] :  >--------------- Program start -----------------
2018-04-30 14:48:33.4194 [TRACE] :  >Load document...
2018-04-30 14:48:33.8845 [TRACE] :  >Hardware initialize...
2018-04-30 14:48:34.6715 [TRACE] :  >System init ok.
2018-04-30 14:48:35.6676 [WARN] :  >YamahaRobotRCX340 断开连接，即将尝试第 1 次重连...
2018-04-30 14:48:37.6328 [WARN] :  >连接未成功。
2018-04-30 14:48:38.6539 [WARN] :  >YamahaRobotRCX340 断开连接，即将尝试第 2 次重连...
2018-04-30 14:48:40.6331 [WARN] :  >连接未成功。
2018-04-30 14:48:41.6552 [WARN] :  >YamahaRobotRCX340 断开连接，即将尝试第 3 次重连...
2018-04-30 14:48:43.6334 [WARN] :  >连接未成功。
2018-04-30 14:48:44.6545 [WARN] :  >YamahaRobotRCX340 断开连接，即将尝试第 4 次重连...
2018-04-30 14:54:22.6846 [TRACE] :  >--------------- Program start -----------------
2018-04-30 14:54:23.0756 [TRACE] :  >Load document...
2018-04-30 14:54:23.4656 [TRACE] :  >Hardware initialize...
2018-04-30 14:54:24.2144 [TRACE] :  >System init ok.
2018-04-30 14:54:25.2284 [WARN] :  >YamahaRobotRCX340 断开连接，即将尝试第 1 次重连...
2018-04-30 14:54:27.1784 [WARN] :  >连接未成功。
2018-04-30 14:54:28.2237 [WARN] :  >YamahaRobotRCX340 断开连接，即将尝试第 2 次重连...
2018-04-30 14:54:30.1737 [WARN] :  >连接未成功。
2018-04-30 14:54:31.2189 [WARN] :  >YamahaRobotRCX340 断开连接，即将尝试第 3 次重连...
2018-04-30 14:54:33.1845 [WARN] :  >连接未成功。
2018-04-30 14:54:34.2297 [WARN] :  >YamahaRobotRCX340 断开连接，即将尝试第 4 次重连...
2018-04-30 14:54:36.1797 [WARN] :  >连接未成功。
2018-04-30 14:54:37.2249 [WARN] :  >YamahaRobotRCX340 断开连接，即将尝试第 5 次重连...
2018-04-30 14:54:39.1749 [WARN] :  >连接未成功。
2018-04-30 14:54:40.2201 [WARN] :  >YamahaRobotRCX340 断开连接，即将尝试第 6 次重连...
2018-04-30 14:54:42.1857 [WARN] :  >连接未成功。
2018-04-30 14:54:43.2310 [WARN] :  >YamahaRobotRCX340 断开连接，即将尝试第 7 次重连...
2018-04-30 14:54:45.1810 [WARN] :  >连接未成功。
2018-04-30 14:55:08.1614 [TRACE] :  >--------------- Program start -----------------
2018-04-30 14:55:08.5765 [TRACE] :  >Load document...
2018-04-30 14:55:08.9805 [TRACE] :  >Hardware initialize...
2018-04-30 14:55:10.1806 [TRACE] :  >System init ok.
2018-04-30 14:55:11.1797 [WARN] :  >YamahaRobotRCX340 断开连接，即将尝试第 1 次重连...
2018-04-30 14:55:13.1449 [WARN] :  >连接未成功。
2018-04-30 14:55:14.1660 [WARN] :  >YamahaRobotRCX340 断开连接，即将尝试第 2 次重连...
2018-04-30 14:55:16.1452 [WARN] :  >连接未成功。
2018-04-30 14:55:17.1673 [WARN] :  >YamahaRobotRCX340 断开连接，即将尝试第 3 次重连...
2018-04-30 14:56:15.7677 [TRACE] :  >--------------- Program start -----------------
2018-04-30 14:56:16.1577 [TRACE] :  >Load document...
2018-04-30 14:56:16.5633 [TRACE] :  >Hardware initialize...
2018-04-30 14:56:17.7177 [TRACE] :  >System init ok.
2018-04-30 14:56:18.7317 [WARN] :  >YamahaRobotRCX340 断开连接，即将尝试第 1 次重连...
2018-04-30 14:56:20.6817 [WARN] :  >连接未成功。
2018-04-30 14:56:21.7269 [WARN] :  >YamahaRobotRCX340 断开连接，即将尝试第 2 次重连...
2018-04-30 14:56:23.6769 [WARN] :  >连接未成功。
2018-04-30 14:56:24.7221 [WARN] :  >YamahaRobotRCX340 断开连接，即将尝试第 3 次重连...
2018-04-30 14:56:26.6877 [WARN] :  >连接未成功。
2018-04-30 14:56:27.7329 [WARN] :  >YamahaRobotRCX340 断开连接，即将尝试第 4 次重连...
2018-04-30 14:56:29.6830 [WARN] :  >连接未成功。
2018-04-30 14:56:30.7282 [WARN] :  >YamahaRobotRCX340 断开连接，即将尝试第 5 次重连...
2018-04-30 14:56:32.6782 [WARN] :  >连接未成功。
2018-04-30 14:56:33.7234 [WARN] :  >YamahaRobotRCX340 断开连接，即将尝试第 6 次重连...
2018-04-30 14:56:35.6890 [WARN] :  >连接未成功。
2018-04-30 14:56:36.7342 [WARN] :  >YamahaRobotRCX340 断开连接，即将尝试第 7 次重连...
2018-04-30 14:56:38.6842 [WARN] :  >连接未成功。
2018-04-30 14:56:39.7294 [WARN] :  >YamahaRobotRCX340 断开连接，即将尝试第 8 次重连...
2018-04-30 14:56:41.6794 [WARN] :  >连接未成功。
2018-04-30 14:57:09.2363 [TRACE] :  >--------------- Program start -----------------
2018-04-30 14:57:09.6183 [TRACE] :  >Load document...
2018-04-30 14:57:10.0873 [TRACE] :  >Hardware initialize...
2018-04-30 14:57:11.1814 [TRACE] :  >System init ok.
2018-04-30 14:57:12.1985 [WARN] :  >YamahaRobotRCX340 断开连接，即将尝试第 1 次重连...
2018-04-30 14:57:14.1797 [WARN] :  >连接未成功。
2018-04-30 14:58:39.3456 [TRACE] :  >--------------- Program start -----------------
2018-04-30 14:58:39.7512 [TRACE] :  >Load document...
2018-04-30 14:58:40.1412 [TRACE] :  >Hardware initialize...
2018-04-30 14:58:41.2176 [TRACE] :  >System init ok.
2018-04-30 14:58:42.2316 [WARN] :  >YamahaRobotRCX340 断开连接，即将尝试第 1 次重连...
2018-04-30 14:58:44.1816 [WARN] :  >连接未成功。
2018-04-30 14:58:45.2268 [WARN] :  >YamahaRobotRCX340 断开连接，即将尝试第 2 次重连...
2018-04-30 14:58:47.1924 [WARN] :  >连接未成功。
2018-04-30 14:58:48.2377 [WARN] :  >YamahaRobotRCX340 断开连接，即将尝试第 3 次重连...
2018-04-30 14:58:50.1877 [WARN] :  >连接未成功。
2018-04-30 14:58:51.2485 [WARN] :  >YamahaRobotRCX340 断开连接，即将尝试第 4 次重连...
2018-04-30 14:58:53.1829 [WARN] :  >连接未成功。
2018-04-30 14:58:54.2281 [WARN] :  >YamahaRobotRCX340 断开连接，即将尝试第 5 次重连...
2018-04-30 14:58:56.1937 [WARN] :  >连接未成功。
2018-04-30 14:58:57.2389 [WARN] :  >YamahaRobotRCX340 断开连接，即将尝试第 6 次重连...
2018-04-30 14:58:59.1889 [WARN] :  >连接未成功。
2018-04-30 14:59:00.2341 [WARN] :  >YamahaRobotRCX340 断开连接，即将尝试第 7 次重连...
2018-04-30 14:59:02.1841 [WARN] :  >连接未成功。
2018-04-30 14:59:03.2762 [WARN] :  >YamahaRobotRCX340 断开连接，即将尝试第 8 次重连...
2018-04-30 14:59:05.1950 [WARN] :  >连接未成功。
2018-04-30 14:59:06.2402 [WARN] :  >YamahaRobotRCX340 断开连接，即将尝试第 9 次重连...
2018-04-30 14:59:08.1902 [WARN] :  >连接未成功。
2018-04-30 14:59:09.2354 [WARN] :  >YamahaRobotRCX340 断开连接，即将尝试第 10 次重连...
2018-04-30 14:59:11.1854 [WARN] :  >连接未成功。
2018-04-30 14:59:12.2462 [WARN] :  >连接未成功。
2018-04-30 15:14:25.3212 [TRACE] :  >--------------- Program start -----------------
2018-04-30 15:14:25.7512 [TRACE] :  >Load document...
2018-04-30 15:14:26.2283 [TRACE] :  >Hardware initialize...
2018-04-30 15:14:27.1964 [TRACE] :  >System init ok.
2018-04-30 15:14:28.1945 [WARN] :  >YamahaRobotRCX340 断开连接，即将尝试第 1 次重连...
2018-04-30 15:14:30.1577 [WARN] :  >连接未成功。
2018-04-30 15:14:31.1788 [WARN] :  >YamahaRobotRCX340 断开连接，即将尝试第 2 次重连...
2018-04-30 15:14:33.1590 [WARN] :  >连接未成功。
2018-04-30 15:14:34.1801 [WARN] :  >YamahaRobotRCX340 断开连接，即将尝试第 3 次重连...
2018-04-30 15:14:36.1583 [WARN] :  >连接未成功。
2018-04-30 15:14:37.1804 [WARN] :  >YamahaRobotRCX340 断开连接，即将尝试第 4 次重连...
2018-04-30 15:14:39.1586 [WARN] :  >连接未成功。
2018-04-30 15:14:40.1827 [WARN] :  >YamahaRobotRCX340 断开连接，即将尝试第 5 次重连...
2018-04-30 15:14:42.1589 [WARN] :  >连接未成功。
2018-04-30 15:14:43.1800 [WARN] :  >YamahaRobotRCX340 断开连接，即将尝试第 6 次重连...
2018-04-30 15:14:45.1582 [WARN] :  >连接未成功。
2018-04-30 15:14:46.1833 [WARN] :  >YamahaRobotRCX340 断开连接，即将尝试第 7 次重连...
2018-04-30 15:14:48.1585 [WARN] :  >连接未成功。
2018-04-30 15:14:49.1796 [WARN] :  >YamahaRobotRCX340 断开连接，即将尝试第 8 次重连...
2018-04-30 15:14:51.1588 [WARN] :  >连接未成功。
2018-04-30 15:14:52.1829 [WARN] :  >YamahaRobotRCX340 断开连接，即将尝试第 9 次重连...
2018-04-30 15:14:54.1591 [WARN] :  >连接未成功。
2018-04-30 15:14:55.1812 [WARN] :  >YamahaRobotRCX340 断开连接，即将尝试第 10 次重连...
2018-04-30 15:21:02.9143 [TRACE] :  >--------------- Program start -----------------
2018-04-30 15:21:03.2731 [TRACE] :  >Load document...
2018-04-30 15:21:03.7255 [TRACE] :  >Hardware initialize...
2018-04-30 15:21:04.7083 [TRACE] :  >System init ok.
2018-04-30 15:21:05.7379 [WARN] :  >YamahaRobotRCX340 断开连接，即将尝试第 1 次重连...
2018-04-30 15:21:07.7035 [WARN] :  >连接未成功。
2018-04-30 15:21:08.7487 [WARN] :  >YamahaRobotRCX340 断开连接，即将尝试第 2 次重连...
2018-04-30 15:21:10.6988 [WARN] :  >连接未成功。
2018-04-30 15:21:11.7440 [WARN] :  >YamahaRobotRCX340 断开连接，即将尝试第 3 次重连...
2018-04-30 15:21:13.6940 [WARN] :  >连接未成功。
2018-04-30 15:21:14.7392 [WARN] :  >YamahaRobotRCX340 断开连接，即将尝试第 4 次重连...
2018-04-30 15:21:16.7048 [WARN] :  >连接未成功。
2018-04-30 15:21:25.2067 [WARN] :  >YamahaRobotRCX340 断开连接，即将尝试第 5 次重连...
2018-04-30 15:21:27.2035 [WARN] :  >连接未成功。
2018-04-30 15:21:28.2443 [WARN] :  >YamahaRobotRCX340 断开连接，即将尝试第 6 次重连...
2018-04-30 15:21:30.1943 [WARN] :  >连接未成功。
2018-04-30 15:21:31.2395 [WARN] :  >YamahaRobotRCX340 断开连接，即将尝试第 7 次重连...
2018-04-30 15:21:33.2051 [WARN] :  >连接未成功。
2018-04-30 15:21:34.2503 [WARN] :  >YamahaRobotRCX340 断开连接，即将尝试第 8 次重连...
2018-04-30 15:21:36.2003 [WARN] :  >连接未成功。
2018-04-30 15:21:37.2455 [WARN] :  >YamahaRobotRCX340 断开连接，即将尝试第 9 次重连...
2018-04-30 15:21:42.8997 [WARN] :  >连接未成功。
2018-04-30 15:21:49.7929 [WARN] :  >YamahaRobotRCX340 断开连接，即将尝试第 10 次重连...
2018-04-30 15:21:51.7002 [WARN] :  >连接未成功。
2018-04-30 15:21:52.7041 [WARN] :  >连接未成功。
2018-04-30 15:22:06.4998 [TRACE] :  >--------------- Program start -----------------
2018-04-30 15:22:06.8274 [TRACE] :  >Load document...
2018-04-30 15:22:07.2330 [TRACE] :  >Hardware initialize...
2018-04-30 15:22:08.2324 [TRACE] :  >System init ok.
2018-04-30 15:22:09.2474 [WARN] :  >YamahaRobotRCX340 断开连接，即将尝试第 1 次重连...
2018-04-30 15:22:11.1984 [WARN] :  >连接未成功。
2018-04-30 15:22:12.2436 [WARN] :  >YamahaRobotRCX340 断开连接，即将尝试第 2 次重连...
2018-04-30 15:22:14.1936 [WARN] :  >连接未成功。
2018-04-30 15:22:15.2388 [WARN] :  >YamahaRobotRCX340 断开连接，即将尝试第 3 次重连...
2018-04-30 15:22:17.2045 [WARN] :  >连接未成功。
2018-04-30 15:22:18.2497 [WARN] :  >YamahaRobotRCX340 断开连接，即将尝试第 4 次重连...
2018-04-30 15:22:20.1997 [WARN] :  >连接未成功。
2018-04-30 15:22:21.2449 [WARN] :  >YamahaRobotRCX340 断开连接，即将尝试第 5 次重连...
2018-04-30 15:22:23.1949 [WARN] :  >连接未成功。
2018-04-30 15:22:24.2401 [WARN] :  >YamahaRobotRCX340 断开连接，即将尝试第 6 次重连...
2018-04-30 15:22:26.2057 [WARN] :  >连接未成功。
2018-04-30 15:22:27.2509 [WARN] :  >YamahaRobotRCX340 断开连接，即将尝试第 7 次重连...
2018-04-30 15:22:29.2009 [WARN] :  >连接未成功。
2018-04-30 15:22:30.2461 [WARN] :  >YamahaRobotRCX340 断开连接，即将尝试第 8 次重连...
2018-04-30 15:22:32.1962 [WARN] :  >连接未成功。
2018-04-30 15:22:33.2414 [WARN] :  >YamahaRobotRCX340 断开连接，即将尝试第 9 次重连...
2018-04-30 15:22:35.1914 [WARN] :  >连接未成功。
2018-04-30 15:22:36.2366 [WARN] :  >YamahaRobotRCX340 断开连接，即将尝试第 10 次重连...
2018-04-30 15:22:38.2022 [WARN] :  >连接未成功。
2018-04-30 15:22:39.2474 [WARN] :  >连接未成功。
2018-04-30 15:23:34.4665 [TRACE] :  >--------------- Program start -----------------
2018-04-30 15:23:34.9033 [TRACE] :  >Load document...
2018-04-30 15:23:35.2933 [TRACE] :  >Hardware initialize...
2018-04-30 15:23:36.2303 [TRACE] :  >System init ok.
2018-04-30 15:23:37.2443 [WARN] :  >YamahaRobotRCX340 断开连接，即将尝试第 1 次重连...
2018-04-30 15:23:39.1944 [WARN] :  >连接未成功。
2018-04-30 15:23:40.2396 [WARN] :  >YamahaRobotRCX340 断开连接，即将尝试第 2 次重连...
2018-04-30 15:23:42.2052 [WARN] :  >连接未成功。
2018-04-30 15:23:43.2504 [WARN] :  >YamahaRobotRCX340 断开连接，即将尝试第 3 次重连...
2018-04-30 15:23:45.2004 [WARN] :  >连接未成功。
2018-04-30 15:23:46.2456 [WARN] :  >YamahaRobotRCX340 断开连接，即将尝试第 4 次重连...
2018-04-30 15:23:48.1956 [WARN] :  >连接未成功。
2018-04-30 15:23:49.2408 [WARN] :  >YamahaRobotRCX340 断开连接，即将尝试第 5 次重连...
2018-04-30 15:23:51.2064 [WARN] :  >连接未成功。
2018-04-30 15:23:52.2516 [WARN] :  >YamahaRobotRCX340 断开连接，即将尝试第 6 次重连...
2018-04-30 15:23:54.2017 [WARN] :  >连接未成功。
2018-04-30 15:23:55.2469 [WARN] :  >YamahaRobotRCX340 断开连接，即将尝试第 7 次重连...
2018-04-30 15:23:57.1969 [WARN] :  >连接未成功。
2018-04-30 15:23:58.2421 [WARN] :  >YamahaRobotRCX340 断开连接，即将尝试第 8 次重连...
2018-04-30 15:24:00.1921 [WARN] :  >连接未成功。
2018-04-30 15:24:01.2373 [WARN] :  >YamahaRobotRCX340 断开连接，即将尝试第 9 次重连...
2018-04-30 15:24:03.2029 [WARN] :  >连接未成功。
2018-04-30 15:24:04.2481 [WARN] :  >YamahaRobotRCX340 断开连接，即将尝试第 10 次重连...
2018-04-30 15:24:06.1981 [WARN] :  >连接未成功。
2018-04-30 15:24:07.2433 [WARN] :  >连接未成功。
2018-04-30 15:27:02.5766 [TRACE] :  >--------------- Program start -----------------
2018-04-30 15:27:02.9353 [TRACE] :  >Load document...
2018-04-30 15:27:03.3253 [TRACE] :  >Hardware initialize...
2018-04-30 15:27:04.1986 [TRACE] :  >System init ok.
2018-04-30 15:27:05.2124 [WARN] :  >YamahaRobotRCX340 断开连接，即将尝试第 1 次重连...
2018-04-30 15:27:07.1619 [WARN] :  >连接未成功。
2018-04-30 15:27:08.2069 [WARN] :  >YamahaRobotRCX340 断开连接，即将尝试第 2 次重连...
2018-04-30 15:27:10.1720 [WARN] :  >连接未成功。
2018-04-30 15:27:11.2793 [WARN] :  >YamahaRobotRCX340 断开连接，即将尝试第 3 次重连...
2018-04-30 15:27:13.1665 [WARN] :  >连接未成功。
2018-04-30 15:27:14.2114 [WARN] :  >YamahaRobotRCX340 断开连接，即将尝试第 4 次重连...
2018-04-30 15:27:16.1609 [WARN] :  >连接未成功。
2018-04-30 15:27:17.2059 [WARN] :  >YamahaRobotRCX340 断开连接，即将尝试第 5 次重连...
2018-04-30 15:27:19.1710 [WARN] :  >连接未成功。
2018-04-30 15:27:20.2159 [WARN] :  >YamahaRobotRCX340 断开连接，即将尝试第 6 次重连...
2018-04-30 15:27:23.2884 [WARN] :  >连接未成功。
2018-04-30 15:27:24.3333 [WARN] :  >YamahaRobotRCX340 断开连接，即将尝试第 7 次重连...
2018-04-30 15:27:26.1581 [WARN] :  >连接未成功。
2018-04-30 15:27:27.2030 [WARN] :  >YamahaRobotRCX340 断开连接，即将尝试第 8 次重连...
2018-04-30 15:27:29.1682 [WARN] :  >连接未成功。
2018-04-30 15:27:30.2131 [WARN] :  >YamahaRobotRCX340 断开连接，即将尝试第 9 次重连...
2018-04-30 15:27:32.1626 [WARN] :  >连接未成功。
2018-04-30 15:27:33.2076 [WARN] :  >YamahaRobotRCX340 断开连接，即将尝试第 10 次重连...
2018-04-30 15:27:35.1571 [WARN] :  >连接未成功。
2018-04-30 15:27:36.2020 [WARN] :  >连接未成功。
2018-04-30 15:38:06.2218 [TRACE] :  >--------------- Program start -----------------
2018-04-30 15:38:06.5806 [TRACE] :  >Load document...
2018-04-30 15:38:06.9705 [TRACE] :  >Hardware initialize...
2018-04-30 15:38:08.1249 [TRACE] :  >System init ok.
2018-04-30 15:38:09.1389 [WARN] :  >YamahaRobotRCX340 断开连接，即将尝试第 1 次重连...
2018-04-30 15:38:11.0888 [WARN] :  >连接未成功。
2018-04-30 15:38:12.1340 [WARN] :  >YamahaRobotRCX340 断开连接，即将尝试第 2 次重连...
2018-04-30 15:38:14.0996 [WARN] :  >连接未成功。
2018-04-30 15:38:15.1447 [WARN] :  >YamahaRobotRCX340 断开连接，即将尝试第 3 次重连...
2018-04-30 15:38:17.0947 [WARN] :  >连接未成功。
2018-04-30 15:38:18.1399 [WARN] :  >YamahaRobotRCX340 断开连接，即将尝试第 4 次重连...
2018-04-30 15:38:20.0898 [WARN] :  >连接未成功。
2018-04-30 15:38:21.1350 [WARN] :  >YamahaRobotRCX340 断开连接，即将尝试第 5 次重连...
2018-04-30 15:38:23.1005 [WARN] :  >连接未成功。
2018-04-30 15:38:24.1457 [WARN] :  >YamahaRobotRCX340 断开连接，即将尝试第 6 次重连...
2018-04-30 15:38:26.0957 [WARN] :  >连接未成功。
2018-04-30 15:38:27.1408 [WARN] :  >YamahaRobotRCX340 断开连接，即将尝试第 7 次重连...
2018-04-30 15:38:29.0908 [WARN] :  >连接未成功。
2018-04-30 15:38:30.1360 [WARN] :  >YamahaRobotRCX340 断开连接，即将尝试第 8 次重连...
2018-04-30 15:38:32.1015 [WARN] :  >连接未成功。
2018-04-30 15:38:33.1467 [WARN] :  >YamahaRobotRCX340 断开连接，即将尝试第 9 次重连...
2018-04-30 15:38:35.0966 [WARN] :  >连接未成功。
2018-04-30 15:38:36.1418 [WARN] :  >YamahaRobotRCX340 断开连接，即将尝试第 10 次重连...
2018-04-30 15:38:38.0918 [WARN] :  >连接未成功。
2018-04-30 15:38:39.1525 [WARN] :  >连接未成功。
2018-04-30 15:42:14.7416 [TRACE] :  >--------------- Program start -----------------
2018-04-30 15:42:14.9386 [TRACE] :  >Load document...
2018-04-30 15:42:15.1286 [TRACE] :  >Hardware initialize...
2018-04-30 15:42:16.0746 [TRACE] :  >System init ok.
2018-04-30 15:42:17.0786 [WARN] :  >YamahaRobotRCX340 断开连接，即将尝试第 1 次重连...
2018-04-30 15:42:19.0526 [WARN] :  >连接未成功。
2018-04-30 15:42:20.0736 [WARN] :  >YamahaRobotRCX340 断开连接，即将尝试第 2 次重连...
2018-04-30 15:42:22.0536 [WARN] :  >连接未成功。
2018-04-30 15:42:23.0766 [WARN] :  >YamahaRobotRCX340 断开连接，即将尝试第 3 次重连...
2018-04-30 15:42:25.0546 [WARN] :  >连接未成功。
2018-04-30 15:42:26.0816 [WARN] :  >YamahaRobotRCX340 断开连接，即将尝试第 4 次重连...
2018-04-30 15:42:28.0566 [WARN] :  >连接未成功。
2018-04-30 15:42:29.0796 [WARN] :  >YamahaRobotRCX340 断开连接，即将尝试第 5 次重连...
2018-04-30 15:42:31.0536 [WARN] :  >连接未成功。
2018-04-30 15:42:32.0806 [WARN] :  >YamahaRobotRCX340 断开连接，即将尝试第 6 次重连...
2018-04-30 15:42:34.0536 [WARN] :  >连接未成功。
2018-04-30 15:42:35.0766 [WARN] :  >YamahaRobotRCX340 断开连接，即将尝试第 7 次重连...
2018-04-30 15:42:37.0526 [WARN] :  >连接未成功。
2018-04-30 15:42:38.0776 [WARN] :  >YamahaRobotRCX340 断开连接，即将尝试第 8 次重连...
2018-04-30 15:42:40.0536 [WARN] :  >连接未成功。
2018-04-30 15:42:41.0766 [WARN] :  >YamahaRobotRCX340 断开连接，即将尝试第 9 次重连...
2018-04-30 15:42:43.0536 [WARN] :  >连接未成功。
2018-04-30 15:42:44.0806 [WARN] :  >YamahaRobotRCX340 断开连接，即将尝试第 10 次重连...
2018-04-30 15:42:46.0536 [WARN] :  >连接未成功。
2018-04-30 15:42:47.0906 [WARN] :  >连接未成功。
2018-04-30 15:43:51.6896 [TRACE] :  >--------------- Program start -----------------
2018-04-30 15:43:51.9676 [TRACE] :  >Load document...
2018-04-30 15:43:52.1656 [TRACE] :  >Hardware initialize...
2018-04-30 15:43:53.0686 [TRACE] :  >System init ok.
2018-04-30 15:43:54.0736 [WARN] :  >YamahaRobotRCX340 断开连接，即将尝试第 1 次重连...
2018-04-30 15:43:56.0476 [WARN] :  >连接未成功。
2018-04-30 15:43:57.0686 [WARN] :  >YamahaRobotRCX340 断开连接，即将尝试第 2 次重连...
2018-04-30 15:43:59.0506 [WARN] :  >连接未成功。
2018-04-30 15:44:00.0766 [WARN] :  >YamahaRobotRCX340 断开连接，即将尝试第 3 次重连...
2018-04-30 15:44:02.0486 [WARN] :  >连接未成功。
2018-04-30 15:44:03.0716 [WARN] :  >YamahaRobotRCX340 断开连接，即将尝试第 4 次重连...
2018-04-30 15:44:05.0486 [WARN] :  >连接未成功。
2018-04-30 15:44:06.0756 [WARN] :  >YamahaRobotRCX340 断开连接，即将尝试第 5 次重连...
2018-04-30 15:44:08.0486 [WARN] :  >连接未成功。
2018-04-30 15:44:09.0726 [WARN] :  >YamahaRobotRCX340 断开连接，即将尝试第 6 次重连...
2018-04-30 15:44:11.0486 [WARN] :  >连接未成功。
2018-04-30 15:44:12.0756 [WARN] :  >YamahaRobotRCX340 断开连接，即将尝试第 7 次重连...
2018-04-30 15:44:14.0486 [WARN] :  >连接未成功。
2018-04-30 15:44:15.0726 [WARN] :  >YamahaRobotRCX340 断开连接，即将尝试第 8 次重连...
2018-04-30 15:44:18.5466 [TRACE] :  >--------------- Program start -----------------
2018-04-30 15:44:18.8106 [TRACE] :  >Load document...
2018-04-30 15:44:19.0026 [TRACE] :  >Hardware initialize...
2018-04-30 15:44:20.0686 [TRACE] :  >System init ok.
2018-04-30 15:44:21.0716 [WARN] :  >YamahaRobotRCX340 断开连接，即将尝试第 1 次重连...
2018-04-30 15:44:23.0776 [WARN] :  >连接未成功。
2018-04-30 15:44:24.1026 [WARN] :  >YamahaRobotRCX340 断开连接，即将尝试第 2 次重连...
2018-04-30 15:44:26.0506 [WARN] :  >连接未成功。
2018-04-30 15:44:27.0736 [WARN] :  >YamahaRobotRCX340 断开连接，即将尝试第 3 次重连...
2018-04-30 15:44:29.0476 [WARN] :  >连接未成功。
2018-04-30 15:44:30.0746 [WARN] :  >YamahaRobotRCX340 断开连接，即将尝试第 4 次重连...
2018-04-30 15:44:32.0466 [WARN] :  >连接未成功。
2018-04-30 15:44:33.0696 [WARN] :  >YamahaRobotRCX340 断开连接，即将尝试第 5 次重连...
2018-04-30 15:44:35.0466 [WARN] :  >连接未成功。
2018-04-30 15:44:36.0736 [WARN] :  >YamahaRobotRCX340 断开连接，即将尝试第 6 次重连...
2018-04-30 15:44:38.0476 [WARN] :  >连接未成功。
2018-04-30 15:44:39.0716 [WARN] :  >YamahaRobotRCX340 断开连接，即将尝试第 7 次重连...
2018-04-30 15:44:41.0466 [WARN] :  >连接未成功。
2018-04-30 15:44:42.0736 [WARN] :  >YamahaRobotRCX340 断开连接，即将尝试第 8 次重连...
2018-04-30 15:44:44.0466 [WARN] :  >连接未成功。
2018-04-30 15:44:45.0696 [WARN] :  >YamahaRobotRCX340 断开连接，即将尝试第 9 次重连...
2018-04-30 15:44:47.0466 [WARN] :  >连接未成功。
2018-04-30 15:44:48.0736 [WARN] :  >YamahaRobotRCX340 断开连接，即将尝试第 10 次重连...
2018-04-30 15:44:50.0456 [WARN] :  >连接未成功。
2018-04-30 15:44:51.0696 [WARN] :  >连接未成功。
2018-04-30 16:01:46.0466 [TRACE] :  >--------------- Program start -----------------
2018-04-30 16:01:46.3266 [TRACE] :  >Load document...
2018-04-30 16:01:46.5456 [TRACE] :  >Hardware initialize...
2018-04-30 16:01:47.5086 [TRACE] :  >System init ok.
2018-04-30 16:01:48.5116 [WARN] :  >YamahaRobotRCX340 断开连接，即将尝试第 1 次重连...
2018-04-30 16:01:50.4856 [WARN] :  >连接未成功。
2018-04-30 16:01:51.5106 [WARN] :  >YamahaRobotRCX340 断开连接，即将尝试第 2 次重连...
2018-04-30 16:01:53.4866 [WARN] :  >连接未成功。
2018-04-30 16:01:54.5096 [WARN] :  >YamahaRobotRCX340 断开连接，即将尝试第 3 次重连...
2018-04-30 16:01:56.4856 [WARN] :  >连接未成功。
2018-04-30 16:01:57.5106 [WARN] :  >YamahaRobotRCX340 断开连接，即将尝试第 4 次重连...
2018-04-30 16:01:59.4856 [WARN] :  >连接未成功。
2018-04-30 16:02:00.5116 [WARN] :  >YamahaRobotRCX340 断开连接，即将尝试第 5 次重连...
2018-04-30 16:02:02.4846 [WARN] :  >连接未成功。
2018-04-30 16:02:03.5106 [WARN] :  >YamahaRobotRCX340 断开连接，即将尝试第 6 次重连...
2018-04-30 16:02:05.4846 [WARN] :  >连接未成功。
2018-04-30 16:02:06.5096 [WARN] :  >YamahaRobotRCX340 断开连接，即将尝试第 7 次重连...
2018-04-30 16:02:08.4856 [WARN] :  >连接未成功。
2018-04-30 16:02:09.5116 [WARN] :  >YamahaRobotRCX340 断开连接，即将尝试第 8 次重连...
2018-04-30 16:02:11.4846 [WARN] :  >连接未成功。
2018-04-30 16:02:12.5106 [WARN] :  >YamahaRobotRCX340 断开连接，即将尝试第 9 次重连...
2018-04-30 16:02:14.4846 [WARN] :  >连接未成功。
2018-04-30 16:02:15.5106 [WARN] :  >YamahaRobotRCX340 断开连接，即将尝试第 10 次重连...
2018-04-30 16:02:17.4846 [WARN] :  >连接未成功。
2018-04-30 16:02:18.5286 [WARN] :  >连接未成功。
2018-04-30 16:05:07.4546 [TRACE] :  >--------------- Program start -----------------
2018-04-30 16:05:07.7196 [TRACE] :  >Load document...
2018-04-30 16:05:07.9136 [TRACE] :  >Hardware initialize...
2018-04-30 16:05:08.9956 [TRACE] :  >System init ok.
2018-04-30 16:05:10.0006 [WARN] :  >YamahaRobotRCX340 断开连接，即将尝试第 1 次重连...
2018-04-30 16:05:11.9746 [WARN] :  >连接未成功。
2018-04-30 16:05:12.9956 [WARN] :  >YamahaRobotRCX340 断开连接，即将尝试第 2 次重连...
2018-04-30 16:05:14.9756 [WARN] :  >连接未成功。
2018-04-30 16:05:16.0316 [WARN] :  >YamahaRobotRCX340 断开连接，即将尝试第 3 次重连...
2018-04-30 16:05:17.9736 [WARN] :  >连接未成功。
2018-04-30 16:05:18.9986 [WARN] :  >YamahaRobotRCX340 断开连接，即将尝试第 4 次重连...
2018-04-30 16:05:20.9736 [WARN] :  >连接未成功。
2018-04-30 16:05:22.0016 [WARN] :  >YamahaRobotRCX340 断开连接，即将尝试第 5 次重连...
2018-04-30 16:05:23.9766 [WARN] :  >连接未成功。
2018-04-30 16:05:24.9996 [WARN] :  >YamahaRobotRCX340 断开连接，即将尝试第 6 次重连...
2018-04-30 16:05:26.9756 [WARN] :  >连接未成功。
2018-04-30 16:05:28.0026 [WARN] :  >YamahaRobotRCX340 断开连接，即将尝试第 7 次重连...
2018-04-30 16:05:29.9756 [WARN] :  >连接未成功。
2018-04-30 16:05:30.9986 [WARN] :  >YamahaRobotRCX340 断开连接，即将尝试第 8 次重连...
2018-04-30 16:05:32.9746 [WARN] :  >连接未成功。
2018-04-30 16:05:34.0016 [WARN] :  >YamahaRobotRCX340 断开连接，即将尝试第 9 次重连...
2018-04-30 16:05:35.9766 [WARN] :  >连接未成功。
2018-04-30 16:05:36.9996 [WARN] :  >YamahaRobotRCX340 断开连接，即将尝试第 10 次重连...
2018-04-30 16:05:38.9746 [WARN] :  >连接未成功。
2018-04-30 16:05:40.0086 [WARN] :  >连接未成功。
2018-04-30 16:08:01.6886 [TRACE] :  >--------------- Program start -----------------
2018-04-30 16:08:01.9746 [TRACE] :  >Load document...
2018-04-30 16:08:02.1746 [TRACE] :  >Hardware initialize...
2018-04-30 16:08:02.9866 [TRACE] :  >System init ok.
2018-04-30 16:08:03.9906 [WARN] :  >YamahaRobotRCX340 断开连接，即将尝试第 1 次重连...
2018-04-30 16:08:05.9646 [WARN] :  >连接未成功。
2018-04-30 16:08:06.9856 [WARN] :  >YamahaRobotRCX340 断开连接，即将尝试第 2 次重连...
2018-04-30 16:08:08.9646 [WARN] :  >连接未成功。
2018-04-30 16:08:09.9896 [WARN] :  >YamahaRobotRCX340 断开连接，即将尝试第 3 次重连...
2018-04-30 16:08:11.9636 [WARN] :  >连接未成功。
2018-04-30 16:08:12.9846 [WARN] :  >YamahaRobotRCX340 断开连接，即将尝试第 4 次重连...
2018-04-30 16:08:14.9636 [WARN] :  >连接未成功。
2018-04-30 16:08:15.9886 [WARN] :  >YamahaRobotRCX340 断开连接，即将尝试第 5 次重连...
2018-04-30 16:08:17.9636 [WARN] :  >连接未成功。
2018-04-30 16:08:18.9846 [WARN] :  >YamahaRobotRCX340 断开连接，即将尝试第 6 次重连...
2018-04-30 16:08:20.9696 [WARN] :  >连接未成功。
2018-04-30 16:08:21.9946 [WARN] :  >YamahaRobotRCX340 断开连接，即将尝试第 7 次重连...
2018-04-30 16:08:23.9646 [WARN] :  >连接未成功。
2018-04-30 16:08:24.9846 [WARN] :  >YamahaRobotRCX340 断开连接，即将尝试第 8 次重连...
2018-04-30 16:08:26.9626 [WARN] :  >连接未成功。
2018-04-30 16:08:27.9866 [WARN] :  >YamahaRobotRCX340 断开连接，即将尝试第 9 次重连...
2018-04-30 16:08:29.9626 [WARN] :  >连接未成功。
2018-04-30 16:08:30.9836 [WARN] :  >YamahaRobotRCX340 断开连接，即将尝试第 10 次重连...
2018-04-30 16:08:32.9626 [WARN] :  >连接未成功。
2018-04-30 16:08:33.9986 [WARN] :  >连接未成功。
2018-04-30 17:49:48.8694 [TRACE] :  >--------------- Program start -----------------
2018-04-30 17:49:49.1345 [TRACE] :  >Load document...
2018-04-30 17:49:49.3529 [TRACE] :  >Hardware initialize...
2018-04-30 17:49:49.9769 [TRACE] :  >System init ok.
2018-04-30 17:49:51.0065 [WARN] :  >YamahaRobotRCX340 断开连接，即将尝试第 1 次重连...
2018-04-30 17:49:52.9720 [WARN] :  >连接未成功。
2018-04-30 17:49:54.0172 [WARN] :  >YamahaRobotRCX340 断开连接，即将尝试第 2 次重连...
2018-04-30 17:49:55.9671 [WARN] :  >连接未成功。
2018-04-30 17:49:57.0123 [WARN] :  >YamahaRobotRCX340 断开连接，即将尝试第 3 次重连...
2018-04-30 17:49:58.9622 [WARN] :  >连接未成功。
2018-04-30 17:50:00.0074 [WARN] :  >YamahaRobotRCX340 断开连接，即将尝试第 4 次重连...
2018-04-30 17:50:01.9573 [WARN] :  >连接未成功。
2018-04-30 17:50:03.0025 [WARN] :  >YamahaRobotRCX340 断开连接，即将尝试第 5 次重连...
2018-04-30 17:50:04.9700 [WARN] :  >连接未成功。
2018-04-30 17:50:06.0162 [WARN] :  >YamahaRobotRCX340 断开连接，即将尝试第 6 次重连...
2018-04-30 17:50:07.9681 [WARN] :  >连接未成功。
2018-04-30 17:50:09.0133 [WARN] :  >YamahaRobotRCX340 断开连接，即将尝试第 7 次重连...
2018-04-30 17:50:10.9632 [WARN] :  >连接未成功。
2018-04-30 17:50:12.0084 [WARN] :  >YamahaRobotRCX340 断开连接，即将尝试第 8 次重连...
2018-04-30 17:50:13.9583 [WARN] :  >连接未成功。
2018-04-30 17:50:15.0035 [WARN] :  >YamahaRobotRCX340 断开连接，即将尝试第 9 次重连...
2018-04-30 17:50:16.9691 [WARN] :  >连接未成功。
2018-04-30 17:50:18.0142 [WARN] :  >YamahaRobotRCX340 断开连接，即将尝试第 10 次重连...
2018-04-30 17:50:19.9642 [WARN] :  >连接未成功。
2018-04-30 17:50:21.0093 [WARN] :  >连接未成功。
