2018-05-04 00:54:13.9843 [TRACE] :  开始供料...
2018-05-04 00:54:43.0985 [TRACE] :  正常终了，完成一次供料。
2018-05-04 00:54:43.2077 [TRACE] :  开始供料...
2018-05-04 00:54:45.3917 [TRACE] :  正常终了，完成一次供料。
2018-05-04 00:54:45.5009 [TRACE] :  开始供料...
2018-05-04 00:54:47.7006 [TRACE] :  正常终了，完成一次供料。
2018-05-04 00:54:47.8098 [TRACE] :  开始供料...
2018-05-04 00:54:49.9938 [TRACE] :  正常终了，完成一次供料。
2018-05-04 00:54:50.1030 [TRACE] :  开始供料...
2018-05-04 00:54:52.2870 [TRACE] :  正常终了，完成一次供料。
2018-05-04 00:54:52.3962 [TRACE] :  开始供料...
2018-05-04 00:54:54.5802 [TRACE] :  正常终了，完成一次供料。
2018-05-04 00:54:54.6894 [TRACE] :  开始供料...
2018-05-04 00:54:56.8734 [TRACE] :  正常终了，完成一次供料。
2018-05-04 00:54:56.9826 [TRACE] :  开始供料...
2018-05-04 00:54:59.1676 [TRACE] :  正常终了，完成一次供料。
2018-05-04 00:54:59.2768 [TRACE] :  开始供料...
2018-05-04 00:55:01.4608 [TRACE] :  正常终了，完成一次供料。
2018-05-04 00:55:01.5700 [TRACE] :  开始供料...
2018-05-04 00:55:03.7540 [TRACE] :  正常终了，完成一次供料。
2018-05-04 00:55:03.8632 [TRACE] :  开始供料...
2018-05-04 00:55:30.8356 [TRACE] :  正常终了，完成一次供料。
2018-05-04 00:55:30.9448 [TRACE] :  开始供料...
2018-05-04 00:55:33.1288 [TRACE] :  正常终了，完成一次供料。
2018-05-04 00:55:33.2380 [TRACE] :  开始供料...
2018-05-04 00:55:35.4230 [TRACE] :  正常终了，完成一次供料。
2018-05-04 00:55:35.5322 [TRACE] :  开始供料...
2018-05-04 00:55:37.7162 [TRACE] :  正常终了，完成一次供料。
2018-05-04 00:55:37.8254 [TRACE] :  开始供料...
2018-05-04 00:55:40.0094 [TRACE] :  正常终了，完成一次供料。
2018-05-04 00:55:40.1186 [TRACE] :  开始供料...
2018-05-04 00:55:42.3026 [TRACE] :  正常终了，完成一次供料。
2018-05-04 00:55:42.4118 [TRACE] :  开始供料...
2018-05-04 00:55:44.5959 [TRACE] :  正常终了，完成一次供料。
2018-05-04 00:55:44.7051 [TRACE] :  开始供料...
2018-05-04 00:55:46.8891 [TRACE] :  正常终了，完成一次供料。
2018-05-04 00:55:46.9983 [TRACE] :  开始供料...
2018-05-04 00:55:49.1823 [TRACE] :  正常终了，完成一次供料。
2018-05-04 00:55:49.2915 [TRACE] :  开始供料...
2018-05-04 00:55:51.4647 [TRACE] :  正常终了，完成一次供料。
2018-05-04 00:55:51.5739 [TRACE] :  开始供料...
2018-05-04 00:55:53.7333 [TRACE] :  正常终了，完成一次供料。
2018-05-04 00:55:53.8425 [TRACE] :  开始供料...
2018-05-04 00:55:56.0265 [TRACE] :  正常终了，完成一次供料。
2018-05-04 00:55:56.1357 [TRACE] :  开始供料...
2018-05-04 00:55:58.3217 [TRACE] :  正常终了，完成一次供料。
2018-05-04 00:55:58.4309 [TRACE] :  开始供料...
2018-05-04 00:56:00.6049 [TRACE] :  正常终了，完成一次供料。
2018-05-04 00:56:00.7141 [TRACE] :  开始供料...
2018-05-04 00:56:02.8981 [TRACE] :  正常终了，完成一次供料。
2018-05-04 00:56:03.0073 [TRACE] :  开始供料...
2018-05-04 00:56:05.1913 [TRACE] :  正常终了，完成一次供料。
2018-05-04 00:56:05.3005 [TRACE] :  开始供料...
2018-05-04 00:56:07.4845 [TRACE] :  正常终了，完成一次供料。
2018-05-04 00:56:07.5937 [TRACE] :  开始供料...
2018-05-04 00:56:09.7773 [TRACE] :  正常终了，完成一次供料。
2018-05-04 00:56:09.8865 [TRACE] :  开始供料...
2018-05-04 00:56:11.9976 [TRACE] :  正常终了，完成一次供料。
2018-05-04 00:56:12.0976 [TRACE] :  开始供料...
2018-05-04 00:56:14.2090 [TRACE] :  正常终了，完成一次供料。
2018-05-04 00:56:14.3182 [TRACE] :  开始供料...
2018-05-04 00:56:16.5022 [TRACE] :  正常终了，完成一次供料。
2018-05-04 00:56:16.6114 [TRACE] :  开始供料...
2018-05-04 00:56:18.7955 [TRACE] :  正常终了，完成一次供料。
2018-05-04 00:56:18.9047 [TRACE] :  开始供料...
2018-05-04 00:56:21.0887 [TRACE] :  正常终了，完成一次供料。
2018-05-04 00:56:21.1979 [TRACE] :  开始供料...
2018-05-04 00:56:23.3819 [TRACE] :  正常终了，完成一次供料。
2018-05-04 00:56:23.4911 [TRACE] :  开始供料...
2018-05-04 00:56:25.6751 [TRACE] :  正常终了，完成一次供料。
2018-05-04 00:56:25.7843 [TRACE] :  开始供料...
2018-05-04 00:56:43.9884 [TRACE] :  正常终了，完成一次供料。
2018-05-04 00:56:44.0980 [TRACE] :  开始供料...
2018-05-04 00:56:46.2820 [TRACE] :  正常终了，完成一次供料。
2018-05-04 00:56:46.3912 [TRACE] :  开始供料...
2018-05-04 00:57:52.7944 [TRACE] :  正常终了，完成一次供料。
2018-05-04 00:58:17.2059 [TRACE] :  开始供料...
2018-05-04 00:58:26.0290 [TRACE] :  正常终了，完成一次供料。
2018-05-04 00:58:28.2216 [TRACE] :  开始供料...
2018-05-04 00:58:44.8265 [TRACE] :  正常终了，完成一次供料。
2018-05-04 00:58:52.7763 [TRACE] :  开始供料...
2018-05-04 00:59:15.8942 [TRACE] :  正常终了，完成一次供料。
2018-05-04 00:59:53.2629 [TRACE] :  开始供料...
2018-05-04 01:00:02.1887 [TRACE] :  正常终了，完成一次供料。
2018-05-04 01:00:02.2979 [TRACE] :  开始供料...
2018-05-04 01:00:04.4819 [TRACE] :  正常终了，完成一次供料。
2018-05-04 01:00:55.8967 [TRACE] :  开始供料...
2018-05-04 01:01:19.8160 [TRACE] :  正常终了，完成一次供料。
2018-05-04 01:01:19.9186 [TRACE] :  开始供料...
2018-05-04 01:02:21.2801 [TRACE] :  开始供料...
2018-05-04 01:02:23.4641 [TRACE] :  正常终了，完成一次供料。
2018-05-04 01:02:23.5733 [TRACE] :  开始供料...
2018-05-04 01:02:39.1889 [TRACE] :  正常终了，完成一次供料。
2018-05-04 01:02:39.2981 [TRACE] :  开始供料...
2018-05-04 01:02:41.4821 [TRACE] :  正常终了，完成一次供料。
2018-05-04 01:02:41.5913 [TRACE] :  开始供料...
2018-05-04 01:02:43.7909 [TRACE] :  正常终了，完成一次供料。
2018-05-04 01:02:43.9001 [TRACE] :  开始供料...
2018-05-04 01:02:46.0841 [TRACE] :  正常终了，完成一次供料。
2018-05-04 01:02:46.1933 [TRACE] :  开始供料...
2018-05-04 01:02:48.3773 [TRACE] :  正常终了，完成一次供料。
2018-05-04 01:02:48.4865 [TRACE] :  开始供料...
2018-05-04 01:02:50.6705 [TRACE] :  正常终了，完成一次供料。
2018-05-04 01:02:50.7797 [TRACE] :  开始供料...
2018-05-04 01:03:28.2686 [TRACE] :  正常终了，完成一次供料。
2018-05-04 01:03:33.1268 [TRACE] :  开始供料...
2018-05-04 01:03:35.3108 [TRACE] :  正常终了，完成一次供料。
2018-05-04 01:03:35.4200 [TRACE] :  开始供料...
2018-05-04 01:03:37.6060 [TRACE] :  正常终了，完成一次供料。
2018-05-04 01:03:37.7152 [TRACE] :  开始供料...
2018-05-04 01:03:39.8992 [TRACE] :  正常终了，完成一次供料。
2018-05-04 01:03:40.0084 [TRACE] :  开始供料...
2018-05-04 01:03:42.1924 [TRACE] :  正常终了，完成一次供料。
2018-05-04 01:03:42.3016 [TRACE] :  开始供料...
2018-05-04 01:03:44.4856 [TRACE] :  正常终了，完成一次供料。
2018-05-04 01:03:44.5948 [TRACE] :  开始供料...
2018-05-04 01:03:46.7788 [TRACE] :  正常终了，完成一次供料。
2018-05-04 01:03:46.8880 [TRACE] :  开始供料...
2018-05-04 01:03:49.0720 [TRACE] :  正常终了，完成一次供料。
2018-05-04 01:03:49.1812 [TRACE] :  开始供料...
2018-05-04 01:03:51.3652 [TRACE] :  正常终了，完成一次供料。
2018-05-04 01:03:51.4744 [TRACE] :  开始供料...
2018-05-04 01:03:53.6584 [TRACE] :  正常终了，完成一次供料。
2018-05-04 01:03:53.7676 [TRACE] :  开始供料...
2018-05-04 01:03:55.9516 [TRACE] :  正常终了，完成一次供料。
2018-05-04 01:03:56.0608 [TRACE] :  开始供料...
2018-05-04 01:03:58.2448 [TRACE] :  正常终了，完成一次供料。
2018-05-04 01:03:58.3540 [TRACE] :  开始供料...
2018-05-04 01:04:00.5380 [TRACE] :  正常终了，完成一次供料。
2018-05-04 01:04:00.6472 [TRACE] :  开始供料...
2018-05-04 01:04:02.8322 [TRACE] :  正常终了，完成一次供料。
2018-05-04 01:04:02.9414 [TRACE] :  开始供料...
2018-05-04 01:04:05.1254 [TRACE] :  正常终了，完成一次供料。
2018-05-04 01:04:05.2347 [TRACE] :  开始供料...
2018-05-04 01:04:07.4187 [TRACE] :  正常终了，完成一次供料。
2018-05-04 01:04:07.5279 [TRACE] :  开始供料...
2018-05-04 01:04:09.7119 [TRACE] :  正常终了，完成一次供料。
2018-05-04 01:04:09.8211 [TRACE] :  开始供料...
2018-05-04 01:04:12.0051 [TRACE] :  正常终了，完成一次供料。
2018-05-04 01:04:12.1143 [TRACE] :  开始供料...
2018-05-04 01:04:14.3003 [TRACE] :  正常终了，完成一次供料。
2018-05-04 01:04:14.4095 [TRACE] :  开始供料...
2018-05-04 01:04:16.5935 [TRACE] :  正常终了，完成一次供料。
2018-05-04 01:04:16.7027 [TRACE] :  开始供料...
2018-05-04 01:04:18.8867 [TRACE] :  正常终了，完成一次供料。
2018-05-04 01:04:18.9959 [TRACE] :  开始供料...
2018-05-04 01:04:21.1799 [TRACE] :  正常终了，完成一次供料。
2018-05-04 01:04:21.2891 [TRACE] :  开始供料...
2018-05-04 01:04:29.4791 [TRACE] :  正常终了，完成一次供料。
2018-05-04 01:04:29.5883 [TRACE] :  开始供料...
2018-05-04 01:04:31.7723 [TRACE] :  正常终了，完成一次供料。
2018-05-04 01:04:31.8815 [TRACE] :  开始供料...
2018-05-04 01:04:34.0655 [TRACE] :  正常终了，完成一次供料。
2018-05-04 01:04:34.1747 [TRACE] :  开始供料...
2018-05-04 01:04:36.3587 [TRACE] :  正常终了，完成一次供料。
2018-05-04 01:04:36.4679 [TRACE] :  开始供料...
2018-05-04 01:04:38.5895 [TRACE] :  正常终了，完成一次供料。
2018-05-04 01:04:38.6987 [TRACE] :  开始供料...
2018-05-04 01:04:40.8827 [TRACE] :  正常终了，完成一次供料。
2018-05-04 01:04:40.9919 [TRACE] :  开始供料...
2018-05-04 01:04:43.1759 [TRACE] :  正常终了，完成一次供料。
2018-05-04 01:04:43.2851 [TRACE] :  开始供料...
2018-05-04 01:04:45.4691 [TRACE] :  正常终了，完成一次供料。
2018-05-04 01:04:45.5783 [TRACE] :  开始供料...
2018-05-04 01:04:47.7623 [TRACE] :  正常终了，完成一次供料。
2018-05-04 01:04:47.8715 [TRACE] :  开始供料...
2018-05-04 01:04:50.0565 [TRACE] :  正常终了，完成一次供料。
2018-05-04 01:04:50.1657 [TRACE] :  开始供料...
2018-05-04 01:04:52.3497 [TRACE] :  正常终了，完成一次供料。
2018-05-04 01:04:52.4589 [TRACE] :  开始供料...
2018-05-04 01:04:54.6429 [TRACE] :  正常终了，完成一次供料。
2018-05-04 01:04:54.7521 [TRACE] :  开始供料...
2018-05-04 01:04:56.9361 [TRACE] :  正常终了，完成一次供料。
2018-05-04 01:04:57.0453 [TRACE] :  开始供料...
2018-05-04 01:04:59.2293 [TRACE] :  正常终了，完成一次供料。
2018-05-04 01:04:59.3385 [TRACE] :  开始供料...
2018-05-04 01:05:01.5225 [TRACE] :  正常终了，完成一次供料。
2018-05-04 01:05:01.6317 [TRACE] :  开始供料...
2018-05-04 01:05:03.8158 [TRACE] :  正常终了，完成一次供料。
2018-05-04 01:05:03.9250 [TRACE] :  开始供料...
2018-05-04 01:05:06.1090 [TRACE] :  正常终了，完成一次供料。
2018-05-04 01:05:06.2182 [TRACE] :  开始供料...
2018-05-04 01:05:08.4022 [TRACE] :  正常终了，完成一次供料。
2018-05-04 01:05:08.5114 [TRACE] :  开始供料...
2018-05-04 01:05:10.6954 [TRACE] :  正常终了，完成一次供料。
2018-05-04 01:05:10.8046 [TRACE] :  开始供料...
2018-05-04 02:12:52.2515 [TRACE] :  开始供料...
2018-05-04 02:12:54.4355 [TRACE] :  正常终了，完成一次供料。
2018-05-04 02:12:54.5447 [TRACE] :  开始供料...
2018-05-04 02:12:56.7287 [TRACE] :  正常终了，完成一次供料。
2018-05-04 02:12:56.8379 [TRACE] :  开始供料...
2018-05-04 02:12:59.0219 [TRACE] :  正常终了，完成一次供料。
2018-05-04 02:12:59.1311 [TRACE] :  开始供料...
2018-05-04 02:13:01.3151 [TRACE] :  正常终了，完成一次供料。
2018-05-04 02:13:01.4243 [TRACE] :  开始供料...
2018-05-04 02:13:03.6083 [TRACE] :  正常终了，完成一次供料。
2018-05-04 02:13:03.7175 [TRACE] :  开始供料...
2018-05-04 02:13:05.9015 [TRACE] :  正常终了，完成一次供料。
2018-05-04 02:13:06.0107 [TRACE] :  开始供料...
2018-05-04 02:13:08.1947 [TRACE] :  正常终了，完成一次供料。
2018-05-04 02:13:08.3039 [TRACE] :  开始供料...
2018-05-04 02:13:10.4879 [TRACE] :  正常终了，完成一次供料。
2018-05-04 02:13:10.5971 [TRACE] :  开始供料...
2018-05-04 02:13:12.7811 [TRACE] :  正常终了，完成一次供料。
2018-05-04 02:13:12.8903 [TRACE] :  开始供料...
2018-05-04 02:13:15.0743 [TRACE] :  正常终了，完成一次供料。
2018-05-04 02:13:15.1835 [TRACE] :  开始供料...
2018-05-04 02:13:17.3675 [TRACE] :  正常终了，完成一次供料。
2018-05-04 02:13:17.4767 [TRACE] :  开始供料...
2018-05-04 02:13:19.6607 [TRACE] :  正常终了，完成一次供料。
2018-05-04 02:13:19.7699 [TRACE] :  开始供料...
2018-05-04 02:13:21.9539 [TRACE] :  正常终了，完成一次供料。
2018-05-04 02:13:22.0631 [TRACE] :  开始供料...
2018-05-04 02:13:24.2455 [TRACE] :  正常终了，完成一次供料。
2018-05-04 02:13:24.3547 [TRACE] :  开始供料...
2018-05-04 02:13:26.5387 [TRACE] :  正常终了，完成一次供料。
2018-05-04 02:13:26.6479 [TRACE] :  开始供料...
2018-05-04 02:13:28.8319 [TRACE] :  正常终了，完成一次供料。
2018-05-04 02:13:28.9411 [TRACE] :  开始供料...
2018-05-04 02:13:31.1261 [TRACE] :  正常终了，完成一次供料。
2018-05-04 02:13:31.2353 [TRACE] :  开始供料...
2018-05-04 02:13:33.4193 [TRACE] :  正常终了，完成一次供料。
2018-05-04 02:13:33.5285 [TRACE] :  开始供料...
2018-05-04 02:13:35.7125 [TRACE] :  正常终了，完成一次供料。
2018-05-04 02:13:35.8217 [TRACE] :  开始供料...
2018-05-04 02:13:38.0057 [TRACE] :  正常终了，完成一次供料。
2018-05-04 02:13:38.1149 [TRACE] :  开始供料...
2018-05-04 02:13:40.2989 [TRACE] :  正常终了，完成一次供料。
2018-05-04 02:13:40.4081 [TRACE] :  开始供料...
2018-05-04 02:13:42.5921 [TRACE] :  正常终了，完成一次供料。
2018-05-04 02:13:42.7014 [TRACE] :  开始供料...
2018-05-04 02:13:44.8854 [TRACE] :  正常终了，完成一次供料。
2018-05-04 02:13:44.9946 [TRACE] :  开始供料...
2018-05-04 02:13:47.1612 [TRACE] :  正常终了，完成一次供料。
2018-05-04 02:13:47.2704 [TRACE] :  开始供料...
2018-05-04 02:13:49.4544 [TRACE] :  正常终了，完成一次供料。
2018-05-04 02:13:49.5636 [TRACE] :  开始供料...
2018-05-04 02:13:51.7476 [TRACE] :  正常终了，完成一次供料。
2018-05-04 02:13:51.8568 [TRACE] :  开始供料...
2018-05-04 02:13:54.0408 [TRACE] :  正常终了，完成一次供料。
2018-05-04 02:13:54.1500 [TRACE] :  开始供料...
2018-05-04 02:13:56.3340 [TRACE] :  正常终了，完成一次供料。
2018-05-04 02:13:56.4432 [TRACE] :  开始供料...
2018-05-04 02:13:58.6272 [TRACE] :  正常终了，完成一次供料。
2018-05-04 02:13:58.7364 [TRACE] :  开始供料...
2018-05-04 02:14:00.9204 [TRACE] :  正常终了，完成一次供料。
2018-05-04 02:14:01.0296 [TRACE] :  开始供料...
2018-05-04 02:14:03.2136 [TRACE] :  正常终了，完成一次供料。
2018-05-04 02:14:03.3228 [TRACE] :  开始供料...
2018-05-04 02:14:05.5068 [TRACE] :  正常终了，完成一次供料。
2018-05-04 02:14:05.6160 [TRACE] :  开始供料...
2018-05-04 02:14:07.8000 [TRACE] :  正常终了，完成一次供料。
2018-05-04 02:14:07.9092 [TRACE] :  开始供料...
2018-05-04 02:14:10.0952 [TRACE] :  正常终了，完成一次供料。
2018-05-04 02:14:10.2044 [TRACE] :  开始供料...
2018-05-04 02:14:12.3884 [TRACE] :  正常终了，完成一次供料。
2018-05-04 02:14:12.4976 [TRACE] :  开始供料...
2018-05-04 02:14:14.6816 [TRACE] :  正常终了，完成一次供料。
2018-05-04 02:14:14.7908 [TRACE] :  开始供料...
2018-05-04 02:14:16.9748 [TRACE] :  正常终了，完成一次供料。
2018-05-04 02:14:17.0840 [TRACE] :  开始供料...
2018-05-04 02:14:19.2680 [TRACE] :  正常终了，完成一次供料。
2018-05-04 02:14:19.3772 [TRACE] :  开始供料...
2018-05-04 02:14:21.5612 [TRACE] :  正常终了，完成一次供料。
2018-05-04 02:14:21.6704 [TRACE] :  开始供料...
2018-05-04 02:14:23.8544 [TRACE] :  正常终了，完成一次供料。
2018-05-04 02:14:23.9636 [TRACE] :  开始供料...
2018-05-04 02:14:26.1476 [TRACE] :  正常终了，完成一次供料。
2018-05-04 02:14:26.2568 [TRACE] :  开始供料...
2018-05-04 02:14:28.4408 [TRACE] :  正常终了，完成一次供料。
2018-05-04 02:14:28.5500 [TRACE] :  开始供料...
2018-05-04 02:17:51.2569 [TRACE] :  开始供料...
2018-05-04 02:18:01.9586 [TRACE] :  正常终了，完成一次供料。
2018-05-04 02:18:02.0678 [TRACE] :  开始供料...
2018-05-04 02:18:04.2518 [TRACE] :  正常终了，完成一次供料。
2018-05-04 02:18:04.3610 [TRACE] :  开始供料...
2018-05-04 02:18:06.5450 [TRACE] :  正常终了，完成一次供料。
2018-05-04 02:18:06.6542 [TRACE] :  开始供料...
2018-05-04 02:18:08.8694 [TRACE] :  正常终了，完成一次供料。
2018-05-04 02:18:08.9786 [TRACE] :  开始供料...
2018-05-04 02:18:11.1646 [TRACE] :  正常终了，完成一次供料。
2018-05-04 02:18:11.2738 [TRACE] :  开始供料...
2018-05-04 02:18:13.4578 [TRACE] :  正常终了，完成一次供料。
2018-05-04 02:18:13.5670 [TRACE] :  开始供料...
2018-05-04 02:18:15.7510 [TRACE] :  正常终了，完成一次供料。
2018-05-04 02:18:15.8602 [TRACE] :  开始供料...
2018-05-04 02:18:18.0442 [TRACE] :  正常终了，完成一次供料。
2018-05-04 02:18:18.1534 [TRACE] :  开始供料...
2018-05-04 02:18:20.3374 [TRACE] :  正常终了，完成一次供料。
2018-05-04 02:18:20.4466 [TRACE] :  开始供料...
2018-05-04 02:18:22.6306 [TRACE] :  正常终了，完成一次供料。
2018-05-04 02:18:22.7398 [TRACE] :  开始供料...
2018-05-04 02:18:24.9238 [TRACE] :  正常终了，完成一次供料。
2018-05-04 02:18:25.0330 [TRACE] :  开始供料...
2018-05-04 02:18:27.2170 [TRACE] :  正常终了，完成一次供料。
2018-05-04 02:18:27.3262 [TRACE] :  开始供料...
2018-05-04 02:18:29.4419 [TRACE] :  正常终了，完成一次供料。
2018-05-04 02:18:29.5511 [TRACE] :  开始供料...
2018-05-04 02:18:31.6525 [TRACE] :  正常终了，完成一次供料。
2018-05-04 02:18:31.7535 [TRACE] :  开始供料...
2018-05-04 02:18:33.8935 [TRACE] :  正常终了，完成一次供料。
2018-05-04 02:18:34.0027 [TRACE] :  开始供料...
2018-05-04 02:18:36.1867 [TRACE] :  正常终了，完成一次供料。
2018-05-04 02:18:36.2959 [TRACE] :  开始供料...
2018-05-04 02:18:38.4746 [TRACE] :  正常终了，完成一次供料。
2018-05-04 02:18:38.5838 [TRACE] :  开始供料...
2018-05-04 02:18:40.7335 [TRACE] :  正常终了，完成一次供料。
2018-05-04 02:18:40.8427 [TRACE] :  开始供料...
2018-05-04 02:19:56.3224 [TRACE] :  开始供料...
2018-05-04 02:19:58.5220 [TRACE] :  正常终了，完成一次供料。
2018-05-04 02:19:58.6312 [TRACE] :  开始供料...
2018-05-04 02:20:00.8152 [TRACE] :  正常终了，完成一次供料。
2018-05-04 02:20:00.9244 [TRACE] :  开始供料...
2018-05-04 02:20:03.1084 [TRACE] :  正常终了，完成一次供料。
2018-05-04 02:20:03.2176 [TRACE] :  开始供料...
2018-05-04 02:20:05.4016 [TRACE] :  正常终了，完成一次供料。
2018-05-04 02:20:05.5108 [TRACE] :  开始供料...
2018-05-04 02:20:07.6948 [TRACE] :  正常终了，完成一次供料。
2018-05-04 02:20:07.8040 [TRACE] :  开始供料...
2018-05-04 02:20:09.9900 [TRACE] :  正常终了，完成一次供料。
2018-05-04 02:20:10.0992 [TRACE] :  开始供料...
2018-05-04 02:20:12.2832 [TRACE] :  正常终了，完成一次供料。
2018-05-04 02:20:12.3924 [TRACE] :  开始供料...
2018-05-04 02:20:14.5764 [TRACE] :  正常终了，完成一次供料。
2018-05-04 02:20:14.6856 [TRACE] :  开始供料...
2018-05-04 02:20:16.8696 [TRACE] :  正常终了，完成一次供料。
2018-05-04 02:20:16.9788 [TRACE] :  开始供料...
2018-05-04 02:20:19.1628 [TRACE] :  正常终了，完成一次供料。
2018-05-04 02:20:19.2720 [TRACE] :  开始供料...
2018-05-04 02:20:21.4560 [TRACE] :  正常终了，完成一次供料。
2018-05-04 02:20:21.5652 [TRACE] :  开始供料...
2018-05-04 02:20:23.7493 [TRACE] :  正常终了，完成一次供料。
2018-05-04 02:20:23.8585 [TRACE] :  开始供料...
2018-05-04 02:20:26.0425 [TRACE] :  正常终了，完成一次供料。
2018-05-04 02:20:26.1517 [TRACE] :  开始供料...
2018-05-04 02:20:28.3357 [TRACE] :  正常终了，完成一次供料。
2018-05-04 02:20:28.4449 [TRACE] :  开始供料...
2018-05-04 02:20:30.6289 [TRACE] :  正常终了，完成一次供料。
2018-05-04 02:20:30.7381 [TRACE] :  开始供料...
2018-05-04 02:20:32.9221 [TRACE] :  正常终了，完成一次供料。
2018-05-04 02:20:33.0313 [TRACE] :  开始供料...
2018-05-04 02:20:35.2153 [TRACE] :  正常终了，完成一次供料。
2018-05-04 02:20:35.3245 [TRACE] :  开始供料...
2018-05-04 02:20:37.5241 [TRACE] :  正常终了，完成一次供料。
2018-05-04 02:20:37.6333 [TRACE] :  开始供料...
2018-05-04 02:20:39.8173 [TRACE] :  正常终了，完成一次供料。
2018-05-04 02:20:39.9265 [TRACE] :  开始供料...
2018-05-04 02:20:42.1105 [TRACE] :  正常终了，完成一次供料。
2018-05-04 02:20:42.2197 [TRACE] :  开始供料...
2018-05-04 02:20:44.4037 [TRACE] :  正常终了，完成一次供料。
2018-05-04 02:20:44.5129 [TRACE] :  开始供料...
2018-05-04 02:20:46.6969 [TRACE] :  正常终了，完成一次供料。
2018-05-04 02:20:46.8061 [TRACE] :  开始供料...
2018-05-04 02:20:48.9901 [TRACE] :  正常终了，完成一次供料。
2018-05-04 02:20:49.0993 [TRACE] :  开始供料...
2018-05-04 02:20:51.2843 [TRACE] :  正常终了，完成一次供料。
2018-05-04 02:20:51.3935 [TRACE] :  开始供料...
2018-05-04 02:20:53.5775 [TRACE] :  正常终了，完成一次供料。
2018-05-04 02:20:53.6867 [TRACE] :  开始供料...
2018-05-04 02:20:55.8707 [TRACE] :  正常终了，完成一次供料。
2018-05-04 02:20:55.9799 [TRACE] :  开始供料...
2018-05-04 02:20:58.1639 [TRACE] :  正常终了，完成一次供料。
2018-05-04 02:20:58.2731 [TRACE] :  开始供料...
2018-05-04 02:21:00.4571 [TRACE] :  正常终了，完成一次供料。
2018-05-04 02:21:00.5663 [TRACE] :  开始供料...
2018-05-04 02:21:02.7503 [TRACE] :  正常终了，完成一次供料。
2018-05-04 02:21:02.8595 [TRACE] :  开始供料...
2018-05-04 02:21:05.0435 [TRACE] :  正常终了，完成一次供料。
2018-05-04 02:21:05.1527 [TRACE] :  开始供料...
2018-05-04 02:21:07.3367 [TRACE] :  正常终了，完成一次供料。
2018-05-04 02:21:07.4459 [TRACE] :  开始供料...
2018-05-04 02:21:09.6299 [TRACE] :  正常终了，完成一次供料。
2018-05-04 02:21:09.7391 [TRACE] :  开始供料...
2018-05-04 02:21:11.9231 [TRACE] :  正常终了，完成一次供料。
2018-05-04 02:21:12.0323 [TRACE] :  开始供料...
2018-05-04 02:21:14.2163 [TRACE] :  正常终了，完成一次供料。
2018-05-04 02:21:14.3255 [TRACE] :  开始供料...
2018-05-04 02:21:16.5095 [TRACE] :  正常终了，完成一次供料。
2018-05-04 02:21:16.6187 [TRACE] :  开始供料...
2018-05-04 02:21:18.8027 [TRACE] :  正常终了，完成一次供料。
2018-05-04 02:21:18.9119 [TRACE] :  开始供料...
2018-05-04 02:25:18.8867 [TRACE] :  正常终了，完成一次供料。
2018-05-04 02:25:18.9877 [TRACE] :  开始供料...
2018-05-04 02:25:21.0918 [TRACE] :  正常终了，完成一次供料。
2018-05-04 02:25:21.1918 [TRACE] :  开始供料...
2018-05-04 02:25:23.2990 [TRACE] :  正常终了，完成一次供料。
2018-05-04 02:25:23.4010 [TRACE] :  开始供料...
2018-05-04 02:25:25.5111 [TRACE] :  正常终了，完成一次供料。
2018-05-04 02:25:25.6121 [TRACE] :  开始供料...
2018-05-04 02:25:27.7132 [TRACE] :  正常终了，完成一次供料。
2018-05-04 02:25:27.8142 [TRACE] :  开始供料...
2018-05-04 02:25:29.9153 [TRACE] :  正常终了，完成一次供料。
2018-05-04 02:25:30.0173 [TRACE] :  开始供料...
2018-05-04 02:25:32.1175 [TRACE] :  正常终了，完成一次供料。
2018-05-04 02:25:32.2205 [TRACE] :  开始供料...
2018-05-04 02:25:34.3236 [TRACE] :  正常终了，完成一次供料。
2018-05-04 02:25:34.4246 [TRACE] :  开始供料...
2018-05-04 02:25:36.5287 [TRACE] :  正常终了，完成一次供料。
2018-05-04 02:25:36.6287 [TRACE] :  开始供料...
2018-05-04 02:25:38.7318 [TRACE] :  正常终了，完成一次供料。
2018-05-04 02:25:38.8339 [TRACE] :  开始供料...
2018-05-04 02:25:40.9370 [TRACE] :  正常终了，完成一次供料。
2018-05-04 02:25:41.0400 [TRACE] :  开始供料...
2018-05-04 02:25:43.1431 [TRACE] :  正常终了，完成一次供料。
2018-05-04 02:25:43.2431 [TRACE] :  开始供料...
2018-05-04 02:25:45.3452 [TRACE] :  正常终了，完成一次供料。
2018-05-04 02:25:45.4452 [TRACE] :  开始供料...
2018-05-04 02:25:47.5483 [TRACE] :  正常终了，完成一次供料。
2018-05-04 02:25:47.6494 [TRACE] :  开始供料...
2018-05-04 02:25:49.7515 [TRACE] :  正常终了，完成一次供料。
2018-05-04 02:25:49.8535 [TRACE] :  开始供料...
2018-05-04 02:25:51.9546 [TRACE] :  正常终了，完成一次供料。
2018-05-04 02:25:52.0556 [TRACE] :  开始供料...
2018-05-04 02:25:54.1617 [TRACE] :  正常终了，完成一次供料。
2018-05-04 02:25:54.2627 [TRACE] :  开始供料...
2018-05-04 02:25:56.3639 [TRACE] :  正常终了，完成一次供料。
2018-05-04 02:25:56.4649 [TRACE] :  开始供料...
2018-05-04 02:25:58.5660 [TRACE] :  正常终了，完成一次供料。
2018-05-04 02:25:58.6660 [TRACE] :  开始供料...
2018-05-04 02:26:00.7701 [TRACE] :  正常终了，完成一次供料。
2018-05-04 02:26:00.8711 [TRACE] :  开始供料...
2018-05-04 02:26:02.9712 [TRACE] :  正常终了，完成一次供料。
2018-05-04 02:26:03.0722 [TRACE] :  开始供料...
2018-05-04 02:26:05.1814 [TRACE] :  正常终了，完成一次供料。
2018-05-04 02:26:05.2814 [TRACE] :  开始供料...
2018-05-04 02:26:07.3835 [TRACE] :  正常终了，完成一次供料。
2018-05-04 02:26:07.4845 [TRACE] :  开始供料...
2018-05-04 02:26:09.5866 [TRACE] :  正常终了，完成一次供料。
2018-05-04 02:26:09.6866 [TRACE] :  开始供料...
2018-05-04 02:26:11.7877 [TRACE] :  正常终了，完成一次供料。
2018-05-04 02:26:11.8877 [TRACE] :  开始供料...
2018-05-04 02:26:13.9899 [TRACE] :  正常终了，完成一次供料。
2018-05-04 02:26:14.0929 [TRACE] :  开始供料...
2018-05-04 02:26:16.1940 [TRACE] :  正常终了，完成一次供料。
2018-05-04 02:26:16.2940 [TRACE] :  开始供料...
2018-05-04 02:26:18.3961 [TRACE] :  正常终了，完成一次供料。
2018-05-04 02:26:18.4971 [TRACE] :  开始供料...
2018-05-04 02:26:20.6002 [TRACE] :  正常终了，完成一次供料。
2018-05-04 02:26:20.7002 [TRACE] :  开始供料...
2018-05-04 02:26:22.8004 [TRACE] :  正常终了，完成一次供料。
2018-05-04 02:26:22.9004 [TRACE] :  开始供料...
2018-05-04 02:26:25.0015 [TRACE] :  正常终了，完成一次供料。
2018-05-04 02:26:25.1045 [TRACE] :  开始供料...
2018-05-04 02:26:27.2116 [TRACE] :  正常终了，完成一次供料。
2018-05-04 02:26:27.3116 [TRACE] :  开始供料...
2018-05-04 02:26:29.4217 [TRACE] :  正常终了，完成一次供料。
2018-05-04 02:26:29.5227 [TRACE] :  开始供料...
2018-05-04 02:28:01.3360 [TRACE] :  正常终了，完成一次供料。
2018-05-04 02:28:01.4410 [TRACE] :  开始供料...
2018-05-04 02:28:03.5441 [TRACE] :  正常终了，完成一次供料。
2018-05-04 02:28:03.6471 [TRACE] :  开始供料...
2018-05-04 02:28:05.7803 [TRACE] :  正常终了，完成一次供料。
2018-05-04 02:28:05.8803 [TRACE] :  开始供料...
2018-05-04 02:28:07.9874 [TRACE] :  正常终了，完成一次供料。
2018-05-04 02:28:08.0884 [TRACE] :  开始供料...
2018-05-04 02:28:10.2015 [TRACE] :  正常终了，完成一次供料。
2018-05-04 02:28:10.3025 [TRACE] :  开始供料...
2018-05-04 02:28:12.4046 [TRACE] :  正常终了，完成一次供料。
2018-05-04 02:28:12.5056 [TRACE] :  开始供料...
2018-05-04 02:30:01.1979 [TRACE] :  正常终了，完成一次供料。
2018-05-04 02:30:01.2979 [TRACE] :  开始供料...
2018-05-04 02:30:03.4000 [TRACE] :  正常终了，完成一次供料。
2018-05-04 02:30:03.5010 [TRACE] :  开始供料...
2018-05-04 02:30:20.4510 [TRACE] :  正常终了，完成一次供料。
2018-05-04 02:30:20.5510 [TRACE] :  开始供料...
2018-05-04 02:30:22.6521 [TRACE] :  正常终了，完成一次供料。
2018-05-04 02:30:22.7531 [TRACE] :  开始供料...
2018-05-04 02:30:24.8552 [TRACE] :  正常终了，完成一次供料。
2018-05-04 02:30:24.9562 [TRACE] :  开始供料...
2018-05-04 02:30:27.0563 [TRACE] :  正常终了，完成一次供料。
2018-05-04 02:30:27.1563 [TRACE] :  开始供料...
2018-05-04 02:30:29.2615 [TRACE] :  正常终了，完成一次供料。
2018-05-04 02:30:29.3635 [TRACE] :  开始供料...
2018-05-04 02:30:31.4636 [TRACE] :  正常终了，完成一次供料。
2018-05-04 02:30:31.5646 [TRACE] :  开始供料...
2018-05-04 02:30:33.6687 [TRACE] :  正常终了，完成一次供料。
2018-05-04 02:30:33.7687 [TRACE] :  开始供料...
2018-05-04 02:30:35.8698 [TRACE] :  正常终了，完成一次供料。
2018-05-04 02:30:35.9698 [TRACE] :  开始供料...
2018-05-04 02:30:43.4593 [TRACE] :  正常终了，完成一次供料。
2018-05-04 02:30:43.5593 [TRACE] :  开始供料...
2018-05-04 02:30:45.6644 [TRACE] :  正常终了，完成一次供料。
2018-05-04 02:30:45.7654 [TRACE] :  开始供料...
2018-05-04 02:30:47.8675 [TRACE] :  正常终了，完成一次供料。
2018-05-04 02:30:47.9675 [TRACE] :  开始供料...
2018-05-04 02:30:50.0757 [TRACE] :  正常终了，完成一次供料。
2018-05-04 02:30:50.1757 [TRACE] :  开始供料...
2018-05-04 02:30:52.2788 [TRACE] :  正常终了，完成一次供料。
2018-05-04 02:30:52.3788 [TRACE] :  开始供料...
2018-05-04 02:30:54.4809 [TRACE] :  正常终了，完成一次供料。
2018-05-04 02:30:54.5819 [TRACE] :  开始供料...
2018-05-04 02:30:56.6820 [TRACE] :  正常终了，完成一次供料。
2018-05-04 02:30:56.7820 [TRACE] :  开始供料...
2018-05-04 02:30:58.8852 [TRACE] :  正常终了，完成一次供料。
2018-05-04 02:30:58.9872 [TRACE] :  开始供料...
2018-05-04 02:31:01.0883 [TRACE] :  正常终了，完成一次供料。
2018-05-04 02:31:01.1883 [TRACE] :  开始供料...
2018-05-04 02:31:03.3454 [TRACE] :  正常终了，完成一次供料。
2018-05-04 02:31:03.4464 [TRACE] :  开始供料...
2018-05-04 02:31:05.5515 [TRACE] :  正常终了，完成一次供料。
2018-05-04 02:31:05.6515 [TRACE] :  开始供料...
2018-05-04 02:31:07.7537 [TRACE] :  正常终了，完成一次供料。
2018-05-04 02:31:07.8567 [TRACE] :  开始供料...
2018-05-04 02:31:09.9598 [TRACE] :  正常终了，完成一次供料。
2018-05-04 02:31:10.0598 [TRACE] :  开始供料...
2018-05-04 02:31:12.1619 [TRACE] :  正常终了，完成一次供料。
2018-05-04 02:31:12.2629 [TRACE] :  开始供料...
2018-05-04 02:31:14.3640 [TRACE] :  正常终了，完成一次供料。
2018-05-04 02:31:14.4640 [TRACE] :  开始供料...
2018-05-04 02:31:16.5672 [TRACE] :  正常终了，完成一次供料。
2018-05-04 02:31:16.6672 [TRACE] :  开始供料...
2018-05-04 02:31:18.7713 [TRACE] :  正常终了，完成一次供料。
2018-05-04 02:31:18.8723 [TRACE] :  开始供料...
2018-05-04 02:31:20.9744 [TRACE] :  正常终了，完成一次供料。
2018-05-04 02:31:21.0744 [TRACE] :  开始供料...
2018-05-04 02:31:23.1785 [TRACE] :  正常终了，完成一次供料。
2018-05-04 02:31:23.2796 [TRACE] :  开始供料...
2018-05-04 02:31:25.3957 [TRACE] :  正常终了，完成一次供料。
2018-05-04 02:31:25.4957 [TRACE] :  开始供料...
2018-05-04 02:31:27.5968 [TRACE] :  正常终了，完成一次供料。
2018-05-04 02:31:27.6978 [TRACE] :  开始供料...
2018-05-04 02:31:29.7979 [TRACE] :  正常终了，完成一次供料。
2018-05-04 02:31:29.8979 [TRACE] :  开始供料...
2018-05-04 02:31:32.0011 [TRACE] :  正常终了，完成一次供料。
2018-05-04 02:31:32.1011 [TRACE] :  开始供料...
2018-05-04 02:31:34.2022 [TRACE] :  正常终了，完成一次供料。
2018-05-04 02:31:34.3022 [TRACE] :  开始供料...
2018-05-04 02:31:36.4033 [TRACE] :  正常终了，完成一次供料。
2018-05-04 02:31:36.5033 [TRACE] :  开始供料...
2018-05-04 02:31:38.6084 [TRACE] :  正常终了，完成一次供料。
2018-05-04 02:31:38.7094 [TRACE] :  开始供料...
2018-05-04 02:31:40.8176 [TRACE] :  正常终了，完成一次供料。
2018-05-04 02:31:40.9186 [TRACE] :  开始供料...
2018-05-04 02:31:43.0197 [TRACE] :  正常终了，完成一次供料。
2018-05-04 02:31:43.1207 [TRACE] :  开始供料...
2018-05-04 02:32:27.2822 [TRACE] :  正常终了，完成一次供料。
2018-05-04 02:32:27.3842 [TRACE] :  开始供料...
2018-05-04 02:32:29.4863 [TRACE] :  正常终了，完成一次供料。
2018-05-04 02:32:29.5873 [TRACE] :  开始供料...
2018-05-04 02:32:31.6945 [TRACE] :  正常终了，完成一次供料。
2018-05-04 02:32:31.7945 [TRACE] :  开始供料...
2018-05-04 02:32:33.9016 [TRACE] :  正常终了，完成一次供料。
2018-05-04 02:32:34.0016 [TRACE] :  开始供料...
2018-05-04 02:32:36.1067 [TRACE] :  正常终了，完成一次供料。
2018-05-04 02:32:36.2067 [TRACE] :  开始供料...
2018-05-04 02:32:38.3108 [TRACE] :  正常终了，完成一次供料。
2018-05-04 02:32:38.4108 [TRACE] :  开始供料...
2018-05-04 02:32:40.5120 [TRACE] :  正常终了，完成一次供料。
2018-05-04 02:32:40.6120 [TRACE] :  开始供料...
2018-05-04 02:32:42.7141 [TRACE] :  正常终了，完成一次供料。
2018-05-04 02:32:42.8141 [TRACE] :  开始供料...
2018-05-04 02:32:44.9192 [TRACE] :  正常终了，完成一次供料。
2018-05-04 02:32:45.0192 [TRACE] :  开始供料...
2018-05-04 02:32:47.1203 [TRACE] :  正常终了，完成一次供料。
2018-05-04 02:32:47.2204 [TRACE] :  开始供料...
2018-05-04 02:32:49.3235 [TRACE] :  正常终了，完成一次供料。
2018-05-04 02:32:49.4245 [TRACE] :  开始供料...
2018-05-04 02:32:51.5266 [TRACE] :  正常终了，完成一次供料。
2018-05-04 02:32:51.6266 [TRACE] :  开始供料...
2018-05-04 02:32:53.7417 [TRACE] :  正常终了，完成一次供料。
2018-05-04 02:32:53.8427 [TRACE] :  开始供料...
2018-05-04 02:32:55.9579 [TRACE] :  正常终了，完成一次供料。
2018-05-04 02:32:56.0579 [TRACE] :  开始供料...
2018-05-04 02:32:58.1620 [TRACE] :  正常终了，完成一次供料。
2018-05-04 02:32:58.2630 [TRACE] :  开始供料...
2018-05-04 02:33:00.3681 [TRACE] :  正常终了，完成一次供料。
2018-05-04 02:33:00.4691 [TRACE] :  开始供料...
2018-05-04 02:33:02.5712 [TRACE] :  正常终了，完成一次供料。
2018-05-04 02:33:02.6712 [TRACE] :  开始供料...
2018-05-04 02:33:04.7734 [TRACE] :  正常终了，完成一次供料。
2018-05-04 02:33:04.8734 [TRACE] :  开始供料...
2018-05-04 02:33:06.9775 [TRACE] :  正常终了，完成一次供料。
2018-05-04 02:33:07.0775 [TRACE] :  开始供料...
2018-05-04 02:33:09.2496 [TRACE] :  正常终了，完成一次供料。
2018-05-04 02:33:09.3506 [TRACE] :  开始供料...
2018-05-04 02:33:11.4527 [TRACE] :  正常终了，完成一次供料。
2018-05-04 02:33:11.5527 [TRACE] :  开始供料...
2018-05-04 02:33:13.6569 [TRACE] :  正常终了，完成一次供料。
2018-05-04 02:33:13.7569 [TRACE] :  开始供料...
2018-05-04 02:33:15.8590 [TRACE] :  正常终了，完成一次供料。
2018-05-04 02:33:15.9700 [TRACE] :  开始供料...
2018-05-04 02:33:18.0751 [TRACE] :  正常终了，完成一次供料。
2018-05-04 02:33:18.1771 [TRACE] :  开始供料...
2018-05-04 02:33:20.2792 [TRACE] :  正常终了，完成一次供料。
2018-05-04 02:33:20.3792 [TRACE] :  开始供料...
2018-05-04 02:33:22.4844 [TRACE] :  正常终了，完成一次供料。
2018-05-04 02:33:22.5854 [TRACE] :  开始供料...
2018-05-04 02:33:24.6885 [TRACE] :  正常终了，完成一次供料。
2018-05-04 02:33:24.7895 [TRACE] :  开始供料...
2018-05-04 02:33:26.8906 [TRACE] :  正常终了，完成一次供料。
2018-05-04 02:33:26.9906 [TRACE] :  开始供料...
2018-05-04 02:33:29.0927 [TRACE] :  正常终了，完成一次供料。
2018-05-04 02:33:29.1928 [TRACE] :  开始供料...
2018-05-04 02:33:31.2989 [TRACE] :  正常终了，完成一次供料。
2018-05-04 02:33:31.3989 [TRACE] :  开始供料...
2018-05-04 02:33:33.5020 [TRACE] :  正常终了，完成一次供料。
2018-05-04 02:33:33.5990 [TRACE] :  开始供料...
2018-05-04 02:33:35.7081 [TRACE] :  正常终了，完成一次供料。
2018-05-04 02:33:35.8101 [TRACE] :  开始供料...
2018-05-04 02:33:37.9103 [TRACE] :  正常终了，完成一次供料。
2018-05-04 02:33:38.0103 [TRACE] :  开始供料...
2018-05-04 02:33:40.1504 [TRACE] :  正常终了，完成一次供料。
2018-05-04 02:33:40.2524 [TRACE] :  开始供料...
2018-05-04 02:33:42.3565 [TRACE] :  正常终了，完成一次供料。
2018-05-04 02:33:42.4565 [TRACE] :  开始供料...
2018-05-04 02:33:44.5606 [TRACE] :  正常终了，完成一次供料。
2018-05-04 02:33:44.6606 [TRACE] :  开始供料...
2018-05-04 02:33:46.7618 [TRACE] :  正常终了，完成一次供料。
2018-05-04 02:33:46.8618 [TRACE] :  开始供料...
2018-05-04 02:33:48.9639 [TRACE] :  正常终了，完成一次供料。
2018-05-04 02:33:49.0639 [TRACE] :  开始供料...
2018-05-04 02:33:51.1640 [TRACE] :  正常终了，完成一次供料。
2018-05-04 02:33:51.2640 [TRACE] :  开始供料...
2018-05-04 02:33:53.3691 [TRACE] :  正常终了，完成一次供料。
2018-05-04 02:33:53.4701 [TRACE] :  开始供料...
2018-05-04 02:33:55.5773 [TRACE] :  正常终了，完成一次供料。
2018-05-04 02:33:55.6793 [TRACE] :  开始供料...
2018-05-04 02:33:57.7834 [TRACE] :  正常终了，完成一次供料。
2018-05-04 02:33:57.8834 [TRACE] :  开始供料...
2018-05-04 02:33:59.9915 [TRACE] :  正常终了，完成一次供料。
2018-05-04 02:34:00.0915 [TRACE] :  开始供料...
2018-05-04 02:34:02.1986 [TRACE] :  正常终了，完成一次供料。
2018-05-04 02:34:02.3006 [TRACE] :  开始供料...
2018-05-04 02:34:04.4068 [TRACE] :  正常终了，完成一次供料。
2018-05-04 02:34:04.5068 [TRACE] :  开始供料...
2018-05-04 02:34:06.6169 [TRACE] :  正常终了，完成一次供料。
2018-05-04 02:34:06.7179 [TRACE] :  开始供料...
2018-05-04 02:34:08.8200 [TRACE] :  正常终了，完成一次供料。
2018-05-04 02:34:08.9200 [TRACE] :  开始供料...
2018-05-04 02:34:11.0211 [TRACE] :  正常终了，完成一次供料。
2018-05-04 02:34:11.1222 [TRACE] :  开始供料...
2018-05-04 02:34:13.2283 [TRACE] :  正常终了，完成一次供料。
2018-05-04 02:34:13.3293 [TRACE] :  开始供料...
2018-05-04 02:34:15.4484 [TRACE] :  正常终了，完成一次供料。
2018-05-04 02:34:15.5494 [TRACE] :  开始供料...
2018-05-04 02:34:17.6525 [TRACE] :  正常终了，完成一次供料。
2018-05-04 02:34:17.7535 [TRACE] :  开始供料...
2018-05-04 02:34:19.8607 [TRACE] :  正常终了，完成一次供料。
2018-05-04 02:34:19.9607 [TRACE] :  开始供料...
2018-05-04 02:34:22.0638 [TRACE] :  正常终了，完成一次供料。
2018-05-04 02:34:22.1638 [TRACE] :  开始供料...
2018-05-04 02:34:24.2639 [TRACE] :  正常终了，完成一次供料。
2018-05-04 02:34:24.3639 [TRACE] :  开始供料...
2018-05-04 02:34:26.4670 [TRACE] :  正常终了，完成一次供料。
2018-05-04 02:34:26.5680 [TRACE] :  开始供料...
2018-05-04 02:34:28.6732 [TRACE] :  正常终了，完成一次供料。
2018-05-04 02:34:28.7732 [TRACE] :  开始供料...
2018-05-04 02:34:30.8763 [TRACE] :  正常终了，完成一次供料。
2018-05-04 02:34:30.9763 [TRACE] :  开始供料...
2018-05-04 02:34:33.0764 [TRACE] :  正常终了，完成一次供料。
2018-05-04 02:34:33.1774 [TRACE] :  开始供料...
2018-05-04 02:34:35.2845 [TRACE] :  正常终了，完成一次供料。
2018-05-04 02:34:35.3855 [TRACE] :  开始供料...
2018-05-04 02:34:37.4947 [TRACE] :  正常终了，完成一次供料。
2018-05-04 02:34:37.5947 [TRACE] :  开始供料...
2018-05-04 02:34:39.7188 [TRACE] :  正常终了，完成一次供料。
2018-05-04 02:35:58.7433 [TRACE] :  开始供料...
2018-05-04 02:36:00.8464 [TRACE] :  正常终了，完成一次供料。
2018-05-04 02:36:00.9464 [TRACE] :  开始供料...
2018-05-04 02:36:03.0466 [TRACE] :  正常终了，完成一次供料。
2018-05-04 02:36:03.1466 [TRACE] :  开始供料...
2018-05-04 02:36:05.2517 [TRACE] :  正常终了，完成一次供料。
2018-05-04 02:36:05.3517 [TRACE] :  开始供料...
2018-05-04 02:36:07.4548 [TRACE] :  正常终了，完成一次供料。
2018-05-04 02:36:07.5548 [TRACE] :  开始供料...
2018-05-04 02:36:09.6579 [TRACE] :  正常终了，完成一次供料。
2018-05-04 02:36:09.7589 [TRACE] :  开始供料...
2018-05-04 02:36:11.8631 [TRACE] :  正常终了，完成一次供料。
2018-05-04 02:36:11.9631 [TRACE] :  开始供料...
2018-05-04 02:36:14.0642 [TRACE] :  正常终了，完成一次供料。
2018-05-04 02:36:14.1642 [TRACE] :  开始供料...
2018-05-04 02:36:16.2673 [TRACE] :  正常终了，完成一次供料。
2018-05-04 02:36:16.3673 [TRACE] :  开始供料...
2018-05-04 02:36:18.4754 [TRACE] :  正常终了，完成一次供料。
2018-05-04 02:36:18.5764 [TRACE] :  开始供料...
2018-05-04 02:36:20.6776 [TRACE] :  正常终了，完成一次供料。
2018-05-04 02:36:20.7776 [TRACE] :  开始供料...
2018-05-04 02:36:22.8777 [TRACE] :  正常终了，完成一次供料。
2018-05-04 02:36:22.9787 [TRACE] :  开始供料...
2018-05-04 02:36:25.0788 [TRACE] :  正常终了，完成一次供料。
2018-05-04 02:36:25.1788 [TRACE] :  开始供料...
2018-05-04 02:36:27.2829 [TRACE] :  正常终了，完成一次供料。
2018-05-04 02:36:27.3839 [TRACE] :  开始供料...
2018-05-04 19:36:18.6830 [TRACE] :  开始供料...
2018-05-04 19:36:18.7922 [TRACE] :  Feeder B 马上开始供料...
2018-05-04 19:36:18.9014 [TRACE] :  等待铜柱到位...
2018-05-04 19:36:49.0417 [WARN] :  铜柱供料异常或缺料！
