2018-05-06 19:58:02.1934 [TRACE] :  开始供料...
2018-05-06 19:58:07.3516 [TRACE] :  Feeder B 马上开始供料...
2018-05-06 19:58:08.6838 [TRACE] :  等待铜柱到位...
2018-05-06 19:58:22.2945 [TRACE] :  铜柱就绪，开始转动转盘...
2018-05-06 19:58:29.4124 [TRACE] :  等待转动到位...
2018-05-06 19:58:53.3102 [TRACE] :  转动盘完成一次转动。
2018-05-06 19:59:13.4027 [TRACE] :  Feeder B 马上开始供料...
2018-05-06 19:59:15.3701 [TRACE] :  等待铜柱到位...
2018-05-06 19:59:15.9873 [TRACE] :  铜柱就绪，开始转动转盘...
2018-05-06 19:59:21.7860 [TRACE] :  等待转动到位...
2018-05-06 19:59:33.0111 [TRACE] :  转动盘完成一次转动。
2018-05-06 19:59:33.9057 [TRACE] :  Feeder B 马上开始供料...
2018-05-06 19:59:34.0149 [TRACE] :  等待铜柱到位...
2018-05-06 19:59:34.1241 [TRACE] :  铜柱就绪，开始转动转盘...
2018-05-06 19:59:34.3425 [TRACE] :  等待转动到位...
2018-05-06 19:59:35.9827 [TRACE] :  转动盘完成一次转动。
2018-05-06 19:59:38.4599 [TRACE] :  Feeder B 马上开始供料...
2018-05-06 19:59:40.6256 [TRACE] :  等待铜柱到位...
2018-05-06 20:00:07.2886 [TRACE] :  铜柱就绪，开始转动转盘...
2018-05-06 20:00:15.1295 [TRACE] :  等待转动到位...
2018-05-06 20:00:16.6253 [TRACE] :  转动盘完成一次转动。
2018-05-06 20:00:16.7345 [TRACE] :  Feeder B 马上开始供料...
2018-05-06 20:00:16.8437 [TRACE] :  等待铜柱到位...
2018-05-06 20:00:22.6901 [TRACE] :  铜柱就绪，开始转动转盘...
2018-05-06 20:00:23.2049 [TRACE] :  等待转动到位...
2018-05-06 20:00:24.3397 [TRACE] :  转动盘完成一次转动。
2018-05-06 20:00:47.8745 [TRACE] :  Feeder B 马上开始供料...
2018-05-06 20:01:10.3761 [TRACE] :  等待铜柱到位...
2018-05-06 20:01:11.2367 [TRACE] :  铜柱就绪，开始转动转盘...
2018-05-06 20:01:11.4405 [TRACE] :  等待转动到位...
2018-05-06 20:01:12.5411 [TRACE] :  转动盘完成一次转动。
2018-05-06 20:01:12.6971 [TRACE] :  Feeder B 马上开始供料...
2018-05-06 20:03:36.7956 [TRACE] :  开始供料...
2018-05-06 20:03:40.6752 [TRACE] :  Feeder B 马上开始供料...
2018-05-06 20:03:40.7844 [TRACE] :  等待铜柱到位...
2018-05-06 20:03:40.8936 [TRACE] :  铜柱就绪，开始转动转盘...
2018-05-06 20:03:41.1120 [TRACE] :  等待转动到位...
2018-05-06 20:03:42.1846 [TRACE] :  转动盘完成一次转动。
2018-05-06 20:03:42.2938 [TRACE] :  Feeder B 马上开始供料...
2018-05-06 20:03:42.4498 [TRACE] :  等待铜柱到位...
2018-05-06 20:03:42.5590 [TRACE] :  铜柱就绪，开始转动转盘...
2018-05-06 20:03:42.7774 [TRACE] :  等待转动到位...
2018-05-06 20:03:47.3124 [TRACE] :  转动盘完成一次转动。
2018-05-06 20:04:20.6914 [TRACE] :  Feeder B 马上开始供料...
2018-05-06 20:04:31.6178 [TRACE] :  等待铜柱到位...
2018-05-06 20:04:31.7270 [TRACE] :  铜柱就绪，开始转动转盘...
2018-05-06 20:04:31.9454 [TRACE] :  等待转动到位...
2018-05-06 20:04:33.0386 [TRACE] :  转动盘完成一次转动。
2018-05-06 20:04:33.1634 [TRACE] :  Feeder B 马上开始供料...
2018-05-06 20:04:33.2726 [TRACE] :  等待铜柱到位...
2018-05-06 20:04:33.3818 [TRACE] :  铜柱就绪，开始转动转盘...
2018-05-06 20:04:33.6002 [TRACE] :  等待转动到位...
2018-05-06 20:05:32.6659 [TRACE] :  转动盘完成一次转动。
2018-05-06 20:05:32.7751 [TRACE] :  Feeder B 马上开始供料...
2018-05-06 20:05:32.8843 [TRACE] :  等待铜柱到位...
2018-05-06 20:05:32.9935 [TRACE] :  铜柱就绪，开始转动转盘...
2018-05-06 20:05:33.2431 [TRACE] :  等待转动到位...
2018-05-06 20:05:34.4317 [TRACE] :  转动盘完成一次转动。
2018-05-06 20:05:35.0525 [TRACE] :  Feeder B 马上开始供料...
2018-05-06 20:05:35.1617 [TRACE] :  等待铜柱到位...
2018-05-06 20:05:35.2709 [TRACE] :  铜柱就绪，开始转动转盘...
2018-05-06 20:05:35.4893 [TRACE] :  等待转动到位...
2018-05-06 20:09:14.2095 [TRACE] :  开始供料...
2018-05-06 20:09:14.3343 [TRACE] :  Feeder B 马上开始供料...
2018-05-06 20:09:14.4435 [TRACE] :  等待铜柱到位...
2018-05-06 20:09:14.5527 [TRACE] :  铜柱就绪，开始转动转盘...
2018-05-06 20:09:14.8112 [TRACE] :  等待转动到位...
2018-05-06 20:09:15.8150 [TRACE] :  转动盘完成一次转动。
2018-05-06 20:09:15.9710 [TRACE] :  Feeder B 马上开始供料...
2018-05-06 20:09:16.0802 [TRACE] :  等待铜柱到位...
2018-05-06 20:09:16.1894 [TRACE] :  铜柱就绪，开始转动转盘...
2018-05-06 20:09:16.4078 [TRACE] :  等待转动到位...
2018-05-06 20:09:19.6476 [TRACE] :  转动盘完成一次转动。
2018-05-06 20:09:21.1068 [TRACE] :  Feeder B 马上开始供料...
2018-05-06 20:09:22.1484 [TRACE] :  等待铜柱到位...
2018-05-06 20:09:22.2576 [TRACE] :  铜柱就绪，开始转动转盘...
2018-05-06 20:09:22.4760 [TRACE] :  等待转动到位...
2018-05-06 20:09:25.0415 [TRACE] :  转动盘完成一次转动。
2018-05-06 20:09:54.5735 [TRACE] :  Feeder B 马上开始供料...
2018-05-06 20:10:04.2277 [TRACE] :  等待铜柱到位...
2018-05-06 20:10:04.3369 [TRACE] :  铜柱就绪，开始转动转盘...
2018-05-06 20:10:04.5553 [TRACE] :  等待转动到位...
2018-05-06 20:10:05.6473 [TRACE] :  转动盘完成一次转动。
2018-05-06 20:10:05.7565 [TRACE] :  Feeder B 马上开始供料...
2018-05-06 20:10:05.8657 [TRACE] :  等待铜柱到位...
2018-05-06 20:10:05.9749 [TRACE] :  铜柱就绪，开始转动转盘...
2018-05-06 20:10:06.1933 [TRACE] :  等待转动到位...
2018-05-06 20:10:07.2541 [TRACE] :  转动盘完成一次转动。
2018-05-06 20:10:07.3633 [TRACE] :  Feeder B 马上开始供料...
2018-05-06 20:10:07.4725 [TRACE] :  等待铜柱到位...
2018-05-06 20:10:07.5817 [TRACE] :  铜柱就绪，开始转动转盘...
2018-05-06 20:10:07.8313 [TRACE] :  等待转动到位...
2018-05-06 20:11:16.1446 [TRACE] :  转动盘完成一次转动。
2018-05-06 20:12:17.1844 [TRACE] :  Feeder B 马上开始供料...
2018-05-06 20:12:17.2936 [TRACE] :  等待铜柱到位...
2018-05-06 20:12:18.1828 [TRACE] :  铜柱就绪，开始转动转盘...
2018-05-06 20:12:18.4012 [TRACE] :  等待转动到位...
2018-05-06 20:12:19.5556 [TRACE] :  转动盘完成一次转动。
2018-05-06 20:12:19.6648 [TRACE] :  Feeder B 马上开始供料...
2018-05-06 20:12:19.7740 [TRACE] :  等待铜柱到位...
2018-05-06 20:12:20.5696 [TRACE] :  铜柱就绪，开始转动转盘...
2018-05-06 20:12:20.8348 [TRACE] :  等待转动到位...
2018-05-06 20:12:33.2703 [TRACE] :  转动盘完成一次转动。
2018-05-06 20:12:33.3795 [TRACE] :  Feeder B 马上开始供料...
2018-05-06 20:12:33.4887 [TRACE] :  等待铜柱到位...
2018-05-06 20:12:34.3623 [TRACE] :  铜柱就绪，开始转动转盘...
2018-05-06 20:12:34.5807 [TRACE] :  等待转动到位...
2018-05-06 20:12:35.6727 [TRACE] :  转动盘完成一次转动。
2018-05-06 20:12:35.7819 [TRACE] :  Feeder B 马上开始供料...
2018-05-06 20:12:35.8911 [TRACE] :  等待铜柱到位...
2018-05-06 20:12:36.0033 [TRACE] :  铜柱就绪，开始转动转盘...
2018-05-06 20:12:36.2217 [TRACE] :  等待转动到位...
2018-05-06 20:12:37.3137 [TRACE] :  转动盘完成一次转动。
2018-05-06 20:12:37.4229 [TRACE] :  Feeder B 马上开始供料...
2018-05-06 20:12:37.5321 [TRACE] :  等待铜柱到位...
2018-05-06 20:12:37.6413 [TRACE] :  铜柱就绪，开始转动转盘...
2018-05-06 20:12:37.8597 [TRACE] :  等待转动到位...
2018-05-06 20:12:38.9517 [TRACE] :  转动盘完成一次转动。
2018-05-06 20:12:39.0609 [TRACE] :  Feeder B 马上开始供料...
2018-05-06 20:12:39.1701 [TRACE] :  等待铜柱到位...
2018-05-06 20:12:39.2793 [TRACE] :  铜柱就绪，开始转动转盘...
2018-05-06 20:12:39.4977 [TRACE] :  等待转动到位...
2018-05-06 20:12:40.5897 [TRACE] :  转动盘完成一次转动。
2018-05-06 20:12:40.6989 [TRACE] :  Feeder B 马上开始供料...
2018-05-06 20:12:40.8081 [TRACE] :  等待铜柱到位...
2018-05-06 20:12:40.9173 [TRACE] :  铜柱就绪，开始转动转盘...
2018-05-06 20:12:41.1357 [TRACE] :  等待转动到位...
2018-05-06 20:12:42.2277 [TRACE] :  转动盘完成一次转动。
2018-05-06 20:12:42.3369 [TRACE] :  Feeder B 马上开始供料...
2018-05-06 20:12:42.4461 [TRACE] :  等待铜柱到位...
2018-05-06 20:12:42.5553 [TRACE] :  铜柱就绪，开始转动转盘...
2018-05-06 20:12:42.7737 [TRACE] :  等待转动到位...
2018-05-06 20:12:43.8657 [TRACE] :  转动盘完成一次转动。
2018-05-06 20:12:43.9749 [TRACE] :  Feeder B 马上开始供料...
2018-05-06 20:12:44.0763 [TRACE] :  等待铜柱到位...
2018-05-06 20:12:44.1853 [TRACE] :  铜柱就绪，开始转动转盘...
2018-05-06 20:12:44.4037 [TRACE] :  等待转动到位...
2018-05-06 20:12:45.4867 [TRACE] :  转动盘完成一次转动。
2018-05-06 20:12:45.5959 [TRACE] :  Feeder B 马上开始供料...
2018-05-06 20:12:45.7051 [TRACE] :  等待铜柱到位...
2018-05-06 20:12:45.8143 [TRACE] :  铜柱就绪，开始转动转盘...
2018-05-06 20:12:46.0327 [TRACE] :  等待转动到位...
2018-05-06 20:12:47.1247 [TRACE] :  转动盘完成一次转动。
2018-05-06 20:12:47.2339 [TRACE] :  Feeder B 马上开始供料...
2018-05-06 20:12:47.3431 [TRACE] :  等待铜柱到位...
2018-05-06 20:12:47.4523 [TRACE] :  铜柱就绪，开始转动转盘...
2018-05-06 20:12:47.6707 [TRACE] :  等待转动到位...
2018-05-06 20:12:48.7627 [TRACE] :  转动盘完成一次转动。
2018-05-06 20:12:48.8719 [TRACE] :  Feeder B 马上开始供料...
2018-05-06 20:12:48.9811 [TRACE] :  等待铜柱到位...
2018-05-06 20:12:49.0903 [TRACE] :  铜柱就绪，开始转动转盘...
2018-05-06 20:12:49.3087 [TRACE] :  等待转动到位...
2018-05-06 20:12:50.4007 [TRACE] :  转动盘完成一次转动。
2018-05-06 20:12:50.5099 [TRACE] :  Feeder B 马上开始供料...
2018-05-06 20:12:50.6191 [TRACE] :  等待铜柱到位...
2018-05-06 20:12:50.7283 [TRACE] :  铜柱就绪，开始转动转盘...
2018-05-06 20:12:50.9467 [TRACE] :  等待转动到位...
2018-05-06 20:12:52.0387 [TRACE] :  转动盘完成一次转动。
2018-05-06 20:12:52.1479 [TRACE] :  Feeder B 马上开始供料...
2018-05-06 20:12:52.2727 [TRACE] :  等待铜柱到位...
2018-05-06 20:12:52.3819 [TRACE] :  铜柱就绪，开始转动转盘...
2018-05-06 20:12:52.6003 [TRACE] :  等待转动到位...
2018-05-06 20:12:53.6791 [TRACE] :  转动盘完成一次转动。
2018-05-06 20:12:53.7883 [TRACE] :  Feeder B 启动自动回原一次...
2018-05-06 20:12:58.1312 [TRACE] :  Feeder(B)自动回原完成，开始持续供料。
2018-05-06 20:12:58.2398 [TRACE] :  Feeder B 马上开始供料...
2018-05-06 20:12:58.3402 [TRACE] :  等待铜柱到位...
2018-05-06 20:12:58.4402 [TRACE] :  铜柱就绪，开始转动转盘...
2018-05-06 20:12:58.6424 [TRACE] :  等待转动到位...
2018-05-06 20:12:59.7039 [TRACE] :  转动盘完成一次转动。
2018-05-06 20:12:59.8069 [TRACE] :  Feeder B 马上开始供料...
2018-05-06 20:12:59.9161 [TRACE] :  等待铜柱到位...
2018-05-06 20:13:00.0253 [TRACE] :  铜柱就绪，开始转动转盘...
2018-05-06 20:13:00.2437 [TRACE] :  等待转动到位...
2018-05-06 20:13:01.2917 [TRACE] :  转动盘完成一次转动。
2018-05-06 20:13:01.4009 [TRACE] :  Feeder B 马上开始供料...
2018-05-06 20:13:01.5015 [TRACE] :  等待铜柱到位...
2018-05-06 20:13:01.6061 [TRACE] :  铜柱就绪，开始转动转盘...
2018-05-06 20:13:01.8245 [TRACE] :  等待转动到位...
2018-05-06 20:13:02.9067 [TRACE] :  转动盘完成一次转动。
2018-05-06 20:13:03.0159 [TRACE] :  Feeder B 马上开始供料...
2018-05-06 20:13:03.1251 [TRACE] :  等待铜柱到位...
2018-05-06 20:13:03.2343 [TRACE] :  铜柱就绪，开始转动转盘...
2018-05-06 20:13:03.4527 [TRACE] :  等待转动到位...
2018-05-06 20:13:04.5447 [TRACE] :  转动盘完成一次转动。
2018-05-06 20:13:04.6539 [TRACE] :  Feeder B 马上开始供料...
2018-05-06 20:13:04.7631 [TRACE] :  等待铜柱到位...
2018-05-06 20:13:04.8723 [TRACE] :  铜柱就绪，开始转动转盘...
2018-05-06 20:13:05.0907 [TRACE] :  等待转动到位...
2018-05-06 20:13:06.1827 [TRACE] :  转动盘完成一次转动。
2018-05-06 20:13:06.2919 [TRACE] :  Feeder B 马上开始供料...
2018-05-06 20:13:06.4011 [TRACE] :  等待铜柱到位...
2018-05-06 20:13:06.5103 [TRACE] :  铜柱就绪，开始转动转盘...
2018-05-06 20:13:06.7287 [TRACE] :  等待转动到位...
2018-05-06 20:13:07.8207 [TRACE] :  转动盘完成一次转动。
2018-05-06 20:13:07.9299 [TRACE] :  Feeder B 马上开始供料...
2018-05-06 20:13:08.0391 [TRACE] :  等待铜柱到位...
2018-05-06 20:13:08.1483 [TRACE] :  铜柱就绪，开始转动转盘...
2018-05-06 20:13:08.3687 [TRACE] :  等待转动到位...
2018-05-06 20:13:09.4746 [TRACE] :  转动盘完成一次转动。
2018-05-06 20:13:09.5838 [TRACE] :  Feeder B 马上开始供料...
2018-05-06 20:13:09.6930 [TRACE] :  等待铜柱到位...
2018-05-06 20:13:09.8022 [TRACE] :  铜柱就绪，开始转动转盘...
2018-05-06 20:13:33.7208 [TRACE] :  等待转动到位...
2018-05-06 20:13:35.3708 [TRACE] :  转动盘完成一次转动。
2018-05-06 20:15:04.4835 [TRACE] :  开始供料...
2018-05-06 20:15:04.5927 [TRACE] :  Feeder B 马上开始供料...
2018-05-06 20:15:04.7019 [TRACE] :  等待铜柱到位...
2018-05-06 20:15:04.8111 [TRACE] :  铜柱就绪，开始转动转盘...
2018-05-06 20:15:05.0919 [TRACE] :  等待转动到位...
2018-05-06 20:15:06.1215 [TRACE] :  转动盘完成一次转动。
2018-05-06 20:15:06.3243 [TRACE] :  Feeder B 马上开始供料...
2018-05-06 20:15:06.4335 [TRACE] :  等待铜柱到位...
2018-05-06 20:15:06.5427 [TRACE] :  铜柱就绪，开始转动转盘...
2018-05-06 20:15:06.7611 [TRACE] :  等待转动到位...
2018-05-06 20:15:07.7907 [TRACE] :  转动盘完成一次转动。
2018-05-06 20:15:07.8999 [TRACE] :  Feeder B 马上开始供料...
2018-05-06 20:15:08.0091 [TRACE] :  等待铜柱到位...
2018-05-06 20:15:08.1339 [TRACE] :  铜柱就绪，开始转动转盘...
2018-05-06 20:15:08.3523 [TRACE] :  等待转动到位...
2018-05-06 20:16:38.7403 [TRACE] :  转动盘完成一次转动。
2018-05-06 20:16:52.4238 [TRACE] :  Feeder B 马上开始供料...
2018-05-06 20:17:04.5671 [TRACE] :  等待铜柱到位...
2018-05-06 20:17:04.6671 [TRACE] :  铜柱就绪，开始转动转盘...
2018-05-06 20:17:04.8757 [TRACE] :  等待转动到位...
2018-05-06 20:17:05.9677 [TRACE] :  转动盘完成一次转动。
2018-05-06 20:17:06.0769 [TRACE] :  Feeder B 马上开始供料...
2018-05-06 20:17:06.1861 [TRACE] :  等待铜柱到位...
2018-05-06 20:17:06.2953 [TRACE] :  铜柱就绪，开始转动转盘...
2018-05-06 20:17:06.5137 [TRACE] :  等待转动到位...
2018-05-06 20:17:07.6057 [TRACE] :  转动盘完成一次转动。
2018-05-06 20:19:46.5476 [TRACE] :  Feeder B 马上开始供料...
2018-05-06 20:19:46.6568 [TRACE] :  等待铜柱到位...
2018-05-06 20:19:46.7660 [TRACE] :  铜柱就绪，开始转动转盘...
2018-05-06 20:19:46.9844 [TRACE] :  等待转动到位...
2018-05-06 20:19:48.0764 [TRACE] :  转动盘完成一次转动。
2018-05-06 20:25:47.2905 [TRACE] :  开始供料...
2018-05-06 20:25:50.3391 [TRACE] :  Feeder B 马上开始供料...
2018-05-06 20:25:50.4551 [TRACE] :  等待铜柱到位...
2018-05-06 20:25:50.5643 [TRACE] :  铜柱就绪，开始转动转盘...
2018-05-06 20:25:50.7827 [TRACE] :  等待转动到位...
2018-05-06 20:25:51.8123 [TRACE] :  转动盘完成一次转动。
2018-05-06 20:25:51.9215 [TRACE] :  Feeder B 马上开始供料...
2018-05-06 20:25:52.0307 [TRACE] :  等待铜柱到位...
2018-05-06 20:25:52.1399 [TRACE] :  铜柱就绪，开始转动转盘...
2018-05-06 20:25:52.3583 [TRACE] :  等待转动到位...
2018-05-06 20:25:53.4503 [TRACE] :  转动盘完成一次转动。
2018-05-06 20:25:53.5595 [TRACE] :  Feeder B 马上开始供料...
2018-05-06 20:25:53.6687 [TRACE] :  等待铜柱到位...
2018-05-06 20:25:54.6047 [TRACE] :  铜柱就绪，开始转动转盘...
2018-05-06 20:25:54.8231 [TRACE] :  等待转动到位...
2018-05-06 20:25:55.9151 [TRACE] :  转动盘完成一次转动。
2018-05-06 20:25:56.0243 [TRACE] :  Feeder B 马上开始供料...
2018-05-06 20:25:56.1335 [TRACE] :  等待铜柱到位...
2018-05-06 20:25:57.0071 [TRACE] :  铜柱就绪，开始转动转盘...
2018-05-06 20:25:57.2255 [TRACE] :  等待转动到位...
2018-05-06 20:25:58.3175 [TRACE] :  转动盘完成一次转动。
2018-05-06 20:25:58.4267 [TRACE] :  Feeder B 马上开始供料...
2018-05-06 20:25:58.5359 [TRACE] :  等待铜柱到位...
2018-05-06 20:25:58.6452 [TRACE] :  铜柱就绪，开始转动转盘...
2018-05-06 20:25:58.8636 [TRACE] :  等待转动到位...
2018-05-06 20:26:18.9228 [TRACE] :  转动盘完成一次转动。
2018-05-06 20:27:16.7720 [TRACE] :  Feeder B 马上开始供料...
2018-05-06 20:27:16.8720 [TRACE] :  等待铜柱到位...
2018-05-06 20:27:16.9750 [TRACE] :  铜柱就绪，开始转动转盘...
2018-05-06 20:27:17.1934 [TRACE] :  等待转动到位...
2018-05-06 20:27:18.2854 [TRACE] :  转动盘完成一次转动。
2018-05-06 20:32:01.2921 [TRACE] :  开始供料...
2018-05-06 20:32:07.1164 [TRACE] :  Feeder B 马上开始供料...
2018-05-06 20:32:07.2256 [TRACE] :  等待铜柱到位...
2018-05-06 20:32:07.3348 [TRACE] :  铜柱就绪，开始转动转盘...
2018-05-06 20:32:07.5532 [TRACE] :  等待转动到位...
2018-05-06 20:32:08.6116 [TRACE] :  转动盘完成一次转动。
2018-05-06 20:32:08.7116 [TRACE] :  Feeder B 马上开始供料...
2018-05-06 20:32:08.8116 [TRACE] :  等待铜柱到位...
2018-05-06 20:32:08.9396 [TRACE] :  铜柱就绪，开始转动转盘...
2018-05-06 20:32:09.1446 [TRACE] :  等待转动到位...
2018-05-06 20:32:10.2029 [TRACE] :  转动盘完成一次转动。
2018-05-06 20:32:10.3121 [TRACE] :  Feeder B 马上开始供料...
2018-05-06 20:32:10.4213 [TRACE] :  等待铜柱到位...
2018-05-06 20:32:11.2169 [TRACE] :  铜柱就绪，开始转动转盘...
2018-05-06 20:32:11.4821 [TRACE] :  等待转动到位...
2018-05-06 20:32:12.5741 [TRACE] :  转动盘完成一次转动。
2018-05-06 20:32:12.7769 [TRACE] :  Feeder B 马上开始供料...
2018-05-06 20:32:12.8861 [TRACE] :  等待铜柱到位...
2018-05-06 20:32:12.9953 [TRACE] :  铜柱就绪，开始转动转盘...
2018-05-06 20:32:13.2137 [TRACE] :  等待转动到位...
2018-05-06 20:32:14.3057 [TRACE] :  转动盘完成一次转动。
2018-05-06 20:32:14.4149 [TRACE] :  Feeder B 马上开始供料...
2018-05-06 20:32:14.5241 [TRACE] :  等待铜柱到位...
2018-05-06 20:32:14.6333 [TRACE] :  铜柱就绪，开始转动转盘...
2018-05-06 20:32:14.8517 [TRACE] :  等待转动到位...
2018-05-06 20:32:15.9437 [TRACE] :  转动盘完成一次转动。
2018-05-06 20:36:39.0146 [TRACE] :  Feeder B 马上开始供料...
2018-05-06 20:36:39.1238 [TRACE] :  等待铜柱到位...
2018-05-06 20:36:39.2330 [TRACE] :  铜柱就绪，开始转动转盘...
2018-05-06 20:36:39.4514 [TRACE] :  等待转动到位...
2018-05-06 20:36:40.5122 [TRACE] :  转动盘完成一次转动。
2018-05-06 20:39:18.4341 [TRACE] :  开始供料...
2018-05-06 20:39:18.5351 [TRACE] :  Feeder B 马上开始供料...
2018-05-06 20:39:18.6351 [TRACE] :  等待铜柱到位...
2018-05-06 20:39:18.7371 [TRACE] :  铜柱就绪，开始转动转盘...
2018-05-06 20:39:18.9372 [TRACE] :  等待转动到位...
2018-05-06 20:39:19.9772 [TRACE] :  转动盘完成一次转动。
2018-05-06 20:39:20.0772 [TRACE] :  Feeder B 马上开始供料...
2018-05-06 20:39:20.1792 [TRACE] :  等待铜柱到位...
2018-05-06 20:39:20.2792 [TRACE] :  铜柱就绪，开始转动转盘...
2018-05-06 20:39:20.4792 [TRACE] :  等待转动到位...
2018-05-06 20:39:21.4813 [TRACE] :  转动盘完成一次转动。
2018-05-06 20:39:21.5853 [TRACE] :  Feeder B 马上开始供料...
2018-05-06 20:39:21.6873 [TRACE] :  等待铜柱到位...
2018-05-06 20:39:22.4954 [TRACE] :  铜柱就绪，开始转动转盘...
2018-05-06 20:39:22.6964 [TRACE] :  等待转动到位...
2018-05-06 20:39:23.7034 [TRACE] :  转动盘完成一次转动。
2018-05-06 20:39:23.8054 [TRACE] :  Feeder B 马上开始供料...
2018-05-06 20:39:23.9054 [TRACE] :  等待铜柱到位...
2018-05-06 20:39:24.0064 [TRACE] :  铜柱就绪，开始转动转盘...
2018-05-06 20:39:24.2065 [TRACE] :  等待转动到位...
2018-05-06 20:39:25.2075 [TRACE] :  转动盘完成一次转动。
2018-05-06 20:39:25.3085 [TRACE] :  Feeder B 马上开始供料...
2018-05-06 20:39:25.4115 [TRACE] :  等待铜柱到位...
2018-05-06 20:39:25.5115 [TRACE] :  铜柱就绪，开始转动转盘...
2018-05-06 20:39:25.7125 [TRACE] :  等待转动到位...
2018-05-06 20:39:26.8126 [TRACE] :  转动盘完成一次转动。
2018-05-06 20:39:31.1418 [TRACE] :  Feeder B 马上开始供料...
2018-05-06 20:39:31.2419 [TRACE] :  等待铜柱到位...
2018-05-06 20:39:31.3439 [TRACE] :  铜柱就绪，开始转动转盘...
2018-05-06 20:39:31.5439 [TRACE] :  等待转动到位...
2018-05-06 20:39:32.5669 [TRACE] :  转动盘完成一次转动。
2018-05-06 20:40:04.5348 [TRACE] :  Feeder B 马上开始供料...
2018-05-06 20:40:04.6378 [TRACE] :  等待铜柱到位...
2018-05-06 20:40:04.7398 [TRACE] :  铜柱就绪，开始转动转盘...
2018-05-06 20:40:04.9398 [TRACE] :  等待转动到位...
2018-05-06 20:40:05.9448 [TRACE] :  转动盘完成一次转动。
2018-05-06 20:40:36.7356 [TRACE] :  Feeder B 马上开始供料...
2018-05-06 20:40:36.8356 [TRACE] :  等待铜柱到位...
2018-05-06 20:40:36.9396 [TRACE] :  铜柱就绪，开始转动转盘...
2018-05-06 20:40:37.1436 [TRACE] :  等待转动到位...
2018-05-06 20:40:38.1547 [TRACE] :  转动盘完成一次转动。
2018-05-06 20:45:33.8153 [TRACE] :  Feeder B 马上开始供料...
2018-05-06 20:45:33.9245 [TRACE] :  等待铜柱到位...
2018-05-06 20:45:34.0337 [TRACE] :  铜柱就绪，开始转动转盘...
2018-05-06 20:45:34.2521 [TRACE] :  等待转动到位...
2018-05-06 20:45:35.3597 [TRACE] :  转动盘完成一次转动。
2018-05-06 20:47:01.5433 [TRACE] :  Feeder B 马上开始供料...
2018-05-06 20:47:01.6525 [TRACE] :  等待铜柱到位...
2018-05-06 20:47:01.7617 [TRACE] :  铜柱就绪，开始转动转盘...
2018-05-06 20:47:01.9801 [TRACE] :  等待转动到位...
2018-05-06 20:47:03.0097 [TRACE] :  转动盘完成一次转动。
2018-05-06 20:57:07.0961 [TRACE] :  Feeder B 马上开始供料...
2018-05-06 20:57:07.2053 [TRACE] :  等待铜柱到位...
2018-05-06 20:57:07.3145 [TRACE] :  铜柱就绪，开始转动转盘...
2018-05-06 20:57:07.5329 [TRACE] :  等待转动到位...
2018-05-06 20:57:08.5625 [TRACE] :  转动盘完成一次转动。
2018-05-06 20:57:33.3998 [TRACE] :  Feeder B 马上开始供料...
2018-05-06 20:57:33.5090 [TRACE] :  等待铜柱到位...
2018-05-06 20:57:34.3826 [TRACE] :  铜柱就绪，开始转动转盘...
2018-05-06 20:57:34.7726 [TRACE] :  等待转动到位...
2018-05-06 20:57:35.8646 [TRACE] :  转动盘完成一次转动。
2018-05-06 20:58:58.9739 [TRACE] :  Feeder B 马上开始供料...
2018-05-06 20:58:59.0831 [TRACE] :  等待铜柱到位...
2018-05-06 20:59:00.1127 [TRACE] :  铜柱就绪，开始转动转盘...
2018-05-06 20:59:00.3311 [TRACE] :  等待转动到位...
2018-05-06 20:59:01.4231 [TRACE] :  转动盘完成一次转动。
2018-05-06 21:00:30.1461 [TRACE] :  开始供料...
2018-05-06 21:00:30.2553 [TRACE] :  Feeder B 马上开始供料...
2018-05-06 21:00:30.3645 [TRACE] :  等待铜柱到位...
2018-05-06 21:00:31.1757 [TRACE] :  铜柱就绪，开始转动转盘...
2018-05-06 21:00:31.5189 [TRACE] :  等待转动到位...
2018-05-06 21:00:32.5641 [TRACE] :  转动盘完成一次转动。
2018-05-06 21:00:32.6733 [TRACE] :  Feeder B 马上开始供料...
2018-05-06 21:00:32.9853 [TRACE] :  等待铜柱到位...
2018-05-06 21:00:33.0945 [TRACE] :  铜柱就绪，开始转动转盘...
2018-05-06 21:00:33.3129 [TRACE] :  等待转动到位...
2018-05-06 21:00:34.4049 [TRACE] :  转动盘完成一次转动。
2018-05-06 21:00:34.5141 [TRACE] :  Feeder B 马上开始供料...
2018-05-06 21:00:34.6233 [TRACE] :  等待铜柱到位...
2018-05-06 21:00:34.7325 [TRACE] :  铜柱就绪，开始转动转盘...
2018-05-06 21:00:35.0913 [TRACE] :  等待转动到位...
2018-05-06 21:00:36.1677 [TRACE] :  转动盘完成一次转动。
2018-05-06 21:00:36.2769 [TRACE] :  Feeder B 马上开始供料...
2018-05-06 21:00:36.5577 [TRACE] :  等待铜柱到位...
2018-05-06 21:00:38.0875 [TRACE] :  铜柱就绪，开始转动转盘...
2018-05-06 21:00:38.3059 [TRACE] :  等待转动到位...
2018-05-06 21:00:39.3989 [TRACE] :  转动盘完成一次转动。
2018-05-06 21:00:39.5081 [TRACE] :  Feeder B 马上开始供料...
2018-05-06 21:00:39.6173 [TRACE] :  等待铜柱到位...
2018-05-06 21:00:40.4909 [TRACE] :  铜柱就绪，开始转动转盘...
2018-05-06 21:00:40.7093 [TRACE] :  等待转动到位...
2018-05-06 21:00:41.8013 [TRACE] :  转动盘完成一次转动。
2018-05-06 21:01:00.6306 [TRACE] :  Feeder B 马上开始供料...
2018-05-06 21:01:00.7398 [TRACE] :  等待铜柱到位...
2018-05-06 21:01:01.6134 [TRACE] :  铜柱就绪，开始转动转盘...
2018-05-06 21:01:01.8318 [TRACE] :  等待转动到位...
2018-05-06 21:01:02.9238 [TRACE] :  转动盘完成一次转动。
2018-05-06 21:05:22.8062 [TRACE] :  开始供料...
2018-05-06 21:05:22.9062 [TRACE] :  Feeder B 马上开始供料...
2018-05-06 21:05:23.0082 [TRACE] :  等待铜柱到位...
2018-05-06 21:05:23.1083 [TRACE] :  铜柱就绪，开始转动转盘...
2018-05-06 21:05:23.3093 [TRACE] :  等待转动到位...
2018-05-06 21:05:24.3113 [TRACE] :  转动盘完成一次转动。
2018-05-06 21:05:24.4153 [TRACE] :  Feeder B 马上开始供料...
2018-05-06 21:05:24.5263 [TRACE] :  等待铜柱到位...
2018-05-06 21:05:24.6263 [TRACE] :  铜柱就绪，开始转动转盘...
2018-05-06 21:05:24.8274 [TRACE] :  等待转动到位...
2018-05-06 21:05:25.8864 [TRACE] :  转动盘完成一次转动。
2018-05-06 21:05:25.9864 [TRACE] :  Feeder B 马上开始供料...
2018-05-06 21:05:26.0874 [TRACE] :  等待铜柱到位...
2018-05-06 21:05:26.9225 [TRACE] :  铜柱就绪，开始转动转盘...
2018-05-06 21:05:27.1235 [TRACE] :  等待转动到位...
2018-05-06 21:05:28.2235 [TRACE] :  转动盘完成一次转动。
2018-05-06 21:05:28.3306 [TRACE] :  Feeder B 马上开始供料...
2018-05-06 21:05:28.4316 [TRACE] :  等待铜柱到位...
2018-05-06 21:05:28.5336 [TRACE] :  铜柱就绪，开始转动转盘...
2018-05-06 21:05:28.7336 [TRACE] :  等待转动到位...
2018-05-06 21:05:29.7346 [TRACE] :  转动盘完成一次转动。
2018-05-06 21:05:29.8376 [TRACE] :  Feeder B 马上开始供料...
2018-05-06 21:05:29.9386 [TRACE] :  等待铜柱到位...
2018-05-06 21:05:30.0386 [TRACE] :  铜柱就绪，开始转动转盘...
2018-05-06 21:05:30.2387 [TRACE] :  等待转动到位...
2018-05-06 21:05:31.2447 [TRACE] :  转动盘完成一次转动。
2018-05-06 21:05:39.1582 [TRACE] :  Feeder B 马上开始供料...
2018-05-06 21:05:39.2602 [TRACE] :  等待铜柱到位...
2018-05-06 21:05:39.3602 [TRACE] :  铜柱就绪，开始转动转盘...
2018-05-06 21:05:39.5622 [TRACE] :  等待转动到位...
2018-05-06 21:05:40.5633 [TRACE] :  转动盘完成一次转动。
2018-05-06 21:12:08.1543 [TRACE] :  开始供料...
2018-05-06 21:12:08.2635 [TRACE] :  Feeder B 马上开始供料...
2018-05-06 21:12:08.3727 [TRACE] :  等待铜柱到位...
2018-05-06 21:12:08.4819 [TRACE] :  铜柱就绪，开始转动转盘...
2018-05-06 21:12:08.7315 [TRACE] :  等待转动到位...
2018-05-06 21:12:09.7612 [TRACE] :  转动盘完成一次转动。
2018-05-06 21:12:09.9172 [TRACE] :  Feeder B 马上开始供料...
2018-05-06 21:12:10.0264 [TRACE] :  等待铜柱到位...
2018-05-06 21:12:10.1356 [TRACE] :  铜柱就绪，开始转动转盘...
2018-05-06 21:12:10.3540 [TRACE] :  等待转动到位...
2018-05-06 21:12:11.3680 [TRACE] :  转动盘完成一次转动。
2018-05-06 21:12:11.4772 [TRACE] :  Feeder B 马上开始供料...
2018-05-06 21:12:11.6488 [TRACE] :  等待铜柱到位...
2018-05-06 21:12:12.4600 [TRACE] :  铜柱就绪，开始转动转盘...
2018-05-06 21:12:12.6784 [TRACE] :  等待转动到位...
2018-05-06 21:12:13.7704 [TRACE] :  转动盘完成一次转动。
2018-05-06 21:12:13.8796 [TRACE] :  Feeder B 马上开始供料...
2018-05-06 21:12:13.9888 [TRACE] :  等待铜柱到位...
2018-05-06 21:12:14.0980 [TRACE] :  铜柱就绪，开始转动转盘...
2018-05-06 21:12:14.3164 [TRACE] :  等待转动到位...
2018-05-06 21:12:15.4084 [TRACE] :  转动盘完成一次转动。
2018-05-06 21:12:15.5176 [TRACE] :  Feeder B 马上开始供料...
2018-05-06 21:12:15.6268 [TRACE] :  等待铜柱到位...
2018-05-06 21:12:15.7360 [TRACE] :  铜柱就绪，开始转动转盘...
2018-05-06 21:12:15.9544 [TRACE] :  等待转动到位...
2018-05-06 21:12:17.0474 [TRACE] :  转动盘完成一次转动。
2018-05-06 21:12:33.0072 [TRACE] :  Feeder B 马上开始供料...
2018-05-06 21:12:33.1164 [TRACE] :  等待铜柱到位...
2018-05-06 21:12:33.2256 [TRACE] :  铜柱就绪，开始转动转盘...
2018-05-06 21:12:33.4440 [TRACE] :  等待转动到位...
2018-05-06 21:12:34.5516 [TRACE] :  转动盘完成一次转动。
2018-05-06 21:15:53.4243 [TRACE] :  开始供料...
2018-05-06 21:15:53.5335 [TRACE] :  Feeder B 马上开始供料...
2018-05-06 21:15:53.6427 [TRACE] :  等待铜柱到位...
2018-05-06 21:15:53.7519 [TRACE] :  铜柱就绪，开始转动转盘...
2018-05-06 21:15:54.0015 [TRACE] :  等待转动到位...
2018-05-06 21:15:55.0155 [TRACE] :  转动盘完成一次转动。
2018-05-06 21:15:55.1403 [TRACE] :  Feeder B 马上开始供料...
2018-05-06 21:15:55.2495 [TRACE] :  等待铜柱到位...
2018-05-06 21:15:55.3587 [TRACE] :  铜柱就绪，开始转动转盘...
2018-05-06 21:15:55.5771 [TRACE] :  等待转动到位...
2018-05-06 21:15:56.6691 [TRACE] :  转动盘完成一次转动。
2018-05-06 21:15:56.7783 [TRACE] :  Feeder B 马上开始供料...
2018-05-06 21:15:56.9499 [TRACE] :  等待铜柱到位...
2018-05-06 21:15:57.9795 [TRACE] :  铜柱就绪，开始转动转盘...
2018-05-06 21:15:58.1979 [TRACE] :  等待转动到位...
2018-05-06 21:15:59.2119 [TRACE] :  转动盘完成一次转动。
2018-05-06 21:15:59.3211 [TRACE] :  Feeder B 马上开始供料...
2018-05-06 21:15:59.4303 [TRACE] :  等待铜柱到位...
2018-05-06 21:15:59.5395 [TRACE] :  铜柱就绪，开始转动转盘...
2018-05-06 21:15:59.7579 [TRACE] :  等待转动到位...
2018-05-06 21:16:00.8499 [TRACE] :  转动盘完成一次转动。
2018-05-06 21:16:00.9591 [TRACE] :  Feeder B 马上开始供料...
2018-05-06 21:16:01.0683 [TRACE] :  等待铜柱到位...
2018-05-06 21:16:01.1775 [TRACE] :  铜柱就绪，开始转动转盘...
2018-05-06 21:16:01.3959 [TRACE] :  等待转动到位...
2018-05-06 21:16:02.4879 [TRACE] :  转动盘完成一次转动。
2018-05-06 21:16:09.9394 [TRACE] :  Feeder B 马上开始供料...
2018-05-06 21:16:10.0404 [TRACE] :  等待铜柱到位...
2018-05-06 21:16:10.1414 [TRACE] :  铜柱就绪，开始转动转盘...
2018-05-06 21:16:10.3414 [TRACE] :  等待转动到位...
2018-05-06 21:16:11.4151 [TRACE] :  转动盘完成一次转动。
2018-05-06 21:21:33.9833 [TRACE] :  开始供料...
2018-05-06 21:21:34.0925 [TRACE] :  Feeder B 马上开始供料...
2018-05-06 21:21:34.2017 [TRACE] :  等待铜柱到位...
2018-05-06 21:21:34.3109 [TRACE] :  铜柱就绪，开始转动转盘...
2018-05-06 21:21:34.6541 [TRACE] :  等待转动到位...
2018-05-06 21:21:35.6837 [TRACE] :  转动盘完成一次转动。
2018-05-06 21:21:35.8397 [TRACE] :  Feeder B 马上开始供料...
2018-05-06 21:21:35.9489 [TRACE] :  等待铜柱到位...
2018-05-06 21:21:36.0581 [TRACE] :  铜柱就绪，开始转动转盘...
2018-05-06 21:21:36.2765 [TRACE] :  等待转动到位...
2018-05-06 21:21:37.3841 [TRACE] :  转动盘完成一次转动。
2018-05-06 21:21:37.4933 [TRACE] :  Feeder B 马上开始供料...
2018-05-06 21:21:37.6025 [TRACE] :  等待铜柱到位...
2018-05-06 21:21:38.4761 [TRACE] :  铜柱就绪，开始转动转盘...
2018-05-06 21:21:38.7569 [TRACE] :  等待转动到位...
2018-05-06 21:21:39.8489 [TRACE] :  转动盘完成一次转动。
2018-05-06 21:21:39.9581 [TRACE] :  Feeder B 马上开始供料...
2018-05-06 21:21:40.0673 [TRACE] :  等待铜柱到位...
2018-05-06 21:21:40.1765 [TRACE] :  铜柱就绪，开始转动转盘...
2018-05-06 21:21:40.3949 [TRACE] :  等待转动到位...
2018-05-06 21:21:41.5025 [TRACE] :  转动盘完成一次转动。
2018-05-06 21:21:41.6117 [TRACE] :  Feeder B 马上开始供料...
2018-05-06 21:21:41.7209 [TRACE] :  等待铜柱到位...
2018-05-06 21:21:41.8301 [TRACE] :  铜柱就绪，开始转动转盘...
2018-05-06 21:21:42.0485 [TRACE] :  等待转动到位...
2018-05-06 21:21:43.1405 [TRACE] :  转动盘完成一次转动。
2018-05-06 21:21:53.7671 [TRACE] :  Feeder B 马上开始供料...
2018-05-06 21:21:53.8763 [TRACE] :  等待铜柱到位...
2018-05-06 21:21:53.9855 [TRACE] :  铜柱就绪，开始转动转盘...
2018-05-06 21:21:54.2039 [TRACE] :  等待转动到位...
2018-05-06 21:21:55.2959 [TRACE] :  转动盘完成一次转动。
2018-05-06 21:24:59.0105 [TRACE] :  开始供料...
2018-05-06 21:24:59.1197 [TRACE] :  Feeder B 马上开始供料...
2018-05-06 21:24:59.2289 [TRACE] :  等待铜柱到位...
2018-05-06 21:24:59.3381 [TRACE] :  铜柱就绪，开始转动转盘...
2018-05-06 21:24:59.5566 [TRACE] :  等待转动到位...
2018-05-06 21:25:00.6486 [TRACE] :  转动盘完成一次转动。
2018-05-06 21:25:00.7578 [TRACE] :  Feeder B 马上开始供料...
2018-05-06 21:25:00.8670 [TRACE] :  等待铜柱到位...
2018-05-06 21:25:00.9762 [TRACE] :  铜柱就绪，开始转动转盘...
2018-05-06 21:25:01.1946 [TRACE] :  等待转动到位...
2018-05-06 21:25:02.2086 [TRACE] :  转动盘完成一次转动。
2018-05-06 21:25:02.3178 [TRACE] :  Feeder B 马上开始供料...
2018-05-06 21:25:02.5050 [TRACE] :  等待铜柱到位...
2018-05-06 21:25:03.3318 [TRACE] :  铜柱就绪，开始转动转盘...
2018-05-06 21:25:03.5502 [TRACE] :  等待转动到位...
2018-05-06 21:25:04.6422 [TRACE] :  转动盘完成一次转动。
2018-05-06 21:25:04.7514 [TRACE] :  Feeder B 马上开始供料...
2018-05-06 21:25:04.8606 [TRACE] :  等待铜柱到位...
2018-05-06 21:25:04.9698 [TRACE] :  铜柱就绪，开始转动转盘...
2018-05-06 21:25:05.1882 [TRACE] :  等待转动到位...
2018-05-06 21:25:06.2802 [TRACE] :  转动盘完成一次转动。
2018-05-06 21:25:06.3894 [TRACE] :  Feeder B 马上开始供料...
2018-05-06 21:25:06.4986 [TRACE] :  等待铜柱到位...
2018-05-06 21:25:06.6078 [TRACE] :  铜柱就绪，开始转动转盘...
2018-05-06 21:25:06.8262 [TRACE] :  等待转动到位...
2018-05-06 21:25:07.9182 [TRACE] :  转动盘完成一次转动。
2018-05-06 21:25:15.5622 [TRACE] :  Feeder B 马上开始供料...
2018-05-06 21:25:15.6714 [TRACE] :  等待铜柱到位...
2018-05-06 21:25:15.7806 [TRACE] :  铜柱就绪，开始转动转盘...
2018-05-06 21:25:15.9990 [TRACE] :  等待转动到位...
2018-05-06 21:25:17.1846 [TRACE] :  转动盘完成一次转动。
2018-05-06 21:31:35.6738 [TRACE] :  开始供料...
2018-05-06 21:31:35.7830 [TRACE] :  Feeder B 马上开始供料...
2018-05-06 21:31:35.8922 [TRACE] :  等待铜柱到位...
2018-05-06 21:31:36.0014 [TRACE] :  铜柱就绪，开始转动转盘...
2018-05-06 21:31:36.3290 [TRACE] :  等待转动到位...
2018-05-06 21:31:37.3586 [TRACE] :  转动盘完成一次转动。
2018-05-06 21:31:37.4990 [TRACE] :  Feeder B 马上开始供料...
2018-05-06 21:31:37.6082 [TRACE] :  等待铜柱到位...
2018-05-06 21:31:37.7174 [TRACE] :  铜柱就绪，开始转动转盘...
2018-05-06 21:31:37.9358 [TRACE] :  等待转动到位...
2018-05-06 21:31:39.0278 [TRACE] :  转动盘完成一次转动。
2018-05-06 21:31:39.1370 [TRACE] :  Feeder B 马上开始供料...
2018-05-06 21:31:39.2462 [TRACE] :  等待铜柱到位...
2018-05-06 21:31:40.0574 [TRACE] :  铜柱就绪，开始转动转盘...
2018-05-06 21:31:40.2758 [TRACE] :  等待转动到位...
2018-05-06 21:31:41.3678 [TRACE] :  转动盘完成一次转动。
2018-05-06 21:31:41.4770 [TRACE] :  Feeder B 马上开始供料...
2018-05-06 21:31:41.5862 [TRACE] :  等待铜柱到位...
2018-05-06 21:31:41.6954 [TRACE] :  铜柱就绪，开始转动转盘...
2018-05-06 21:31:41.9138 [TRACE] :  等待转动到位...
2018-05-06 21:31:43.0058 [TRACE] :  转动盘完成一次转动。
2018-05-06 21:31:43.1150 [TRACE] :  Feeder B 马上开始供料...
2018-05-06 21:31:43.2242 [TRACE] :  等待铜柱到位...
2018-05-06 21:31:43.3334 [TRACE] :  铜柱就绪，开始转动转盘...
2018-05-06 21:31:43.5518 [TRACE] :  等待转动到位...
2018-05-06 21:31:44.6438 [TRACE] :  转动盘完成一次转动。
2018-05-06 21:32:00.1738 [TRACE] :  Feeder B 马上开始供料...
2018-05-06 21:32:00.2830 [TRACE] :  等待铜柱到位...
2018-05-06 21:32:00.3922 [TRACE] :  铜柱就绪，开始转动转盘...
2018-05-06 21:32:00.6106 [TRACE] :  等待转动到位...
2018-05-06 21:32:01.7026 [TRACE] :  转动盘完成一次转动。
2018-05-06 21:34:10.5469 [TRACE] :  Feeder B 马上开始供料...
2018-05-06 21:34:10.6561 [TRACE] :  等待铜柱到位...
2018-05-06 21:34:10.7653 [TRACE] :  铜柱就绪，开始转动转盘...
2018-05-06 21:34:10.9837 [TRACE] :  等待转动到位...
2018-05-06 21:34:12.0757 [TRACE] :  转动盘完成一次转动。
2018-05-06 21:35:31.2810 [TRACE] :  Feeder B 马上开始供料...
2018-05-06 21:35:31.3902 [TRACE] :  等待铜柱到位...
2018-05-06 21:35:32.2638 [TRACE] :  铜柱就绪，开始转动转盘...
2018-05-06 21:35:32.5134 [TRACE] :  等待转动到位...
2018-05-06 21:35:33.6054 [TRACE] :  转动盘完成一次转动。
2018-05-06 21:40:06.5312 [TRACE] :  开始供料...
2018-05-06 21:40:06.6404 [TRACE] :  Feeder B 马上开始供料...
2018-05-06 21:40:06.7496 [TRACE] :  等待铜柱到位...
2018-05-06 21:40:06.8744 [TRACE] :  铜柱就绪，开始转动转盘...
2018-05-06 21:40:07.1396 [TRACE] :  等待转动到位...
2018-05-06 21:40:08.2160 [TRACE] :  转动盘完成一次转动。
2018-05-06 21:40:08.3720 [TRACE] :  Feeder B 马上开始供料...
2018-05-06 21:40:08.4812 [TRACE] :  等待铜柱到位...
2018-05-06 21:40:08.5904 [TRACE] :  铜柱就绪，开始转动转盘...
2018-05-06 21:40:08.8088 [TRACE] :  等待转动到位...
2018-05-06 21:40:09.9008 [TRACE] :  转动盘完成一次转动。
2018-05-06 21:40:10.0100 [TRACE] :  Feeder B 马上开始供料...
2018-05-06 21:40:10.1192 [TRACE] :  等待铜柱到位...
2018-05-06 21:40:11.1176 [TRACE] :  铜柱就绪，开始转动转盘...
2018-05-06 21:40:11.3360 [TRACE] :  等待转动到位...
2018-05-06 21:40:12.3968 [TRACE] :  转动盘完成一次转动。
2018-05-06 21:40:12.5060 [TRACE] :  Feeder B 马上开始供料...
2018-05-06 21:40:12.6152 [TRACE] :  等待铜柱到位...
2018-05-06 21:40:13.4576 [TRACE] :  铜柱就绪，开始转动转盘...
2018-05-06 21:40:13.6760 [TRACE] :  等待转动到位...
2018-05-06 21:40:14.7680 [TRACE] :  转动盘完成一次转动。
2018-05-06 21:40:14.8772 [TRACE] :  Feeder B 马上开始供料...
2018-05-06 21:40:14.9864 [TRACE] :  等待铜柱到位...
2018-05-06 21:40:15.8600 [TRACE] :  铜柱就绪，开始转动转盘...
2018-05-06 21:40:16.0784 [TRACE] :  等待转动到位...
2018-05-06 21:40:17.1704 [TRACE] :  转动盘完成一次转动。
2018-05-06 21:40:19.2608 [TRACE] :  Feeder B 马上开始供料...
2018-05-06 21:40:19.3700 [TRACE] :  等待铜柱到位...
2018-05-06 21:40:19.4792 [TRACE] :  铜柱就绪，开始转动转盘...
2018-05-06 21:40:19.6976 [TRACE] :  等待转动到位...
2018-05-06 21:40:20.8052 [TRACE] :  转动盘完成一次转动。
2018-05-06 21:42:15.9434 [TRACE] :  Feeder B 马上开始供料...
2018-05-06 21:42:16.0526 [TRACE] :  等待铜柱到位...
2018-05-06 21:42:16.1618 [TRACE] :  铜柱就绪，开始转动转盘...
2018-05-06 21:42:16.3802 [TRACE] :  等待转动到位...
2018-05-06 21:42:17.4722 [TRACE] :  转动盘完成一次转动。
2018-05-06 21:43:08.7831 [TRACE] :  Feeder B 马上开始供料...
2018-05-06 21:43:08.8923 [TRACE] :  等待铜柱到位...
2018-05-06 21:43:09.0015 [TRACE] :  铜柱就绪，开始转动转盘...
2018-05-06 21:43:09.2199 [TRACE] :  等待转动到位...
2018-05-06 21:43:10.3431 [TRACE] :  转动盘完成一次转动。
2018-05-06 21:43:55.4468 [TRACE] :  Feeder B 马上开始供料...
2018-05-06 21:43:55.5560 [TRACE] :  等待铜柱到位...
2018-05-06 21:43:55.6652 [TRACE] :  铜柱就绪，开始转动转盘...
2018-05-06 21:43:55.8836 [TRACE] :  等待转动到位...
2018-05-06 21:43:56.9756 [TRACE] :  转动盘完成一次转动。
2018-05-06 21:45:02.0327 [TRACE] :  Feeder B 马上开始供料...
2018-05-06 21:45:02.1419 [TRACE] :  等待铜柱到位...
2018-05-06 21:45:02.2511 [TRACE] :  铜柱就绪，开始转动转盘...
2018-05-06 21:45:02.4695 [TRACE] :  等待转动到位...
2018-05-06 21:45:03.5615 [TRACE] :  转动盘完成一次转动。
2018-05-06 21:46:25.2044 [TRACE] :  Feeder B 马上开始供料...
2018-05-06 21:46:25.3136 [TRACE] :  等待铜柱到位...
2018-05-06 21:46:25.4228 [TRACE] :  铜柱就绪，开始转动转盘...
2018-05-06 21:46:25.6412 [TRACE] :  等待转动到位...
2018-05-06 21:46:26.7332 [TRACE] :  转动盘完成一次转动。
2018-05-06 21:47:19.1035 [TRACE] :  Feeder B 马上开始供料...
2018-05-06 21:47:19.2127 [TRACE] :  等待铜柱到位...
2018-05-06 21:47:20.0863 [TRACE] :  铜柱就绪，开始转动转盘...
2018-05-06 21:47:20.3047 [TRACE] :  等待转动到位...
2018-05-06 21:47:21.3967 [TRACE] :  转动盘完成一次转动。
2018-05-06 21:48:00.7420 [TRACE] :  Feeder B 马上开始供料...
2018-05-06 21:48:00.8512 [TRACE] :  等待铜柱到位...
2018-05-06 21:48:01.7248 [TRACE] :  铜柱就绪，开始转动转盘...
2018-05-06 21:48:01.9432 [TRACE] :  等待转动到位...
2018-05-06 21:48:02.9572 [TRACE] :  转动盘完成一次转动。
2018-05-06 21:48:56.9267 [TRACE] :  Feeder B 马上开始供料...
2018-05-06 21:48:57.0359 [TRACE] :  等待铜柱到位...
2018-05-06 21:48:57.9095 [TRACE] :  铜柱就绪，开始转动转盘...
2018-05-06 21:48:58.1279 [TRACE] :  等待转动到位...
2018-05-06 21:48:59.2199 [TRACE] :  转动盘完成一次转动。
2018-05-06 21:50:14.7768 [TRACE] :  Feeder B 马上开始供料...
2018-05-06 21:50:14.8860 [TRACE] :  等待铜柱到位...
2018-05-06 21:50:15.6504 [TRACE] :  铜柱就绪，开始转动转盘...
2018-05-06 21:50:15.8688 [TRACE] :  等待转动到位...
2018-05-06 21:50:16.9608 [TRACE] :  转动盘完成一次转动。
2018-05-06 22:29:04.8857 [TRACE] :  开始供料...
2018-05-06 22:29:04.9949 [TRACE] :  Feeder B 马上开始供料...
2018-05-06 22:29:05.1041 [TRACE] :  等待铜柱到位...
2018-05-06 22:29:06.1493 [TRACE] :  铜柱就绪，开始转动转盘...
2018-05-06 22:29:06.3677 [TRACE] :  等待转动到位...
2018-05-06 22:29:07.4753 [TRACE] :  转动盘完成一次转动。
2018-05-06 22:29:07.5845 [TRACE] :  Feeder B 马上开始供料...
2018-05-06 22:29:07.6937 [TRACE] :  等待铜柱到位...
2018-05-06 22:29:08.7233 [TRACE] :  铜柱就绪，开始转动转盘...
2018-05-06 22:29:08.9417 [TRACE] :  等待转动到位...
2018-05-06 22:29:10.0337 [TRACE] :  转动盘完成一次转动。
2018-05-06 22:29:10.1429 [TRACE] :  Feeder B 马上开始供料...
2018-05-06 22:29:10.2521 [TRACE] :  等待铜柱到位...
2018-05-06 22:29:11.0945 [TRACE] :  铜柱就绪，开始转动转盘...
2018-05-06 22:29:11.3129 [TRACE] :  等待转动到位...
2018-05-06 22:29:12.4049 [TRACE] :  转动盘完成一次转动。
2018-05-06 22:29:12.5141 [TRACE] :  Feeder B 马上开始供料...
2018-05-06 22:29:12.6233 [TRACE] :  等待铜柱到位...
2018-05-06 22:29:12.7325 [TRACE] :  铜柱就绪，开始转动转盘...
2018-05-06 22:29:12.9509 [TRACE] :  等待转动到位...
2018-05-06 22:29:14.0429 [TRACE] :  转动盘完成一次转动。
2018-05-06 22:29:14.1521 [TRACE] :  Feeder B 马上开始供料...
2018-05-06 22:29:14.2613 [TRACE] :  等待铜柱到位...
2018-05-06 22:29:14.3705 [TRACE] :  铜柱就绪，开始转动转盘...
2018-05-06 22:29:14.5889 [TRACE] :  等待转动到位...
2018-05-06 22:29:15.6809 [TRACE] :  转动盘完成一次转动。
2018-05-06 22:29:23.6838 [TRACE] :  Feeder B 马上开始供料...
2018-05-06 22:29:23.7930 [TRACE] :  等待铜柱到位...
2018-05-06 22:29:23.9022 [TRACE] :  铜柱就绪，开始转动转盘...
2018-05-06 22:29:24.1206 [TRACE] :  等待转动到位...
2018-05-06 22:29:25.2126 [TRACE] :  转动盘完成一次转动。
2018-05-06 22:30:09.0194 [TRACE] :  Feeder B 马上开始供料...
2018-05-06 22:30:09.1286 [TRACE] :  等待铜柱到位...
2018-05-06 22:30:09.2378 [TRACE] :  铜柱就绪，开始转动转盘...
2018-05-06 22:30:09.4562 [TRACE] :  等待转动到位...
2018-05-06 22:30:10.5482 [TRACE] :  转动盘完成一次转动。
2018-05-06 22:38:04.6893 [TRACE] :  开始供料...
2018-05-06 22:38:04.7985 [TRACE] :  Feeder B 马上开始供料...
2018-05-06 22:38:04.9077 [TRACE] :  等待铜柱到位...
2018-05-06 22:38:05.0169 [TRACE] :  铜柱就绪，开始转动转盘...
2018-05-06 22:38:05.2353 [TRACE] :  等待转动到位...
2018-05-06 22:38:06.2493 [TRACE] :  转动盘完成一次转动。
2018-05-06 22:38:06.3585 [TRACE] :  Feeder B 马上开始供料...
2018-05-06 22:38:06.4833 [TRACE] :  等待铜柱到位...
2018-05-06 22:38:06.5925 [TRACE] :  铜柱就绪，开始转动转盘...
2018-05-06 22:38:06.8109 [TRACE] :  等待转动到位...
2018-05-06 22:38:07.9029 [TRACE] :  转动盘完成一次转动。
2018-05-06 22:38:08.0121 [TRACE] :  Feeder B 马上开始供料...
2018-05-06 22:38:08.1213 [TRACE] :  等待铜柱到位...
2018-05-06 22:38:08.9169 [TRACE] :  铜柱就绪，开始转动转盘...
2018-05-06 22:38:09.1353 [TRACE] :  等待转动到位...
2018-05-06 22:38:10.2273 [TRACE] :  转动盘完成一次转动。
2018-05-06 22:38:10.3365 [TRACE] :  Feeder B 马上开始供料...
2018-05-06 22:38:10.4457 [TRACE] :  等待铜柱到位...
2018-05-06 22:38:10.5549 [TRACE] :  铜柱就绪，开始转动转盘...
2018-05-06 22:38:10.7733 [TRACE] :  等待转动到位...
2018-05-06 22:38:11.8653 [TRACE] :  转动盘完成一次转动。
2018-05-06 22:38:11.9745 [TRACE] :  Feeder B 马上开始供料...
2018-05-06 22:38:12.0837 [TRACE] :  等待铜柱到位...
2018-05-06 22:38:12.1929 [TRACE] :  铜柱就绪，开始转动转盘...
2018-05-06 22:38:12.4113 [TRACE] :  等待转动到位...
2018-05-06 22:38:13.5033 [TRACE] :  转动盘完成一次转动。
2018-05-06 22:38:21.1473 [TRACE] :  Feeder B 马上开始供料...
2018-05-06 22:38:21.2565 [TRACE] :  等待铜柱到位...
2018-05-06 22:38:21.3657 [TRACE] :  铜柱就绪，开始转动转盘...
2018-05-06 22:38:21.5841 [TRACE] :  等待转动到位...
2018-05-06 22:38:22.6917 [TRACE] :  转动盘完成一次转动。
2018-05-06 23:03:26.4312 [TRACE] :  开始供料...
2018-05-06 23:03:26.5404 [TRACE] :  Feeder B 马上开始供料...
2018-05-06 23:03:26.6496 [TRACE] :  等待铜柱到位...
2018-05-06 23:03:26.7588 [TRACE] :  铜柱就绪，开始转动转盘...
2018-05-06 23:03:26.9772 [TRACE] :  等待转动到位...
2018-05-06 23:03:28.0712 [TRACE] :  转动盘完成一次转动。
2018-05-06 23:03:28.1804 [TRACE] :  Feeder B 马上开始供料...
2018-05-06 23:03:28.2896 [TRACE] :  等待铜柱到位...
2018-05-06 23:03:28.3988 [TRACE] :  铜柱就绪，开始转动转盘...
2018-05-06 23:03:28.6172 [TRACE] :  等待转动到位...
2018-05-06 23:03:29.7092 [TRACE] :  转动盘完成一次转动。
2018-05-06 23:03:29.8184 [TRACE] :  Feeder B 马上开始供料...
2018-05-06 23:03:29.9276 [TRACE] :  等待铜柱到位...
2018-05-06 23:03:30.8012 [TRACE] :  铜柱就绪，开始转动转盘...
2018-05-06 23:03:31.0664 [TRACE] :  等待转动到位...
2018-05-06 23:03:32.1584 [TRACE] :  转动盘完成一次转动。
2018-05-06 23:03:32.2676 [TRACE] :  Feeder B 马上开始供料...
2018-05-06 23:03:32.3768 [TRACE] :  等待铜柱到位...
2018-05-06 23:03:32.4860 [TRACE] :  铜柱就绪，开始转动转盘...
2018-05-06 23:03:32.7044 [TRACE] :  等待转动到位...
2018-05-06 23:03:33.7964 [TRACE] :  转动盘完成一次转动。
2018-05-06 23:03:33.9056 [TRACE] :  Feeder B 马上开始供料...
2018-05-06 23:03:34.0148 [TRACE] :  等待铜柱到位...
2018-05-06 23:03:34.1240 [TRACE] :  铜柱就绪，开始转动转盘...
2018-05-06 23:03:34.3424 [TRACE] :  等待转动到位...
2018-05-06 23:03:35.4344 [TRACE] :  转动盘完成一次转动。
2018-05-06 23:03:37.8368 [TRACE] :  Feeder B 马上开始供料...
2018-05-06 23:03:37.9460 [TRACE] :  等待铜柱到位...
2018-05-06 23:03:38.0552 [TRACE] :  铜柱就绪，开始转动转盘...
2018-05-06 23:03:38.2736 [TRACE] :  等待转动到位...
2018-05-06 23:03:39.3812 [TRACE] :  转动盘完成一次转动。
2018-05-06 23:04:18.8055 [TRACE] :  Feeder B 马上开始供料...
2018-05-06 23:04:18.9147 [TRACE] :  等待铜柱到位...
2018-05-06 23:04:19.0239 [TRACE] :  铜柱就绪，开始转动转盘...
2018-05-06 23:04:19.2423 [TRACE] :  等待转动到位...
2018-05-06 23:04:20.3343 [TRACE] :  转动盘完成一次转动。
2018-05-06 23:05:06.3252 [TRACE] :  Feeder B 马上开始供料...
2018-05-06 23:05:06.4344 [TRACE] :  等待铜柱到位...
2018-05-06 23:05:07.3080 [TRACE] :  铜柱就绪，开始转动转盘...
2018-05-06 23:05:07.5264 [TRACE] :  等待转动到位...
2018-05-06 23:05:08.6184 [TRACE] :  转动盘完成一次转动。
2018-05-06 23:06:35.0527 [TRACE] :  开始供料...
2018-05-06 23:06:35.1619 [TRACE] :  Feeder B 马上开始供料...
2018-05-06 23:06:35.2711 [TRACE] :  等待铜柱到位...
2018-05-06 23:06:35.3803 [TRACE] :  铜柱就绪，开始转动转盘...
2018-05-06 23:06:35.6611 [TRACE] :  等待转动到位...
2018-05-06 23:06:36.6751 [TRACE] :  转动盘完成一次转动。
2018-05-06 23:06:36.8467 [TRACE] :  Feeder B 马上开始供料...
2018-05-06 23:06:36.9559 [TRACE] :  等待铜柱到位...
2018-05-06 23:06:37.0651 [TRACE] :  铜柱就绪，开始转动转盘...
2018-05-06 23:06:37.2835 [TRACE] :  等待转动到位...
2018-05-06 23:06:38.3911 [TRACE] :  转动盘完成一次转动。
2018-05-06 23:06:38.5471 [TRACE] :  Feeder B 马上开始供料...
2018-05-06 23:06:38.6563 [TRACE] :  等待铜柱到位...
2018-05-06 23:06:39.4675 [TRACE] :  铜柱就绪，开始转动转盘...
2018-05-06 23:06:39.6859 [TRACE] :  等待转动到位...
2018-05-06 23:06:40.7935 [TRACE] :  转动盘完成一次转动。
2018-05-06 23:06:40.9027 [TRACE] :  Feeder B 马上开始供料...
2018-05-06 23:06:41.0119 [TRACE] :  等待铜柱到位...
2018-05-06 23:06:41.8855 [TRACE] :  铜柱就绪，开始转动转盘...
2018-05-06 23:06:42.1039 [TRACE] :  等待转动到位...
2018-05-06 23:06:43.1959 [TRACE] :  转动盘完成一次转动。
2018-05-06 23:06:43.3051 [TRACE] :  Feeder B 马上开始供料...
2018-05-06 23:06:43.4153 [TRACE] :  等待铜柱到位...
2018-05-06 23:06:44.2889 [TRACE] :  铜柱就绪，开始转动转盘...
2018-05-06 23:06:44.5083 [TRACE] :  等待转动到位...
2018-05-06 23:06:45.6003 [TRACE] :  转动盘完成一次转动。
2018-05-06 23:06:47.0209 [TRACE] :  Feeder B 马上开始供料...
2018-05-06 23:06:47.1301 [TRACE] :  等待铜柱到位...
2018-05-06 23:06:47.2393 [TRACE] :  铜柱就绪，开始转动转盘...
2018-05-06 23:06:47.4587 [TRACE] :  等待转动到位...
2018-05-06 23:06:48.6297 [TRACE] :  转动盘完成一次转动。
2018-05-06 23:07:12.7328 [TRACE] :  Feeder B 马上开始供料...
2018-05-06 23:07:12.8420 [TRACE] :  等待铜柱到位...
2018-05-06 23:07:12.9512 [TRACE] :  铜柱就绪，开始转动转盘...
2018-05-06 23:07:13.1696 [TRACE] :  等待转动到位...
2018-05-06 23:07:14.2616 [TRACE] :  转动盘完成一次转动。
2018-05-06 23:07:40.2688 [TRACE] :  Feeder B 马上开始供料...
2018-05-06 23:07:40.3780 [TRACE] :  等待铜柱到位...
2018-05-06 23:07:40.4872 [TRACE] :  铜柱就绪，开始转动转盘...
2018-05-06 23:07:40.7056 [TRACE] :  等待转动到位...
2018-05-06 23:07:41.7976 [TRACE] :  转动盘完成一次转动。
2018-05-06 23:08:08.4455 [TRACE] :  Feeder B 马上开始供料...
2018-05-06 23:08:08.5547 [TRACE] :  等待铜柱到位...
2018-05-06 23:08:09.5375 [TRACE] :  铜柱就绪，开始转动转盘...
2018-05-06 23:08:09.7559 [TRACE] :  等待转动到位...
2018-05-06 23:08:10.8479 [TRACE] :  转动盘完成一次转动。
2018-05-06 23:08:36.8375 [TRACE] :  Feeder B 马上开始供料...
2018-05-06 23:08:36.9467 [TRACE] :  等待铜柱到位...
2018-05-06 23:08:37.0559 [TRACE] :  铜柱就绪，开始转动转盘...
2018-05-06 23:08:37.2743 [TRACE] :  等待转动到位...
2018-05-06 23:08:38.3663 [TRACE] :  转动盘完成一次转动。
2018-05-06 23:31:54.1046 [TRACE] :  开始供料...
2018-05-06 23:31:54.2138 [TRACE] :  Feeder B 马上开始供料...
2018-05-06 23:31:54.3230 [TRACE] :  等待铜柱到位...
2018-05-06 23:31:54.4322 [TRACE] :  铜柱就绪，开始转动转盘...
2018-05-06 23:31:54.7130 [TRACE] :  等待转动到位...
2018-05-06 23:31:55.8674 [TRACE] :  转动盘完成一次转动。
2018-05-06 23:31:55.9766 [TRACE] :  Feeder B 马上开始供料...
2018-05-06 23:31:56.0858 [TRACE] :  等待铜柱到位...
2018-05-06 23:31:56.1950 [TRACE] :  铜柱就绪，开始转动转盘...
2018-05-06 23:31:56.5226 [TRACE] :  等待转动到位...
2018-05-06 23:31:57.7238 [TRACE] :  转动盘完成一次转动。
2018-05-06 23:31:57.8330 [TRACE] :  Feeder B 马上开始供料...
2018-05-06 23:31:57.9422 [TRACE] :  等待铜柱到位...
2018-05-06 23:31:58.8314 [TRACE] :  铜柱就绪，开始转动转盘...
2018-05-06 23:31:59.0498 [TRACE] :  等待转动到位...
2018-05-06 23:32:00.1419 [TRACE] :  转动盘完成一次转动。
2018-05-06 23:32:00.2511 [TRACE] :  Feeder B 马上开始供料...
2018-05-06 23:32:00.3603 [TRACE] :  等待铜柱到位...
2018-05-06 23:32:01.2339 [TRACE] :  铜柱就绪，开始转动转盘...
2018-05-06 23:32:01.4523 [TRACE] :  等待转动到位...
2018-05-06 23:32:02.5443 [TRACE] :  转动盘完成一次转动。
2018-05-06 23:32:02.6535 [TRACE] :  Feeder B 马上开始供料...
2018-05-06 23:32:02.7627 [TRACE] :  等待铜柱到位...
2018-05-06 23:32:03.7455 [TRACE] :  铜柱就绪，开始转动转盘...
2018-05-06 23:32:03.9639 [TRACE] :  等待转动到位...
2018-05-06 23:32:05.0559 [TRACE] :  转动盘完成一次转动。
2018-05-06 23:33:35.4868 [TRACE] :  开始供料...
2018-05-06 23:33:35.5960 [TRACE] :  Feeder B 马上开始供料...
2018-05-06 23:33:35.7062 [TRACE] :  等待铜柱到位...
2018-05-06 23:33:35.8154 [TRACE] :  铜柱就绪，开始转动转盘...
2018-05-06 23:33:36.0338 [TRACE] :  等待转动到位...
2018-05-06 23:33:37.1726 [TRACE] :  转动盘完成一次转动。
2018-05-06 23:33:37.2818 [TRACE] :  Feeder B 马上开始供料...
2018-05-06 23:33:37.3910 [TRACE] :  等待铜柱到位...
2018-05-06 23:33:37.5002 [TRACE] :  铜柱就绪，开始转动转盘...
2018-05-06 23:33:37.7342 [TRACE] :  等待转动到位...
2018-05-06 23:33:38.7638 [TRACE] :  转动盘完成一次转动。
2018-05-06 23:33:38.9510 [TRACE] :  Feeder B 马上开始供料...
2018-05-06 23:33:39.0602 [TRACE] :  等待铜柱到位...
2018-05-06 23:33:39.1694 [TRACE] :  铜柱就绪，开始转动转盘...
2018-05-06 23:33:39.3878 [TRACE] :  等待转动到位...
2018-05-06 23:33:40.4018 [TRACE] :  转动盘完成一次转动。
2018-05-06 23:33:40.5110 [TRACE] :  Feeder B 马上开始供料...
2018-05-06 23:33:40.6202 [TRACE] :  等待铜柱到位...
2018-05-06 23:33:40.7294 [TRACE] :  铜柱就绪，开始转动转盘...
2018-05-06 23:33:40.9478 [TRACE] :  等待转动到位...
2018-05-06 23:33:42.0398 [TRACE] :  转动盘完成一次转动。
2018-05-06 23:33:42.1490 [TRACE] :  Feeder B 马上开始供料...
2018-05-06 23:33:42.2582 [TRACE] :  等待铜柱到位...
2018-05-06 23:33:42.3674 [TRACE] :  铜柱就绪，开始转动转盘...
2018-05-06 23:33:42.5858 [TRACE] :  等待转动到位...
2018-05-06 23:33:43.6778 [TRACE] :  转动盘完成一次转动。
2018-05-06 23:35:28.9041 [TRACE] :  开始供料...
2018-05-06 23:35:29.0133 [TRACE] :  Feeder B 马上开始供料...
2018-05-06 23:35:29.1225 [TRACE] :  等待铜柱到位...
2018-05-06 23:35:29.2317 [TRACE] :  铜柱就绪，开始转动转盘...
2018-05-06 23:35:29.4813 [TRACE] :  等待转动到位...
2018-05-06 23:35:30.5733 [TRACE] :  转动盘完成一次转动。
2018-05-06 23:35:30.6825 [TRACE] :  Feeder B 马上开始供料...
2018-05-06 23:35:30.7917 [TRACE] :  等待铜柱到位...
2018-05-06 23:35:30.9009 [TRACE] :  铜柱就绪，开始转动转盘...
2018-05-06 23:35:31.1193 [TRACE] :  等待转动到位...
2018-05-06 23:35:32.2113 [TRACE] :  转动盘完成一次转动。
2018-05-06 23:35:32.3361 [TRACE] :  Feeder B 马上开始供料...
2018-05-06 23:35:32.4453 [TRACE] :  等待铜柱到位...
2018-05-06 23:35:32.5545 [TRACE] :  铜柱就绪，开始转动转盘...
2018-05-06 23:35:32.7729 [TRACE] :  等待转动到位...
2018-05-06 23:35:33.8649 [TRACE] :  转动盘完成一次转动。
2018-05-06 23:35:33.9741 [TRACE] :  Feeder B 马上开始供料...
2018-05-06 23:35:34.0833 [TRACE] :  等待铜柱到位...
2018-05-06 23:35:34.1925 [TRACE] :  铜柱就绪，开始转动转盘...
2018-05-06 23:35:34.4109 [TRACE] :  等待转动到位...
2018-05-06 23:35:35.5029 [TRACE] :  转动盘完成一次转动。
2018-05-06 23:35:35.6121 [TRACE] :  Feeder B 马上开始供料...
2018-05-06 23:35:35.7213 [TRACE] :  等待铜柱到位...
2018-05-06 23:35:35.8305 [TRACE] :  铜柱就绪，开始转动转盘...
2018-05-06 23:35:36.0489 [TRACE] :  等待转动到位...
2018-05-06 23:35:37.1409 [TRACE] :  转动盘完成一次转动。
