2018-05-06 19:57:54.3273 [TRACE] :  插件初始化...
2018-05-06 19:59:15.3701 [TRACE] :  设置坐标参数至Robot...
2018-05-06 19:59:46.9496 [WARN] :  插件初始化失败，坐标参数未能成功设置至Robot。
2018-05-06 19:59:59.2288 [TRACE] :  插件初始化...
2018-05-06 20:00:12.3314 [TRACE] :  设置坐标参数至Robot...
2018-05-06 20:00:47.9305 [WARN] :  插件初始化失败，坐标参数未能成功设置至Robot。
2018-05-06 20:01:07.6916 [TRACE] :  插件初始化...
2018-05-06 20:01:10.3761 [TRACE] :  设置坐标参数至Robot...
2018-05-06 20:03:36.7488 [TRACE] :  插件初始化...
2018-05-06 20:03:40.6752 [TRACE] :  设置坐标参数至Robot...
2018-05-06 20:04:20.7070 [WARN] :  插件初始化失败，坐标参数未能成功设置至Robot。
2018-05-06 20:04:26.9283 [TRACE] :  插件初始化...
2018-05-06 20:04:31.6178 [TRACE] :  设置坐标参数至Robot...
2018-05-06 20:09:11.4155 [TRACE] :  插件初始化...
2018-05-06 20:09:14.2251 [TRACE] :  设置坐标参数至Robot...
2018-05-06 20:09:54.5895 [WARN] :  插件初始化失败，坐标参数未能成功设置至Robot。
2018-05-06 20:10:02.1721 [TRACE] :  插件初始化...
2018-05-06 20:10:04.2277 [TRACE] :  设置坐标参数至Robot...
2018-05-06 20:11:16.1602 [WARN] :  插件初始化失败，坐标参数未能成功设置至Robot。
2018-05-06 20:12:14.6678 [TRACE] :  插件初始化...
2018-05-06 20:12:17.1844 [TRACE] :  设置坐标参数至Robot...
2018-05-06 20:12:33.2859 [TRACE] :  参数设置成功，初始化完成，开始基板搬送...
2018-05-06 20:12:33.3015 [TRACE] :  上下板平台气缸复原
2018-05-06 20:12:33.8475 [TRACE] :  气缸到位，正常终了。
2018-05-06 20:12:33.8631 [TRACE] :  上下板开始...
2018-05-06 20:12:33.9099 [TRACE] :  轨道入口有板，挡板气缸升起，开始基板搬送...
2018-05-06 20:12:37.3449 [TRACE] :  开始取料...
2018-05-06 20:13:39.9103 [WARN] :  电源座(A)缺料！
2018-05-06 20:15:01.4663 [TRACE] :  插件初始化...
2018-05-06 20:15:04.4835 [TRACE] :  设置坐标参数至Robot...
2018-05-06 20:16:52.4238 [TRACE] :  参数设置成功，初始化完成，开始基板搬送...
2018-05-06 20:17:04.5671 [TRACE] :  上下板平台气缸复原
2018-05-06 20:17:05.0785 [TRACE] :  气缸到位，正常终了。
2018-05-06 20:17:05.0941 [TRACE] :  上下板开始...
2018-05-06 20:17:05.1409 [TRACE] :  轨道入口有板，挡板气缸升起，开始基板搬送...
2018-05-06 20:17:16.5367 [TRACE] :  开始取料...
2018-05-06 20:18:07.9620 [TRACE] :  A头取料开始，发送取料命令：11
2018-05-06 20:19:29.2459 [TRACE] :  取料命令发送成功，等待取料完成。
2018-05-06 20:19:41.7584 [TRACE] :  A头取料完成。
2018-05-06 20:19:41.7896 [TRACE] :  B头取料开始，发送取料指令：12
2018-05-06 20:19:41.7896 [TRACE] :  取料命令发送成功，等待取料完成。
2018-05-06 20:19:46.2356 [TRACE] :  B头取料完成。
2018-05-06 20:19:50.0888 [TRACE] :  C头取料开始，发送取料指令：11
2018-05-06 20:19:50.0888 [TRACE] :  取料命令发送成功，等待取料完成。
2018-05-06 20:25:47.2437 [TRACE] :  插件初始化...
2018-05-06 20:25:50.3391 [TRACE] :  设置坐标参数至Robot...
2018-05-06 20:25:55.0727 [TRACE] :  参数设置成功，初始化完成，开始基板搬送...
2018-05-06 20:25:55.0883 [TRACE] :  上下板平台气缸复原
2018-05-06 20:25:55.6343 [TRACE] :  气缸到位，正常终了。
2018-05-06 20:25:55.6499 [TRACE] :  上下板开始...
2018-05-06 20:25:55.6967 [TRACE] :  轨道入口有板，挡板气缸升起，开始基板搬送...
2018-05-06 20:25:59.0664 [TRACE] :  开始取料...
2018-05-06 20:26:18.9228 [TRACE] :  A头取料开始，发送取料命令：12
2018-05-06 20:26:18.9328 [TRACE] :  取料命令发送成功，等待取料完成。
2018-05-06 20:26:22.9732 [TRACE] :  A头取料完成。
2018-05-06 20:27:18.3478 [TRACE] :  到达A头拍照点，触发相机定位...
2018-05-06 20:27:18.3634 [TRACE] :  A头物料定位完成！
2018-05-06 20:27:20.5026 [TRACE] :  到达Mark Point拍照位，触发相机定位...
2018-05-06 20:27:20.5182 [TRACE] :  Mark Point A拍照定位完成！
2018-05-06 20:27:21.6414 [TRACE] :  到达Mark Point B 拍照位，触发相机定位...
2018-05-06 20:27:21.6726 [TRACE] :  Mark Point B拍照定位完成！
2018-05-06 20:27:21.6882 [TRACE] :  开始插件...
2018-05-06 20:27:21.7194 [TRACE] :  A头插件开始，发送插件点坐标...
2018-05-06 20:27:21.7194 [TRACE] :  PointA: [ 119.572998046875 , 100.65299987793 , 63.2480010986328 , -60.0050010681152 ]
2018-05-06 20:27:21.7194 [TRACE] :  A头插件坐标发送成功，发送插件指令...
2018-05-06 20:27:22.3746 [TRACE] :  插件命令发送成功，等待插件完成。
2018-05-06 20:27:23.4198 [WARN] :  A头插件失败。
2018-05-06 20:32:01.2921 [TRACE] :  插件初始化...
2018-05-06 20:32:07.1320 [TRACE] :  设置坐标参数至Robot...
2018-05-06 20:32:12.1373 [TRACE] :  参数设置成功，初始化完成，开始基板搬送...
2018-05-06 20:32:12.1529 [TRACE] :  上下板平台气缸复原
2018-05-06 20:32:12.7769 [TRACE] :  气缸到位，正常终了。
2018-05-06 20:32:12.7925 [TRACE] :  上下板开始...
2018-05-06 20:32:15.2729 [TRACE] :  轨道入口有板，挡板气缸升起，开始基板搬送...
2018-05-06 20:32:19.9081 [TRACE] :  开始取料...
2018-05-06 20:36:34.7402 [TRACE] :  A头取料开始，发送取料命令：12
2018-05-06 20:36:34.7558 [TRACE] :  取料命令发送成功，等待取料完成。
2018-05-06 20:36:38.7962 [TRACE] :  A头取料完成。
2018-05-06 20:36:40.4966 [TRACE] :  到达A头拍照点，触发相机定位...
2018-05-06 20:36:40.5122 [TRACE] :  A头物料定位完成！
2018-05-06 20:36:42.6494 [TRACE] :  到达Mark Point拍照位，触发相机定位...
2018-05-06 20:36:42.6650 [TRACE] :  Mark Point A拍照定位完成！
2018-05-06 20:36:43.5230 [TRACE] :  到达Mark Point B 拍照位，触发相机定位...
2018-05-06 20:36:43.5386 [TRACE] :  Mark Point B拍照定位完成！
2018-05-06 20:36:43.5542 [TRACE] :  开始插件...
2018-05-06 20:36:43.5854 [TRACE] :  A头插件开始，发送插件点坐标...
2018-05-06 20:36:43.5854 [TRACE] :  PointA: [ 119.572998046875 , 100.65299987793 , 63.2480010986328 , -60.0050010681152 ]
2018-05-06 20:36:43.5854 [TRACE] :  A头插件坐标发送成功，发送插件指令...
2018-05-06 20:36:44.3030 [TRACE] :  插件命令发送成功，等待插件完成。
2018-05-06 20:36:47.9866 [TRACE] :  A头插件完成。
2018-05-06 20:36:48.0490 [TRACE] :  正常终了，完成一块PCB插件。
2018-05-06 20:36:48.0802 [TRACE] :  插件初始化...
2018-05-06 20:36:48.1426 [TRACE] :  设置坐标参数至Robot...
2018-05-06 20:36:54.0082 [TRACE] :  参数设置成功，初始化完成，开始基板搬送...
2018-05-06 20:36:54.0238 [TRACE] :  上下板平台气缸复原
2018-05-06 20:36:54.7258 [TRACE] :  气缸到位，正常终了。
2018-05-06 20:36:54.7414 [TRACE] :  上下板开始...
2018-05-06 20:36:57.9550 [TRACE] :  出口有板，等待后机要板信号...
2018-05-06 20:36:57.9706 [TRACE] :  收到后机要板信号，开始基板搬送...
2018-05-06 20:36:58.9690 [TRACE] :  基板搬送完成。
2018-05-06 20:39:18.3921 [TRACE] :  插件初始化...
2018-05-06 20:39:18.4591 [TRACE] :  设置坐标参数至Robot...
2018-05-06 20:39:22.9254 [TRACE] :  参数设置成功，初始化完成，开始基板搬送...
2018-05-06 20:39:22.9434 [TRACE] :  上下板平台气缸复原
2018-05-06 20:39:23.4514 [TRACE] :  气缸到位，正常终了。
2018-05-06 20:39:23.4614 [TRACE] :  上下板开始...
2018-05-06 20:39:23.5054 [TRACE] :  轨道入口有板，挡板气缸升起，开始基板搬送...
2018-05-06 20:39:26.9676 [TRACE] :  开始取料...
2018-05-06 20:39:26.9896 [TRACE] :  A头取料开始，发送取料命令：12
2018-05-06 20:39:26.9896 [TRACE] :  取料命令发送成功，等待取料完成。
2018-05-06 20:39:31.0368 [TRACE] :  A头取料完成。
2018-05-06 20:39:32.7299 [TRACE] :  到达A头拍照点，触发相机定位...
2018-05-06 20:39:32.7419 [TRACE] :  A头物料定位完成！
2018-05-06 20:39:34.8561 [TRACE] :  到达Mark Point拍照位，触发相机定位...
2018-05-06 20:39:34.8671 [TRACE] :  Mark Point A拍照定位完成！
2018-05-06 20:39:35.9201 [TRACE] :  到达Mark Point B 拍照位，触发相机定位...
2018-05-06 20:39:35.9331 [TRACE] :  Mark Point B拍照定位完成！
2018-05-06 20:39:35.9461 [TRACE] :  开始插件...
2018-05-06 20:39:35.9671 [TRACE] :  A头插件开始，发送插件点坐标...
2018-05-06 20:39:35.9701 [TRACE] :  PointA: [ 119.572998046875 , 100.65299987793 , 63.2480010986328 , -60.0050010681152 ]
2018-05-06 20:39:35.9701 [TRACE] :  A头插件坐标发送成功，发送插件指令...
2018-05-06 20:39:36.5372 [TRACE] :  插件命令发送成功，等待插件完成。
2018-05-06 20:39:40.2214 [TRACE] :  A头插件完成。
2018-05-06 20:39:40.2734 [TRACE] :  正常终了，完成一块PCB插件。
2018-05-06 20:39:40.2864 [TRACE] :  插件初始化...
2018-05-06 20:39:40.3284 [TRACE] :  设置坐标参数至Robot...
2018-05-06 20:39:44.7306 [TRACE] :  参数设置成功，初始化完成，开始基板搬送...
2018-05-06 20:39:44.7426 [TRACE] :  上下板平台气缸复原
2018-05-06 20:39:45.2487 [TRACE] :  气缸到位，正常终了。
2018-05-06 20:39:45.2597 [TRACE] :  上下板开始...
2018-05-06 20:39:48.4428 [TRACE] :  出口有板，等待后机要板信号...
2018-05-06 20:39:48.4558 [TRACE] :  收到后机要板信号，开始基板搬送...
2018-05-06 20:39:49.4299 [TRACE] :  基板搬送完成。
2018-05-06 20:39:57.5594 [TRACE] :  轨道入口有板，挡板气缸升起，开始基板搬送...
2018-05-06 20:40:01.8626 [TRACE] :  开始取料...
2018-05-06 20:40:01.8876 [TRACE] :  A头取料开始，发送取料命令：12
2018-05-06 20:40:01.8876 [TRACE] :  取料命令发送成功，等待取料完成。
2018-05-06 20:40:04.4778 [TRACE] :  A头取料完成。
2018-05-06 20:40:06.1659 [TRACE] :  到达A头拍照点，触发相机定位...
2018-05-06 20:40:06.1779 [TRACE] :  A头物料定位完成！
2018-05-06 20:40:08.3000 [TRACE] :  到达Mark Point拍照位，触发相机定位...
2018-05-06 20:40:08.3140 [TRACE] :  Mark Point A拍照定位完成！
2018-05-06 20:40:09.3950 [TRACE] :  到达Mark Point B 拍照位，触发相机定位...
2018-05-06 20:40:09.4070 [TRACE] :  Mark Point B拍照定位完成！
2018-05-06 20:40:09.4190 [TRACE] :  开始插件...
2018-05-06 20:40:09.4400 [TRACE] :  A头插件开始，发送插件点坐标...
2018-05-06 20:40:09.4400 [TRACE] :  PointA: [ 119.572998046875 , 100.65299987793 , 63.2480010986328 , -60.0050010681152 ]
2018-05-06 20:40:09.4400 [TRACE] :  A头插件坐标发送成功，发送插件指令...
2018-05-06 20:40:10.0191 [TRACE] :  插件命令发送成功，等待插件完成。
2018-05-06 20:40:13.6993 [TRACE] :  A头插件完成。
2018-05-06 20:40:13.7403 [TRACE] :  正常终了，完成一块PCB插件。
2018-05-06 20:40:13.7403 [TRACE] :  插件初始化...
2018-05-06 20:40:13.7973 [TRACE] :  设置坐标参数至Robot...
2018-05-06 20:40:18.1915 [TRACE] :  参数设置成功，初始化完成，开始基板搬送...
2018-05-06 20:40:18.2025 [TRACE] :  上下板平台气缸复原
2018-05-06 20:40:18.7106 [TRACE] :  气缸到位，正常终了。
2018-05-06 20:40:18.7226 [TRACE] :  上下板开始...
2018-05-06 20:40:21.8978 [TRACE] :  出口有板，等待后机要板信号...
2018-05-06 20:40:21.9138 [TRACE] :  收到后机要板信号，开始基板搬送...
2018-05-06 20:40:22.8738 [TRACE] :  基板搬送完成。
2018-05-06 20:40:29.5262 [TRACE] :  轨道入口有板，挡板气缸升起，开始基板搬送...
2018-05-06 20:40:33.8354 [TRACE] :  开始取料...
2018-05-06 20:40:33.8574 [TRACE] :  A头取料开始，发送取料命令：12
2018-05-06 20:40:33.8574 [TRACE] :  取料命令发送成功，等待取料完成。
2018-05-06 20:40:36.4476 [TRACE] :  A头取料完成。
2018-05-06 20:40:38.1357 [TRACE] :  到达A头拍照点，触发相机定位...
2018-05-06 20:40:38.1507 [TRACE] :  A头物料定位完成！
2018-05-06 20:40:40.2708 [TRACE] :  到达Mark Point拍照位，触发相机定位...
2018-05-06 20:40:40.2818 [TRACE] :  Mark Point A拍照定位完成！
2018-05-06 20:40:41.3549 [TRACE] :  到达Mark Point B 拍照位，触发相机定位...
2018-05-06 20:40:41.3679 [TRACE] :  Mark Point B拍照定位完成！
2018-05-06 20:40:41.3679 [TRACE] :  开始插件...
2018-05-06 20:40:41.4029 [TRACE] :  A头插件开始，发送插件点坐标...
2018-05-06 20:40:41.4029 [TRACE] :  PointA: [ 119.572998046875 , 100.65299987793 , 63.2480010986328 , -60.0050010681152 ]
2018-05-06 20:40:41.4029 [TRACE] :  A头插件坐标发送成功，发送插件指令...
2018-05-06 20:40:42.0169 [TRACE] :  插件命令发送成功，等待插件完成。
2018-05-06 20:40:45.6881 [TRACE] :  A头插件完成。
2018-05-06 20:40:45.7361 [TRACE] :  正常终了，完成一块PCB插件。
2018-05-06 20:40:45.7361 [TRACE] :  插件初始化...
2018-05-06 20:40:45.7911 [TRACE] :  设置坐标参数至Robot...
2018-05-06 20:40:50.2104 [TRACE] :  参数设置成功，初始化完成，开始基板搬送...
2018-05-06 20:40:50.2224 [TRACE] :  上下板平台气缸复原
2018-05-06 20:40:50.7274 [TRACE] :  气缸到位，正常终了。
2018-05-06 20:40:50.7414 [TRACE] :  上下板开始...
2018-05-06 20:40:53.9256 [TRACE] :  出口有板，等待后机要板信号...
2018-05-06 20:40:53.9256 [TRACE] :  收到后机要板信号，开始基板搬送...
2018-05-06 20:40:54.9176 [TRACE] :  基板搬送完成。
2018-05-06 20:45:26.9669 [TRACE] :  轨道入口有板，挡板气缸升起，开始基板搬送...
2018-05-06 20:45:31.0697 [TRACE] :  开始取料...
2018-05-06 20:45:31.1009 [TRACE] :  A头取料开始，发送取料命令：12
2018-05-06 20:45:31.1009 [TRACE] :  取料命令发送成功，等待取料完成。
2018-05-06 20:45:33.6905 [TRACE] :  A头取料完成。
2018-05-06 20:45:35.3909 [TRACE] :  到达A头拍照点，触发相机定位...
2018-05-06 20:45:35.4065 [TRACE] :  A头物料定位完成！
2018-05-06 20:45:37.5281 [TRACE] :  到达Mark Point拍照位，触发相机定位...
2018-05-06 20:45:37.5437 [TRACE] :  Mark Point A拍照定位完成！
2018-05-06 20:45:38.7137 [TRACE] :  到达Mark Point B 拍照位，触发相机定位...
2018-05-06 20:45:38.7293 [TRACE] :  Mark Point B拍照定位完成！
2018-05-06 20:45:38.7449 [TRACE] :  开始插件...
2018-05-06 20:45:38.7761 [TRACE] :  A头插件开始，发送插件点坐标...
2018-05-06 20:45:38.7761 [TRACE] :  PointA: [ 119.572998046875 , 100.65299987793 , 63.2480010986328 , -60.0050010681152 ]
2018-05-06 20:45:38.7761 [TRACE] :  A头插件坐标发送成功，发送插件指令...
2018-05-06 20:45:39.4469 [TRACE] :  插件命令发送成功，等待插件完成。
2018-05-06 20:45:43.1441 [TRACE] :  A头插件完成。
2018-05-06 20:45:43.2065 [TRACE] :  正常终了，完成一块PCB插件。
2018-05-06 20:45:43.2221 [TRACE] :  插件初始化...
2018-05-06 20:45:43.2845 [TRACE] :  设置坐标参数至Robot...
2018-05-06 20:45:48.1371 [TRACE] :  参数设置成功，初始化完成，开始基板搬送...
2018-05-06 20:45:48.1527 [TRACE] :  上下板平台气缸复原
2018-05-06 20:45:48.6675 [TRACE] :  气缸到位，正常终了。
2018-05-06 20:45:48.6831 [TRACE] :  上下板开始...
2018-05-06 20:45:51.0855 [TRACE] :  出口有板，等待后机要板信号...
2018-05-06 20:45:51.1011 [TRACE] :  收到后机要板信号，开始基板搬送...
2018-05-06 20:45:52.2087 [TRACE] :  基板搬送完成。
2018-05-06 20:46:54.5856 [TRACE] :  轨道入口有板，挡板气缸升起，开始基板搬送...
2018-05-06 20:46:58.7509 [TRACE] :  开始取料...
2018-05-06 20:46:58.7821 [TRACE] :  A头取料开始，发送取料命令：12
2018-05-06 20:46:58.7821 [TRACE] :  取料命令发送成功，等待取料完成。
2018-05-06 20:47:01.3717 [TRACE] :  A头取料完成。
2018-05-06 20:47:03.0721 [TRACE] :  到达A头拍照点，触发相机定位...
2018-05-06 20:47:03.0877 [TRACE] :  A头物料定位完成！
2018-05-06 20:47:05.2249 [TRACE] :  到达Mark Point拍照位，触发相机定位...
2018-05-06 20:47:05.2405 [TRACE] :  Mark Point A拍照定位完成！
2018-05-06 20:47:06.4885 [TRACE] :  到达Mark Point B 拍照位，触发相机定位...
2018-05-06 20:47:06.5041 [TRACE] :  Mark Point B拍照定位完成！
2018-05-06 20:47:06.5197 [TRACE] :  开始插件...
2018-05-06 20:47:06.5509 [TRACE] :  A头插件开始，发送插件点坐标...
2018-05-06 20:47:06.5509 [TRACE] :  PointA: [ 119.572998046875 , 100.65299987793 , 63.2480010986328 , -60.0050010681152 ]
2018-05-06 20:47:06.5509 [TRACE] :  A头插件坐标发送成功，发送插件指令...
2018-05-06 20:47:07.2841 [TRACE] :  插件命令发送成功，等待插件完成。
2018-05-06 20:47:10.9657 [TRACE] :  A头插件完成。
2018-05-06 20:47:11.0281 [TRACE] :  正常终了，完成一块PCB插件。
2018-05-06 20:47:11.0437 [TRACE] :  上下板平台气缸复原
2018-05-06 20:47:11.5585 [TRACE] :  气缸到位，正常终了。
2018-05-06 20:47:11.5741 [TRACE] :  上下板开始...
2018-05-06 20:47:13.9765 [TRACE] :  出口有板，等待后机要板信号...
2018-05-06 20:47:13.9921 [TRACE] :  收到后机要板信号，开始基板搬送...
2018-05-06 20:47:15.1621 [TRACE] :  基板搬送完成。
2018-05-06 20:47:21.9481 [TRACE] :  轨道入口有板，挡板气缸升起，开始基板搬送...
2018-05-06 20:47:25.9573 [TRACE] :  开始取料...
2018-05-06 20:47:27.3945 [TRACE] :  到达Mark Point拍照位，触发相机定位...
2018-05-06 20:47:27.4101 [TRACE] :  Mark Point A拍照定位完成！
2018-05-06 20:47:28.6113 [TRACE] :  到达Mark Point B 拍照位，触发相机定位...
2018-05-06 20:47:28.6269 [TRACE] :  Mark Point B拍照定位完成！
2018-05-06 20:47:28.6425 [TRACE] :  开始插件...
2018-05-06 20:47:28.7205 [TRACE] :  正常终了，完成一块PCB插件。
2018-05-06 20:47:28.7361 [TRACE] :  上下板平台气缸复原
2018-05-06 20:47:29.2509 [TRACE] :  气缸到位，正常终了。
2018-05-06 20:47:29.2665 [TRACE] :  上下板开始...
2018-05-06 20:47:31.6533 [TRACE] :  出口有板，等待后机要板信号...
2018-05-06 20:47:31.6689 [TRACE] :  收到后机要板信号，开始基板搬送...
2018-05-06 20:47:32.6673 [TRACE] :  基板搬送完成。
2018-05-06 20:47:55.2562 [TRACE] :  轨道入口有板，挡板气缸升起，开始基板搬送...
2018-05-06 20:47:59.6710 [TRACE] :  开始取料...
2018-05-06 20:48:00.9658 [TRACE] :  到达Mark Point拍照位，触发相机定位...
2018-05-06 20:48:00.9814 [TRACE] :  Mark Point A拍照定位完成！
2018-05-06 20:48:02.0608 [TRACE] :  到达Mark Point B 拍照位，触发相机定位...
2018-05-06 20:48:02.0764 [TRACE] :  Mark Point B拍照定位完成！
2018-05-06 20:48:02.0920 [TRACE] :  开始插件...
2018-05-06 20:48:02.1700 [TRACE] :  正常终了，完成一块PCB插件。
2018-05-06 20:48:02.1856 [TRACE] :  上下板平台气缸复原
2018-05-06 20:48:02.7004 [TRACE] :  气缸到位，正常终了。
2018-05-06 20:48:02.7160 [TRACE] :  上下板开始...
2018-05-06 20:48:05.1184 [TRACE] :  出口有板，等待后机要板信号...
2018-05-06 20:48:05.1340 [TRACE] :  收到后机要板信号，开始基板搬送...
2018-05-06 20:48:06.0700 [TRACE] :  基板搬送完成。
2018-05-06 20:48:20.5156 [TRACE] :  轨道入口有板，挡板气缸升起，开始基板搬送...
2018-05-06 20:48:24.8992 [TRACE] :  开始取料...
2018-05-06 20:48:26.2096 [TRACE] :  到达Mark Point拍照位，触发相机定位...
2018-05-06 20:48:26.2252 [TRACE] :  Mark Point A拍照定位完成！
2018-05-06 20:48:27.0988 [TRACE] :  到达Mark Point B 拍照位，触发相机定位...
2018-05-06 20:48:27.1144 [TRACE] :  Mark Point B拍照定位完成！
2018-05-06 20:48:27.1300 [TRACE] :  开始插件...
2018-05-06 20:48:27.2080 [TRACE] :  正常终了，完成一块PCB插件。
2018-05-06 20:48:27.2236 [TRACE] :  上下板平台气缸复原
2018-05-06 20:48:27.7384 [TRACE] :  气缸到位，正常终了。
2018-05-06 20:48:27.7540 [TRACE] :  上下板开始...
2018-05-06 20:48:30.1408 [TRACE] :  出口有板，等待后机要板信号...
2018-05-06 20:48:30.1564 [TRACE] :  收到后机要板信号，开始基板搬送...
2018-05-06 20:48:31.2016 [TRACE] :  基板搬送完成。
2018-05-06 20:53:32.1488 [TRACE] :  轨道入口有板，挡板气缸升起，开始基板搬送...
2018-05-06 20:53:36.6104 [TRACE] :  开始取料...
2018-05-06 20:56:01.6513 [TRACE] :  到达Mark Point拍照位，触发相机定位...
2018-05-06 20:56:01.6669 [TRACE] :  Mark Point A拍照定位完成！
2018-05-06 20:56:02.8837 [TRACE] :  到达Mark Point B 拍照位，触发相机定位...
2018-05-06 20:56:02.8993 [TRACE] :  Mark Point B拍照定位完成！
2018-05-06 20:56:02.9149 [TRACE] :  开始插件...
2018-05-06 20:56:02.9929 [TRACE] :  正常终了，完成一块PCB插件。
2018-05-06 20:56:03.0085 [TRACE] :  上下板平台气缸复原
2018-05-06 20:56:03.5233 [TRACE] :  气缸到位，正常终了。
2018-05-06 20:56:03.5389 [TRACE] :  上下板开始...
2018-05-06 20:56:05.9257 [TRACE] :  出口有板，等待后机要板信号...
2018-05-06 20:56:05.9413 [TRACE] :  收到后机要板信号，开始基板搬送...
2018-05-06 20:56:06.7525 [TRACE] :  基板搬送完成。
2018-05-06 20:56:10.7305 [TRACE] :  轨道入口有板，挡板气缸升起，开始基板搬送...
2018-05-06 20:56:15.0985 [TRACE] :  开始取料...
2018-05-06 20:56:50.3573 [TRACE] :  到达Mark Point拍照位，触发相机定位...
2018-05-06 20:56:50.3729 [TRACE] :  Mark Point A拍照定位完成！
2018-05-06 20:56:51.5897 [TRACE] :  到达Mark Point B 拍照位，触发相机定位...
2018-05-06 20:56:51.6053 [TRACE] :  Mark Point B拍照定位完成！
2018-05-06 20:56:51.6209 [TRACE] :  开始插件...
2018-05-06 20:56:51.6989 [TRACE] :  正常终了，完成一块PCB插件。
2018-05-06 20:56:51.7145 [TRACE] :  参数设置成功，初始化完成，开始基板搬送...
2018-05-06 20:56:51.7301 [TRACE] :  上下板平台气缸复原
2018-05-06 20:56:52.2449 [TRACE] :  气缸到位，正常终了。
2018-05-06 20:56:52.2605 [TRACE] :  上下板开始...
2018-05-06 20:56:54.6629 [TRACE] :  出口有板，等待后机要板信号...
2018-05-06 20:56:54.6785 [TRACE] :  收到后机要板信号，开始基板搬送...
2018-05-06 20:56:55.4585 [TRACE] :  基板搬送完成。
2018-05-06 20:56:59.5613 [TRACE] :  轨道入口有板，挡板气缸升起，开始基板搬送...
2018-05-06 20:57:04.0853 [TRACE] :  开始取料...
2018-05-06 20:57:04.1165 [TRACE] :  A头取料开始，发送取料命令：12
2018-05-06 20:57:04.1165 [TRACE] :  取料命令发送成功，等待取料完成。
2018-05-06 20:57:07.0337 [TRACE] :  A头取料完成。
2018-05-06 20:57:08.7341 [TRACE] :  到达A头拍照点，触发相机定位...
2018-05-06 20:57:08.7497 [TRACE] :  A头物料定位完成！
2018-05-06 20:57:10.8733 [TRACE] :  到达Mark Point拍照位，触发相机定位...
2018-05-06 20:57:10.8889 [TRACE] :  Mark Point A拍照定位完成！
2018-05-06 20:57:12.2305 [TRACE] :  到达Mark Point B 拍照位，触发相机定位...
2018-05-06 20:57:12.2461 [TRACE] :  Mark Point B拍照定位完成！
2018-05-06 20:57:12.2617 [TRACE] :  开始插件...
2018-05-06 20:57:12.2929 [TRACE] :  A头插件开始，发送插件点坐标...
2018-05-06 20:57:12.2929 [TRACE] :  PointA: [ 119.572998046875 , 100.65299987793 , 63.2480010986328 , -60.0050010681152 ]
2018-05-06 20:57:12.2929 [TRACE] :  A头插件坐标发送成功，发送插件指令...
2018-05-06 20:57:13.0417 [TRACE] :  插件命令发送成功，等待插件完成。
2018-05-06 20:57:16.7389 [TRACE] :  A头插件完成。
2018-05-06 20:57:16.8013 [TRACE] :  正常终了，完成一块PCB插件。
2018-05-06 20:57:16.8169 [TRACE] :  参数设置成功，初始化完成，开始基板搬送...
2018-05-06 20:57:16.8325 [TRACE] :  上下板平台气缸复原
2018-05-06 20:57:17.3473 [TRACE] :  气缸到位，正常终了。
2018-05-06 20:57:17.3629 [TRACE] :  上下板开始...
2018-05-06 20:57:19.7653 [TRACE] :  出口有板，等待后机要板信号...
2018-05-06 20:57:19.7809 [TRACE] :  收到后机要板信号，开始基板搬送...
2018-05-06 20:57:20.7637 [TRACE] :  基板搬送完成。
2018-05-06 20:57:25.8026 [TRACE] :  轨道入口有板，挡板气缸升起，开始基板搬送...
2018-05-06 20:57:30.6854 [TRACE] :  开始取料...
2018-05-06 20:57:30.7166 [TRACE] :  A头取料开始，发送取料命令：12
2018-05-06 20:57:30.7166 [TRACE] :  取料命令发送成功，等待取料完成。
2018-05-06 20:57:33.3062 [TRACE] :  A头取料完成。
2018-05-06 20:57:35.0066 [TRACE] :  到达A头拍照点，触发相机定位...
2018-05-06 20:57:35.0222 [TRACE] :  A头物料定位完成！
2018-05-06 20:57:37.1438 [TRACE] :  到达Mark Point拍照位，触发相机定位...
2018-05-06 20:57:37.1594 [TRACE] :  Mark Point A拍照定位完成！
2018-05-06 20:57:38.4074 [TRACE] :  到达Mark Point B 拍照位，触发相机定位...
2018-05-06 20:57:38.4230 [TRACE] :  Mark Point B拍照定位完成！
2018-05-06 20:57:38.4386 [TRACE] :  开始插件...
2018-05-06 20:57:38.4698 [TRACE] :  A头插件开始，发送插件点坐标...
2018-05-06 20:57:38.4698 [TRACE] :  PointA: [ 119.572998046875 , 100.65299987793 , 63.2480010986328 , -60.0050010681152 ]
2018-05-06 20:57:38.4698 [TRACE] :  A头插件坐标发送成功，发送插件指令...
2018-05-06 20:57:39.2342 [TRACE] :  插件命令发送成功，等待插件完成。
2018-05-06 20:57:42.9158 [TRACE] :  A头插件完成。
2018-05-06 20:57:42.9782 [TRACE] :  正常终了，完成一块PCB插件。
2018-05-06 20:57:42.9938 [TRACE] :  参数设置成功，初始化完成，开始基板搬送...
2018-05-06 20:57:43.0094 [TRACE] :  上下板平台气缸复原
2018-05-06 20:57:43.5242 [TRACE] :  气缸到位，正常终了。
2018-05-06 20:57:43.5398 [TRACE] :  上下板开始...
2018-05-06 20:57:45.9598 [TRACE] :  出口有板，等待后机要板信号...
2018-05-06 20:57:45.9754 [TRACE] :  收到后机要板信号，开始基板搬送...
2018-05-06 20:57:47.0986 [TRACE] :  基板搬送完成。
2018-05-06 20:58:51.9217 [TRACE] :  轨道入口有板，挡板气缸升起，开始基板搬送...
2018-05-06 20:58:56.1659 [TRACE] :  开始取料...
2018-05-06 20:58:56.1971 [TRACE] :  A头取料开始，发送取料命令：12
2018-05-06 20:58:56.1971 [TRACE] :  取料命令发送成功，等待取料完成。
2018-05-06 20:58:58.7867 [TRACE] :  A头取料完成。
2018-05-06 20:59:00.5027 [TRACE] :  到达A头拍照点，触发相机定位...
2018-05-06 20:59:00.5183 [TRACE] :  A头物料定位完成！
2018-05-06 20:59:02.6867 [TRACE] :  到达Mark Point拍照位，触发相机定位...
2018-05-06 20:59:02.7023 [TRACE] :  Mark Point A拍照定位完成！
2018-05-06 20:59:04.0439 [TRACE] :  到达Mark Point B 拍照位，触发相机定位...
2018-05-06 20:59:04.0595 [TRACE] :  Mark Point B拍照定位完成！
2018-05-06 20:59:04.0751 [TRACE] :  开始插件...
2018-05-06 20:59:04.1063 [TRACE] :  A头插件开始，发送插件点坐标...
2018-05-06 20:59:04.1063 [TRACE] :  PointA: [ 119.572998046875 , 100.65299987793 , 63.2480010986328 , -60.0050010681152 ]
2018-05-06 20:59:04.1063 [TRACE] :  A头插件坐标发送成功，发送插件指令...
2018-05-06 20:59:04.8863 [TRACE] :  插件命令发送成功，等待插件完成。
2018-05-06 20:59:08.5835 [TRACE] :  A头插件完成。
2018-05-06 20:59:08.6459 [TRACE] :  正常终了，完成一块PCB插件。
2018-05-06 20:59:08.6615 [TRACE] :  参数设置成功，初始化完成，开始基板搬送...
2018-05-06 20:59:08.6771 [TRACE] :  上下板平台气缸复原
2018-05-06 20:59:09.1919 [TRACE] :  气缸到位，正常终了。
2018-05-06 20:59:09.2075 [TRACE] :  上下板开始...
2018-05-06 20:59:11.6099 [TRACE] :  出口有板，等待后机要板信号...
2018-05-06 20:59:11.6255 [TRACE] :  收到后机要板信号，开始基板搬送...
2018-05-06 20:59:12.7487 [TRACE] :  基板搬送完成。
2018-05-06 21:00:30.0525 [TRACE] :  插件初始化...
2018-05-06 21:00:30.0993 [TRACE] :  设置坐标参数至Robot...
2018-05-06 21:00:35.8557 [TRACE] :  参数设置成功，初始化完成，开始基板搬送...
2018-05-06 21:00:35.8713 [TRACE] :  上下板平台气缸复原
2018-05-06 21:00:36.5577 [TRACE] :  气缸到位，正常终了。
2018-05-06 21:00:36.5733 [TRACE] :  上下板开始...
2018-05-06 21:00:42.6749 [TRACE] :  轨道入口有板，挡板气缸升起，开始基板搬送...
2018-05-06 21:00:47.1522 [TRACE] :  开始取料...
2018-05-06 21:00:53.0334 [TRACE] :  A头取料开始，发送取料命令：11
2018-05-06 21:00:53.0334 [TRACE] :  取料命令发送成功，等待取料完成。
2018-05-06 21:00:56.1378 [TRACE] :  A头取料完成。
2018-05-06 21:00:56.1690 [TRACE] :  B头取料开始，发送取料指令：12
2018-05-06 21:00:56.1690 [TRACE] :  取料命令发送成功，等待取料完成。
2018-05-06 21:01:00.5682 [TRACE] :  B头取料完成。
2018-05-06 21:01:13.2988 [TRACE] :  C头取料开始，发送取料指令：11
2018-05-06 21:01:13.3144 [TRACE] :  取料命令发送成功，等待取料完成。
2018-05-06 21:05:22.7862 [TRACE] :  插件初始化...
2018-05-06 21:05:22.8322 [TRACE] :  设置坐标参数至Robot...
2018-05-06 21:05:27.2735 [TRACE] :  参数设置成功，初始化完成，开始基板搬送...
2018-05-06 21:05:27.2915 [TRACE] :  上下板平台气缸复原
2018-05-06 21:05:27.8005 [TRACE] :  气缸到位，正常终了。
2018-05-06 21:05:27.8105 [TRACE] :  上下板开始...
2018-05-06 21:05:27.8515 [TRACE] :  轨道入口有板，挡板气缸升起，开始基板搬送...
2018-05-06 21:05:31.3927 [TRACE] :  开始取料...
2018-05-06 21:05:31.4147 [TRACE] :  A头取料开始，发送取料命令：11
2018-05-06 21:05:31.4147 [TRACE] :  取料命令发送成功，等待取料完成。
2018-05-06 21:05:34.5209 [TRACE] :  A头取料完成。
2018-05-06 21:05:34.5439 [TRACE] :  B头取料开始，发送取料指令：12
2018-05-06 21:05:34.5499 [TRACE] :  取料命令发送成功，等待取料完成。
2018-05-06 21:05:38.9162 [TRACE] :  B头取料完成。
2018-05-06 21:05:38.9432 [TRACE] :  C头取料开始，发送取料指令：11
2018-05-06 21:05:38.9502 [TRACE] :  取料命令发送成功，等待取料完成。
2018-05-06 21:05:43.2434 [TRACE] :  C头取料完成。
2018-05-06 21:05:46.5776 [TRACE] :  到达A头拍照点，触发相机定位...
2018-05-06 21:05:46.5916 [TRACE] :  A头物料定位完成！
2018-05-06 21:05:47.8517 [TRACE] :  到达B头拍照点，触发相机定位...
2018-05-06 21:05:47.8647 [TRACE] :  B头物料定位完成！
2018-05-06 21:05:50.3208 [TRACE] :  到达C头拍照点，触发相机定位...
2018-05-06 21:05:50.3328 [TRACE] :  物料定位完成！
2018-05-06 21:05:52.4269 [TRACE] :  到达Mark Point拍照位，触发相机定位...
2018-05-06 21:05:52.4389 [TRACE] :  Mark Point A拍照定位完成！
2018-05-06 21:05:53.5200 [TRACE] :  到达Mark Point B 拍照位，触发相机定位...
2018-05-06 21:05:53.5330 [TRACE] :  Mark Point B拍照定位完成！
2018-05-06 21:05:53.5330 [TRACE] :  开始插件...
2018-05-06 21:05:53.5690 [TRACE] :  A头插件开始，发送插件点坐标...
2018-05-06 21:05:53.5690 [TRACE] :  PointA: [ 97.075 , 118.649 , 18.246 , -60 ]
2018-05-06 21:05:53.5790 [TRACE] :  A头插件坐标发送成功，发送插件指令...
2018-05-06 21:05:54.1240 [TRACE] :  插件命令发送成功，等待插件完成。
2018-05-06 21:05:55.7321 [TRACE] :  A头插件完成。
2018-05-06 21:05:55.7531 [TRACE] :  B头插件开始，发送插件点坐标...
2018-05-06 21:05:55.7531 [TRACE] :  PointB: [ 97.075 , 118 , 18 , -60 ]
2018-05-06 21:05:55.7531 [TRACE] :  B头插件坐标发送成功，发送插件指令...
2018-05-06 21:05:56.3312 [TRACE] :  插件命令发送成功，等待插件完成。
2018-05-06 21:05:57.9032 [WARN] :  B头插件失败。
2018-05-06 21:07:48.0092 [TRACE] :  C头插件开始，发送插件点坐标...
2018-05-06 21:12:08.0607 [TRACE] :  插件初始化...
2018-05-06 21:12:08.1231 [TRACE] :  设置坐标参数至Robot...
2018-05-06 21:12:12.8500 [TRACE] :  参数设置成功，初始化完成，开始基板搬送...
2018-05-06 21:12:12.8656 [TRACE] :  上下板平台气缸复原
2018-05-06 21:12:13.4272 [TRACE] :  气缸到位，正常终了。
2018-05-06 21:12:13.4428 [TRACE] :  上下板开始...
2018-05-06 21:12:13.4896 [TRACE] :  轨道入口有板，挡板气缸升起，开始基板搬送...
2018-05-06 21:12:17.1576 [TRACE] :  开始取料...
2018-05-06 21:12:25.4568 [TRACE] :  A头取料开始，发送取料命令：11
2018-05-06 21:12:25.4568 [TRACE] :  取料命令发送成功，等待取料完成。
2018-05-06 21:12:28.5612 [TRACE] :  A头取料完成。
2018-05-06 21:12:28.5924 [TRACE] :  B头取料开始，发送取料指令：12
2018-05-06 21:12:28.5924 [TRACE] :  取料命令发送成功，等待取料完成。
2018-05-06 21:12:32.9604 [TRACE] :  B头取料完成。
2018-05-06 21:12:32.9916 [TRACE] :  C头取料开始，发送取料指令：11
2018-05-06 21:12:32.9916 [TRACE] :  取料命令发送成功，等待取料完成。
2018-05-06 21:12:37.2660 [TRACE] :  C头取料完成。
2018-05-06 21:12:40.5888 [TRACE] :  到达A头拍照点，触发相机定位...
2018-05-06 21:12:40.6044 [TRACE] :  A头物料定位完成！
2018-05-06 21:12:41.8680 [TRACE] :  到达B头拍照点，触发相机定位...
2018-05-06 21:12:41.8836 [TRACE] :  B头物料定位完成！
2018-05-06 21:12:44.3484 [TRACE] :  到达C头拍照点，触发相机定位...
2018-05-06 21:12:44.3640 [TRACE] :  物料定位完成！
2018-05-06 21:12:46.4544 [TRACE] :  到达Mark Point拍照位，触发相机定位...
2018-05-06 21:12:46.4700 [TRACE] :  Mark Point A拍照定位完成！
2018-05-06 21:12:47.5620 [TRACE] :  到达Mark Point B 拍照位，触发相机定位...
2018-05-06 21:12:47.5776 [TRACE] :  Mark Point B拍照定位完成！
2018-05-06 21:12:47.5932 [TRACE] :  开始插件...
2018-05-06 21:12:47.6244 [TRACE] :  A头插件开始，发送插件点坐标...
2018-05-06 21:12:47.6244 [TRACE] :  PointA: [ 97.075 , 118.649 , 18.246 , -60 ]
2018-05-06 21:12:47.6244 [TRACE] :  A头插件坐标发送成功，发送插件指令...
2018-05-06 21:12:48.2016 [TRACE] :  插件命令发送成功，等待插件完成。
2018-05-06 21:12:49.8240 [TRACE] :  A头插件完成。
2018-05-06 21:12:49.8552 [TRACE] :  B头插件开始，发送插件点坐标...
2018-05-06 21:12:49.8552 [TRACE] :  PointB: [ 119.572998046875 , 100.65299987793 , 63.2480010986328 , -60.0050010681152 ]
2018-05-06 21:12:49.8552 [TRACE] :  B头插件坐标发送成功，发送插件指令...
2018-05-06 21:12:50.4636 [TRACE] :  插件命令发送成功，等待插件完成。
2018-05-06 21:12:52.0548 [WARN] :  B头插件失败。
2018-05-06 21:14:42.1603 [TRACE] :  C头插件开始，发送插件点坐标...
2018-05-06 21:14:42.1603 [TRACE] :  PointC: [ 97.075 , 118 , 18 , -60 ]
2018-05-06 21:14:42.1603 [TRACE] :  C头插件坐标发送成功，发送插件指令...
2018-05-06 21:14:42.7531 [TRACE] :  插件命令发送成功，等待插件完成。
2018-05-06 21:14:54.4532 [WARN] :  C头插件失败。
2018-05-06 21:15:05.0300 [TRACE] :  开始取料...
2018-05-06 21:15:53.3619 [TRACE] :  插件初始化...
2018-05-06 21:15:53.4087 [TRACE] :  设置坐标参数至Robot...
2018-05-06 21:15:58.1199 [TRACE] :  参数设置成功，初始化完成，开始基板搬送...
2018-05-06 21:15:58.1355 [TRACE] :  上下板平台气缸复原
2018-05-06 21:15:58.6659 [TRACE] :  气缸到位，正常终了。
2018-05-06 21:15:58.6815 [TRACE] :  上下板开始...
2018-05-06 21:15:58.7283 [TRACE] :  轨道入口有板，挡板气缸升起，开始基板搬送...
2018-05-06 21:16:02.3319 [TRACE] :  开始取料...
2018-05-06 21:16:02.3631 [TRACE] :  A头取料开始，发送取料命令：11
2018-05-06 21:16:02.3631 [TRACE] :  取料命令发送成功，等待取料完成。
2018-05-06 21:16:05.4631 [TRACE] :  A头取料完成。
2018-05-06 21:16:05.4943 [TRACE] :  B头取料开始，发送取料指令：12
2018-05-06 21:16:05.4943 [TRACE] :  取料命令发送成功，等待取料完成。
2018-05-06 21:16:09.8594 [TRACE] :  B头取料完成。
2018-05-06 21:16:13.9579 [TRACE] :  C头取料开始，发送取料指令：11
2018-05-06 21:16:13.9579 [TRACE] :  取料命令发送成功，等待取料完成。
2018-05-06 21:16:18.2323 [TRACE] :  C头取料完成。
2018-05-06 21:16:21.5551 [TRACE] :  到达A头拍照点，触发相机定位...
2018-05-06 21:16:21.5707 [TRACE] :  A头物料定位完成！
2018-05-06 21:16:22.8499 [TRACE] :  到达B头拍照点，触发相机定位...
2018-05-06 21:16:22.8655 [TRACE] :  B头物料定位完成！
2018-05-06 21:16:25.3313 [TRACE] :  到达C头拍照点，触发相机定位...
2018-05-06 21:16:25.3469 [TRACE] :  物料定位完成！
2018-05-06 21:16:27.4529 [TRACE] :  到达Mark Point拍照位，触发相机定位...
2018-05-06 21:16:27.4685 [TRACE] :  Mark Point A拍照定位完成！
2018-05-06 21:16:28.6073 [TRACE] :  到达Mark Point B 拍照位，触发相机定位...
2018-05-06 21:16:28.6385 [TRACE] :  Mark Point B拍照定位完成！
2018-05-06 21:16:28.6541 [TRACE] :  开始插件...
2018-05-06 21:16:28.6853 [TRACE] :  A头插件开始，发送插件点坐标...
2018-05-06 21:16:28.6853 [TRACE] :  PointA: [ 97.075 , 118.649 , 18.246 , -60 ]
2018-05-06 21:16:28.6853 [TRACE] :  A头插件坐标发送成功，发送插件指令...
2018-05-06 21:16:29.2469 [TRACE] :  插件命令发送成功，等待插件完成。
2018-05-06 21:16:30.8693 [TRACE] :  A头插件完成。
2018-05-06 21:16:30.9005 [TRACE] :  B头插件开始，发送插件点坐标...
2018-05-06 21:16:30.9005 [TRACE] :  PointB: [ 119.572998046875 , 100.65299987793 , 63.2480010986328 , -60.0050010681152 ]
2018-05-06 21:16:30.9005 [TRACE] :  B头插件坐标发送成功，发送插件指令...
2018-05-06 21:16:31.4933 [TRACE] :  插件命令发送成功，等待插件完成。
2018-05-06 21:17:43.2820 [WARN] :  B头插件失败。
2018-05-06 21:21:33.9521 [TRACE] :  插件初始化...
2018-05-06 21:21:33.9989 [TRACE] :  设置坐标参数至Robot...
2018-05-06 21:21:38.7725 [TRACE] :  参数设置成功，初始化完成，开始基板搬送...
2018-05-06 21:21:38.7881 [TRACE] :  上下板平台气缸复原
2018-05-06 21:21:39.3029 [TRACE] :  气缸到位，正常终了。
2018-05-06 21:21:39.3185 [TRACE] :  上下板开始...
2018-05-06 21:21:41.8925 [TRACE] :  轨道入口有板，挡板气缸升起，开始基板搬送...
2018-05-06 21:21:46.0763 [TRACE] :  开始取料...
2018-05-06 21:21:46.1075 [TRACE] :  A头取料开始，发送取料命令：11
2018-05-06 21:21:46.1075 [TRACE] :  取料命令发送成功，等待取料完成。
2018-05-06 21:21:49.2119 [TRACE] :  A头取料完成。
2018-05-06 21:21:49.2431 [TRACE] :  B头取料开始，发送取料指令：12
2018-05-06 21:21:49.2431 [TRACE] :  取料命令发送成功，等待取料完成。
2018-05-06 21:21:53.6111 [TRACE] :  B头取料完成。
2018-05-06 21:21:55.7951 [TRACE] :  C头取料开始，发送取料指令：11
2018-05-06 21:21:55.8107 [TRACE] :  取料命令发送成功，等待取料完成。
2018-05-06 21:22:00.0695 [TRACE] :  C头取料完成。
2018-05-06 21:22:03.3923 [TRACE] :  到达A头拍照点，触发相机定位...
2018-05-06 21:22:03.4079 [TRACE] :  A头物料定位完成！
2018-05-06 21:22:04.6871 [TRACE] :  到达B头拍照点，触发相机定位...
2018-05-06 21:22:04.7027 [TRACE] :  B头物料定位完成！
2018-05-06 21:22:07.1675 [TRACE] :  到达C头拍照点，触发相机定位...
2018-05-06 21:22:07.1831 [TRACE] :  物料定位完成！
2018-05-06 21:22:09.2735 [TRACE] :  到达Mark Point拍照位，触发相机定位...
2018-05-06 21:22:09.2891 [TRACE] :  Mark Point A拍照定位完成！
2018-05-06 21:22:10.3811 [TRACE] :  到达Mark Point B 拍照位，触发相机定位...
2018-05-06 21:22:10.3967 [TRACE] :  Mark Point B拍照定位完成！
2018-05-06 21:22:10.4123 [TRACE] :  开始插件...
2018-05-06 21:22:10.4435 [TRACE] :  A头插件开始，发送插件点坐标...
2018-05-06 21:22:10.4435 [TRACE] :  PointA: [ 97.075 , 118.649 , 18.246 , -60 ]
2018-05-06 21:22:10.4591 [TRACE] :  A头插件坐标发送成功，发送插件指令...
2018-05-06 21:22:11.0675 [TRACE] :  插件命令发送成功，等待插件完成。
2018-05-06 21:22:25.1077 [TRACE] :  A头插件完成。
2018-05-06 21:22:25.1389 [TRACE] :  B头插件开始，发送插件点坐标...
2018-05-06 21:22:25.1389 [TRACE] :  PointB: [ 119.572998046875 , 100.65299987793 , 63.2480010986328 , -60.0050010681152 ]
2018-05-06 21:22:25.1389 [TRACE] :  B头插件坐标发送成功，发送插件指令...
2018-05-06 21:22:30.7145 [TRACE] :  插件命令发送成功，等待插件完成。
2018-05-06 21:22:40.5985 [TRACE] :  B头插件完成。
2018-05-06 21:22:40.6297 [TRACE] :  C头插件开始，发送插件点坐标...
2018-05-06 21:22:40.6297 [TRACE] :  PointC: [ 97.075 , 118 , 18 , -60 ]
2018-05-06 21:22:40.6297 [TRACE] :  C头插件坐标发送成功，发送插件指令...
2018-05-06 21:22:41.2069 [TRACE] :  插件命令发送成功，等待插件完成。
2018-05-06 21:22:42.4237 [WARN] :  C头插件失败。
2018-05-06 21:24:58.9949 [TRACE] :  插件初始化...
2018-05-06 21:24:59.0417 [TRACE] :  设置坐标参数至Robot...
2018-05-06 21:25:03.7062 [TRACE] :  参数设置成功，初始化完成，开始基板搬送...
2018-05-06 21:25:03.7218 [TRACE] :  上下板平台气缸复原
2018-05-06 21:25:04.2366 [TRACE] :  气缸到位，正常终了。
2018-05-06 21:25:04.2522 [TRACE] :  上下板开始...
2018-05-06 21:25:04.2990 [TRACE] :  轨道入口有板，挡板气缸升起，开始基板搬送...
2018-05-06 21:25:07.9806 [TRACE] :  开始取料...
2018-05-06 21:25:08.0118 [TRACE] :  A头取料开始，发送取料命令：11
2018-05-06 21:25:08.0118 [TRACE] :  取料命令发送成功，等待取料完成。
2018-05-06 21:25:11.1162 [TRACE] :  A头取料完成。
2018-05-06 21:25:11.1474 [TRACE] :  B头取料开始，发送取料指令：12
2018-05-06 21:25:11.1474 [TRACE] :  取料命令发送成功，等待取料完成。
2018-05-06 21:25:15.5154 [TRACE] :  B头取料完成。
2018-05-06 21:25:15.5466 [TRACE] :  C头取料开始，发送取料指令：11
2018-05-06 21:25:15.5466 [TRACE] :  取料命令发送成功，等待取料完成。
2018-05-06 21:25:19.8230 [TRACE] :  C头取料完成。
2018-05-06 21:25:23.1614 [TRACE] :  到达A头拍照点，触发相机定位...
2018-05-06 21:25:23.1770 [TRACE] :  A头物料定位完成！
2018-05-06 21:25:24.4406 [TRACE] :  到达B头拍照点，触发相机定位...
2018-05-06 21:25:24.4562 [TRACE] :  B头物料定位完成！
2018-05-06 21:25:26.9210 [TRACE] :  到达C头拍照点，触发相机定位...
2018-05-06 21:25:26.9366 [TRACE] :  物料定位完成！
2018-05-06 21:25:29.0426 [TRACE] :  到达Mark Point拍照位，触发相机定位...
2018-05-06 21:25:29.0582 [TRACE] :  Mark Point A拍照定位完成！
2018-05-06 21:25:30.1658 [TRACE] :  到达Mark Point B 拍照位，触发相机定位...
2018-05-06 21:25:30.1814 [TRACE] :  Mark Point B拍照定位完成！
2018-05-06 21:25:30.1970 [TRACE] :  开始插件...
2018-05-06 21:25:30.2282 [TRACE] :  A头插件开始，发送插件点坐标...
2018-05-06 21:25:30.2282 [TRACE] :  PointA: [ 97.075 , 118.649 , 18.246 , -60 ]
2018-05-06 21:25:30.2282 [TRACE] :  A头插件坐标发送成功，发送插件指令...
2018-05-06 21:25:30.7898 [TRACE] :  插件命令发送成功，等待插件完成。
2018-05-06 21:25:32.4122 [TRACE] :  A头插件完成。
2018-05-06 21:25:32.4434 [TRACE] :  B头插件开始，发送插件点坐标...
2018-05-06 21:25:32.4434 [TRACE] :  PointB: [ 119.572998046875 , 100.65299987793 , 63.2480010986328 , -60.0050010681152 ]
2018-05-06 21:25:32.4434 [TRACE] :  B头插件坐标发送成功，发送插件指令...
2018-05-06 21:25:33.0050 [TRACE] :  插件命令发送成功，等待插件完成。
2018-05-06 21:25:36.2654 [TRACE] :  B头插件完成。
2018-05-06 21:25:36.2966 [TRACE] :  C头插件开始，发送插件点坐标...
2018-05-06 21:25:36.2966 [TRACE] :  PointC: [ 97.075 , 118 , 18 , -60 ]
2018-05-06 21:25:36.2966 [TRACE] :  C头插件坐标发送成功，发送插件指令...
2018-05-06 21:25:36.8738 [TRACE] :  插件命令发送成功，等待插件完成。
2018-05-06 21:25:37.9346 [TRACE] :  C头插件完成。
2018-05-06 21:25:37.9814 [TRACE] :  正常终了，完成一块PCB插件。
2018-05-06 21:25:37.9970 [TRACE] :  参数设置成功，初始化完成，开始基板搬送...
2018-05-06 21:25:38.0126 [TRACE] :  上下板平台气缸复原
2018-05-06 21:25:38.5274 [TRACE] :  气缸到位，正常终了。
2018-05-06 21:25:38.5430 [TRACE] :  上下板开始...
2018-05-06 21:25:40.9454 [TRACE] :  出口有板，等待后机要板信号...
2018-05-06 21:25:40.9610 [TRACE] :  收到后机要板信号，开始基板搬送...
2018-05-06 21:25:41.9438 [TRACE] :  基板搬送完成。
2018-05-06 21:31:35.6113 [TRACE] :  插件初始化...
2018-05-06 21:31:35.6738 [TRACE] :  设置坐标参数至Robot...
2018-05-06 21:31:40.4474 [TRACE] :  参数设置成功，初始化完成，开始基板搬送...
2018-05-06 21:31:40.4630 [TRACE] :  上下板平台气缸复原
2018-05-06 21:31:40.9778 [TRACE] :  气缸到位，正常终了。
2018-05-06 21:31:40.9934 [TRACE] :  上下板开始...
2018-05-06 21:31:48.1070 [TRACE] :  轨道入口有板，挡板气缸升起，开始基板搬送...
2018-05-06 21:31:52.4906 [TRACE] :  开始取料...
2018-05-06 21:31:52.5218 [TRACE] :  A头取料开始，发送取料命令：11
2018-05-06 21:31:52.5374 [TRACE] :  取料命令发送成功，等待取料完成。
2018-05-06 21:31:55.6342 [TRACE] :  A头取料完成。
2018-05-06 21:31:55.6654 [TRACE] :  B头取料开始，发送取料指令：12
2018-05-06 21:31:55.6654 [TRACE] :  取料命令发送成功，等待取料完成。
2018-05-06 21:32:00.0334 [TRACE] :  B头取料完成。
2018-05-06 21:32:00.0646 [TRACE] :  C头取料开始，发送取料指令：11
2018-05-06 21:32:00.0646 [TRACE] :  取料命令发送成功，等待取料完成。
2018-05-06 21:32:04.3390 [TRACE] :  C头取料完成。
2018-05-06 21:32:07.6618 [TRACE] :  到达A头拍照点，触发相机定位...
2018-05-06 21:32:07.6774 [TRACE] :  A头物料定位完成！
2018-05-06 21:32:08.9410 [TRACE] :  到达B头拍照点，触发相机定位...
2018-05-06 21:32:08.9566 [TRACE] :  B头物料定位完成！
2018-05-06 21:32:11.4214 [TRACE] :  到达C头拍照点，触发相机定位...
2018-05-06 21:32:11.4370 [TRACE] :  物料定位完成！
2018-05-06 21:32:13.5274 [TRACE] :  到达Mark Point拍照位，触发相机定位...
2018-05-06 21:32:13.5430 [TRACE] :  Mark Point A拍照定位完成！
2018-05-06 21:32:14.6506 [TRACE] :  到达Mark Point B 拍照位，触发相机定位...
2018-05-06 21:32:14.6662 [TRACE] :  Mark Point B拍照定位完成！
2018-05-06 21:32:14.6818 [TRACE] :  开始插件...
2018-05-06 21:32:14.7130 [TRACE] :  A头插件开始，发送插件点坐标...
2018-05-06 21:32:14.7130 [TRACE] :  PointA: [ 97.075 , 118.649 , 18.246 , -60 ]
2018-05-06 21:32:14.7130 [TRACE] :  A头插件坐标发送成功，发送插件指令...
2018-05-06 21:32:15.2902 [TRACE] :  插件命令发送成功，等待插件完成。
2018-05-06 21:32:16.9126 [TRACE] :  A头插件完成。
2018-05-06 21:32:16.9438 [TRACE] :  B头插件开始，发送插件点坐标...
2018-05-06 21:32:16.9438 [TRACE] :  PointB: [ 119.572998046875 , 100.65299987793 , 63.2480010986328 , -179.005001068115 ]
2018-05-06 21:32:16.9438 [TRACE] :  B头插件坐标发送成功，发送插件指令...
2018-05-06 21:32:17.5678 [TRACE] :  插件命令发送成功，等待插件完成。
2018-05-06 21:32:24.1666 [TRACE] :  B头插件完成。
2018-05-06 21:32:24.1978 [TRACE] :  C头插件开始，发送插件点坐标...
2018-05-06 21:32:24.1978 [TRACE] :  PointC: [ 97.075 , 118 , 18 , -182 ]
2018-05-06 21:32:24.1978 [TRACE] :  C头插件坐标发送成功，发送插件指令...
2018-05-06 21:32:24.8062 [TRACE] :  插件命令发送成功，等待插件完成。
2018-05-06 21:32:25.8670 [TRACE] :  C头插件完成。
2018-05-06 21:32:25.8982 [TRACE] :  正常终了，完成一块PCB插件。
2018-05-06 21:32:25.9138 [TRACE] :  参数设置成功，初始化完成，开始基板搬送...
2018-05-06 21:32:25.9294 [TRACE] :  上下板平台气缸复原
2018-05-06 21:32:26.4442 [TRACE] :  气缸到位，正常终了。
2018-05-06 21:32:26.4598 [TRACE] :  上下板开始...
2018-05-06 21:32:28.8622 [TRACE] :  出口有板，等待后机要板信号...
2018-05-06 21:32:28.8778 [TRACE] :  收到后机要板信号，开始基板搬送...
2018-05-06 21:32:29.9416 [TRACE] :  基板搬送完成。
2018-05-06 21:33:56.2261 [TRACE] :  轨道入口有板，挡板气缸升起，开始基板搬送...
2018-05-06 21:34:00.5317 [TRACE] :  开始取料...
2018-05-06 21:34:00.5629 [TRACE] :  A头取料开始，发送取料命令：11
2018-05-06 21:34:00.5629 [TRACE] :  取料命令发送成功，等待取料完成。
2018-05-06 21:34:06.0385 [TRACE] :  A头取料完成。
2018-05-06 21:34:06.0697 [TRACE] :  B头取料开始，发送取料指令：12
2018-05-06 21:34:06.0697 [TRACE] :  取料命令发送成功，等待取料完成。
2018-05-06 21:34:10.4377 [TRACE] :  B头取料完成。
2018-05-06 21:34:10.4689 [TRACE] :  C头取料开始，发送取料指令：11
2018-05-06 21:34:10.4689 [TRACE] :  取料命令发送成功，等待取料完成。
2018-05-06 21:34:14.7433 [TRACE] :  C头取料完成。
2018-05-06 21:34:18.0661 [TRACE] :  到达A头拍照点，触发相机定位...
2018-05-06 21:34:18.0827 [TRACE] :  A头物料定位完成！
2018-05-06 21:34:19.3463 [TRACE] :  到达B头拍照点，触发相机定位...
2018-05-06 21:34:19.3619 [TRACE] :  B头物料定位完成！
2018-05-06 21:34:21.8267 [TRACE] :  到达C头拍照点，触发相机定位...
2018-05-06 21:34:21.8423 [TRACE] :  物料定位完成！
2018-05-06 21:34:23.9483 [TRACE] :  到达Mark Point拍照位，触发相机定位...
2018-05-06 21:34:23.9639 [TRACE] :  Mark Point A拍照定位完成！
2018-05-06 21:34:25.1495 [TRACE] :  到达Mark Point B 拍照位，触发相机定位...
2018-05-06 21:34:25.1651 [TRACE] :  Mark Point B拍照定位完成！
2018-05-06 21:34:25.1807 [TRACE] :  开始插件...
2018-05-06 21:34:25.2119 [TRACE] :  A头插件开始，发送插件点坐标...
2018-05-06 21:34:25.2119 [TRACE] :  PointA: [ 97.075 , 118.649 , 18.246 , -60 ]
2018-05-06 21:34:25.2119 [TRACE] :  A头插件坐标发送成功，发送插件指令...
2018-05-06 21:34:25.8827 [TRACE] :  插件命令发送成功，等待插件完成。
2018-05-06 21:34:27.5207 [TRACE] :  A头插件完成。
2018-05-06 21:34:27.5519 [TRACE] :  B头插件开始，发送插件点坐标...
2018-05-06 21:34:27.5519 [TRACE] :  PointB: [ 119.572998046875 , 100.65299987793 , 63.2480010986328 , -179.005001068115 ]
2018-05-06 21:34:27.5519 [TRACE] :  B头插件坐标发送成功，发送插件指令...
2018-05-06 21:34:28.1447 [TRACE] :  插件命令发送成功，等待插件完成。
2018-05-06 21:34:31.9823 [TRACE] :  B头插件完成。
2018-05-06 21:34:32.0135 [TRACE] :  C头插件开始，发送插件点坐标...
2018-05-06 21:34:32.0135 [TRACE] :  PointC: [ 97.075 , 118 , 18 , 62 ]
2018-05-06 21:34:32.0135 [TRACE] :  C头插件坐标发送成功，发送插件指令...
2018-05-06 21:34:32.6219 [TRACE] :  插件命令发送成功，等待插件完成。
2018-05-06 21:34:35.4611 [TRACE] :  C头插件完成。
2018-05-06 21:34:35.4923 [TRACE] :  正常终了，完成一块PCB插件。
2018-05-06 21:34:35.5079 [TRACE] :  参数设置成功，初始化完成，开始基板搬送...
2018-05-06 21:34:35.5235 [TRACE] :  上下板平台气缸复原
2018-05-06 21:34:36.0383 [TRACE] :  气缸到位，正常终了。
2018-05-06 21:34:36.0539 [TRACE] :  上下板开始...
2018-05-06 21:34:38.4408 [TRACE] :  出口有板，等待后机要板信号...
2018-05-06 21:34:38.4564 [TRACE] :  收到后机要板信号，开始基板搬送...
2018-05-06 21:34:39.5952 [TRACE] :  基板搬送完成。
2018-05-06 21:35:17.0518 [TRACE] :  轨道入口有板，挡板气缸升起，开始基板搬送...
2018-05-06 21:35:21.3106 [TRACE] :  开始取料...
2018-05-06 21:35:21.3418 [TRACE] :  A头取料开始，发送取料命令：11
2018-05-06 21:35:21.3418 [TRACE] :  取料命令发送成功，等待取料完成。
2018-05-06 21:35:26.8174 [TRACE] :  A头取料完成。
2018-05-06 21:35:26.8486 [TRACE] :  B头取料开始，发送取料指令：12
2018-05-06 21:35:26.8486 [TRACE] :  取料命令发送成功，等待取料完成。
2018-05-06 21:35:31.2186 [TRACE] :  B头取料完成。
2018-05-06 21:35:31.2498 [TRACE] :  C头取料开始，发送取料指令：11
2018-05-06 21:35:31.2498 [TRACE] :  取料命令发送成功，等待取料完成。
2018-05-06 21:35:35.5243 [TRACE] :  C头取料完成。
2018-05-06 21:35:38.8471 [TRACE] :  到达A头拍照点，触发相机定位...
2018-05-06 21:35:38.8627 [TRACE] :  A头物料定位完成！
2018-05-06 21:35:40.1263 [TRACE] :  到达B头拍照点，触发相机定位...
2018-05-06 21:35:40.1419 [TRACE] :  B头物料定位完成！
2018-05-06 21:35:42.6067 [TRACE] :  到达C头拍照点，触发相机定位...
2018-05-06 21:35:42.6223 [TRACE] :  物料定位完成！
2018-05-06 21:35:44.7283 [TRACE] :  到达Mark Point拍照位，触发相机定位...
2018-05-06 21:35:44.7439 [TRACE] :  Mark Point A拍照定位完成！
2018-05-06 21:35:45.9139 [TRACE] :  到达Mark Point B 拍照位，触发相机定位...
2018-05-06 21:35:45.9295 [TRACE] :  Mark Point B拍照定位完成！
2018-05-06 21:35:45.9451 [TRACE] :  开始插件...
2018-05-06 21:35:45.9763 [TRACE] :  A头插件开始，发送插件点坐标...
2018-05-06 21:35:45.9763 [TRACE] :  PointA: [ 97.075 , 118.649 , 18.246 , -60 ]
2018-05-06 21:35:45.9763 [TRACE] :  A头插件坐标发送成功，发送插件指令...
2018-05-06 21:35:46.6471 [TRACE] :  插件命令发送成功，等待插件完成。
2018-05-06 21:35:48.2539 [TRACE] :  A头插件完成。
2018-05-06 21:35:48.2851 [TRACE] :  B头插件开始，发送插件点坐标...
2018-05-06 21:35:48.2851 [TRACE] :  PointB: [ 119.572998046875 , 100.65299987793 , 63.2480010986328 , -179.005001068115 ]
2018-05-06 21:35:48.2851 [TRACE] :  B头插件坐标发送成功，发送插件指令...
2018-05-06 21:35:48.9247 [TRACE] :  插件命令发送成功，等待插件完成。
2018-05-06 21:35:52.7467 [TRACE] :  B头插件完成。
2018-05-06 21:35:52.7779 [TRACE] :  C头插件开始，发送插件点坐标...
2018-05-06 21:35:52.7779 [TRACE] :  PointC: [ 97.075 , 118 , 18 , 62 ]
2018-05-06 21:35:52.7779 [TRACE] :  C头插件坐标发送成功，发送插件指令...
2018-05-06 21:35:53.3707 [TRACE] :  插件命令发送成功，等待插件完成。
2018-05-06 21:35:56.1943 [TRACE] :  C头插件完成。
2018-05-06 21:35:56.2255 [TRACE] :  正常终了，完成一块PCB插件。
2018-05-06 21:35:56.2411 [TRACE] :  参数设置成功，初始化完成，开始基板搬送...
2018-05-06 21:35:56.2567 [TRACE] :  上下板平台气缸复原
2018-05-06 21:35:56.7715 [TRACE] :  气缸到位，正常终了。
2018-05-06 21:35:56.7871 [TRACE] :  上下板开始...
2018-05-06 21:35:59.1895 [TRACE] :  出口有板，等待后机要板信号...
2018-05-06 21:35:59.2051 [TRACE] :  收到后机要板信号，开始基板搬送...
2018-05-06 21:36:00.2347 [TRACE] :  基板搬送完成。
2018-05-06 21:40:06.4688 [TRACE] :  插件初始化...
2018-05-06 21:40:06.5156 [TRACE] :  设置坐标参数至Robot...
2018-05-06 21:40:11.5388 [TRACE] :  参数设置成功，初始化完成，开始基板搬送...
2018-05-06 21:40:11.5544 [TRACE] :  上下板平台气缸复原
2018-05-06 21:40:12.0692 [TRACE] :  气缸到位，正常终了。
2018-05-06 21:40:12.0848 [TRACE] :  上下板开始...
2018-05-06 21:40:12.1316 [TRACE] :  轨道入口有板，挡板气缸升起，开始基板搬送...
2018-05-06 21:40:15.8912 [TRACE] :  开始取料...
2018-05-06 21:40:15.9224 [TRACE] :  A头取料开始，发送取料命令：11
2018-05-06 21:40:15.9224 [TRACE] :  取料命令发送成功，等待取料完成。
2018-05-06 21:40:17.5136 [TRACE] :  A头取料完成。
2018-05-06 21:40:17.5448 [TRACE] :  B头取料开始，发送取料指令：12
2018-05-06 21:40:17.5448 [TRACE] :  取料命令发送成功，等待取料完成。
2018-05-06 21:40:19.1516 [TRACE] :  B头取料完成。
2018-05-06 21:40:19.1828 [TRACE] :  C头取料开始，发送取料指令：11
2018-05-06 21:40:19.1828 [TRACE] :  取料命令发送成功，等待取料完成。
2018-05-06 21:40:20.1968 [TRACE] :  C头取料完成。
2018-05-06 21:40:21.3532 [TRACE] :  到达A头拍照点，触发相机定位...
2018-05-06 21:40:21.3688 [TRACE] :  A头物料定位完成！
2018-05-06 21:40:22.5232 [TRACE] :  到达B头拍照点，触发相机定位...
2018-05-06 21:40:22.5388 [TRACE] :  B头物料定位完成！
2018-05-06 21:40:23.6932 [TRACE] :  到达C头拍照点，触发相机定位...
2018-05-06 21:40:23.7088 [TRACE] :  物料定位完成！
2018-05-06 21:40:24.8476 [TRACE] :  到达Mark Point拍照位，触发相机定位...
2018-05-06 21:40:24.8632 [TRACE] :  Mark Point A拍照定位完成！
2018-05-06 21:40:25.9708 [TRACE] :  到达Mark Point B 拍照位，触发相机定位...
2018-05-06 21:40:25.9864 [TRACE] :  Mark Point B拍照定位完成！
2018-05-06 21:40:26.0020 [TRACE] :  开始插件...
2018-05-06 21:40:26.0332 [TRACE] :  A头插件开始，发送插件点坐标...
2018-05-06 21:40:26.0332 [TRACE] :  PointA: [ 97.075 , 118.649 , 18.246 , -60 ]
2018-05-06 21:40:26.0488 [TRACE] :  A头插件坐标发送成功，发送插件指令...
2018-05-06 21:40:26.6728 [TRACE] :  插件命令发送成功，等待插件完成。
2018-05-06 21:40:27.6868 [TRACE] :  A头插件完成。
2018-05-06 21:40:27.7180 [TRACE] :  B头插件开始，发送插件点坐标...
2018-05-06 21:40:27.7180 [TRACE] :  PointB: [ 119.572998046875 , 100.65299987793 , 63.2480010986328 , -179.005001068115 ]
2018-05-06 21:40:27.7180 [TRACE] :  B头插件坐标发送成功，发送插件指令...
2018-05-06 21:40:28.3108 [TRACE] :  插件命令发送成功，等待插件完成。
2018-05-06 21:40:29.9488 [TRACE] :  B头插件完成。
2018-05-06 21:40:29.9800 [TRACE] :  C头插件开始，发送插件点坐标...
2018-05-06 21:40:29.9800 [TRACE] :  PointC: [ 97.075 , 118 , 18 , 62 ]
2018-05-06 21:40:29.9800 [TRACE] :  C头插件坐标发送成功，发送插件指令...
2018-05-06 21:40:30.5728 [TRACE] :  插件命令发送成功，等待插件完成。
2018-05-06 21:40:32.2108 [TRACE] :  C头插件完成。
2018-05-06 21:40:32.2420 [TRACE] :  正常终了，完成一块PCB插件。
2018-05-06 21:40:32.2576 [TRACE] :  参数设置成功，初始化完成，开始基板搬送...
2018-05-06 21:40:32.2732 [TRACE] :  上下板平台气缸复原
2018-05-06 21:40:32.7880 [TRACE] :  气缸到位，正常终了。
2018-05-06 21:40:32.8036 [TRACE] :  上下板开始...
2018-05-06 21:40:35.2060 [TRACE] :  出口有板，等待后机要板信号...
2018-05-06 21:40:35.2216 [TRACE] :  收到后机要板信号，开始基板搬送...
2018-05-06 21:40:37.2028 [TRACE] :  基板搬送完成。
2018-05-06 21:42:07.8148 [TRACE] :  轨道入口有板，挡板气缸升起，开始基板搬送...
2018-05-06 21:42:12.4178 [TRACE] :  开始取料...
2018-05-06 21:42:12.4490 [TRACE] :  A头取料开始，发送取料命令：11
2018-05-06 21:42:12.4490 [TRACE] :  取料命令发送成功，等待取料完成。
2018-05-06 21:42:14.0870 [TRACE] :  A头取料完成。
2018-05-06 21:42:14.1182 [TRACE] :  B头取料开始，发送取料指令：12
2018-05-06 21:42:14.1182 [TRACE] :  取料命令发送成功，等待取料完成。
2018-05-06 21:42:15.7406 [TRACE] :  B头取料完成。
2018-05-06 21:42:15.7718 [TRACE] :  C头取料开始，发送取料指令：11
2018-05-06 21:42:15.7718 [TRACE] :  取料命令发送成功，等待取料完成。
2018-05-06 21:42:16.7858 [TRACE] :  C头取料完成。
2018-05-06 21:42:17.9568 [TRACE] :  到达A头拍照点，触发相机定位...
2018-05-06 21:42:17.9724 [TRACE] :  A头物料定位完成！
2018-05-06 21:42:19.0810 [TRACE] :  到达B头拍照点，触发相机定位...
2018-05-06 21:42:19.0966 [TRACE] :  B头物料定位完成！
2018-05-06 21:42:20.2208 [TRACE] :  到达C头拍照点，触发相机定位...
2018-05-06 21:42:20.2364 [TRACE] :  物料定位完成！
2018-05-06 21:42:21.3752 [TRACE] :  到达Mark Point拍照位，触发相机定位...
2018-05-06 21:42:21.3908 [TRACE] :  Mark Point A拍照定位完成！
2018-05-06 21:42:22.6076 [TRACE] :  到达Mark Point B 拍照位，触发相机定位...
2018-05-06 21:42:22.6232 [TRACE] :  Mark Point B拍照定位完成！
2018-05-06 21:42:22.6388 [TRACE] :  开始插件...
2018-05-06 21:42:22.6700 [TRACE] :  A头插件开始，发送插件点坐标...
2018-05-06 21:42:22.6700 [TRACE] :  PointA: [ 97.075 , 118.649 , 18.246 , -60 ]
2018-05-06 21:42:22.6700 [TRACE] :  A头插件坐标发送成功，发送插件指令...
2018-05-06 21:42:23.3096 [TRACE] :  插件命令发送成功，等待插件完成。
2018-05-06 21:42:24.3236 [TRACE] :  A头插件完成。
2018-05-06 21:42:24.3548 [TRACE] :  B头插件开始，发送插件点坐标...
2018-05-06 21:42:24.3548 [TRACE] :  PointB: [ 119.572998046875 , 100.65299987793 , 63.2480010986328 , -179.005001068115 ]
2018-05-06 21:42:24.3548 [TRACE] :  B头插件坐标发送成功，发送插件指令...
2018-05-06 21:42:25.0100 [TRACE] :  插件命令发送成功，等待插件完成。
2018-05-06 21:42:26.6168 [TRACE] :  B头插件完成。
2018-05-06 21:42:26.6480 [TRACE] :  C头插件开始，发送插件点坐标...
2018-05-06 21:42:26.6480 [TRACE] :  PointC: [ 97.075 , 118 , 18 , 62 ]
2018-05-06 21:42:26.6480 [TRACE] :  C头插件坐标发送成功，发送插件指令...
2018-05-06 21:42:27.2564 [TRACE] :  插件命令发送成功，等待插件完成。
2018-05-06 21:42:28.8944 [TRACE] :  C头插件完成。
2018-05-06 21:42:28.9256 [TRACE] :  正常终了，完成一块PCB插件。
2018-05-06 21:42:28.9412 [TRACE] :  参数设置成功，初始化完成，开始基板搬送...
2018-05-06 21:42:28.9568 [TRACE] :  上下板平台气缸复原
2018-05-06 21:42:29.4716 [TRACE] :  气缸到位，正常终了。
2018-05-06 21:42:29.4872 [TRACE] :  上下板开始...
2018-05-06 21:42:31.8740 [TRACE] :  出口有板，等待后机要板信号...
2018-05-06 21:42:31.8896 [TRACE] :  收到后机要板信号，开始基板搬送...
2018-05-06 21:42:33.1552 [TRACE] :  基板搬送完成。
2018-05-06 21:42:49.3142 [TRACE] :  轨道入口有板，挡板气缸升起，开始基板搬送...
2018-05-06 21:42:53.6667 [TRACE] :  开始取料...
2018-05-06 21:43:05.7411 [TRACE] :  A头取料开始，发送取料命令：11
2018-05-06 21:43:05.7411 [TRACE] :  取料命令发送成功，等待取料完成。
2018-05-06 21:43:07.3635 [TRACE] :  A头取料完成。
2018-05-06 21:43:07.3947 [TRACE] :  B头取料开始，发送取料指令：12
2018-05-06 21:43:07.3947 [TRACE] :  取料命令发送成功，等待取料完成。
2018-05-06 21:43:08.5179 [TRACE] :  B头取料完成。
2018-05-06 21:43:08.7519 [TRACE] :  C头取料开始，发送取料指令：11
2018-05-06 21:43:08.7519 [TRACE] :  取料命令发送成功，等待取料完成。
2018-05-06 21:43:10.3743 [TRACE] :  C头取料完成。
2018-05-06 21:43:11.5755 [TRACE] :  到达A头拍照点，触发相机定位...
2018-05-06 21:43:11.5911 [TRACE] :  A头物料定位完成！
2018-05-06 21:43:12.8079 [TRACE] :  到达B头拍照点，触发相机定位...
2018-05-06 21:43:12.8235 [TRACE] :  B头物料定位完成！
2018-05-06 21:43:13.9623 [TRACE] :  到达C头拍照点，触发相机定位...
2018-05-06 21:43:13.9779 [TRACE] :  物料定位完成！
2018-05-06 21:43:15.1167 [TRACE] :  到达Mark Point拍照位，触发相机定位...
2018-05-06 21:43:15.1323 [TRACE] :  Mark Point A拍照定位完成！
2018-05-06 21:43:16.2867 [TRACE] :  到达Mark Point B 拍照位，触发相机定位...
2018-05-06 21:43:16.3023 [TRACE] :  Mark Point B拍照定位完成！
2018-05-06 21:43:16.3179 [TRACE] :  开始插件...
2018-05-06 21:43:16.3491 [TRACE] :  A头插件开始，发送插件点坐标...
2018-05-06 21:43:16.3491 [TRACE] :  PointA: [ 97.075 , 118.649 , 18.246 , -60 ]
2018-05-06 21:43:16.3491 [TRACE] :  A头插件坐标发送成功，发送插件指令...
2018-05-06 21:43:16.9575 [TRACE] :  插件命令发送成功，等待插件完成。
2018-05-06 21:43:17.9715 [TRACE] :  A头插件完成。
2018-05-06 21:43:18.0027 [TRACE] :  B头插件开始，发送插件点坐标...
2018-05-06 21:43:18.0027 [TRACE] :  PointB: [ 119.572998046875 , 100.65299987793 , 63.2480010986328 , -179.005001068115 ]
2018-05-06 21:43:18.0027 [TRACE] :  B头插件坐标发送成功，发送插件指令...
2018-05-06 21:43:18.6111 [TRACE] :  插件命令发送成功，等待插件完成。
2018-05-06 21:43:20.2647 [TRACE] :  B头插件完成。
2018-05-06 21:43:20.2959 [TRACE] :  C头插件开始，发送插件点坐标...
2018-05-06 21:43:20.2959 [TRACE] :  PointC: [ 97.075 , 118 , 18 , 62 ]
2018-05-06 21:43:20.2959 [TRACE] :  C头插件坐标发送成功，发送插件指令...
2018-05-06 21:43:20.9199 [TRACE] :  插件命令发送成功，等待插件完成。
2018-05-06 21:43:22.5579 [TRACE] :  C头插件完成。
2018-05-06 21:43:22.5891 [TRACE] :  正常终了，完成一块PCB插件。
2018-05-06 21:43:22.6047 [TRACE] :  参数设置成功，初始化完成，开始基板搬送...
2018-05-06 21:43:22.6203 [TRACE] :  上下板平台气缸复原
2018-05-06 21:43:23.1351 [TRACE] :  气缸到位，正常终了。
2018-05-06 21:43:23.1507 [TRACE] :  上下板开始...
2018-05-06 21:43:25.5395 [TRACE] :  出口有板，等待后机要板信号...
2018-05-06 21:43:25.5551 [TRACE] :  收到后机要板信号，开始基板搬送...
2018-05-06 21:43:27.0235 [TRACE] :  基板搬送完成。
2018-05-06 21:43:37.6783 [TRACE] :  轨道入口有板，挡板气缸升起，开始基板搬送...
2018-05-06 21:43:42.2179 [TRACE] :  开始取料...
2018-05-06 21:43:52.3268 [TRACE] :  A头取料开始，发送取料命令：11
2018-05-06 21:43:52.3268 [TRACE] :  取料命令发送成功，等待取料完成。
2018-05-06 21:43:53.5904 [TRACE] :  A头取料完成。
2018-05-06 21:43:53.6216 [TRACE] :  B头取料开始，发送取料指令：12
2018-05-06 21:43:53.6216 [TRACE] :  取料命令发送成功，等待取料完成。
2018-05-06 21:43:55.2284 [TRACE] :  B头取料完成。
2018-05-06 21:43:58.3796 [TRACE] :  C头取料开始，发送取料指令：11
2018-05-06 21:43:58.3796 [TRACE] :  取料命令发送成功，等待取料完成。
2018-05-06 21:44:00.0020 [TRACE] :  C头取料完成。
2018-05-06 21:44:01.1428 [TRACE] :  到达A头拍照点，触发相机定位...
2018-05-06 21:44:01.1584 [TRACE] :  A头物料定位完成！
2018-05-06 21:44:02.3284 [TRACE] :  到达B头拍照点，触发相机定位...
2018-05-06 21:44:02.3440 [TRACE] :  B头物料定位完成！
2018-05-06 21:44:03.5296 [TRACE] :  到达C头拍照点，触发相机定位...
2018-05-06 21:44:03.5452 [TRACE] :  物料定位完成！
2018-05-06 21:44:04.7152 [TRACE] :  到达Mark Point拍照位，触发相机定位...
2018-05-06 21:44:04.7308 [TRACE] :  Mark Point A拍照定位完成！
2018-05-06 21:44:05.8852 [TRACE] :  到达Mark Point B 拍照位，触发相机定位...
2018-05-06 21:44:05.9008 [TRACE] :  Mark Point B拍照定位完成！
2018-05-06 21:44:05.9164 [TRACE] :  开始插件...
2018-05-06 21:44:05.9476 [TRACE] :  A头插件开始，发送插件点坐标...
2018-05-06 21:44:05.9476 [TRACE] :  PointA: [ 97.075 , 118.649 , 18.246 , -60 ]
2018-05-06 21:44:05.9476 [TRACE] :  A头插件坐标发送成功，发送插件指令...
2018-05-06 21:44:06.6028 [TRACE] :  插件命令发送成功，等待插件完成。
2018-05-06 21:44:07.6168 [TRACE] :  A头插件完成。
2018-05-06 21:44:07.6480 [TRACE] :  B头插件开始，发送插件点坐标...
2018-05-06 21:44:07.6480 [TRACE] :  PointB: [ 119.572998046875 , 100.65299987793 , 63.2480010986328 , -179.005001068115 ]
2018-05-06 21:44:07.6636 [TRACE] :  B头插件坐标发送成功，发送插件指令...
2018-05-06 21:44:08.3188 [TRACE] :  插件命令发送成功，等待插件完成。
2018-05-06 21:44:09.9724 [TRACE] :  B头插件完成。
2018-05-06 21:44:10.0036 [TRACE] :  C头插件开始，发送插件点坐标...
2018-05-06 21:44:10.0036 [TRACE] :  PointC: [ 97.075 , 118 , 18 , 62 ]
2018-05-06 21:44:10.0036 [TRACE] :  C头插件坐标发送成功，发送插件指令...
2018-05-06 21:44:10.6120 [TRACE] :  插件命令发送成功，等待插件完成。
2018-05-06 21:44:12.2344 [TRACE] :  C头插件完成。
2018-05-06 21:44:12.2656 [TRACE] :  正常终了，完成一块PCB插件。
2018-05-06 21:44:12.2812 [TRACE] :  参数设置成功，初始化完成，开始基板搬送...
2018-05-06 21:44:12.2968 [TRACE] :  上下板平台气缸复原
2018-05-06 21:44:12.8116 [TRACE] :  气缸到位，正常终了。
2018-05-06 21:44:12.8272 [TRACE] :  上下板开始...
2018-05-06 21:44:15.2140 [TRACE] :  出口有板，等待后机要板信号...
2018-05-06 21:44:15.2296 [TRACE] :  收到后机要板信号，开始基板搬送...
2018-05-06 21:44:16.3528 [TRACE] :  基板搬送完成。
2018-05-06 21:44:54.7163 [TRACE] :  轨道入口有板，挡板气缸升起，开始基板搬送...
2018-05-06 21:44:59.1779 [TRACE] :  开始取料...
2018-05-06 21:44:59.2091 [TRACE] :  A头取料开始，发送取料命令：11
2018-05-06 21:44:59.2091 [TRACE] :  取料命令发送成功，等待取料完成。
2018-05-06 21:45:00.8315 [TRACE] :  A头取料完成。
2018-05-06 21:45:00.8627 [TRACE] :  B头取料开始，发送取料指令：12
2018-05-06 21:45:00.8627 [TRACE] :  取料命令发送成功，等待取料完成。
2018-05-06 21:45:01.9859 [TRACE] :  B头取料完成。
2018-05-06 21:45:06.2291 [TRACE] :  C头取料开始，发送取料指令：11
2018-05-06 21:45:06.2291 [TRACE] :  取料命令发送成功，等待取料完成。
2018-05-06 21:45:07.8515 [TRACE] :  C头取料完成。
2018-05-06 21:45:09.0527 [TRACE] :  到达A头拍照点，触发相机定位...
2018-05-06 21:45:09.0683 [TRACE] :  A头物料定位完成！
2018-05-06 21:45:10.2071 [TRACE] :  到达B头拍照点，触发相机定位...
2018-05-06 21:45:10.2227 [TRACE] :  B头物料定位完成！
2018-05-06 21:45:11.3615 [TRACE] :  到达C头拍照点，触发相机定位...
2018-05-06 21:45:11.3771 [TRACE] :  物料定位完成！
2018-05-06 21:45:12.5003 [TRACE] :  到达Mark Point拍照位，触发相机定位...
2018-05-06 21:45:12.5159 [TRACE] :  Mark Point A拍照定位完成！
2018-05-06 21:45:13.6295 [TRACE] :  到达Mark Point B 拍照位，触发相机定位...
2018-05-06 21:45:13.6607 [TRACE] :  Mark Point B拍照定位完成！
2018-05-06 21:45:13.6763 [TRACE] :  开始插件...
2018-05-06 21:45:13.7075 [TRACE] :  A头插件开始，发送插件点坐标...
2018-05-06 21:45:13.7075 [TRACE] :  PointA: [ 97.075 , 118.649 , 18.246 , -60 ]
2018-05-06 21:45:13.7075 [TRACE] :  A头插件坐标发送成功，发送插件指令...
2018-05-06 21:45:14.3939 [TRACE] :  插件命令发送成功，等待插件完成。
2018-05-06 21:45:15.4079 [TRACE] :  A头插件完成。
2018-05-06 21:45:15.4391 [TRACE] :  B头插件开始，发送插件点坐标...
2018-05-06 21:45:15.4391 [TRACE] :  PointB: [ 119.572998046875 , 100.65299987793 , 63.2480010986328 , -179.005001068115 ]
2018-05-06 21:45:15.4391 [TRACE] :  B头插件坐标发送成功，发送插件指令...
2018-05-06 21:45:16.0787 [TRACE] :  插件命令发送成功，等待插件完成。
2018-05-06 21:45:17.7635 [TRACE] :  B头插件完成。
2018-05-06 21:45:17.7947 [TRACE] :  C头插件开始，发送插件点坐标...
2018-05-06 21:45:17.7947 [TRACE] :  PointC: [ 97.075 , 118 , 18 , 62 ]
2018-05-06 21:45:17.7947 [TRACE] :  C头插件坐标发送成功，发送插件指令...
2018-05-06 21:45:18.4187 [TRACE] :  插件命令发送成功，等待插件完成。
2018-05-06 21:45:20.0255 [TRACE] :  C头插件完成。
2018-05-06 21:45:20.0567 [TRACE] :  正常终了，完成一块PCB插件。
2018-05-06 21:45:20.0723 [TRACE] :  参数设置成功，初始化完成，开始基板搬送...
2018-05-06 21:45:20.0879 [TRACE] :  上下板平台气缸复原
2018-05-06 21:45:20.6027 [TRACE] :  气缸到位，正常终了。
2018-05-06 21:45:20.6183 [TRACE] :  上下板开始...
2018-05-06 21:45:23.0051 [TRACE] :  出口有板，等待后机要板信号...
2018-05-06 21:45:23.0207 [TRACE] :  收到后机要板信号，开始基板搬送...
2018-05-06 21:45:24.3467 [TRACE] :  基板搬送完成。
2018-05-06 21:46:16.9364 [TRACE] :  轨道入口有板，挡板气缸升起，开始基板搬送...
2018-05-06 21:46:21.6476 [TRACE] :  开始取料...
2018-05-06 21:46:21.6788 [TRACE] :  A头取料开始，发送取料命令：11
2018-05-06 21:46:21.6788 [TRACE] :  取料命令发送成功，等待取料完成。
2018-05-06 21:46:23.3012 [TRACE] :  A头取料完成。
2018-05-06 21:46:23.3324 [TRACE] :  B头取料开始，发送取料指令：12
2018-05-06 21:46:23.3324 [TRACE] :  取料命令发送成功，等待取料完成。
2018-05-06 21:46:25.0016 [TRACE] :  B头取料完成。
2018-05-06 21:46:25.0328 [TRACE] :  C头取料开始，发送取料指令：11
2018-05-06 21:46:25.0328 [TRACE] :  取料命令发送成功，等待取料完成。
2018-05-06 21:46:26.0468 [TRACE] :  C头取料完成。
2018-05-06 21:46:27.1856 [TRACE] :  到达A头拍照点，触发相机定位...
2018-05-06 21:46:27.2012 [TRACE] :  A头物料定位完成！
2018-05-06 21:46:28.3400 [TRACE] :  到达B头拍照点，触发相机定位...
2018-05-06 21:46:28.3712 [TRACE] :  B头物料定位完成！
2018-05-06 21:46:29.5568 [TRACE] :  到达C头拍照点，触发相机定位...
2018-05-06 21:46:29.5724 [TRACE] :  物料定位完成！
2018-05-06 21:46:30.7112 [TRACE] :  到达Mark Point拍照位，触发相机定位...
2018-05-06 21:46:30.7268 [TRACE] :  Mark Point A拍照定位完成！
2018-05-06 21:46:31.8968 [TRACE] :  到达Mark Point B 拍照位，触发相机定位...
2018-05-06 21:46:31.9124 [TRACE] :  Mark Point B拍照定位完成！
2018-05-06 21:46:31.9280 [TRACE] :  开始插件...
2018-05-06 21:46:31.9592 [TRACE] :  A头插件开始，发送插件点坐标...
2018-05-06 21:46:31.9592 [TRACE] :  PointA: [ 97.075 , 118.649 , 18.246 , -60 ]
2018-05-06 21:46:31.9592 [TRACE] :  A头插件坐标发送成功，发送插件指令...
2018-05-06 21:46:32.5988 [TRACE] :  插件命令发送成功，等待插件完成。
2018-05-06 21:46:33.6284 [TRACE] :  A头插件完成。
2018-05-06 21:46:33.6596 [TRACE] :  B头插件开始，发送插件点坐标...
2018-05-06 21:46:33.6596 [TRACE] :  PointB: [ 119.572998046875 , 100.65299987793 , 63.2480010986328 , -179.005001068115 ]
2018-05-06 21:46:33.6596 [TRACE] :  B头插件坐标发送成功，发送插件指令...
2018-05-06 21:46:34.2680 [TRACE] :  插件命令发送成功，等待插件完成。
2018-05-06 21:46:35.8904 [TRACE] :  B头插件完成。
2018-05-06 21:46:35.9216 [TRACE] :  C头插件开始，发送插件点坐标...
2018-05-06 21:46:35.9216 [TRACE] :  PointC: [ 97.075 , 118 , 18 , 62 ]
2018-05-06 21:46:35.9216 [TRACE] :  C头插件坐标发送成功，发送插件指令...
2018-05-06 21:46:36.5768 [TRACE] :  插件命令发送成功，等待插件完成。
2018-05-06 21:46:38.1992 [TRACE] :  C头插件完成。
2018-05-06 21:46:38.2304 [TRACE] :  正常终了，完成一块PCB插件。
2018-05-06 21:46:38.2460 [TRACE] :  参数设置成功，初始化完成，开始基板搬送...
2018-05-06 21:46:38.2616 [TRACE] :  上下板平台气缸复原
2018-05-06 21:46:38.7764 [TRACE] :  气缸到位，正常终了。
2018-05-06 21:46:38.7920 [TRACE] :  上下板开始...
2018-05-06 21:46:41.1789 [TRACE] :  出口有板，等待后机要板信号...
2018-05-06 21:46:41.1945 [TRACE] :  收到后机要板信号，开始基板搬送...
2018-05-06 21:46:42.2241 [TRACE] :  基板搬送完成。
2018-05-06 21:47:08.3551 [TRACE] :  轨道入口有板，挡板气缸升起，开始基板搬送...
2018-05-06 21:47:13.0507 [TRACE] :  开始取料...
2018-05-06 21:47:16.0459 [TRACE] :  A头取料开始，发送取料命令：11
2018-05-06 21:47:16.0459 [TRACE] :  取料命令发送成功，等待取料完成。
2018-05-06 21:47:17.3563 [TRACE] :  A头取料完成。
2018-05-06 21:47:17.3875 [TRACE] :  B头取料开始，发送取料指令：12
2018-05-06 21:47:17.3875 [TRACE] :  取料命令发送成功，等待取料完成。
2018-05-06 21:47:18.9943 [TRACE] :  B头取料完成。
2018-05-06 21:47:21.1783 [TRACE] :  C头取料开始，发送取料指令：11
2018-05-06 21:47:21.1783 [TRACE] :  取料命令发送成功，等待取料完成。
2018-05-06 21:47:22.1923 [TRACE] :  C头取料完成。
2018-05-06 21:47:23.3311 [TRACE] :  到达A头拍照点，触发相机定位...
2018-05-06 21:47:23.3467 [TRACE] :  A头物料定位完成！
2018-05-06 21:47:24.4855 [TRACE] :  到达B头拍照点，触发相机定位...
2018-05-06 21:47:24.5011 [TRACE] :  B头物料定位完成！
2018-05-06 21:47:25.6711 [TRACE] :  到达C头拍照点，触发相机定位...
2018-05-06 21:47:25.6867 [TRACE] :  物料定位完成！
2018-05-06 21:47:26.8099 [TRACE] :  到达Mark Point拍照位，触发相机定位...
2018-05-06 21:47:26.8255 [TRACE] :  Mark Point A拍照定位完成！
2018-05-06 21:47:27.9643 [TRACE] :  到达Mark Point B 拍照位，触发相机定位...
2018-05-06 21:47:27.9799 [TRACE] :  Mark Point B拍照定位完成！
2018-05-06 21:47:27.9955 [TRACE] :  开始插件...
2018-05-06 21:47:28.0267 [TRACE] :  A头插件开始，发送插件点坐标...
2018-05-06 21:47:28.0267 [TRACE] :  PointA: [ 97.075 , 118.649 , 18.246 , -60 ]
2018-05-06 21:47:28.0267 [TRACE] :  A头插件坐标发送成功，发送插件指令...
2018-05-06 21:47:28.6975 [TRACE] :  插件命令发送成功，等待插件完成。
2018-05-06 21:47:29.7115 [TRACE] :  A头插件完成。
2018-05-06 21:47:29.7427 [TRACE] :  B头插件开始，发送插件点坐标...
2018-05-06 21:47:29.7427 [TRACE] :  PointB: [ 119.572998046875 , 100.65299987793 , 63.2480010986328 , -179.005001068115 ]
2018-05-06 21:47:29.7427 [TRACE] :  B头插件坐标发送成功，发送插件指令...
2018-05-06 21:47:30.3823 [TRACE] :  插件命令发送成功，等待插件完成。
2018-05-06 21:47:32.0203 [TRACE] :  B头插件完成。
2018-05-06 21:47:32.0515 [TRACE] :  C头插件开始，发送插件点坐标...
2018-05-06 21:47:32.0515 [TRACE] :  PointC: [ 97.075 , 118 , 18 , 62 ]
2018-05-06 21:47:32.0515 [TRACE] :  C头插件坐标发送成功，发送插件指令...
2018-05-06 21:47:32.6755 [TRACE] :  插件命令发送成功，等待插件完成。
2018-05-06 21:47:34.2823 [TRACE] :  C头插件完成。
2018-05-06 21:47:34.3135 [TRACE] :  正常终了，完成一块PCB插件。
2018-05-06 21:47:34.3291 [TRACE] :  参数设置成功，初始化完成，开始基板搬送...
2018-05-06 21:47:34.3447 [TRACE] :  上下板平台气缸复原
2018-05-06 21:47:34.8595 [TRACE] :  气缸到位，正常终了。
2018-05-06 21:47:34.8751 [TRACE] :  上下板开始...
2018-05-06 21:47:37.2619 [TRACE] :  出口有板，等待后机要板信号...
2018-05-06 21:47:37.2775 [TRACE] :  收到后机要板信号，开始基板搬送...
2018-05-06 21:47:38.3228 [TRACE] :  基板搬送完成。
2018-05-06 21:47:52.8484 [TRACE] :  轨道入口有板，挡板气缸升起，开始基板搬送...
2018-05-06 21:47:57.1852 [TRACE] :  开始取料...
2018-05-06 21:47:57.2164 [TRACE] :  A头取料开始，发送取料命令：11
2018-05-06 21:47:57.2164 [TRACE] :  取料命令发送成功，等待取料完成。
2018-05-06 21:47:58.8232 [TRACE] :  A头取料完成。
2018-05-06 21:47:58.8544 [TRACE] :  B头取料开始，发送取料指令：12
2018-05-06 21:47:58.8544 [TRACE] :  取料命令发送成功，等待取料完成。
2018-05-06 21:48:00.4612 [TRACE] :  B头取料完成。
2018-05-06 21:48:00.4924 [TRACE] :  C头取料开始，发送取料指令：11
2018-05-06 21:48:00.4924 [TRACE] :  取料命令发送成功，等待取料完成。
2018-05-06 21:48:01.5064 [TRACE] :  C头取料完成。
2018-05-06 21:48:02.7076 [TRACE] :  到达A头拍照点，触发相机定位...
2018-05-06 21:48:02.7232 [TRACE] :  A头物料定位完成！
2018-05-06 21:48:03.8620 [TRACE] :  到达B头拍照点，触发相机定位...
2018-05-06 21:48:03.8776 [TRACE] :  B头物料定位完成！
2018-05-06 21:48:05.0632 [TRACE] :  到达C头拍照点，触发相机定位...
2018-05-06 21:48:05.0788 [TRACE] :  物料定位完成！
2018-05-06 21:48:06.2956 [TRACE] :  到达Mark Point拍照位，触发相机定位...
2018-05-06 21:48:06.3112 [TRACE] :  Mark Point A拍照定位完成！
2018-05-06 21:48:07.4344 [TRACE] :  到达Mark Point B 拍照位，触发相机定位...
2018-05-06 21:48:07.4500 [TRACE] :  Mark Point B拍照定位完成！
2018-05-06 21:48:07.4656 [TRACE] :  开始插件...
2018-05-06 21:48:07.4968 [TRACE] :  A头插件开始，发送插件点坐标...
2018-05-06 21:48:07.4968 [TRACE] :  PointA: [ 97.075 , 118.649 , 18.246 , -60 ]
2018-05-06 21:48:07.4968 [TRACE] :  A头插件坐标发送成功，发送插件指令...
2018-05-06 21:48:08.1208 [TRACE] :  插件命令发送成功，等待插件完成。
2018-05-06 21:48:09.1348 [TRACE] :  A头插件完成。
2018-05-06 21:48:09.1660 [TRACE] :  B头插件开始，发送插件点坐标...
2018-05-06 21:48:09.1660 [TRACE] :  PointB: [ 119.572998046875 , 100.65299987793 , 63.2480010986328 , -179.005001068115 ]
2018-05-06 21:48:09.1660 [TRACE] :  B头插件坐标发送成功，发送插件指令...
2018-05-06 21:48:09.8056 [TRACE] :  插件命令发送成功，等待插件完成。
2018-05-06 21:48:11.4124 [TRACE] :  B头插件完成。
2018-05-06 21:48:11.4436 [TRACE] :  C头插件开始，发送插件点坐标...
2018-05-06 21:48:11.4436 [TRACE] :  PointC: [ 97.075 , 118 , 18 , 62 ]
2018-05-06 21:48:11.4436 [TRACE] :  C头插件坐标发送成功，发送插件指令...
2018-05-06 21:48:12.0676 [TRACE] :  插件命令发送成功，等待插件完成。
2018-05-06 21:48:13.6588 [TRACE] :  C头插件完成。
2018-05-06 21:48:13.6900 [TRACE] :  正常终了，完成一块PCB插件。
2018-05-06 21:48:13.7056 [TRACE] :  参数设置成功，初始化完成，开始基板搬送...
2018-05-06 21:48:13.7212 [TRACE] :  上下板平台气缸复原
2018-05-06 21:48:14.2360 [TRACE] :  气缸到位，正常终了。
2018-05-06 21:48:14.2516 [TRACE] :  上下板开始...
2018-05-06 21:48:16.6384 [TRACE] :  出口有板，等待后机要板信号...
2018-05-06 21:48:16.6540 [TRACE] :  收到后机要板信号，开始基板搬送...
2018-05-06 21:48:17.7168 [TRACE] :  基板搬送完成。
2018-05-06 21:48:49.2963 [TRACE] :  轨道入口有板，挡板气缸升起，开始基板搬送...
2018-05-06 21:48:53.8359 [TRACE] :  开始取料...
2018-05-06 21:48:53.8671 [TRACE] :  A头取料开始，发送取料命令：11
2018-05-06 21:48:53.8671 [TRACE] :  取料命令发送成功，等待取料完成。
2018-05-06 21:48:55.1327 [TRACE] :  A头取料完成。
2018-05-06 21:48:55.1639 [TRACE] :  B头取料开始，发送取料指令：12
2018-05-06 21:48:55.1639 [TRACE] :  取料命令发送成功，等待取料完成。
2018-05-06 21:48:56.8019 [TRACE] :  B头取料完成。
2018-05-06 21:48:59.7503 [TRACE] :  C头取料开始，发送取料指令：11
2018-05-06 21:48:59.7503 [TRACE] :  取料命令发送成功，等待取料完成。
2018-05-06 21:49:01.3415 [TRACE] :  C头取料完成。
2018-05-06 21:49:02.5115 [TRACE] :  到达A头拍照点，触发相机定位...
2018-05-06 21:49:02.5271 [TRACE] :  A头物料定位完成！
2018-05-06 21:49:03.6659 [TRACE] :  到达B头拍照点，触发相机定位...
2018-05-06 21:49:03.6815 [TRACE] :  B头物料定位完成！
2018-05-06 21:49:04.8359 [TRACE] :  到达C头拍照点，触发相机定位...
2018-05-06 21:49:04.8515 [TRACE] :  物料定位完成！
2018-05-06 21:49:06.0059 [TRACE] :  到达Mark Point拍照位，触发相机定位...
2018-05-06 21:49:06.0215 [TRACE] :  Mark Point A拍照定位完成！
2018-05-06 21:49:07.1759 [TRACE] :  到达Mark Point B 拍照位，触发相机定位...
2018-05-06 21:49:07.1915 [TRACE] :  Mark Point B拍照定位完成！
2018-05-06 21:49:07.2071 [TRACE] :  开始插件...
2018-05-06 21:49:07.2383 [TRACE] :  A头插件开始，发送插件点坐标...
2018-05-06 21:49:07.2383 [TRACE] :  PointA: [ 97.075 , 118.649 , 18.246 , -60 ]
2018-05-06 21:49:07.2383 [TRACE] :  A头插件坐标发送成功，发送插件指令...
2018-05-06 21:49:07.8935 [TRACE] :  插件命令发送成功，等待插件完成。
2018-05-06 21:49:08.9231 [TRACE] :  A头插件完成。
2018-05-06 21:49:08.9543 [TRACE] :  B头插件开始，发送插件点坐标...
2018-05-06 21:49:08.9543 [TRACE] :  PointB: [ 119.572998046875 , 100.65299987793 , 63.2480010986328 , -179.005001068115 ]
2018-05-06 21:49:08.9543 [TRACE] :  B头插件坐标发送成功，发送插件指令...
2018-05-06 21:49:09.5783 [TRACE] :  插件命令发送成功，等待插件完成。
2018-05-06 21:49:11.2319 [TRACE] :  B头插件完成。
2018-05-06 21:49:11.2631 [TRACE] :  C头插件开始，发送插件点坐标...
2018-05-06 21:49:11.2631 [TRACE] :  PointC: [ 97.075 , 118 , 18 , 62 ]
2018-05-06 21:49:11.2631 [TRACE] :  C头插件坐标发送成功，发送插件指令...
2018-05-06 21:49:11.8715 [TRACE] :  插件命令发送成功，等待插件完成。
2018-05-06 21:49:13.4783 [TRACE] :  C头插件完成。
2018-05-06 21:49:13.5095 [TRACE] :  正常终了，完成一块PCB插件。
2018-05-06 21:49:13.5251 [TRACE] :  参数设置成功，初始化完成，开始基板搬送...
2018-05-06 21:49:13.5407 [TRACE] :  上下板平台气缸复原
2018-05-06 21:49:14.0555 [TRACE] :  气缸到位，正常终了。
2018-05-06 21:49:14.0711 [TRACE] :  上下板开始...
2018-05-06 21:49:16.4579 [TRACE] :  出口有板，等待后机要板信号...
2018-05-06 21:49:16.4735 [TRACE] :  收到后机要板信号，开始基板搬送...
2018-05-06 21:49:17.6435 [TRACE] :  基板搬送完成。
2018-05-06 21:49:48.4410 [TRACE] :  轨道入口有板，挡板气缸升起，开始基板搬送...
2018-05-06 21:49:53.3082 [TRACE] :  开始取料...
2018-05-06 21:50:11.2980 [TRACE] :  A头取料开始，发送取料命令：11
2018-05-06 21:50:11.2980 [TRACE] :  取料命令发送成功，等待取料完成。
2018-05-06 21:50:12.9048 [TRACE] :  A头取料完成。
2018-05-06 21:50:12.9360 [TRACE] :  B头取料开始，发送取料指令：12
2018-05-06 21:50:12.9360 [TRACE] :  取料命令发送成功，等待取料完成。
2018-05-06 21:50:14.5896 [TRACE] :  B头取料完成。
2018-05-06 21:50:17.4912 [TRACE] :  C头取料开始，发送取料指令：11
2018-05-06 21:50:17.4912 [TRACE] :  取料命令发送成功，等待取料完成。
2018-05-06 21:50:19.0824 [TRACE] :  C头取料完成。
2018-05-06 21:50:20.2836 [TRACE] :  到达A头拍照点，触发相机定位...
2018-05-06 21:50:20.2992 [TRACE] :  A头物料定位完成！
2018-05-06 21:50:21.4380 [TRACE] :  到达B头拍照点，触发相机定位...
2018-05-06 21:50:21.4536 [TRACE] :  B头物料定位完成！
2018-05-06 21:50:22.7016 [TRACE] :  到达C头拍照点，触发相机定位...
2018-05-06 21:50:22.7328 [TRACE] :  物料定位完成！
2018-05-06 21:50:23.8404 [TRACE] :  到达Mark Point拍照位，触发相机定位...
2018-05-06 21:50:23.8560 [TRACE] :  Mark Point A拍照定位完成！
2018-05-06 21:50:24.9948 [TRACE] :  到达Mark Point B 拍照位，触发相机定位...
2018-05-06 21:50:25.0104 [TRACE] :  Mark Point B拍照定位完成！
2018-05-06 21:50:25.0260 [TRACE] :  开始插件...
2018-05-06 21:50:25.0572 [TRACE] :  A头插件开始，发送插件点坐标...
2018-05-06 21:50:25.0572 [TRACE] :  PointA: [ 97.075 , 118.649 , 18.246 , -60 ]
2018-05-06 21:50:25.0572 [TRACE] :  A头插件坐标发送成功，发送插件指令...
2018-05-06 21:50:25.7436 [TRACE] :  插件命令发送成功，等待插件完成。
2018-05-06 21:50:26.7576 [TRACE] :  A头插件完成。
2018-05-06 21:50:26.7888 [TRACE] :  B头插件开始，发送插件点坐标...
2018-05-06 21:50:26.7888 [TRACE] :  PointB: [ 119.572998046875 , 100.65299987793 , 63.2480010986328 , -179.005001068115 ]
2018-05-06 21:50:26.7888 [TRACE] :  B头插件坐标发送成功，发送插件指令...
2018-05-06 21:50:27.4284 [TRACE] :  插件命令发送成功，等待插件完成。
2018-05-06 21:50:29.0665 [TRACE] :  B头插件完成。
2018-05-06 21:50:29.0977 [TRACE] :  C头插件开始，发送插件点坐标...
2018-05-06 21:50:29.0977 [TRACE] :  PointC: [ 97.075 , 118 , 18 , 62 ]
2018-05-06 21:50:29.0977 [TRACE] :  C头插件坐标发送成功，发送插件指令...
2018-05-06 21:50:29.7061 [TRACE] :  插件命令发送成功，等待插件完成。
2018-05-06 21:50:31.3441 [TRACE] :  C头插件完成。
2018-05-06 21:50:31.3753 [TRACE] :  正常终了，完成一块PCB插件。
2018-05-06 21:50:31.3909 [TRACE] :  参数设置成功，初始化完成，开始基板搬送...
2018-05-06 21:50:31.4065 [TRACE] :  上下板平台气缸复原
2018-05-06 21:50:31.9213 [TRACE] :  气缸到位，正常终了。
2018-05-06 21:50:31.9369 [TRACE] :  上下板开始...
2018-05-06 21:50:34.3237 [TRACE] :  出口有板，等待后机要板信号...
2018-05-06 22:28:25.3377 [TRACE] :  轨道入口有板，挡板气缸升起，开始基板搬送...
2018-05-06 22:29:04.8701 [TRACE] :  插件初始化...
2018-05-06 22:29:04.9169 [TRACE] :  设置坐标参数至Robot...
2018-05-06 22:29:10.0337 [TRACE] :  参数设置成功，初始化完成，开始基板搬送...
2018-05-06 22:29:10.0493 [TRACE] :  上下板平台气缸复原
2018-05-06 22:29:10.6577 [TRACE] :  气缸到位，正常终了。
2018-05-06 22:29:10.6733 [TRACE] :  上下板开始...
2018-05-06 22:29:10.7201 [TRACE] :  轨道入口有板，挡板气缸升起，开始基板搬送...
2018-05-06 22:29:15.8213 [TRACE] :  开始取料...
2018-05-06 22:29:15.8525 [TRACE] :  A头取料开始，发送取料命令：11
2018-05-06 22:29:15.8525 [TRACE] :  取料命令发送成功，等待取料完成。
2018-05-06 22:29:18.9569 [TRACE] :  A头取料完成。
2018-05-06 22:29:18.9881 [TRACE] :  B头取料开始，发送取料指令：12
2018-05-06 22:29:18.9881 [TRACE] :  取料命令发送成功，等待取料完成。
2018-05-06 22:29:23.3874 [TRACE] :  B头取料完成。
2018-05-06 22:29:24.0270 [TRACE] :  C头取料开始，发送取料指令：11
2018-05-06 22:29:24.0270 [TRACE] :  取料命令发送成功，等待取料完成。
2018-05-06 22:29:28.3014 [TRACE] :  C头取料完成。
2018-05-06 22:29:31.5618 [TRACE] :  到达A头拍照点，触发相机定位...
2018-05-06 22:29:31.5774 [TRACE] :  A头物料定位完成！
2018-05-06 22:29:33.7770 [TRACE] :  到达B头拍照点，触发相机定位...
2018-05-06 22:29:33.7926 [TRACE] :  B头物料定位完成！
2018-05-06 22:29:35.5554 [TRACE] :  到达C头拍照点，触发相机定位...
2018-05-06 22:29:35.5710 [TRACE] :  物料定位完成！
2018-05-06 22:29:37.6614 [TRACE] :  到达Mark Point拍照位，触发相机定位...
2018-05-06 22:29:37.6770 [TRACE] :  Mark Point A拍照定位完成！
2018-05-06 22:29:38.8334 [TRACE] :  到达Mark Point B 拍照位，触发相机定位...
2018-05-06 22:29:38.8490 [TRACE] :  Mark Point B拍照定位完成！
2018-05-06 22:29:38.8646 [TRACE] :  开始插件...
2018-05-06 22:29:38.8958 [TRACE] :  A头插件开始，发送插件点坐标...
2018-05-06 22:29:38.8958 [TRACE] :  PointA: [ 97.075 , 118.649 , 18.246 , -60 ]
2018-05-06 22:29:38.8958 [TRACE] :  A头插件坐标发送成功，发送插件指令...
2018-05-06 22:29:39.5354 [TRACE] :  插件命令发送成功，等待插件完成。
2018-05-06 22:29:41.2670 [TRACE] :  A头插件完成。
2018-05-06 22:29:41.2982 [TRACE] :  B头插件开始，发送插件点坐标...
2018-05-06 22:29:41.2982 [TRACE] :  PointB: [ 119.572998046875 , 100.65299987793 , 63.2480010986328 , -179.005001068115 ]
2018-05-06 22:29:41.2982 [TRACE] :  B头插件坐标发送成功，发送插件指令...
2018-05-06 22:29:41.9378 [TRACE] :  插件命令发送成功，等待插件完成。
2018-05-06 22:29:45.9626 [TRACE] :  B头插件完成。
2018-05-06 22:29:45.9938 [TRACE] :  C头插件开始，发送插件点坐标...
2018-05-06 22:29:45.9938 [TRACE] :  PointC: [ 97.075 , 118 , 18 , 62 ]
2018-05-06 22:29:45.9938 [TRACE] :  C头插件坐标发送成功，发送插件指令...
2018-05-06 22:29:46.6646 [TRACE] :  插件命令发送成功，等待插件完成。
2018-05-06 22:29:49.8002 [TRACE] :  C头插件完成。
2018-05-06 22:29:49.8314 [TRACE] :  正常终了，完成一块PCB插件。
2018-05-06 22:29:49.8470 [TRACE] :  参数设置成功，初始化完成，开始基板搬送...
2018-05-06 22:29:49.8626 [TRACE] :  上下板平台气缸复原
2018-05-06 22:29:50.3774 [TRACE] :  气缸到位，正常终了。
2018-05-06 22:29:50.3930 [TRACE] :  上下板开始...
2018-05-06 22:29:52.7954 [TRACE] :  出口有板，等待后机要板信号...
2018-05-06 22:29:58.0682 [TRACE] :  轨道入口有板，挡板气缸升起，开始基板搬送...
2018-05-06 22:30:02.8418 [TRACE] :  开始取料...
2018-05-06 22:30:02.8730 [TRACE] :  A头取料开始，发送取料命令：11
2018-05-06 22:30:02.8730 [TRACE] :  取料命令发送成功，等待取料完成。
2018-05-06 22:30:08.3486 [TRACE] :  A头取料完成。
2018-05-06 22:30:08.3798 [TRACE] :  B头取料开始，发送取料指令：12
2018-05-06 22:30:08.9102 [TRACE] :  B头取料完成。
2018-05-06 22:30:09.7214 [TRACE] :  C头取料开始，发送取料指令：11
2018-05-06 22:30:11.3750 [TRACE] :  C头取料完成。
2018-05-06 22:30:14.0270 [TRACE] :  到达A头拍照点，触发相机定位...
2018-05-06 22:30:14.0426 [TRACE] :  A头物料定位完成！
2018-05-06 22:30:16.3358 [TRACE] :  到达B头拍照点，触发相机定位...
2018-05-06 22:30:16.3514 [TRACE] :  B头物料定位完成！
2018-05-06 22:30:18.1318 [TRACE] :  到达C头拍照点，触发相机定位...
2018-05-06 22:30:18.1474 [TRACE] :  物料定位完成！
2018-05-06 22:30:20.2379 [TRACE] :  到达Mark Point拍照位，触发相机定位...
2018-05-06 22:30:20.2535 [TRACE] :  Mark Point A拍照定位完成！
2018-05-06 22:30:21.4235 [TRACE] :  到达Mark Point B 拍照位，触发相机定位...
2018-05-06 22:30:21.4391 [TRACE] :  Mark Point B拍照定位完成！
2018-05-06 22:30:21.4547 [TRACE] :  开始插件...
2018-05-06 22:30:21.4859 [TRACE] :  A头插件开始，发送插件点坐标...
2018-05-06 22:30:21.4859 [TRACE] :  PointA: [ 97.075 , 118.649 , 18.246 , -60 ]
2018-05-06 22:30:21.4859 [TRACE] :  A头插件坐标发送成功，发送插件指令...
2018-05-06 22:30:22.1255 [TRACE] :  插件命令发送成功，等待插件完成。
2018-05-06 22:30:23.8571 [TRACE] :  A头插件完成。
2018-05-06 22:30:23.8883 [TRACE] :  B头插件开始，发送插件点坐标...
2018-05-06 22:30:23.8883 [TRACE] :  PointB: [ 119.572998046875 , 100.65299987793 , 63.2480010986328 , -179.005001068115 ]
2018-05-06 22:30:23.8883 [TRACE] :  B头插件坐标发送成功，发送插件指令...
2018-05-06 22:30:24.5279 [TRACE] :  插件命令发送成功，等待插件完成。
2018-05-06 22:30:28.5371 [TRACE] :  B头插件完成。
2018-05-06 22:30:28.5683 [TRACE] :  C头插件开始，发送插件点坐标...
2018-05-06 22:30:28.5683 [TRACE] :  PointC: [ 97.075 , 118 , 18 , 62 ]
2018-05-06 22:30:28.5683 [TRACE] :  C头插件坐标发送成功，发送插件指令...
2018-05-06 22:30:29.2079 [TRACE] :  插件命令发送成功，等待插件完成。
2018-05-06 22:30:32.3435 [TRACE] :  C头插件完成。
2018-05-06 22:30:32.3747 [TRACE] :  正常终了，完成一块PCB插件。
2018-05-06 22:30:32.3903 [TRACE] :  参数设置成功，初始化完成，开始基板搬送...
2018-05-06 22:30:32.4059 [TRACE] :  上下板平台气缸复原
2018-05-06 22:30:32.9207 [TRACE] :  气缸到位，正常终了。
2018-05-06 22:30:32.9363 [TRACE] :  上下板开始...
2018-05-06 22:30:35.3387 [TRACE] :  出口有板，等待后机要板信号...
2018-05-06 22:38:04.6893 [TRACE] :  插件初始化...
2018-05-06 22:38:04.7517 [TRACE] :  设置坐标参数至Robot...
2018-05-06 22:38:09.4161 [TRACE] :  参数设置成功，初始化完成，开始基板搬送...
2018-05-06 22:38:09.4473 [TRACE] :  上下板平台气缸复原
2018-05-06 22:38:09.9777 [TRACE] :  气缸到位，正常终了。
2018-05-06 22:38:09.9933 [TRACE] :  上下板开始...
2018-05-06 22:38:10.0557 [TRACE] :  轨道入口有板，挡板气缸升起，开始基板搬送...
2018-05-06 22:38:13.5813 [TRACE] :  开始取料...
2018-05-06 22:38:13.6125 [TRACE] :  A头取料开始，发送取料命令：11
2018-05-06 22:38:13.6281 [TRACE] :  取料命令发送成功，等待取料完成。
2018-05-06 22:38:16.7169 [TRACE] :  A头取料完成。
2018-05-06 22:38:16.7481 [TRACE] :  B头取料开始，发送取料指令：12
2018-05-06 22:38:16.7481 [TRACE] :  取料命令发送成功，等待取料完成。
2018-05-06 22:38:21.1161 [TRACE] :  B头取料完成。
2018-05-06 22:38:21.1473 [TRACE] :  C头取料开始，发送取料指令：11
2018-05-06 22:38:21.1473 [TRACE] :  取料命令发送成功，等待取料完成。
2018-05-06 22:38:25.4217 [TRACE] :  C头取料完成。
2018-05-06 22:38:28.7445 [TRACE] :  到达A头拍照点，触发相机定位...
2018-05-06 22:38:28.7601 [TRACE] :  A头物料定位完成！
2018-05-06 22:38:30.0237 [TRACE] :  到达B头拍照点，触发相机定位...
2018-05-06 22:38:30.0393 [TRACE] :  B头物料定位完成！
2018-05-06 22:38:32.5041 [TRACE] :  到达C头拍照点，触发相机定位...
2018-05-06 22:38:32.5197 [TRACE] :  物料定位完成！
2018-05-06 22:38:34.6101 [TRACE] :  到达Mark Point拍照位，触发相机定位...
2018-05-06 22:38:34.6257 [TRACE] :  Mark Point A拍照定位完成！
2018-05-06 22:38:35.7333 [TRACE] :  到达Mark Point B 拍照位，触发相机定位...
2018-05-06 22:38:35.7489 [TRACE] :  Mark Point B拍照定位完成！
2018-05-06 22:38:35.7645 [TRACE] :  开始插件...
2018-05-06 22:38:35.7957 [TRACE] :  A头插件开始，发送插件点坐标...
2018-05-06 22:38:35.7957 [TRACE] :  PointA: [ 97.075 , 118.649 , 18.246 , -60 ]
2018-05-06 22:38:35.7957 [TRACE] :  A头插件坐标发送成功，发送插件指令...
2018-05-06 22:38:36.3885 [TRACE] :  插件命令发送成功，等待插件完成。
2018-05-06 22:38:38.1045 [TRACE] :  A头插件完成。
2018-05-06 22:38:38.1357 [TRACE] :  B头插件开始，发送插件点坐标...
2018-05-06 22:38:38.1357 [TRACE] :  PointB: [ 119.572998046875 , 100.65299987793 , 63.2480010986328 , -179.005001068115 ]
2018-05-06 22:38:38.1357 [TRACE] :  B头插件坐标发送成功，发送插件指令...
2018-05-06 22:38:38.7149 [TRACE] :  插件命令发送成功，等待插件完成。
2018-05-06 22:38:42.7397 [TRACE] :  B头插件完成。
2018-05-06 22:38:42.7709 [TRACE] :  C头插件开始，发送插件点坐标...
2018-05-06 22:38:42.7709 [TRACE] :  PointC: [ 97.075 , 118 , 18 , 62 ]
2018-05-06 22:38:42.7709 [TRACE] :  C头插件坐标发送成功，发送插件指令...
2018-05-06 22:38:43.3481 [TRACE] :  插件命令发送成功，等待插件完成。
2018-05-06 22:38:46.4837 [TRACE] :  C头插件完成。
2018-05-06 22:38:46.5305 [TRACE] :  正常终了，完成一块PCB插件。
2018-05-06 22:38:46.5461 [TRACE] :  参数设置成功，初始化完成，开始基板搬送...
2018-05-06 22:38:46.5617 [TRACE] :  上下板平台气缸复原
2018-05-06 22:38:47.0765 [TRACE] :  气缸到位，正常终了。
2018-05-06 22:38:47.0921 [TRACE] :  上下板开始...
2018-05-06 22:38:49.4945 [TRACE] :  出口有板，等待后机要板信号...
2018-05-06 22:38:49.5101 [TRACE] :  收到后机要板信号，开始基板搬送...
2018-05-06 22:38:50.5086 [TRACE] :  基板搬送完成。
2018-05-06 23:03:26.4000 [TRACE] :  插件初始化...
2018-05-06 23:03:26.4468 [TRACE] :  设置坐标参数至Robot...
2018-05-06 23:03:31.0976 [TRACE] :  参数设置成功，初始化完成，开始基板搬送...
2018-05-06 23:03:31.1132 [TRACE] :  上下板平台气缸复原
2018-05-06 23:03:31.6280 [TRACE] :  气缸到位，正常终了。
2018-05-06 23:03:31.6436 [TRACE] :  上下板开始...
2018-05-06 23:03:31.6904 [TRACE] :  轨道入口有板，挡板气缸升起，开始基板搬送...
2018-05-06 23:03:35.2160 [TRACE] :  开始取料...
2018-05-06 23:03:35.2472 [TRACE] :  A头取料开始，发送取料命令：11
2018-05-06 23:03:35.2472 [TRACE] :  取料命令发送成功，等待取料完成。
2018-05-06 23:03:36.5420 [TRACE] :  A头取料完成。
2018-05-06 23:03:36.5732 [TRACE] :  B头取料开始，发送取料指令：12
2018-05-06 23:03:36.5732 [TRACE] :  取料命令发送成功，等待取料完成。
2018-05-06 23:03:37.7120 [TRACE] :  B头取料完成。
2018-05-06 23:03:37.7432 [TRACE] :  C头取料开始，发送取料指令：11
2018-05-06 23:03:37.7432 [TRACE] :  取料命令发送成功，等待取料完成。
2018-05-06 23:03:39.1628 [TRACE] :  C头取料完成。
2018-05-06 23:03:40.8320 [TRACE] :  到达A头拍照点，触发相机定位...
2018-05-06 23:03:40.8476 [TRACE] :  A头物料定位完成！
2018-05-06 23:03:41.9084 [TRACE] :  到达B头拍照点，触发相机定位...
2018-05-06 23:03:41.9240 [TRACE] :  B头物料定位完成！
2018-05-06 23:03:43.0472 [TRACE] :  到达C头拍照点，触发相机定位...
2018-05-06 23:03:43.0628 [TRACE] :  物料定位完成！
2018-05-06 23:03:44.1548 [TRACE] :  到达Mark Point拍照位，触发相机定位...
2018-05-06 23:03:44.1704 [TRACE] :  Mark Point A拍照定位完成！
2018-05-06 23:03:45.2780 [TRACE] :  到达Mark Point B 拍照位，触发相机定位...
2018-05-06 23:03:45.2936 [TRACE] :  Mark Point B拍照定位完成！
2018-05-06 23:03:45.3092 [TRACE] :  开始插件...
2018-05-06 23:03:45.3404 [TRACE] :  A头插件开始，发送插件点坐标...
2018-05-06 23:03:45.3404 [TRACE] :  PointA: [ 97.075 , 118.649 , 18.246 , -60 ]
2018-05-06 23:03:45.3404 [TRACE] :  A头插件坐标发送成功，发送插件指令...
2018-05-06 23:03:45.9332 [TRACE] :  插件命令发送成功，等待插件完成。
2018-05-06 23:03:46.9472 [TRACE] :  A头插件完成。
2018-05-06 23:03:46.9784 [TRACE] :  B头插件开始，发送插件点坐标...
2018-05-06 23:03:46.9784 [TRACE] :  PointB: [ 119.572998046875 , 100.65299987793 , 63.2480010986328 , -179.005001068115 ]
2018-05-06 23:03:46.9784 [TRACE] :  B头插件坐标发送成功，发送插件指令...
2018-05-06 23:03:47.5400 [TRACE] :  插件命令发送成功，等待插件完成。
2018-05-06 23:03:49.1156 [TRACE] :  B头插件完成。
2018-05-06 23:03:49.1468 [TRACE] :  C头插件开始，发送插件点坐标...
2018-05-06 23:03:49.1468 [TRACE] :  PointC: [ 97.075 , 118 , 18 , 62 ]
2018-05-06 23:03:49.1468 [TRACE] :  C头插件坐标发送成功，发送插件指令...
2018-05-06 23:03:49.7084 [TRACE] :  插件命令发送成功，等待插件完成。
2018-05-06 23:03:51.3464 [TRACE] :  C头插件完成。
2018-05-06 23:03:51.3776 [TRACE] :  正常终了，完成一块PCB插件。
2018-05-06 23:03:51.3932 [TRACE] :  参数设置成功，初始化完成，开始基板搬送...
2018-05-06 23:03:51.4088 [TRACE] :  上下板平台气缸复原
2018-05-06 23:03:51.9236 [TRACE] :  气缸到位，正常终了。
2018-05-06 23:03:51.9392 [TRACE] :  上下板开始...
2018-05-06 23:03:54.3260 [TRACE] :  出口有板，等待后机要板信号...
2018-05-06 23:03:54.3416 [TRACE] :  收到后机要板信号，开始基板搬送...
2018-05-06 23:03:55.5584 [TRACE] :  基板搬送完成。
2018-05-06 23:04:06.9621 [TRACE] :  轨道入口有板，挡板气缸升起，开始基板搬送...
2018-05-06 23:04:11.1615 [TRACE] :  开始取料...
2018-05-06 23:04:15.7011 [TRACE] :  A头取料开始，发送取料命令：11
2018-05-06 23:04:15.7011 [TRACE] :  取料命令发送成功，等待取料完成。
2018-05-06 23:04:17.3391 [TRACE] :  A头取料完成。
2018-05-06 23:04:17.3703 [TRACE] :  B头取料开始，发送取料指令：12
2018-05-06 23:04:17.3703 [TRACE] :  取料命令发送成功，等待取料完成。
2018-05-06 23:04:18.4935 [TRACE] :  B头取料完成。
2018-05-06 23:04:18.5247 [TRACE] :  C头取料开始，发送取料指令：11
2018-05-06 23:04:18.5247 [TRACE] :  取料命令发送成功，等待取料完成。
2018-05-06 23:04:20.1315 [TRACE] :  C头取料完成。
2018-05-06 23:04:21.2079 [TRACE] :  到达A头拍照点，触发相机定位...
2018-05-06 23:04:21.2235 [TRACE] :  A头物料定位完成！
2018-05-06 23:04:22.8459 [TRACE] :  到达B头拍照点，触发相机定位...
2018-05-06 23:04:22.8615 [TRACE] :  B头物料定位完成！
2018-05-06 23:04:23.4699 [TRACE] :  到达C头拍照点，触发相机定位...
2018-05-06 23:04:23.4855 [TRACE] :  物料定位完成！
2018-05-06 23:04:24.6087 [TRACE] :  到达Mark Point拍照位，触发相机定位...
2018-05-06 23:04:24.6399 [TRACE] :  Mark Point A拍照定位完成！
2018-05-06 23:04:25.7787 [TRACE] :  到达Mark Point B 拍照位，触发相机定位...
2018-05-06 23:04:25.7943 [TRACE] :  Mark Point B拍照定位完成！
2018-05-06 23:04:25.8099 [TRACE] :  开始插件...
2018-05-06 23:04:25.8411 [TRACE] :  A头插件开始，发送插件点坐标...
2018-05-06 23:04:25.8411 [TRACE] :  PointA: [ 97.075 , 118.649 , 18.246 , -60 ]
2018-05-06 23:04:25.8411 [TRACE] :  A头插件坐标发送成功，发送插件指令...
2018-05-06 23:04:26.4651 [TRACE] :  插件命令发送成功，等待插件完成。
2018-05-06 23:04:28.0719 [TRACE] :  A头插件完成。
2018-05-06 23:04:28.1031 [TRACE] :  B头插件开始，发送插件点坐标...
2018-05-06 23:04:28.1031 [TRACE] :  PointB: [ 119.572998046875 , 100.65299987793 , 63.2480010986328 , -179.005001068115 ]
2018-05-06 23:04:28.1031 [TRACE] :  B头插件坐标发送成功，发送插件指令...
2018-05-06 23:04:28.6959 [TRACE] :  插件命令发送成功，等待插件完成。
2018-05-06 23:04:30.2715 [TRACE] :  B头插件完成。
2018-05-06 23:04:30.3027 [TRACE] :  C头插件开始，发送插件点坐标...
2018-05-06 23:04:30.3027 [TRACE] :  PointC: [ 97.075 , 118 , 18 , 62 ]
2018-05-06 23:04:30.3027 [TRACE] :  C头插件坐标发送成功，发送插件指令...
2018-05-06 23:04:30.8799 [TRACE] :  插件命令发送成功，等待插件完成。
2018-05-06 23:04:32.5023 [TRACE] :  C头插件完成。
2018-05-06 23:04:32.5335 [TRACE] :  正常终了，完成一块PCB插件。
2018-05-06 23:04:32.5491 [TRACE] :  参数设置成功，初始化完成，开始基板搬送...
2018-05-06 23:04:32.5647 [TRACE] :  上下板平台气缸复原
2018-05-06 23:04:33.0795 [TRACE] :  气缸到位，正常终了。
2018-05-06 23:04:33.0951 [TRACE] :  上下板开始...
2018-05-06 23:04:35.4819 [TRACE] :  出口有板，等待后机要板信号...
2018-05-06 23:04:35.4975 [TRACE] :  收到后机要板信号，开始基板搬送...
2018-05-06 23:04:36.8079 [TRACE] :  基板搬送完成。
2018-05-06 23:04:58.7747 [TRACE] :  轨道入口有板，挡板气缸升起，开始基板搬送...
2018-05-06 23:05:03.3299 [TRACE] :  开始取料...
2018-05-06 23:05:03.3611 [TRACE] :  A头取料开始，发送取料命令：11
2018-05-06 23:05:03.3611 [TRACE] :  取料命令发送成功，等待取料完成。
2018-05-06 23:05:04.9680 [TRACE] :  A头取料完成。
2018-05-06 23:05:04.9992 [TRACE] :  B头取料开始，发送取料指令：12
2018-05-06 23:05:04.9992 [TRACE] :  取料命令发送成功，等待取料完成。
2018-05-06 23:05:06.1224 [TRACE] :  B头取料完成。
2018-05-06 23:05:12.3000 [TRACE] :  C头取料开始，发送取料指令：11
2018-05-06 23:05:12.3000 [TRACE] :  取料命令发送成功，等待取料完成。
2018-05-06 23:05:13.6884 [TRACE] :  C头取料完成。
2018-05-06 23:05:15.3732 [TRACE] :  到达A头拍照点，触发相机定位...
2018-05-06 23:05:15.3888 [TRACE] :  A头物料定位完成！
2018-05-06 23:05:16.4496 [TRACE] :  到达B头拍照点，触发相机定位...
2018-05-06 23:05:16.4652 [TRACE] :  B头物料定位完成！
2018-05-06 23:05:17.5884 [TRACE] :  到达C头拍照点，触发相机定位...
2018-05-06 23:05:17.6040 [TRACE] :  物料定位完成！
2018-05-06 23:05:18.7116 [TRACE] :  到达Mark Point拍照位，触发相机定位...
2018-05-06 23:05:18.7272 [TRACE] :  Mark Point A拍照定位完成！
2018-05-06 23:05:19.8192 [TRACE] :  到达Mark Point B 拍照位，触发相机定位...
2018-05-06 23:05:19.8348 [TRACE] :  Mark Point B拍照定位完成！
2018-05-06 23:05:19.8504 [TRACE] :  开始插件...
2018-05-06 23:05:19.8816 [TRACE] :  A头插件开始，发送插件点坐标...
2018-05-06 23:05:19.8816 [TRACE] :  PointA: [ 97.075 , 118.649 , 18.246 , -60 ]
2018-05-06 23:05:19.8816 [TRACE] :  A头插件坐标发送成功，发送插件指令...
2018-05-06 23:05:20.4744 [TRACE] :  插件命令发送成功，等待插件完成。
2018-05-06 23:05:21.4884 [TRACE] :  A头插件完成。
2018-05-06 23:05:21.5196 [TRACE] :  B头插件开始，发送插件点坐标...
2018-05-06 23:05:21.5196 [TRACE] :  PointB: [ 119.572998046875 , 100.65299987793 , 63.2480010986328 , -179.005001068115 ]
2018-05-06 23:05:21.5196 [TRACE] :  B头插件坐标发送成功，发送插件指令...
2018-05-06 23:05:22.0968 [TRACE] :  插件命令发送成功，等待插件完成。
2018-05-06 23:05:23.6724 [TRACE] :  B头插件完成。
2018-05-06 23:05:23.7036 [TRACE] :  C头插件开始，发送插件点坐标...
2018-05-06 23:05:23.7036 [TRACE] :  PointC: [ 97.075 , 118 , 18 , 62 ]
2018-05-06 23:05:23.7036 [TRACE] :  C头插件坐标发送成功，发送插件指令...
2018-05-06 23:05:24.2964 [TRACE] :  插件命令发送成功，等待插件完成。
2018-05-06 23:05:25.8876 [TRACE] :  C头插件完成。
2018-05-06 23:05:25.9188 [TRACE] :  正常终了，完成一块PCB插件。
2018-05-06 23:05:25.9344 [TRACE] :  参数设置成功，初始化完成，开始基板搬送...
2018-05-06 23:05:25.9500 [TRACE] :  上下板平台气缸复原
2018-05-06 23:05:26.4648 [TRACE] :  气缸到位，正常终了。
2018-05-06 23:05:26.4804 [TRACE] :  上下板开始...
2018-05-06 23:05:28.8848 [TRACE] :  出口有板，等待后机要板信号...
2018-05-06 23:05:28.9004 [TRACE] :  收到后机要板信号，开始基板搬送...
2018-05-06 23:05:29.9144 [TRACE] :  基板搬送完成。
2018-05-06 23:06:35.0059 [TRACE] :  插件初始化...
2018-05-06 23:06:35.0527 [TRACE] :  设置坐标参数至Robot...
2018-05-06 23:06:39.7171 [TRACE] :  参数设置成功，初始化完成，开始基板搬送...
2018-05-06 23:06:39.7327 [TRACE] :  上下板平台气缸复原
2018-05-06 23:06:40.2475 [TRACE] :  气缸到位，正常终了。
2018-05-06 23:06:40.2631 [TRACE] :  上下板开始...
2018-05-06 23:06:40.3099 [TRACE] :  轨道入口有板，挡板气缸升起，开始基板搬送...
2018-05-06 23:06:44.4459 [TRACE] :  开始取料...
2018-05-06 23:06:45.6471 [TRACE] :  A头取料开始，发送取料命令：12
2018-05-06 23:06:45.6471 [TRACE] :  取料命令发送成功，等待取料完成。
2018-05-06 23:06:46.9273 [TRACE] :  A头取料完成。
2018-05-06 23:06:48.6453 [TRACE] :  到达A头拍照点，触发相机定位...
2018-05-06 23:06:48.6609 [TRACE] :  A头物料定位完成！
2018-05-06 23:06:49.5199 [TRACE] :  到达Mark Point拍照位，触发相机定位...
2018-05-06 23:06:49.5355 [TRACE] :  Mark Point A拍照定位完成！
2018-05-06 23:06:50.6743 [TRACE] :  到达Mark Point B 拍照位，触发相机定位...
2018-05-06 23:06:50.6899 [TRACE] :  Mark Point B拍照定位完成！
2018-05-06 23:06:50.7055 [TRACE] :  开始插件...
2018-05-06 23:06:50.7367 [TRACE] :  A头插件开始，发送插件点坐标...
2018-05-06 23:06:50.7367 [TRACE] :  PointA: [ 119.572998046875 , 100.65299987793 , 63.2480010986328 , -60.0050010681152 ]
2018-05-06 23:06:50.7367 [TRACE] :  A头插件坐标发送成功，发送插件指令...
2018-05-06 23:06:51.3139 [TRACE] :  插件命令发送成功，等待插件完成。
2018-05-06 23:06:52.5619 [TRACE] :  A头插件完成。
2018-05-06 23:06:52.6243 [TRACE] :  正常终了，完成一块PCB插件。
2018-05-06 23:06:52.6399 [TRACE] :  参数设置成功，初始化完成，开始基板搬送...
2018-05-06 23:06:52.6555 [TRACE] :  上下板平台气缸复原
2018-05-06 23:06:53.1703 [TRACE] :  气缸到位，正常终了。
2018-05-06 23:06:53.1859 [TRACE] :  上下板开始...
2018-05-06 23:06:55.5727 [TRACE] :  出口有板，等待后机要板信号...
2018-05-06 23:06:55.5883 [TRACE] :  收到后机要板信号，开始基板搬送...
2018-05-06 23:06:56.8520 [TRACE] :  基板搬送完成。
2018-05-06 23:07:06.1964 [TRACE] :  轨道入口有板，挡板气缸升起，开始基板搬送...
2018-05-06 23:07:11.0792 [TRACE] :  开始取料...
2018-05-06 23:07:11.1104 [TRACE] :  A头取料开始，发送取料命令：12
2018-05-06 23:07:11.1104 [TRACE] :  取料命令发送成功，等待取料完成。
2018-05-06 23:07:12.7016 [TRACE] :  A头取料完成。
2018-05-06 23:07:14.4176 [TRACE] :  到达A头拍照点，触发相机定位...
2018-05-06 23:07:14.4332 [TRACE] :  A头物料定位完成！
2018-05-06 23:07:15.3068 [TRACE] :  到达Mark Point拍照位，触发相机定位...
2018-05-06 23:07:15.3224 [TRACE] :  Mark Point A拍照定位完成！
2018-05-06 23:07:16.4144 [TRACE] :  到达Mark Point B 拍照位，触发相机定位...
2018-05-06 23:07:16.4300 [TRACE] :  Mark Point B拍照定位完成！
2018-05-06 23:07:16.4456 [TRACE] :  开始插件...
2018-05-06 23:07:16.4768 [TRACE] :  A头插件开始，发送插件点坐标...
2018-05-06 23:07:16.4768 [TRACE] :  PointA: [ 119.572998046875 , 100.65299987793 , 63.2480010986328 , -60.0050010681152 ]
2018-05-06 23:07:16.4768 [TRACE] :  A头插件坐标发送成功，发送插件指令...
2018-05-06 23:07:17.0696 [TRACE] :  插件命令发送成功，等待插件完成。
2018-05-06 23:07:18.3176 [TRACE] :  A头插件完成。
2018-05-06 23:07:18.3800 [TRACE] :  正常终了，完成一块PCB插件。
2018-05-06 23:07:18.3956 [TRACE] :  参数设置成功，初始化完成，开始基板搬送...
2018-05-06 23:07:18.4112 [TRACE] :  上下板平台气缸复原
2018-05-06 23:07:18.9260 [TRACE] :  气缸到位，正常终了。
2018-05-06 23:07:18.9416 [TRACE] :  上下板开始...
2018-05-06 23:07:21.3284 [TRACE] :  出口有板，等待后机要板信号...
2018-05-06 23:07:21.3440 [TRACE] :  收到后机要板信号，开始基板搬送...
2018-05-06 23:07:22.3736 [TRACE] :  基板搬送完成。
2018-05-06 23:07:34.6528 [TRACE] :  轨道入口有板，挡板气缸升起，开始基板搬送...
2018-05-06 23:07:38.6152 [TRACE] :  开始取料...
2018-05-06 23:07:38.6464 [TRACE] :  A头取料开始，发送取料命令：12
2018-05-06 23:07:38.6464 [TRACE] :  取料命令发送成功，等待取料完成。
2018-05-06 23:07:40.2376 [TRACE] :  A头取料完成。
2018-05-06 23:07:41.9068 [TRACE] :  到达A头拍照点，触发相机定位...
2018-05-06 23:07:41.9224 [TRACE] :  A头物料定位完成！
2018-05-06 23:07:42.8584 [TRACE] :  到达Mark Point拍照位，触发相机定位...
2018-05-06 23:07:42.8740 [TRACE] :  Mark Point A拍照定位完成！
2018-05-06 23:07:43.9660 [TRACE] :  到达Mark Point B 拍照位，触发相机定位...
2018-05-06 23:07:43.9816 [TRACE] :  Mark Point B拍照定位完成！
2018-05-06 23:07:43.9972 [TRACE] :  开始插件...
2018-05-06 23:07:44.0284 [TRACE] :  A头插件开始，发送插件点坐标...
2018-05-06 23:07:44.0284 [TRACE] :  PointA: [ 119.572998046875 , 100.65299987793 , 63.2480010986328 , -60.0050010681152 ]
2018-05-06 23:07:44.0284 [TRACE] :  A头插件坐标发送成功，发送插件指令...
2018-05-06 23:07:44.6212 [TRACE] :  插件命令发送成功，等待插件完成。
2018-05-06 23:07:45.8692 [TRACE] :  A头插件完成。
2018-05-06 23:07:45.9316 [TRACE] :  正常终了，完成一块PCB插件。
2018-05-06 23:07:45.9472 [TRACE] :  参数设置成功，初始化完成，开始基板搬送...
2018-05-06 23:07:45.9628 [TRACE] :  上下板平台气缸复原
2018-05-06 23:07:46.4776 [TRACE] :  气缸到位，正常终了。
2018-05-06 23:07:46.4932 [TRACE] :  上下板开始...
2018-05-06 23:07:48.8800 [TRACE] :  出口有板，等待后机要板信号...
2018-05-06 23:07:48.8956 [TRACE] :  收到后机要板信号，开始基板搬送...
2018-05-06 23:07:50.2060 [TRACE] :  基板搬送完成。
2018-05-06 23:08:02.9825 [TRACE] :  轨道入口有板，挡板气缸升起，开始基板搬送...
2018-05-06 23:08:07.2433 [TRACE] :  开始取料...
2018-05-06 23:08:07.2745 [TRACE] :  A头取料开始，发送取料命令：12
2018-05-06 23:08:07.2745 [TRACE] :  取料命令发送成功，等待取料完成。
2018-05-06 23:08:08.4143 [TRACE] :  A头取料完成。
2018-05-06 23:08:10.0991 [TRACE] :  到达A头拍照点，触发相机定位...
2018-05-06 23:08:10.1303 [TRACE] :  A头物料定位完成！
2018-05-06 23:08:11.0195 [TRACE] :  到达Mark Point拍照位，触发相机定位...
2018-05-06 23:08:11.0351 [TRACE] :  Mark Point A拍照定位完成！
2018-05-06 23:08:12.1583 [TRACE] :  到达Mark Point B 拍照位，触发相机定位...
2018-05-06 23:08:12.1739 [TRACE] :  Mark Point B拍照定位完成！
2018-05-06 23:08:12.1895 [TRACE] :  开始插件...
2018-05-06 23:08:12.2207 [TRACE] :  A头插件开始，发送插件点坐标...
2018-05-06 23:08:12.2207 [TRACE] :  PointA: [ 119.572998046875 , 100.65299987793 , 63.2480010986328 , -60.0050010681152 ]
2018-05-06 23:08:12.2207 [TRACE] :  A头插件坐标发送成功，发送插件指令...
2018-05-06 23:08:12.8135 [TRACE] :  插件命令发送成功，等待插件完成。
2018-05-06 23:08:14.0615 [TRACE] :  A头插件完成。
2018-05-06 23:08:14.1239 [TRACE] :  正常终了，完成一块PCB插件。
2018-05-06 23:08:14.1395 [TRACE] :  参数设置成功，初始化完成，开始基板搬送...
2018-05-06 23:08:14.1551 [TRACE] :  上下板平台气缸复原
2018-05-06 23:08:14.6699 [TRACE] :  气缸到位，正常终了。
2018-05-06 23:08:14.6855 [TRACE] :  上下板开始...
2018-05-06 23:08:17.0567 [TRACE] :  出口有板，等待后机要板信号...
2018-05-06 23:08:17.0723 [TRACE] :  收到后机要板信号，开始基板搬送...
2018-05-06 23:08:18.3047 [TRACE] :  基板搬送完成。
2018-05-06 23:08:23.2187 [TRACE] :  轨道入口有板，挡板气缸升起，开始基板搬送...
2018-05-06 23:08:35.4023 [TRACE] :  开始取料...
2018-05-06 23:08:35.4335 [TRACE] :  A头取料开始，发送取料命令：12
2018-05-06 23:08:35.4335 [TRACE] :  取料命令发送成功，等待取料完成。
2018-05-06 23:08:36.5099 [TRACE] :  A头取料完成。
2018-05-06 23:08:38.2103 [TRACE] :  到达A头拍照点，触发相机定位...
2018-05-06 23:08:38.2259 [TRACE] :  A头物料定位完成！
2018-05-06 23:08:39.0995 [TRACE] :  到达Mark Point拍照位，触发相机定位...
2018-05-06 23:08:39.1151 [TRACE] :  Mark Point A拍照定位完成！
2018-05-06 23:08:40.2071 [TRACE] :  到达Mark Point B 拍照位，触发相机定位...
2018-05-06 23:08:40.2227 [TRACE] :  Mark Point B拍照定位完成！
2018-05-06 23:08:40.2383 [TRACE] :  开始插件...
2018-05-06 23:08:40.2695 [TRACE] :  A头插件开始，发送插件点坐标...
2018-05-06 23:08:40.2695 [TRACE] :  PointA: [ 119.572998046875 , 100.65299987793 , 63.2480010986328 , -60.0050010681152 ]
2018-05-06 23:08:40.2695 [TRACE] :  A头插件坐标发送成功，发送插件指令...
2018-05-06 23:08:40.8623 [TRACE] :  插件命令发送成功，等待插件完成。
2018-05-06 23:08:42.1103 [TRACE] :  A头插件完成。
2018-05-06 23:08:42.1727 [TRACE] :  正常终了，完成一块PCB插件。
2018-05-06 23:08:42.1883 [TRACE] :  参数设置成功，初始化完成，开始基板搬送...
2018-05-06 23:08:42.2039 [TRACE] :  上下板平台气缸复原
2018-05-06 23:08:42.7187 [TRACE] :  气缸到位，正常终了。
2018-05-06 23:08:42.7343 [TRACE] :  上下板开始...
2018-05-06 23:08:45.1211 [TRACE] :  出口有板，等待后机要板信号...
2018-05-06 23:08:45.1367 [TRACE] :  收到后机要板信号，开始基板搬送...
2018-05-06 23:08:46.2151 [TRACE] :  基板搬送完成。
2018-05-06 23:31:54.0422 [TRACE] :  插件初始化...
2018-05-06 23:31:54.0890 [TRACE] :  设置坐标参数至Robot...
2018-05-06 23:31:58.8470 [TRACE] :  参数设置成功，初始化完成，开始基板搬送...
2018-05-06 23:31:58.8626 [TRACE] :  上下板平台气缸复原
2018-05-06 23:31:59.3774 [TRACE] :  气缸到位，正常终了。
2018-05-06 23:31:59.3930 [TRACE] :  上下板开始...
2018-05-06 23:31:59.4398 [TRACE] :  轨道入口有板，挡板气缸升起，开始基板搬送...
2018-05-06 23:32:03.6207 [TRACE] :  开始取料...
2018-05-06 23:32:03.6519 [TRACE] :  A头取料开始，发送取料命令：13
2018-05-06 23:32:03.6519 [TRACE] :  取料命令发送成功，等待取料完成。
2018-05-06 23:32:08.2227 [TRACE] :  A头取料完成。
2018-05-06 23:32:09.9231 [TRACE] :  到达A头拍照点，触发相机定位...
2018-05-06 23:32:09.9387 [TRACE] :  A头物料定位完成！
2018-05-06 23:32:12.0759 [TRACE] :  到达Mark Point拍照位，触发相机定位...
2018-05-06 23:32:12.0915 [TRACE] :  Mark Point A拍照定位完成！
2018-05-06 23:32:13.1835 [TRACE] :  到达Mark Point B 拍照位，触发相机定位...
2018-05-06 23:32:13.1991 [TRACE] :  Mark Point B拍照定位完成！
2018-05-06 23:32:13.2147 [TRACE] :  开始插件...
2018-05-06 23:32:13.2459 [TRACE] :  A头插件开始，发送插件点坐标...
2018-05-06 23:32:13.2459 [TRACE] :  PointA: [ 193.943 , -22.749 , 60.878 , 201.602 ]
2018-05-06 23:32:13.2459 [TRACE] :  A头插件坐标发送成功，发送插件指令...
2018-05-06 23:32:13.8231 [TRACE] :  插件命令发送成功，等待插件完成。
2018-05-06 23:32:19.6595 [TRACE] :  A头插件完成。
2018-05-06 23:32:19.7219 [TRACE] :  正常终了，完成一块PCB插件。
2018-05-06 23:32:19.7375 [TRACE] :  参数设置成功，初始化完成，开始基板搬送...
2018-05-06 23:32:19.7531 [TRACE] :  上下板平台气缸复原
2018-05-06 23:32:20.2679 [TRACE] :  气缸到位，正常终了。
2018-05-06 23:32:20.2835 [TRACE] :  上下板开始...
2018-05-06 23:32:22.7171 [TRACE] :  出口有板，等待后机要板信号...
2018-05-06 23:32:22.7327 [TRACE] :  收到后机要板信号，开始基板搬送...
2018-05-06 23:32:23.5283 [TRACE] :  基板搬送完成。
2018-05-06 23:32:34.6823 [TRACE] :  轨道入口有板，挡板气缸升起，开始基板搬送...
2018-05-06 23:32:39.2375 [TRACE] :  开始取料...
2018-05-06 23:32:39.2687 [TRACE] :  A头取料开始，发送取料命令：14
2018-05-06 23:32:39.2687 [TRACE] :  取料命令发送成功，等待取料完成。
2018-05-06 23:33:35.3932 [TRACE] :  插件初始化...
2018-05-06 23:33:35.4400 [TRACE] :  设置坐标参数至Robot...
2018-05-06 23:33:40.1210 [TRACE] :  参数设置成功，初始化完成，开始基板搬送...
2018-05-06 23:33:40.1366 [TRACE] :  上下板平台气缸复原
2018-05-06 23:33:40.7294 [TRACE] :  气缸到位，正常终了。
2018-05-06 23:33:40.7450 [TRACE] :  上下板开始...
2018-05-06 23:33:40.7918 [TRACE] :  轨道入口有板，挡板气缸升起，开始基板搬送...
2018-05-06 23:33:44.7698 [TRACE] :  开始取料...
2018-05-06 23:33:44.8010 [TRACE] :  A头取料开始，发送取料命令：13
2018-05-06 23:33:44.8010 [TRACE] :  取料命令发送成功，等待取料完成。
2018-05-06 23:33:49.3718 [TRACE] :  A头取料完成。
2018-05-06 23:33:51.0878 [TRACE] :  到达A头拍照点，触发相机定位...
2018-05-06 23:33:51.1034 [TRACE] :  A头物料定位完成！
2018-05-06 23:33:53.2406 [TRACE] :  到达Mark Point拍照位，触发相机定位...
2018-05-06 23:33:53.2562 [TRACE] :  Mark Point A拍照定位完成！
2018-05-06 23:33:54.3951 [TRACE] :  到达Mark Point B 拍照位，触发相机定位...
2018-05-06 23:33:54.4107 [TRACE] :  Mark Point B拍照定位完成！
2018-05-06 23:33:54.4263 [TRACE] :  开始插件...
2018-05-06 23:33:54.4575 [TRACE] :  A头插件开始，发送插件点坐标...
2018-05-06 23:33:54.4575 [TRACE] :  PointA: [ 193.943 , -22.749 , 60.878 , 201.602 ]
2018-05-06 23:33:54.4575 [TRACE] :  A头插件坐标发送成功，发送插件指令...
2018-05-06 23:33:55.0971 [TRACE] :  插件命令发送成功，等待插件完成。
2018-05-06 23:34:00.9471 [TRACE] :  A头插件完成。
2018-05-06 23:34:01.0095 [TRACE] :  正常终了，完成一块PCB插件。
2018-05-06 23:34:01.0251 [TRACE] :  参数设置成功，初始化完成，开始基板搬送...
2018-05-06 23:34:01.0407 [TRACE] :  上下板平台气缸复原
2018-05-06 23:34:01.5555 [TRACE] :  气缸到位，正常终了。
2018-05-06 23:34:01.5711 [TRACE] :  上下板开始...
2018-05-06 23:34:04.0203 [TRACE] :  出口有板，等待后机要板信号...
2018-05-06 23:34:04.0359 [TRACE] :  收到后机要板信号，开始基板搬送...
2018-05-06 23:34:04.8939 [TRACE] :  基板搬送完成。
2018-05-06 23:35:28.8261 [TRACE] :  插件初始化...
2018-05-06 23:35:28.8729 [TRACE] :  设置坐标参数至Robot...
2018-05-06 23:35:33.5217 [TRACE] :  参数设置成功，初始化完成，开始基板搬送...
2018-05-06 23:35:33.5373 [TRACE] :  上下板平台气缸复原
2018-05-06 23:35:34.0521 [TRACE] :  气缸到位，正常终了。
2018-05-06 23:35:34.0677 [TRACE] :  上下板开始...
2018-05-06 23:35:34.1145 [TRACE] :  轨道入口有板，挡板气缸升起，开始基板搬送...
2018-05-06 23:35:38.2661 [TRACE] :  开始取料...
2018-05-06 23:35:38.2973 [TRACE] :  A头取料开始，发送取料命令：13
2018-05-06 23:35:38.2973 [TRACE] :  取料命令发送成功，等待取料完成。
2018-05-06 23:35:39.8729 [TRACE] :  A头取料完成。
2018-05-06 23:35:41.5421 [TRACE] :  到达A头拍照点，触发相机定位...
2018-05-06 23:35:41.5577 [TRACE] :  A头物料定位完成！
2018-05-06 23:35:42.5093 [TRACE] :  到达Mark Point拍照位，触发相机定位...
2018-05-06 23:35:42.5249 [TRACE] :  Mark Point A拍照定位完成！
2018-05-06 23:35:43.6481 [TRACE] :  到达Mark Point B 拍照位，触发相机定位...
2018-05-06 23:35:43.6637 [TRACE] :  Mark Point B拍照定位完成！
2018-05-06 23:35:43.6793 [TRACE] :  开始插件...
2018-05-06 23:35:43.7105 [TRACE] :  A头插件开始，发送插件点坐标...
2018-05-06 23:35:43.7105 [TRACE] :  PointA: [ 193.943 , -22.749 , 60.878 , 201.602 ]
2018-05-06 23:35:43.7105 [TRACE] :  A头插件坐标发送成功，发送插件指令...
2018-05-06 23:35:44.2877 [TRACE] :  插件命令发送成功，等待插件完成。
2018-05-06 23:35:45.7697 [TRACE] :  A头插件完成。
2018-05-06 23:35:45.8321 [TRACE] :  正常终了，完成一块PCB插件。
2018-05-06 23:35:45.8477 [TRACE] :  参数设置成功，初始化完成，开始基板搬送...
2018-05-06 23:35:45.8633 [TRACE] :  上下板平台气缸复原
2018-05-06 23:35:46.3781 [TRACE] :  气缸到位，正常终了。
2018-05-06 23:35:46.3937 [TRACE] :  上下板开始...
2018-05-06 23:35:48.8273 [TRACE] :  出口有板，等待后机要板信号...
2018-05-06 23:35:48.8429 [TRACE] :  收到后机要板信号，开始基板搬送...
2018-05-06 23:35:49.5449 [TRACE] :  基板搬送完成。
2018-05-06 23:36:15.9245 [TRACE] :  轨道入口有板，挡板气缸升起，开始基板搬送...
2018-05-06 23:36:20.4028 [TRACE] :  开始取料...
2018-05-06 23:36:20.4340 [TRACE] :  A头取料开始，发送取料命令：13
2018-05-06 23:36:20.4340 [TRACE] :  取料命令发送成功，等待取料完成。
2018-05-06 23:36:22.0096 [TRACE] :  A头取料完成。
2018-05-06 23:36:23.6788 [TRACE] :  到达A头拍照点，触发相机定位...
2018-05-06 23:36:23.6944 [TRACE] :  A头物料定位完成！
2018-05-06 23:36:24.6148 [TRACE] :  到达Mark Point拍照位，触发相机定位...
2018-05-06 23:36:24.6304 [TRACE] :  Mark Point A拍照定位完成！
2018-05-06 23:36:25.7068 [TRACE] :  到达Mark Point B 拍照位，触发相机定位...
2018-05-06 23:36:25.7380 [TRACE] :  Mark Point B拍照定位完成！
2018-05-06 23:36:25.7536 [TRACE] :  开始插件...
2018-05-06 23:36:25.7848 [TRACE] :  A头插件开始，发送插件点坐标...
2018-05-06 23:36:25.7848 [TRACE] :  PointA: [ 193.943 , -22.749 , 60.878 , 201.602 ]
2018-05-06 23:36:25.7848 [TRACE] :  A头插件坐标发送成功，发送插件指令...
2018-05-06 23:36:26.3620 [TRACE] :  插件命令发送成功，等待插件完成。
2018-05-06 23:36:27.8440 [TRACE] :  A头插件完成。
2018-05-06 23:36:27.9064 [TRACE] :  正常终了，完成一块PCB插件。
2018-05-06 23:36:27.9220 [TRACE] :  参数设置成功，初始化完成，开始基板搬送...
2018-05-06 23:36:27.9376 [TRACE] :  上下板平台气缸复原
2018-05-06 23:36:28.4524 [TRACE] :  气缸到位，正常终了。
2018-05-06 23:36:28.4680 [TRACE] :  上下板开始...
2018-05-06 23:36:30.9016 [TRACE] :  出口有板，等待后机要板信号...
2018-05-06 23:36:30.9172 [TRACE] :  收到后机要板信号，开始基板搬送...
2018-05-06 23:36:31.5880 [TRACE] :  基板搬送完成。
