2018-05-03 09:21:18.0776 [TRACE] :  插件开始...
2018-05-03 09:22:26.6432 [TRACE] :  插件开始...
2018-05-03 09:22:53.3502 [TRACE] :  插件开始...
2018-05-03 09:24:53.7481 [TRACE] :  插件开始...
2018-05-03 09:31:35.6561 [TRACE] :  插件开始...
2018-05-03 09:31:57.1991 [TRACE] :  插件开始...
2018-05-03 09:32:03.9693 [TRACE] :  插件开始...
2018-05-03 09:32:08.1813 [TRACE] :  插件开始...
2018-05-03 09:32:15.4821 [TRACE] :  插件开始...
2018-05-03 09:32:20.6300 [TRACE] :  插件开始...
2018-05-03 09:33:16.5665 [TRACE] :  插件开始...
2018-05-03 14:29:28.9211 [TRACE] :  插件开始...
2018-05-03 14:29:28.9381 [TRACE] :  上下板平台气缸复原
2018-05-03 14:29:28.9381 [TRACE] :  气缸到位，正常终了。
2018-05-03 14:29:28.9621 [TRACE] :  上下板开始...
2018-05-03 14:31:55.1841 [TRACE] :  插件开始...
2018-05-03 14:31:56.2081 [TRACE] :  上下板平台气缸复原
2018-05-03 14:31:57.2191 [TRACE] :  气缸到位，正常终了。
2018-05-03 14:31:58.2311 [TRACE] :  上下板开始...
2018-05-03 14:32:24.8891 [TRACE] :  插件开始...
2018-05-03 14:32:40.8801 [TRACE] :  上下板平台气缸复原
2018-05-03 14:33:46.0561 [TRACE] :  插件开始...
2018-05-03 14:33:51.8821 [TRACE] :  上下板平台气缸复原
2018-05-03 14:34:05.4391 [TRACE] :  气缸到位，正常终了。
2018-05-03 14:36:31.0131 [TRACE] :  插件开始...
2018-05-03 14:36:32.0241 [TRACE] :  上下板平台气缸复原
2018-05-03 14:36:44.1121 [TRACE] :  气缸到位，正常终了。
2018-05-03 14:36:55.6681 [TRACE] :  上下板开始...
2018-05-03 14:38:25.3861 [TRACE] :  插件开始...
2018-05-03 14:38:26.4021 [TRACE] :  上下板平台气缸复原
2018-05-03 14:38:27.4131 [TRACE] :  气缸到位，正常终了。
2018-05-03 14:38:28.4261 [TRACE] :  上下板开始...
2018-05-03 14:42:08.0431 [TRACE] :  插件开始...
2018-05-03 14:42:09.0561 [TRACE] :  上下板平台气缸复原
2018-05-03 14:42:10.0671 [TRACE] :  气缸到位，正常终了。
2018-05-03 14:42:11.0791 [TRACE] :  上下板开始...
2018-05-03 14:43:05.2241 [TRACE] :  插件开始...
2018-05-03 14:43:06.2341 [TRACE] :  上下板平台气缸复原
2018-05-03 14:43:07.2461 [TRACE] :  气缸到位，正常终了。
2018-05-03 14:43:08.2571 [TRACE] :  上下板开始...
2018-05-03 14:43:46.1011 [TRACE] :  插件开始...
2018-05-03 14:43:47.1141 [TRACE] :  上下板平台气缸复原
2018-05-03 14:43:48.1281 [TRACE] :  气缸到位，正常终了。
2018-05-03 14:43:49.1391 [TRACE] :  上下板开始...
2018-05-03 14:45:04.3681 [TRACE] :  插件开始...
2018-05-03 14:45:05.3791 [TRACE] :  上下板平台气缸复原
2018-05-03 14:45:06.3921 [TRACE] :  气缸到位，正常终了。
2018-05-03 14:45:07.4041 [TRACE] :  上下板开始...
2018-05-03 14:47:00.8111 [TRACE] :  轨道入口有板，挡板气缸升起，开始基板搬送...
2018-05-03 14:47:47.9841 [WARN] :  Task alarm , machine stop.
2018-05-03 14:48:01.6421 [TRACE] :  上下板平台气缸复原
2018-05-03 14:48:02.6571 [TRACE] :  气缸到位，正常终了。
2018-05-03 14:48:03.6671 [TRACE] :  上下板开始...
2018-05-03 14:48:14.3301 [TRACE] :  轨道入口有板，挡板气缸升起，开始基板搬送...
2018-05-03 14:49:17.3521 [WARN] :  Task alarm , machine stop.
2018-05-03 14:49:35.9671 [TRACE] :  上下板平台气缸复原
2018-05-03 14:49:36.9771 [TRACE] :  气缸到位，正常终了。
2018-05-03 14:49:37.9921 [TRACE] :  上下板开始...
2018-05-03 14:49:41.0271 [TRACE] :  轨道入口有板，挡板气缸升起，开始基板搬送...
2018-05-03 14:53:18.6861 [TRACE] :  插件开始...
2018-05-03 14:53:19.6971 [TRACE] :  上下板平台气缸复原
2018-05-03 14:53:20.7151 [TRACE] :  气缸到位，正常终了。
2018-05-03 14:53:21.7281 [TRACE] :  上下板开始...
2018-05-03 14:54:05.1801 [TRACE] :  轨道入口有板，挡板气缸升起，开始基板搬送...
2018-05-03 14:54:22.3721 [WARN] :  Task alarm , machine stop.
2018-05-03 14:58:43.3071 [TRACE] :  插件开始...
2018-05-03 14:58:44.3281 [TRACE] :  上下板平台气缸复原
2018-05-03 14:58:45.3421 [TRACE] :  气缸到位，正常终了。
2018-05-03 14:58:46.3521 [TRACE] :  上下板开始...
2018-05-03 15:01:13.2761 [TRACE] :  插件开始...
2018-05-03 15:01:14.2891 [TRACE] :  上下板平台气缸复原
2018-05-03 15:01:15.3051 [TRACE] :  气缸到位，正常终了。
2018-05-03 15:01:16.3181 [TRACE] :  上下板开始...
2018-05-03 15:01:19.3631 [TRACE] :  轨道入口有板，挡板气缸升起，开始基板搬送...
2018-05-03 15:01:36.5551 [WARN] :  基板搬送超时！
2018-05-03 15:01:53.1481 [TRACE] :  上下板平台气缸复原
2018-05-03 15:01:54.1661 [TRACE] :  气缸到位，正常终了。
2018-05-03 15:01:55.1771 [TRACE] :  上下板开始...
2018-05-03 15:01:58.2091 [TRACE] :  轨道入口有板，挡板气缸升起，开始基板搬送...
2018-05-03 15:02:15.3981 [WARN] :  基板搬送超时！
2018-05-03 15:02:26.4591 [TRACE] :  上下板平台气缸复原
2018-05-03 15:02:27.4711 [TRACE] :  气缸到位，正常终了。
2018-05-03 15:02:28.4861 [TRACE] :  上下板开始...
2018-05-03 15:02:31.5181 [TRACE] :  轨道入口有板，挡板气缸升起，开始基板搬送...
2018-05-03 15:03:20.9411 [TRACE] :  插件开始...
2018-05-03 15:03:21.9551 [TRACE] :  上下板平台气缸复原
2018-05-03 15:03:22.9661 [TRACE] :  气缸到位，正常终了。
2018-05-03 15:03:23.9791 [TRACE] :  上下板开始...
2018-05-03 15:03:30.6781 [WARN] :  轨道中间存在未插件基板，请取走！
2018-05-03 15:04:13.5481 [TRACE] :  上下板平台气缸复原
2018-05-03 15:04:14.5621 [TRACE] :  气缸到位，正常终了。
2018-05-03 15:04:15.5731 [TRACE] :  上下板开始...
2018-05-03 15:04:17.6121 [WARN] :  轨道中间存在未插件基板，请取走！
2018-05-03 15:06:04.1961 [TRACE] :  上下板平台气缸复原
2018-05-03 15:06:05.2131 [TRACE] :  气缸到位，正常终了。
2018-05-03 15:06:06.2241 [TRACE] :  上下板开始...
2018-05-03 15:06:08.2611 [WARN] :  轨道中间存在未插件基板，请取走！
2018-05-03 15:07:33.8251 [TRACE] :  上下板平台气缸复原
2018-05-03 15:07:34.8421 [TRACE] :  气缸到位，正常终了。
2018-05-03 15:07:35.8561 [TRACE] :  上下板开始...
2018-05-03 15:07:36.8761 [TRACE] :  出口有板，等待后机要板信号...
2018-05-03 15:07:59.7081 [TRACE] :  收到后机要板信号，开始基板搬送...
2018-05-03 15:08:53.9871 [WARN] :  基板搬送超时！
2018-05-03 15:09:09.8681 [TRACE] :  上下板平台气缸复原
2018-05-03 15:09:10.8871 [TRACE] :  气缸到位，正常终了。
2018-05-03 15:09:11.8981 [TRACE] :  上下板开始...
2018-05-03 15:09:12.9141 [TRACE] :  出口有板，等待后机要板信号...
2018-05-03 15:09:13.9261 [TRACE] :  收到后机要板信号，开始基板搬送...
2018-05-03 15:09:24.0291 [TRACE] :  基板搬送完成。
2018-05-03 15:12:18.2901 [TRACE] :  插件开始...
2018-05-03 15:12:18.3041 [TRACE] :  上下板平台气缸复原
2018-05-03 15:12:18.3151 [TRACE] :  气缸到位，正常终了。
2018-05-03 15:12:18.3151 [TRACE] :  上下板开始...
2018-05-03 15:13:34.9191 [TRACE] :  轨道入口有板，挡板气缸升起，开始基板搬送...
2018-05-03 15:14:07.1531 [TRACE] :  插件开始...
2018-05-03 15:14:07.1531 [TRACE] :  上下板平台气缸复原
2018-05-03 15:14:07.1751 [TRACE] :  气缸到位，正常终了。
2018-05-03 15:14:07.1861 [TRACE] :  上下板开始...
2018-05-03 15:14:11.5381 [TRACE] :  轨道入口有板，挡板气缸升起，开始基板搬送...
2018-05-03 15:20:31.4951 [TRACE] :  插件开始...
2018-05-03 15:20:31.5081 [TRACE] :  上下板平台气缸复原
2018-05-03 15:20:31.5191 [TRACE] :  气缸到位，正常终了。
2018-05-03 15:20:31.5301 [TRACE] :  上下板开始...
2018-05-03 15:45:23.2214 [TRACE] :  轨道入口有板，挡板气缸升起，开始基板搬送...
2018-05-03 15:45:30.4241 [WARN] :  基板搬送异常！
2018-05-03 19:22:44.5117 [TRACE] :  插件开始...
2018-05-03 19:22:44.5267 [TRACE] :  上下板平台气缸复原
2018-05-03 19:22:44.5457 [TRACE] :  气缸到位，正常终了。
2018-05-03 19:22:44.5577 [TRACE] :  上下板开始...
