2018-05-04 00:54:13.9843 [TRACE] :  插件开始...
2018-05-04 00:54:14.0003 [TRACE] :  上下板平台气缸复原
2018-05-04 00:54:14.0133 [TRACE] :  气缸到位，正常终了。
2018-05-04 00:54:14.0309 [TRACE] :  上下板开始...
2018-05-04 00:54:14.0777 [WARN] :  轨道中间存在未插件基板，请取走！
2018-05-04 00:54:42.9893 [TRACE] :  上下板平台气缸复原
2018-05-04 00:54:43.0049 [TRACE] :  气缸到位，正常终了。
2018-05-04 00:54:43.0205 [TRACE] :  上下板开始...
2018-05-04 00:54:50.7426 [TRACE] :  轨道入口有板，挡板气缸升起，开始基板搬送...
2018-05-04 00:55:05.7976 [WARN] :  基板搬送超时！
2018-05-04 00:55:30.6796 [TRACE] :  上下板平台气缸复原
2018-05-04 00:55:30.6952 [TRACE] :  气缸到位，正常终了。
2018-05-04 00:55:30.7108 [TRACE] :  上下板开始...
2018-05-04 00:55:30.7576 [TRACE] :  轨道入口有板，挡板气缸升起，开始基板搬送...
2018-05-04 00:55:35.6570 [TRACE] :  正常终了，完成一块PCB插件。
2018-05-04 00:55:35.6726 [TRACE] :  插件开始...
2018-05-04 00:55:35.6882 [TRACE] :  上下板平台气缸复原
2018-05-04 00:55:35.7038 [TRACE] :  气缸到位，正常终了。
2018-05-04 00:55:35.7194 [TRACE] :  上下板开始...
2018-05-04 00:56:21.2447 [TRACE] :  轨道入口有板，挡板气缸升起，开始基板搬送...
2018-05-04 00:56:26.9075 [TRACE] :  正常终了，完成一块PCB插件。
2018-05-04 00:56:26.9231 [TRACE] :  插件开始...
2018-05-04 00:56:26.9387 [TRACE] :  上下板平台气缸复原
2018-05-04 00:56:43.8904 [TRACE] :  气缸到位，正常终了。
2018-05-04 00:56:43.9034 [TRACE] :  上下板开始...
2018-05-04 00:57:52.7944 [TRACE] :  轨道入口有板，挡板气缸升起，开始基板搬送...
2018-05-04 00:59:53.2629 [TRACE] :  正常终了，完成一块PCB插件。
2018-05-04 00:59:53.2839 [TRACE] :  插件开始...
2018-05-04 00:59:53.3055 [TRACE] :  上下板平台气缸复原
2018-05-04 00:59:53.3211 [TRACE] :  气缸到位，正常终了。
2018-05-04 00:59:53.3367 [TRACE] :  上下板开始...
2018-05-04 01:00:55.8811 [TRACE] :  插件开始...
2018-05-04 01:00:55.8967 [TRACE] :  上下板平台气缸复原
2018-05-04 01:00:55.9123 [TRACE] :  气缸到位，正常终了。
2018-05-04 01:00:55.9279 [TRACE] :  上下板开始...
2018-05-04 01:00:55.9747 [WARN] :  轨道中间存在未插件基板，请取走！
2018-05-04 01:01:15.3509 [TRACE] :  上下板平台气缸复原
2018-05-04 01:01:15.3665 [TRACE] :  气缸到位，正常终了。
2018-05-04 01:01:15.3821 [TRACE] :  上下板开始...
2018-05-04 01:01:15.4289 [TRACE] :  轨道入口有板，挡板气缸升起，开始基板搬送...
2018-05-04 01:01:26.7687 [TRACE] :  正常终了，完成一块PCB插件。
2018-05-04 01:02:21.2635 [TRACE] :  插件开始...
2018-05-04 01:02:21.2801 [TRACE] :  上下板平台气缸复原
2018-05-04 01:02:21.2957 [TRACE] :  气缸到位，正常终了。
2018-05-04 01:02:21.3113 [TRACE] :  上下板开始...
2018-05-04 01:02:21.3581 [TRACE] :  轨道入口有板，挡板气缸升起，开始基板搬送...
2018-05-04 01:02:25.4453 [TRACE] :  正常终了，完成一块PCB插件。
2018-05-04 01:02:39.0797 [TRACE] :  插件开始...
2018-05-04 01:02:39.0953 [TRACE] :  上下板平台气缸复原
2018-05-04 01:02:39.1109 [TRACE] :  气缸到位，正常终了。
2018-05-04 01:02:39.1265 [TRACE] :  上下板开始...
2018-05-04 01:02:47.0513 [TRACE] :  轨道入口有板，挡板气缸升起，开始基板搬送...
2018-05-04 01:02:52.9326 [TRACE] :  正常终了，完成一块PCB插件。
2018-05-04 01:03:28.2374 [TRACE] :  插件开始...
2018-05-04 01:03:28.2530 [TRACE] :  上下板平台气缸复原
2018-05-04 01:03:28.2686 [TRACE] :  气缸到位，正常终了。
2018-05-04 01:03:28.2842 [TRACE] :  上下板开始...
2018-05-04 01:03:33.1268 [TRACE] :  出口有板，等待后机要板信号...
2018-05-04 01:03:54.5632 [TRACE] :  收到后机要板信号，开始基板搬送...
2018-05-04 01:03:55.5928 [TRACE] :  基板搬送完成。
2018-05-04 01:04:16.6091 [TRACE] :  轨道入口有板，挡板气缸升起，开始基板搬送...
2018-05-04 01:04:22.1939 [TRACE] :  正常终了，完成一块PCB插件。
2018-05-04 01:04:29.2919 [TRACE] :  插件开始...
2018-05-04 01:04:29.3075 [TRACE] :  上下板平台气缸复原
2018-05-04 01:04:29.3231 [TRACE] :  气缸到位，正常终了。
2018-05-04 01:04:29.3387 [TRACE] :  上下板开始...
2018-05-04 01:05:04.4086 [TRACE] :  收到后机要板信号，开始基板搬送...
2018-05-04 01:05:08.0122 [TRACE] :  基板搬送完成。
2018-05-04 02:12:52.1735 [TRACE] :  插件开始...
2018-05-04 02:12:52.2203 [TRACE] :  上下板平台气缸复原
2018-05-04 02:12:52.2359 [TRACE] :  气缸到位，正常终了。
2018-05-04 02:12:52.2515 [TRACE] :  上下板开始...
2018-05-04 02:12:52.2983 [TRACE] :  轨道入口有板，挡板气缸升起，开始基板搬送...
2018-05-04 02:12:57.1187 [TRACE] :  取料插件坐标发送成功，发送取料插件命令 : 1
2018-05-04 02:12:57.1343 [TRACE] :  取料插件命令发送成功，等待取料完成。
2018-05-04 02:12:57.6959 [TRACE] :  取料插件结束：1
2018-05-04 02:12:57.7115 [TRACE] :  取料插件结束：1
2018-05-04 02:12:57.7271 [TRACE] :  取料插件结束：1
2018-05-04 02:12:57.7427 [TRACE] :  取料插件结束：1
2018-05-04 02:12:57.7583 [TRACE] :  取料插件结束：1
2018-05-04 02:12:57.7739 [TRACE] :  取料插件结束：1
2018-05-04 02:12:57.7895 [TRACE] :  取料插件结束：1
2018-05-04 02:12:57.8051 [TRACE] :  取料插件结束：1
2018-05-04 02:12:57.8207 [TRACE] :  取料插件结束：1
2018-05-04 02:12:57.8363 [TRACE] :  取料插件结束：1
2018-05-04 02:12:57.8519 [TRACE] :  取料插件结束：1
2018-05-04 02:12:57.8675 [TRACE] :  取料插件结束：1
2018-05-04 02:12:57.8831 [TRACE] :  取料插件结束：1
2018-05-04 02:12:57.8987 [TRACE] :  取料插件结束：1
2018-05-04 02:12:57.9143 [TRACE] :  取料插件结束：1
2018-05-04 02:12:57.9299 [TRACE] :  取料插件结束：1
2018-05-04 02:12:57.9455 [TRACE] :  取料插件结束：1
2018-05-04 02:12:57.9611 [TRACE] :  取料插件结束：1
2018-05-04 02:12:57.9767 [TRACE] :  取料插件结束：1
2018-05-04 02:12:57.9923 [TRACE] :  取料插件结束：1
2018-05-04 02:12:58.0079 [TRACE] :  取料插件结束：1
2018-05-04 02:12:58.0235 [TRACE] :  取料插件结束：1
2018-05-04 02:12:58.0391 [TRACE] :  取料插件结束：1
2018-05-04 02:12:58.0547 [TRACE] :  取料插件结束：1
2018-05-04 02:12:58.0703 [TRACE] :  取料插件结束：1
2018-05-04 02:12:58.0859 [TRACE] :  取料插件结束：1
2018-05-04 02:12:58.1015 [TRACE] :  取料插件结束：1
2018-05-04 02:12:58.1171 [TRACE] :  取料插件结束：1
2018-05-04 02:12:58.1327 [TRACE] :  取料插件结束：1
2018-05-04 02:17:51.1945 [TRACE] :  插件开始...
2018-05-04 02:17:51.2101 [TRACE] :  上下板平台气缸复原
2018-05-04 02:17:51.2257 [TRACE] :  气缸到位，正常终了。
2018-05-04 02:17:51.2413 [TRACE] :  上下板开始...
2018-05-04 02:17:51.3193 [WARN] :  轨道中间存在未插件基板，请取走！
2018-05-04 02:18:01.8494 [TRACE] :  上下板平台气缸复原
2018-05-04 02:18:01.8650 [TRACE] :  气缸到位，正常终了。
2018-05-04 02:18:01.8806 [TRACE] :  上下板开始...
2018-05-04 02:18:03.0506 [TRACE] :  轨道入口有板，挡板气缸升起，开始基板搬送...
2018-05-04 02:18:08.2766 [TRACE] :  取料插件坐标发送成功，发送取料插件命令 : 1
2018-05-04 02:18:08.2922 [TRACE] :  取料插件命令发送成功，等待取料完成。
2018-05-04 02:19:56.3068 [TRACE] :  插件开始...
2018-05-04 02:19:56.3380 [TRACE] :  上下板平台气缸复原
2018-05-04 02:19:56.3536 [TRACE] :  气缸到位，正常终了。
2018-05-04 02:19:56.3692 [TRACE] :  上下板开始...
2018-05-04 02:19:56.4472 [TRACE] :  轨道入口有板，挡板气缸升起，开始基板搬送...
2018-05-04 02:20:00.7528 [TRACE] :  取料插件坐标发送成功，发送取料插件命令 : 1
2018-05-04 02:20:00.7684 [TRACE] :  取料插件命令发送成功，等待取料完成。
2018-05-04 02:20:03.9040 [TRACE] :  取料插件结束：0
2018-05-04 02:20:03.9196 [TRACE] :  正常终了，完成一块PCB插件。
2018-05-04 02:20:03.9352 [TRACE] :  插件开始...
2018-05-04 02:20:03.9508 [TRACE] :  上下板平台气缸复原
2018-05-04 02:20:03.9664 [TRACE] :  气缸到位，正常终了。
2018-05-04 02:20:03.9820 [TRACE] :  上下板开始...
2018-05-04 02:20:04.0288 [TRACE] :  收到后机要板信号，开始基板搬送...
2018-05-04 02:20:07.3516 [TRACE] :  基板搬送完成。
2018-05-04 02:20:59.3339 [TRACE] :  轨道入口有板，挡板气缸升起，开始基板搬送...
2018-05-04 02:21:05.0747 [TRACE] :  取料插件坐标发送成功，发送取料插件命令 : 1
2018-05-04 02:21:05.0747 [TRACE] :  取料插件命令发送成功，等待取料完成。
2018-05-04 02:21:10.4411 [TRACE] :  取料插件结束：0
2018-05-04 02:21:10.4567 [TRACE] :  正常终了，完成一块PCB插件。
2018-05-04 02:21:10.4723 [TRACE] :  插件开始...
2018-05-04 02:21:10.4879 [TRACE] :  上下板平台气缸复原
2018-05-04 02:21:10.5035 [TRACE] :  气缸到位，正常终了。
2018-05-04 02:21:10.5191 [TRACE] :  上下板开始...
2018-05-04 02:21:10.5659 [TRACE] :  收到后机要板信号，开始基板搬送...
2018-05-04 02:21:13.8263 [TRACE] :  基板搬送完成。
2018-05-04 02:25:18.7877 [TRACE] :  轨道入口有板，挡板气缸升起，开始基板搬送...
2018-05-04 02:25:23.1000 [TRACE] :  取料插件坐标发送成功，发送取料插件命令 : 1
2018-05-04 02:25:23.1070 [TRACE] :  取料插件命令发送成功，等待取料完成。
2018-05-04 02:26:13.1208 [TRACE] :  取料插件结束：0
2018-05-04 02:26:13.1208 [TRACE] :  正常终了，完成一块PCB插件。
2018-05-04 02:26:13.1418 [TRACE] :  插件开始...
2018-05-04 02:26:13.1528 [TRACE] :  上下板平台气缸复原
2018-05-04 02:26:13.1528 [TRACE] :  气缸到位，正常终了。
2018-05-04 02:26:13.1758 [TRACE] :  上下板开始...
2018-05-04 02:26:13.2058 [TRACE] :  收到后机要板信号，开始基板搬送...
2018-05-04 02:26:16.4210 [TRACE] :  基板搬送完成。
2018-05-04 02:28:02.4151 [TRACE] :  轨道入口有板，挡板气缸升起，开始基板搬送...
2018-05-04 02:28:08.9854 [TRACE] :  取料插件坐标发送成功，发送取料插件命令 : 1
2018-05-04 02:28:08.9854 [TRACE] :  取料插件命令发送成功，等待取料完成。
2018-05-04 02:30:01.1129 [TRACE] :  取料插件结束：0
2018-05-04 02:30:01.1239 [TRACE] :  正常终了，完成一块PCB插件。
2018-05-04 02:30:01.1389 [TRACE] :  插件开始...
2018-05-04 02:30:01.1489 [TRACE] :  上下板平台气缸复原
2018-05-04 02:30:01.1489 [TRACE] :  气缸到位，正常终了。
2018-05-04 02:30:01.1689 [TRACE] :  上下板开始...
2018-05-04 02:30:01.1979 [TRACE] :  收到后机要板信号，开始基板搬送...
2018-05-04 02:30:04.0940 [TRACE] :  基板搬送完成。
2018-05-04 02:30:20.2939 [TRACE] :  轨道入口有板，挡板气缸升起，开始基板搬送...
2018-05-04 02:30:24.5622 [TRACE] :  取料插件坐标发送成功，发送取料插件命令 : 1
2018-05-04 02:30:24.5622 [TRACE] :  取料插件命令发送成功，等待取料完成。
2018-05-04 02:30:43.3833 [TRACE] :  取料插件结束：0
2018-05-04 02:30:43.3973 [TRACE] :  正常终了，完成一块PCB插件。
2018-05-04 02:30:43.4093 [TRACE] :  插件开始...
2018-05-04 02:30:43.4093 [TRACE] :  上下板平台气缸复原
2018-05-04 02:30:43.4293 [TRACE] :  气缸到位，正常终了。
2018-05-04 02:30:43.4403 [TRACE] :  上下板开始...
2018-05-04 02:30:43.4703 [TRACE] :  收到后机要板信号，开始基板搬送...
2018-05-04 02:30:46.7175 [TRACE] :  基板搬送完成。
2018-05-04 02:30:55.5490 [TRACE] :  轨道入口有板，挡板气缸升起，开始基板搬送...
2018-05-04 02:31:00.7453 [TRACE] :  取料插件坐标发送成功，发送取料插件命令 : 1
2018-05-04 02:31:00.7453 [TRACE] :  取料插件命令发送成功，等待取料完成。
2018-05-04 02:31:11.1139 [TRACE] :  取料插件结束：0
2018-05-04 02:31:11.1139 [TRACE] :  正常终了，完成一块PCB插件。
2018-05-04 02:31:11.1359 [TRACE] :  插件开始...
2018-05-04 02:31:11.1469 [TRACE] :  上下板平台气缸复原
2018-05-04 02:31:11.1469 [TRACE] :  气缸到位，正常终了。
2018-05-04 02:31:11.1689 [TRACE] :  上下板开始...
2018-05-04 02:31:11.2029 [TRACE] :  收到后机要板信号，开始基板搬送...
2018-05-04 02:31:14.4680 [TRACE] :  基板搬送完成。
2018-05-04 02:31:18.6503 [TRACE] :  轨道入口有板，挡板气缸升起，开始基板搬送...
2018-05-04 02:31:24.5296 [TRACE] :  取料插件坐标发送成功，发送取料插件命令 : 1
2018-05-04 02:31:24.5296 [TRACE] :  取料插件命令发送成功，等待取料完成。
2018-05-04 02:31:37.1213 [TRACE] :  取料插件结束：0
2018-05-04 02:31:37.1333 [TRACE] :  正常终了，完成一块PCB插件。
2018-05-04 02:31:37.1333 [TRACE] :  插件开始...
2018-05-04 02:31:37.1583 [TRACE] :  上下板平台气缸复原
2018-05-04 02:31:37.1693 [TRACE] :  气缸到位，正常终了。
2018-05-04 02:31:37.1803 [TRACE] :  上下板开始...
2018-05-04 02:31:37.2103 [TRACE] :  收到后机要板信号，开始基板搬送...
2018-05-04 02:31:43.0887 [TRACE] :  基板搬送完成。
2018-05-04 02:31:43.3287 [WARN] :  轨道中间存在未插件基板，请取走！
2018-05-04 02:32:27.0942 [TRACE] :  上下板平台气缸复原
2018-05-04 02:32:27.1052 [TRACE] :  气缸到位，正常终了。
2018-05-04 02:32:27.1162 [TRACE] :  上下板开始...
2018-05-04 02:32:27.1472 [TRACE] :  轨道入口有板，挡板气缸升起，开始基板搬送...
2018-05-04 02:32:31.0434 [TRACE] :  取料插件坐标发送成功，发送取料插件命令 : 1
2018-05-04 02:32:31.0534 [TRACE] :  取料插件命令发送成功，等待取料完成。
2018-05-04 02:32:33.5606 [TRACE] :  取料插件结束：0
2018-05-04 02:32:33.5606 [TRACE] :  正常终了，完成一块PCB插件。
2018-05-04 02:32:33.5836 [TRACE] :  插件开始...
2018-05-04 02:32:33.5946 [TRACE] :  上下板平台气缸复原
2018-05-04 02:32:33.6056 [TRACE] :  气缸到位，正常终了。
2018-05-04 02:32:33.6056 [TRACE] :  上下板开始...
2018-05-04 02:32:33.6476 [TRACE] :  收到后机要板信号，开始基板搬送...
2018-05-04 02:32:37.2888 [TRACE] :  基板搬送完成。
2018-05-04 02:32:47.1753 [TRACE] :  轨道入口有板，挡板气缸升起，开始基板搬送...
2018-05-04 02:32:52.3986 [TRACE] :  取料插件坐标发送成功，发送取料插件命令 : 1
2018-05-04 02:32:52.4036 [TRACE] :  取料插件命令发送成功，等待取料完成。
2018-05-04 02:32:55.1588 [TRACE] :  取料插件结束：0
2018-05-04 02:32:55.1698 [TRACE] :  正常终了，完成一块PCB插件。
2018-05-04 02:32:55.1828 [TRACE] :  插件开始...
2018-05-04 02:32:55.1828 [TRACE] :  上下板平台气缸复原
2018-05-04 02:32:55.2038 [TRACE] :  气缸到位，正常终了。
2018-05-04 02:32:55.2148 [TRACE] :  上下板开始...
2018-05-04 02:32:55.2478 [TRACE] :  收到后机要板信号，开始基板搬送...
2018-05-04 02:32:58.2090 [TRACE] :  基板搬送完成。
2018-05-04 02:33:02.2712 [TRACE] :  轨道入口有板，挡板气缸升起，开始基板搬送...
2018-05-04 02:33:07.5525 [TRACE] :  取料插件坐标发送成功，发送取料插件命令 : 1
2018-05-04 02:33:07.5525 [TRACE] :  取料插件命令发送成功，等待取料完成。
2018-05-04 02:33:10.3147 [TRACE] :  取料插件结束：0
2018-05-04 02:33:10.3147 [TRACE] :  正常终了，完成一块PCB插件。
2018-05-04 02:33:10.3367 [TRACE] :  插件开始...
2018-05-04 02:33:10.3477 [TRACE] :  上下板平台气缸复原
2018-05-04 02:33:10.3587 [TRACE] :  气缸到位，正常终了。
2018-05-04 02:33:10.3587 [TRACE] :  上下板开始...
2018-05-04 02:33:10.4047 [TRACE] :  收到后机要板信号，开始基板搬送...
2018-05-04 02:33:13.6069 [TRACE] :  基板搬送完成。
2018-05-04 02:33:17.2291 [TRACE] :  轨道入口有板，挡板气缸升起，开始基板搬送...
2018-05-04 02:33:22.9654 [TRACE] :  取料插件坐标发送成功，发送取料插件命令 : 1
2018-05-04 02:33:22.9654 [TRACE] :  取料插件命令发送成功，等待取料完成。
2018-05-04 02:33:25.7276 [TRACE] :  取料插件结束：0
2018-05-04 02:33:25.7276 [TRACE] :  正常终了，完成一块PCB插件。
2018-05-04 02:33:25.7496 [TRACE] :  插件开始...
2018-05-04 02:33:25.7616 [TRACE] :  上下板平台气缸复原
2018-05-04 02:33:25.7726 [TRACE] :  气缸到位，正常终了。
2018-05-04 02:33:25.7726 [TRACE] :  上下板开始...
2018-05-04 02:33:25.8146 [TRACE] :  收到后机要板信号，开始基板搬送...
2018-05-04 02:33:29.0447 [TRACE] :  基板搬送完成。
2018-05-04 02:33:33.5990 [TRACE] :  轨道入口有板，挡板气缸升起，开始基板搬送...
2018-05-04 02:33:39.3513 [TRACE] :  取料插件坐标发送成功，发送取料插件命令 : 1
2018-05-04 02:33:39.3653 [TRACE] :  取料插件命令发送成功，等待取料完成。
2018-05-04 02:33:42.1175 [TRACE] :  取料插件结束：0
2018-05-04 02:33:42.1285 [TRACE] :  正常终了，完成一块PCB插件。
2018-05-04 02:33:42.1395 [TRACE] :  插件开始...
2018-05-04 02:33:42.1395 [TRACE] :  上下板平台气缸复原
2018-05-04 02:33:42.1615 [TRACE] :  气缸到位，正常终了。
2018-05-04 02:33:42.1725 [TRACE] :  上下板开始...
2018-05-04 02:33:42.2055 [TRACE] :  收到后机要板信号，开始基板搬送...
2018-05-04 02:33:45.1587 [TRACE] :  基板搬送完成。
2018-05-04 02:33:49.7209 [TRACE] :  轨道入口有板，挡板气缸升起，开始基板搬送...
2018-05-04 02:33:55.4673 [TRACE] :  取料插件坐标发送成功，发送取料插件命令 : 1
2018-05-04 02:33:55.4673 [TRACE] :  取料插件命令发送成功，等待取料完成。
2018-05-04 02:33:58.2264 [TRACE] :  取料插件结束：0
2018-05-04 02:33:58.2414 [TRACE] :  正常终了，完成一块PCB插件。
2018-05-04 02:33:58.2534 [TRACE] :  插件开始...
2018-05-04 02:33:58.2674 [TRACE] :  上下板平台气缸复原
2018-05-04 02:33:58.2674 [TRACE] :  气缸到位，正常终了。
2018-05-04 02:33:58.2884 [TRACE] :  上下板开始...
2018-05-04 02:33:58.3194 [TRACE] :  收到后机要板信号，开始基板搬送...
2018-05-04 02:34:01.5216 [TRACE] :  基板搬送完成。
2018-05-04 02:34:07.6170 [TRACE] :  轨道入口有板，挡板气缸升起，开始基板搬送...
2018-05-04 02:34:13.1173 [TRACE] :  取料插件坐标发送成功，发送取料插件命令 : 1
2018-05-04 02:34:13.1223 [TRACE] :  取料插件命令发送成功，等待取料完成。
2018-05-04 02:34:15.8764 [TRACE] :  取料插件结束：0
2018-05-04 02:34:15.8874 [TRACE] :  正常终了，完成一块PCB插件。
2018-05-04 02:34:15.8984 [TRACE] :  插件开始...
2018-05-04 02:34:15.9134 [TRACE] :  上下板平台气缸复原
2018-05-04 02:34:15.9264 [TRACE] :  气缸到位，正常终了。
2018-05-04 02:34:15.9264 [TRACE] :  上下板开始...
2018-05-04 02:34:15.9714 [TRACE] :  收到后机要板信号，开始基板搬送...
2018-05-04 02:34:19.4306 [TRACE] :  基板搬送完成。
2018-05-04 02:35:58.6613 [TRACE] :  插件开始...
2018-05-04 02:35:58.6743 [TRACE] :  上下板平台气缸复原
2018-05-04 02:35:58.6883 [TRACE] :  气缸到位，正常终了。
2018-05-04 02:35:58.6993 [TRACE] :  上下板开始...
2018-05-04 02:36:10.7910 [TRACE] :  轨道入口有板，挡板气缸升起，开始基板搬送...
2018-05-04 02:36:16.4123 [TRACE] :  取料插件坐标发送成功，发送取料插件命令 : 1
2018-05-04 02:36:16.4213 [TRACE] :  取料插件命令发送成功，等待取料完成。
2018-05-04 02:36:18.9325 [TRACE] :  取料插件结束：0
2018-05-04 02:36:18.9535 [TRACE] :  正常终了，完成一块PCB插件。
2018-05-04 02:36:18.9655 [TRACE] :  插件开始...
2018-05-04 02:36:18.9655 [TRACE] :  上下板平台气缸复原
2018-05-04 02:36:18.9865 [TRACE] :  气缸到位，正常终了。
2018-05-04 02:36:18.9975 [TRACE] :  上下板开始...
2018-05-04 02:36:19.0305 [TRACE] :  收到后机要板信号，开始基板搬送...
2018-05-04 02:36:22.5377 [TRACE] :  基板搬送完成。
2018-05-04 19:36:18.6830 [TRACE] :  插件开始...
2018-05-04 19:36:18.6986 [TRACE] :  上下板平台气缸复原
2018-05-04 19:36:18.7142 [TRACE] :  气缸到位，正常终了。
2018-05-04 19:36:18.7298 [TRACE] :  上下板开始...
2018-05-04 19:36:18.7766 [TRACE] :  轨道入口有板，挡板气缸升起，开始基板搬送...
2018-05-04 19:36:22.1150 [TRACE] :  取料插件坐标发送成功，发送取料插件命令 : 1
2018-05-04 19:36:22.1150 [TRACE] :  取料插件命令发送成功，等待取料完成。
2018-05-04 19:36:28.0898 [TRACE] :  取料插件结束：0
2018-05-04 19:36:28.1054 [TRACE] :  正常终了，完成一块PCB插件。
2018-05-04 19:36:28.1210 [TRACE] :  插件开始...
2018-05-04 19:36:28.1366 [TRACE] :  上下板平台气缸复原
2018-05-04 19:36:28.1522 [TRACE] :  气缸到位，正常终了。
2018-05-04 19:36:28.1678 [TRACE] :  上下板开始...
2018-05-04 19:36:31.4136 [TRACE] :  出口有板，等待后机要板信号...
2018-05-04 19:36:31.4292 [TRACE] :  收到后机要板信号，开始基板搬送...
2018-05-04 19:36:32.7396 [TRACE] :  基板搬送完成。
