2018-05-05 18:20:55.7689 [TRACE] :  插件初始化...
2018-05-05 18:44:18.1265 [TRACE] :  插件初始化...
2018-05-05 18:46:25.5082 [TRACE] :  初始化完成，开始基板搬送...
2018-05-05 18:46:25.5394 [TRACE] :  上下板平台气缸复原
2018-05-05 18:46:26.0542 [TRACE] :  气缸到位，正常终了。
2018-05-05 18:46:26.0698 [TRACE] :  上下板开始...
2018-05-05 18:46:26.1166 [TRACE] :  轨道入口有板，挡板气缸升起，开始基板搬送...
2018-05-05 18:48:27.6052 [TRACE] :  插件初始化...
2018-05-05 18:48:46.7246 [TRACE] :  初始化完成，开始基板搬送...
2018-05-05 18:48:46.7396 [TRACE] :  上下板平台气缸复原
2018-05-05 18:48:47.2492 [TRACE] :  气缸到位，正常终了。
2018-05-05 18:48:47.2648 [TRACE] :  上下板开始...
2018-05-05 18:48:47.3116 [TRACE] :  轨道入口有板，挡板气缸升起，开始基板搬送...
2018-05-05 18:48:54.9802 [TRACE] :  开始取料...
2018-05-05 18:50:22.2292 [TRACE] :  A头取料开始，发送取料点坐标...
2018-05-05 18:50:22.9748 [TRACE] :  PointA: [ 255.572 , 283.153 , 20.747 , 40.003 ]
2018-05-05 18:50:25.2236 [TRACE] :  A头取料坐标发送成功，发送取料指令...
2018-05-05 18:51:51.2924 [TRACE] :  取料命令发送成功，等待取料完成。
2018-05-05 18:52:07.2548 [TRACE] :  A头取料完成。
2018-05-05 18:56:08.0884 [TRACE] :  插件初始化...
2018-05-05 18:56:08.1508 [TRACE] :  初始化完成，开始基板搬送...
2018-05-05 18:56:08.1664 [TRACE] :  上下板平台气缸复原
2018-05-05 18:56:08.6812 [TRACE] :  气缸到位，正常终了。
2018-05-05 18:56:08.6968 [TRACE] :  上下板开始...
2018-05-05 18:56:08.7436 [TRACE] :  轨道入口有板，挡板气缸升起，开始基板搬送...
2018-05-05 18:56:12.3472 [TRACE] :  开始取料...
2018-05-05 18:56:17.2279 [TRACE] :  A头取料开始，发送取料点坐标...
2018-05-05 18:56:17.2279 [TRACE] :  PointA: [ 255.572 , 283.153 , 20.747 , 40.003 ]
2018-05-05 18:56:17.2279 [TRACE] :  A头取料坐标发送成功，发送取料指令...
2018-05-05 18:56:22.0556 [TRACE] :  取料命令发送成功，等待取料完成。
2018-05-05 18:56:30.5754 [TRACE] :  A头取料完成。
2018-05-05 18:58:22.8484 [TRACE] :  到达A头拍照点，触发相机定位...
2018-05-05 18:58:40.2201 [TRACE] :  A头物料定位完成！
2018-05-05 19:00:10.7068 [TRACE] :  到达Mark Point拍照位，触发相机定位...
2018-05-05 19:00:30.0969 [TRACE] :  Mark Point A拍照定位完成！
2018-05-05 19:02:23.7219 [TRACE] :  插件初始化...
2018-05-05 19:02:23.7687 [TRACE] :  初始化完成，开始基板搬送...
2018-05-05 19:02:23.7843 [TRACE] :  上下板平台气缸复原
2018-05-05 19:02:24.3147 [TRACE] :  气缸到位，正常终了。
2018-05-05 19:02:24.3303 [TRACE] :  上下板开始...
2018-05-05 19:02:24.3927 [TRACE] :  轨道入口有板，挡板气缸升起，开始基板搬送...
2018-05-05 19:02:27.9807 [TRACE] :  开始取料...
2018-05-05 19:02:33.3242 [TRACE] :  A头取料开始，发送取料点坐标...
2018-05-05 19:02:33.3242 [TRACE] :  PointA: [ 255.572 , 283.153 , 20.747 , 40.003 ]
2018-05-05 19:02:33.3398 [TRACE] :  A头取料坐标发送成功，发送取料指令...
2018-05-05 19:02:33.9326 [TRACE] :  取料命令发送成功，等待取料完成。
2018-05-05 19:02:38.8099 [TRACE] :  A头取料完成。
2018-05-05 19:02:49.0184 [TRACE] :  到达A头拍照点，触发相机定位...
2018-05-05 19:02:49.0340 [TRACE] :  A头物料定位完成！
2018-05-05 19:02:53.0121 [TRACE] :  到达Mark Point拍照位，触发相机定位...
2018-05-05 19:02:53.0277 [TRACE] :  Mark Point A拍照定位完成！
2018-05-05 19:03:01.1094 [TRACE] :  到达Mark Point B 拍照位，触发相机定位...
2018-05-05 19:03:01.1250 [TRACE] :  Mark Point B拍照定位完成！
2018-05-05 19:03:32.4268 [TRACE] :  开始插件...
2018-05-05 19:03:54.2949 [TRACE] :  A头插件开始，发送插件点坐标...
2018-05-05 19:03:55.5493 [TRACE] :  PointA: [ 105.571998596191 , 123.15299987793 , 20.7479991912842 , -59.9939994812012 ]
2018-05-05 19:03:58.2599 [TRACE] :  A头插件坐标发送成功，发送插件指令...
2018-05-05 19:04:25.3021 [TRACE] :  插件命令发送成功，等待插件完成。
2018-05-05 19:04:49.4365 [TRACE] :  A头插件完成。
2018-05-05 19:06:24.9270 [TRACE] :  正常终了，完成一块PCB插件。
2018-05-05 19:06:24.9426 [TRACE] :  插件初始化...
2018-05-05 19:06:24.9894 [TRACE] :  初始化完成，开始基板搬送...
2018-05-05 19:06:25.0050 [TRACE] :  上下板平台气缸复原
2018-05-05 19:06:25.5199 [TRACE] :  气缸到位，正常终了。
2018-05-05 19:06:25.5355 [TRACE] :  上下板开始...
2018-05-05 19:06:28.7803 [TRACE] :  出口有板，等待后机要板信号...
2018-05-05 19:06:28.7959 [TRACE] :  收到后机要板信号，开始基板搬送...
2018-05-05 19:06:30.0439 [TRACE] :  基板搬送完成。
2018-05-05 19:07:48.7928 [TRACE] :  轨道入口有板，挡板气缸升起，开始基板搬送...
2018-05-05 19:07:53.4260 [TRACE] :  开始取料...
2018-05-05 19:07:53.4572 [TRACE] :  A头取料开始，发送取料点坐标...
2018-05-05 19:07:53.4572 [TRACE] :  PointA: [ 255.572 , 283.153 , 20.747 , 40.003 ]
2018-05-05 19:07:53.4572 [TRACE] :  A头取料坐标发送成功，发送取料指令...
2018-05-05 19:07:54.1748 [TRACE] :  取料命令发送成功，等待取料完成。
2018-05-05 19:08:02.6476 [TRACE] :  A头取料完成。
2018-05-05 19:08:08.8574 [TRACE] :  到达A头拍照点，触发相机定位...
2018-05-05 19:08:08.8730 [TRACE] :  A头物料定位完成！
2018-05-05 19:08:13.0226 [TRACE] :  到达Mark Point拍照位，触发相机定位...
2018-05-05 19:08:13.0382 [TRACE] :  Mark Point A拍照定位完成！
2018-05-05 19:08:15.0506 [TRACE] :  到达Mark Point B 拍照位，触发相机定位...
2018-05-05 19:08:15.0662 [TRACE] :  Mark Point B拍照定位完成！
2018-05-05 19:08:15.0818 [TRACE] :  开始插件...
2018-05-05 19:08:21.2260 [TRACE] :  A头插件开始，发送插件点坐标...
2018-05-05 19:08:21.2260 [TRACE] :  PointA: [ 105.571998596191 , 123.15299987793 , 20.7479991912842 , -59.9939994812012 ]
2018-05-05 19:08:21.2416 [TRACE] :  A头插件坐标发送成功，发送插件指令...
2018-05-05 19:08:21.9280 [TRACE] :  插件命令发送成功，等待插件完成。
2018-05-05 19:08:24.4708 [TRACE] :  A头插件完成。
2018-05-05 19:08:24.5332 [TRACE] :  正常终了，完成一块PCB插件。
2018-05-05 19:08:24.5488 [TRACE] :  插件初始化...
2018-05-05 19:08:24.5956 [TRACE] :  初始化完成，开始基板搬送...
2018-05-05 19:08:24.6112 [TRACE] :  上下板平台气缸复原
2018-05-05 19:08:25.1260 [TRACE] :  气缸到位，正常终了。
2018-05-05 19:08:25.1416 [TRACE] :  上下板开始...
2018-05-05 19:08:28.4332 [TRACE] :  出口有板，等待后机要板信号...
2018-05-05 19:08:28.4488 [TRACE] :  收到后机要板信号，开始基板搬送...
2018-05-05 19:08:29.4316 [TRACE] :  基板搬送完成。
2018-05-05 19:08:39.7130 [TRACE] :  轨道入口有板，挡板气缸升起，开始基板搬送...
2018-05-05 19:08:43.9718 [TRACE] :  开始取料...
2018-05-05 19:08:51.9278 [TRACE] :  A头取料开始，发送取料点坐标...
2018-05-05 19:08:51.9278 [TRACE] :  PointA: [ 255.572 , 283.153 , 20.747 , 40.003 ]
2018-05-05 19:08:51.9278 [TRACE] :  A头取料坐标发送成功，发送取料指令...
2018-05-05 19:08:52.6454 [TRACE] :  取料命令发送成功，等待取料完成。
2018-05-05 19:09:01.1006 [TRACE] :  A头取料完成。
2018-05-05 19:09:07.3562 [TRACE] :  到达A头拍照点，触发相机定位...
2018-05-05 19:09:07.3718 [TRACE] :  A头物料定位完成！
2018-05-05 19:09:11.4590 [TRACE] :  到达Mark Point拍照位，触发相机定位...
2018-05-05 19:09:11.4746 [TRACE] :  Mark Point A拍照定位完成！
2018-05-05 19:09:13.5182 [TRACE] :  到达Mark Point B 拍照位，触发相机定位...
2018-05-05 19:09:13.5338 [TRACE] :  Mark Point B拍照定位完成！
2018-05-05 19:09:13.5494 [TRACE] :  开始插件...
2018-05-05 19:09:13.5806 [TRACE] :  A头插件开始，发送插件点坐标...
2018-05-05 19:09:13.5806 [TRACE] :  PointA: [ 105.571998596191 , 123.15299987793 , 20.7479991912842 , -59.9939994812012 ]
2018-05-05 19:09:13.5806 [TRACE] :  A头插件坐标发送成功，发送插件指令...
2018-05-05 19:09:14.2514 [TRACE] :  插件命令发送成功，等待插件完成。
2018-05-05 19:09:16.7943 [TRACE] :  A头插件完成。
2018-05-05 19:09:16.8567 [TRACE] :  正常终了，完成一块PCB插件。
2018-05-05 19:09:16.8723 [TRACE] :  插件初始化...
2018-05-05 19:09:16.9191 [TRACE] :  初始化完成，开始基板搬送...
2018-05-05 19:09:16.9347 [TRACE] :  上下板平台气缸复原
2018-05-05 19:09:17.4495 [TRACE] :  气缸到位，正常终了。
2018-05-05 19:09:17.4651 [TRACE] :  上下板开始...
2018-05-05 19:09:20.6787 [TRACE] :  出口有板，等待后机要板信号...
2018-05-05 19:09:20.6943 [TRACE] :  收到后机要板信号，开始基板搬送...
2018-05-05 19:09:21.7863 [TRACE] :  基板搬送完成。
2018-05-05 19:19:42.2060 [TRACE] :  插件初始化...
2018-05-05 19:19:42.2490 [TRACE] :  初始化完成，开始基板搬送...
2018-05-05 19:19:42.2670 [TRACE] :  上下板平台气缸复原
2018-05-05 19:19:42.7841 [TRACE] :  气缸到位，正常终了。
2018-05-05 19:19:42.7841 [TRACE] :  上下板开始...
2018-05-05 19:19:50.8635 [TRACE] :  轨道入口有板，挡板气缸升起，开始基板搬送...
2018-05-05 19:19:55.4318 [TRACE] :  开始取料...
2018-05-05 19:19:55.4598 [TRACE] :  A头取料开始，发送取料点坐标...
2018-05-05 19:19:55.4598 [TRACE] :  PointA: [ 255.572 , 283.153 , 20.747 , 40.003 ]
2018-05-05 19:19:55.4598 [TRACE] :  A头取料坐标发送成功，发送取料指令...
2018-05-05 19:19:56.0208 [TRACE] :  取料命令发送成功，等待取料完成。
2018-05-05 19:20:00.7851 [TRACE] :  A头取料完成。
2018-05-05 19:20:06.9964 [TRACE] :  到达A头拍照点，触发相机定位...
2018-05-05 19:20:06.9964 [TRACE] :  A头物料定位完成！
2018-05-05 19:20:10.9517 [TRACE] :  到达Mark Point拍照位，触发相机定位...
2018-05-05 19:20:10.9637 [TRACE] :  Mark Point A拍照定位完成！
2018-05-05 19:20:12.8558 [TRACE] :  到达Mark Point B 拍照位，触发相机定位...
2018-05-05 19:20:12.8668 [TRACE] :  Mark Point B拍照定位完成！
2018-05-05 19:20:12.8808 [TRACE] :  开始插件...
2018-05-05 19:20:12.9018 [TRACE] :  A头插件开始，发送插件点坐标...
2018-05-05 19:20:12.9018 [TRACE] :  PointA: [ 105.571998596191 , 123.15299987793 , 20.7479991912842 , -59.9939994812012 ]
2018-05-05 19:20:12.9088 [TRACE] :  A头插件坐标发送成功，发送插件指令...
2018-05-05 19:20:13.4688 [TRACE] :  插件命令发送成功，等待插件完成。
2018-05-05 19:20:16.0020 [TRACE] :  A头插件完成。
2018-05-05 19:20:16.0550 [TRACE] :  正常终了，完成一块PCB插件。
2018-05-05 19:20:16.0660 [TRACE] :  插件初始化...
2018-05-05 19:20:16.0980 [TRACE] :  初始化完成，开始基板搬送...
2018-05-05 19:20:16.1080 [TRACE] :  上下板平台气缸复原
2018-05-05 19:20:16.6160 [TRACE] :  气缸到位，正常终了。
2018-05-05 19:20:16.6280 [TRACE] :  上下板开始...
2018-05-05 19:20:19.8212 [TRACE] :  出口有板，等待后机要板信号...
2018-05-05 19:20:19.8212 [TRACE] :  收到后机要板信号，开始基板搬送...
2018-05-05 19:20:20.8422 [TRACE] :  基板搬送完成。
2018-05-05 19:22:20.8161 [TRACE] :  插件初始化...
2018-05-05 19:22:20.8491 [TRACE] :  初始化完成，开始基板搬送...
2018-05-05 19:22:20.8621 [TRACE] :  上下板平台气缸复原
2018-05-05 19:22:21.3711 [TRACE] :  气缸到位，正常终了。
2018-05-05 19:22:21.3851 [TRACE] :  上下板开始...
2018-05-05 19:22:21.4181 [TRACE] :  轨道入口有板，挡板气缸升起，开始基板搬送...
2018-05-05 19:22:25.0093 [TRACE] :  开始取料...
2018-05-05 19:22:25.0303 [TRACE] :  A头取料开始，发送取料点坐标...
2018-05-05 19:22:25.0303 [TRACE] :  PointA: [ 255.572 , 283.153 , 20.747 , 40.003 ]
2018-05-05 19:22:25.0303 [TRACE] :  A头取料坐标发送成功，发送取料指令...
2018-05-05 19:22:25.6074 [TRACE] :  取料命令发送成功，等待取料完成。
2018-05-05 19:22:26.6414 [TRACE] :  A头取料完成。
2018-05-05 19:22:27.8395 [TRACE] :  到达A头拍照点，触发相机定位...
2018-05-05 19:22:27.8505 [TRACE] :  A头物料定位完成！
2018-05-05 19:22:29.0176 [TRACE] :  到达Mark Point拍照位，触发相机定位...
2018-05-05 19:22:29.0296 [TRACE] :  Mark Point A拍照定位完成！
2018-05-05 19:22:30.1236 [TRACE] :  到达Mark Point B 拍照位，触发相机定位...
2018-05-05 19:22:30.1356 [TRACE] :  Mark Point B拍照定位完成！
2018-05-05 19:22:30.1466 [TRACE] :  开始插件...
2018-05-05 19:22:30.1666 [TRACE] :  A头插件开始，发送插件点坐标...
2018-05-05 19:22:30.1666 [TRACE] :  PointA: [ 105.571998596191 , 123.15299987793 , 20.7479991912842 , -59.9939994812012 ]
2018-05-05 19:22:30.1746 [TRACE] :  A头插件坐标发送成功，发送插件指令...
2018-05-05 19:22:30.7287 [TRACE] :  插件命令发送成功，等待插件完成。
2018-05-05 19:22:31.7377 [TRACE] :  A头插件完成。
2018-05-05 19:22:31.7797 [TRACE] :  正常终了，完成一块PCB插件。
2018-05-05 19:22:31.7907 [TRACE] :  插件初始化...
2018-05-05 19:22:31.8217 [TRACE] :  初始化完成，开始基板搬送...
2018-05-05 19:22:31.8337 [TRACE] :  上下板平台气缸复原
2018-05-05 19:22:32.3388 [TRACE] :  气缸到位，正常终了。
2018-05-05 19:22:32.3508 [TRACE] :  上下板开始...
2018-05-05 19:22:35.5909 [TRACE] :  出口有板，等待后机要板信号...
2018-05-05 19:22:35.6029 [TRACE] :  收到后机要板信号，开始基板搬送...
2018-05-05 19:22:36.6080 [TRACE] :  基板搬送完成。
2018-05-05 19:22:47.6416 [TRACE] :  轨道入口有板，挡板气缸升起，开始基板搬送...
2018-05-05 19:22:52.2049 [TRACE] :  开始取料...
2018-05-05 19:22:52.2269 [TRACE] :  A头取料开始，发送取料点坐标...
2018-05-05 19:22:52.2269 [TRACE] :  PointA: [ 255.572 , 283.153 , 20.747 , 40.003 ]
2018-05-05 19:22:52.2339 [TRACE] :  A头取料坐标发送成功，发送取料指令...
2018-05-05 19:22:52.7709 [TRACE] :  取料命令发送成功，等待取料完成。
2018-05-05 19:22:54.0480 [TRACE] :  A头取料完成。
2018-05-05 19:22:55.2571 [TRACE] :  到达A头拍照点，触发相机定位...
2018-05-05 19:22:55.2691 [TRACE] :  A头物料定位完成！
2018-05-05 19:22:56.4371 [TRACE] :  到达Mark Point拍照位，触发相机定位...
2018-05-05 19:22:56.4471 [TRACE] :  Mark Point A拍照定位完成！
2018-05-05 19:22:57.5712 [TRACE] :  到达Mark Point B 拍照位，触发相机定位...
2018-05-05 19:22:57.5712 [TRACE] :  Mark Point B拍照定位完成！
2018-05-05 19:22:57.5932 [TRACE] :  开始插件...
2018-05-05 19:22:57.6142 [TRACE] :  A头插件开始，发送插件点坐标...
2018-05-05 19:22:57.6142 [TRACE] :  PointA: [ 105.571998596191 , 123.15299987793 , 20.7479991912842 , -59.9939994812012 ]
2018-05-05 19:22:57.6142 [TRACE] :  A头插件坐标发送成功，发送插件指令...
2018-05-05 19:22:58.1912 [TRACE] :  插件命令发送成功，等待插件完成。
2018-05-05 19:22:59.2003 [TRACE] :  A头插件完成。
2018-05-05 19:22:59.2413 [TRACE] :  正常终了，完成一块PCB插件。
2018-05-05 19:22:59.2533 [TRACE] :  插件初始化...
2018-05-05 19:22:59.2843 [TRACE] :  初始化完成，开始基板搬送...
2018-05-05 19:22:59.2843 [TRACE] :  上下板平台气缸复原
2018-05-05 19:22:59.7983 [TRACE] :  气缸到位，正常终了。
2018-05-05 19:22:59.7983 [TRACE] :  上下板开始...
2018-05-05 19:23:03.0125 [TRACE] :  出口有板，等待后机要板信号...
2018-05-05 19:23:03.0125 [TRACE] :  收到后机要板信号，开始基板搬送...
2018-05-05 19:23:04.0876 [TRACE] :  基板搬送完成。
2018-05-05 19:31:15.9530 [TRACE] :  轨道入口有板，挡板气缸升起，开始基板搬送...
2018-05-05 19:31:20.7891 [TRACE] :  开始取料...
2018-05-05 19:31:20.8203 [TRACE] :  A头取料开始，发送取料点坐标...
2018-05-05 19:31:20.8203 [TRACE] :  PointA: [ 255.572 , 283.153 , 20.747 , 40.003 ]
2018-05-05 19:31:20.8203 [TRACE] :  A头取料坐标发送成功，发送取料指令...
2018-05-05 19:31:21.3975 [TRACE] :  取料命令发送成功，等待取料完成。
2018-05-05 19:31:22.6767 [TRACE] :  A头取料完成。
2018-05-05 19:31:23.9403 [TRACE] :  到达A头拍照点，触发相机定位...
2018-05-05 19:31:23.9559 [TRACE] :  A头物料定位完成！
2018-05-05 19:31:25.1415 [TRACE] :  到达Mark Point拍照位，触发相机定位...
2018-05-05 19:31:25.1571 [TRACE] :  Mark Point A拍照定位完成！
2018-05-05 19:31:26.3427 [TRACE] :  到达Mark Point B 拍照位，触发相机定位...
2018-05-05 19:31:26.3583 [TRACE] :  Mark Point B拍照定位完成！
2018-05-05 19:31:26.3739 [TRACE] :  开始插件...
2018-05-05 19:31:26.4051 [TRACE] :  A头插件开始，发送插件点坐标...
2018-05-05 19:31:26.4051 [TRACE] :  PointA: [ 105.571998596191 , 123.15299987793 , 20.7479991912842 , -59.9939994812012 ]
2018-05-05 19:31:26.4051 [TRACE] :  A头插件坐标发送成功，发送插件指令...
2018-05-05 19:31:26.9823 [TRACE] :  插件命令发送成功，等待插件完成。
2018-05-05 19:31:27.9963 [TRACE] :  A头插件完成。
2018-05-05 19:31:28.0587 [TRACE] :  正常终了，完成一块PCB插件。
2018-05-05 19:31:28.0743 [TRACE] :  插件初始化...
2018-05-05 19:31:28.1211 [TRACE] :  初始化完成，开始基板搬送...
2018-05-05 19:31:28.1367 [TRACE] :  上下板平台气缸复原
2018-05-05 19:31:28.6515 [TRACE] :  气缸到位，正常终了。
2018-05-05 19:31:28.6671 [TRACE] :  上下板开始...
2018-05-05 19:31:31.9119 [TRACE] :  出口有板，等待后机要板信号...
2018-05-05 19:31:31.9275 [TRACE] :  收到后机要板信号，开始基板搬送...
2018-05-05 19:31:32.9259 [TRACE] :  基板搬送完成。
2018-05-05 20:01:02.6502 [TRACE] :  插件初始化...
2018-05-05 20:01:02.6970 [TRACE] :  初始化完成，开始基板搬送...
2018-05-05 20:01:02.7126 [TRACE] :  上下板平台气缸复原
2018-05-05 20:01:03.2274 [TRACE] :  气缸到位，正常终了。
2018-05-05 20:01:03.2430 [TRACE] :  上下板开始...
2018-05-05 20:01:03.2898 [TRACE] :  轨道入口有板，挡板气缸升起，开始基板搬送...
2018-05-05 20:01:06.8778 [TRACE] :  开始取料...
2018-05-05 20:01:06.9090 [TRACE] :  A头取料开始，发送取料点坐标...
2018-05-05 20:01:06.9090 [TRACE] :  PointA: [ 255.572 , 283.153 , 19.747 , 40.003 ]
2018-05-05 20:01:06.9090 [TRACE] :  A头取料坐标发送成功，发送取料指令...
2018-05-05 20:01:07.5174 [TRACE] :  取料命令发送成功，等待取料完成。
2018-05-05 20:01:12.2442 [TRACE] :  A头取料完成。
2018-05-05 20:01:16.1598 [TRACE] :  B头取料开始，发送取料点坐标...
2018-05-05 20:01:16.1598 [TRACE] :  PointA: [ 255.572 , 283.153 , 19.747 , 40.003 ]
2018-05-05 20:01:16.1598 [TRACE] :  B头取料坐标发送成功，发送取料指令...
2018-05-05 20:01:16.7526 [TRACE] :  取料命令发送成功，等待取料完成。
2018-05-05 20:01:17.7666 [TRACE] :  B头取料完成。
2018-05-05 20:03:04.0799 [TRACE] :  插件初始化...
2018-05-05 20:03:04.1267 [TRACE] :  初始化完成，开始基板搬送...
2018-05-05 20:03:04.1423 [TRACE] :  上下板平台气缸复原
2018-05-05 20:03:04.6571 [TRACE] :  气缸到位，正常终了。
2018-05-05 20:03:04.6727 [TRACE] :  上下板开始...
2018-05-05 20:03:04.7195 [TRACE] :  轨道入口有板，挡板气缸升起，开始基板搬送...
2018-05-05 20:03:08.3543 [TRACE] :  开始取料...
2018-05-05 20:03:08.3855 [TRACE] :  A头取料开始，发送取料点坐标...
2018-05-05 20:03:08.3855 [TRACE] :  PointA: [ 255.572 , 283.153 , 19.747 , 40.003 ]
2018-05-05 20:03:08.3855 [TRACE] :  A头取料坐标发送成功，发送取料指令...
2018-05-05 20:03:08.9627 [TRACE] :  取料命令发送成功，等待取料完成。
2018-05-05 20:03:13.6895 [TRACE] :  A头取料完成。
2018-05-05 20:04:22.2922 [WARN] :  电源座(A)缺料！
2018-05-05 20:04:43.2296 [WARN] :  电源座(A)缺料！
2018-05-05 20:05:11.2747 [WARN] :  电源座(A)缺料！
2018-05-05 20:09:12.3874 [TRACE] :  插件初始化...
2018-05-05 20:09:12.4498 [TRACE] :  初始化完成，开始基板搬送...
2018-05-05 20:09:12.4654 [TRACE] :  上下板平台气缸复原
2018-05-05 20:09:12.9802 [TRACE] :  气缸到位，正常终了。
2018-05-05 20:09:12.9958 [TRACE] :  上下板开始...
2018-05-05 20:09:13.0426 [TRACE] :  轨道入口有板，挡板气缸升起，开始基板搬送...
2018-05-05 20:09:16.4902 [TRACE] :  开始取料...
2018-05-05 20:09:16.5214 [TRACE] :  A头取料开始，发送取料点坐标...
2018-05-05 20:09:16.5214 [TRACE] :  PointA: [ 255.572 , 283.153 , 19.747 , 40.003 ]
2018-05-05 20:09:16.5370 [TRACE] :  A头取料坐标发送成功，发送取料指令...
2018-05-05 20:09:17.1454 [TRACE] :  取料命令发送成功，等待取料完成。
2018-05-05 20:09:21.8888 [TRACE] :  A头取料完成。
2018-05-05 20:12:28.3095 [TRACE] :  插件初始化...
2018-05-05 20:12:28.3563 [TRACE] :  初始化完成，开始基板搬送...
2018-05-05 20:12:28.3719 [TRACE] :  上下板平台气缸复原
2018-05-05 20:12:28.8867 [TRACE] :  气缸到位，正常终了。
2018-05-05 20:12:28.9023 [TRACE] :  上下板开始...
2018-05-05 20:12:28.9491 [TRACE] :  轨道入口有板，挡板气缸升起，开始基板搬送...
2018-05-05 20:12:32.4591 [TRACE] :  开始取料...
2018-05-05 20:12:32.4903 [TRACE] :  A头取料开始，发送取料点坐标...
2018-05-05 20:12:32.4903 [TRACE] :  PointA: [ 255.572 , 283.153 , 19.747 , 40.003 ]
2018-05-05 20:12:32.4903 [TRACE] :  A头取料坐标发送成功，发送取料指令...
2018-05-05 20:12:33.0987 [TRACE] :  取料命令发送成功，等待取料完成。
2018-05-05 20:12:37.8411 [TRACE] :  A头取料完成。
2018-05-05 20:12:56.9361 [TRACE] :  B头取料开始，发送取料点坐标...
2018-05-05 20:12:56.9361 [TRACE] :  PointA: [ 255.572 , 283.153 , 19.747 , 161.003 ]
2018-05-05 20:12:56.9517 [TRACE] :  B头取料坐标发送成功，发送取料指令...
2018-05-05 20:12:57.5601 [TRACE] :  取料命令发送成功，等待取料完成。
2018-05-05 20:13:00.1965 [TRACE] :  B头取料完成。
2018-05-05 20:22:58.9713 [TRACE] :  插件初始化...
2018-05-05 20:22:59.0181 [TRACE] :  初始化完成，开始基板搬送...
2018-05-05 20:22:59.0337 [TRACE] :  上下板平台气缸复原
2018-05-05 20:22:59.5485 [TRACE] :  气缸到位，正常终了。
2018-05-05 20:22:59.5641 [TRACE] :  上下板开始...
2018-05-05 20:23:05.7262 [TRACE] :  轨道入口有板，挡板气缸升起，开始基板搬送...
2018-05-05 20:23:09.8290 [TRACE] :  开始取料...
2018-05-05 20:23:09.8602 [TRACE] :  A头取料开始，发送取料点坐标...
2018-05-05 20:23:09.8602 [TRACE] :  PointA: [ 255.572 , 283.153 , 19.747 , 40.003 ]
2018-05-05 20:23:09.8758 [TRACE] :  A头取料坐标发送成功，发送取料指令...
2018-05-05 20:23:10.4842 [TRACE] :  取料命令发送成功，等待取料完成。
2018-05-05 20:23:15.2186 [TRACE] :  A头取料完成。
2018-05-05 20:23:17.3090 [TRACE] :  B头取料开始，发送取料点坐标...
2018-05-05 20:23:17.3090 [TRACE] :  PointA: [ 255.572 , 283.153 , 19.747 , -80.997 ]
2018-05-05 20:23:17.3090 [TRACE] :  B头取料坐标发送成功，发送取料指令...
2018-05-05 20:23:17.8706 [TRACE] :  取料命令发送成功，等待取料完成。
2018-05-05 20:23:20.5070 [TRACE] :  B头取料完成。
2018-05-05 20:27:29.5447 [TRACE] :  插件初始化...
2018-05-05 20:27:29.5915 [TRACE] :  初始化完成，开始基板搬送...
2018-05-05 20:27:29.6071 [TRACE] :  上下板平台气缸复原
2018-05-05 20:27:30.1219 [TRACE] :  气缸到位，正常终了。
2018-05-05 20:27:30.1375 [TRACE] :  上下板开始...
2018-05-05 20:27:30.1843 [TRACE] :  轨道入口有板，挡板气缸升起，开始基板搬送...
2018-05-05 20:27:33.6787 [TRACE] :  开始取料...
2018-05-05 20:27:33.7099 [TRACE] :  A头取料开始，发送取料点坐标...
2018-05-05 20:27:33.7099 [TRACE] :  PointA: [ 255.572 , 283.153 , 19.747 , 40.003 ]
2018-05-05 20:27:33.7099 [TRACE] :  A头取料坐标发送成功，发送取料指令...
2018-05-05 20:27:34.3027 [TRACE] :  取料命令发送成功，等待取料完成。
2018-05-05 20:27:39.0295 [TRACE] :  A头取料完成。
2018-05-05 20:28:46.6123 [TRACE] :  B头取料开始，发送取料点坐标...
2018-05-05 20:28:46.8931 [TRACE] :  PointA: [ 255.572 , 283.153 , 19.747 , -80.997 ]
2018-05-05 20:28:48.5219 [TRACE] :  B头取料坐标发送成功，发送取料指令...
2018-05-05 20:29:25.6496 [TRACE] :  取料命令发送成功，等待取料完成。
2018-05-05 20:30:32.3087 [TRACE] :  B头取料完成。
2018-05-05 20:30:38.4415 [TRACE] :  到达A头拍照点，触发相机定位...
2018-05-05 20:30:38.4571 [TRACE] :  A头物料定位完成！
2018-05-05 20:30:41.1559 [TRACE] :  到达B头拍照点，触发相机定位...
2018-05-05 20:30:41.1715 [TRACE] :  B头物料定位完成！
2018-05-05 20:30:45.2743 [TRACE] :  到达Mark Point拍照位，触发相机定位...
2018-05-05 20:30:45.2899 [TRACE] :  Mark Point A拍照定位完成！
2018-05-05 20:30:47.3023 [TRACE] :  到达Mark Point B 拍照位，触发相机定位...
2018-05-05 20:30:47.3179 [TRACE] :  Mark Point B拍照定位完成！
2018-05-05 20:30:47.3335 [TRACE] :  开始插件...
2018-05-05 20:30:47.3647 [TRACE] :  A头插件开始，发送插件点坐标...
2018-05-05 20:30:47.3647 [TRACE] :  PointA: [ 105.571998596191 , 123.15299987793 , 20.7479991912842 , -59.9939994812012 ]
2018-05-05 20:30:47.3647 [TRACE] :  A头插件坐标发送成功，发送插件指令...
2018-05-05 20:30:47.9887 [TRACE] :  插件命令发送成功，等待插件完成。
2018-05-05 20:30:50.5315 [TRACE] :  A头插件完成。
2018-05-05 20:30:50.5627 [TRACE] :  B头插件开始，发送插件点坐标...
2018-05-05 20:30:50.5627 [TRACE] :  PointB: [ 97.0749969482422 , 118.649002075195 , 18.246000289917 , -226.999000549316 ]
2018-05-05 20:30:50.5627 [TRACE] :  B头插件坐标发送成功，发送插件指令...
2018-05-05 20:30:51.2647 [TRACE] :  插件命令发送成功，等待插件完成。
2018-05-05 20:30:54.5563 [TRACE] :  B头插件完成。
2018-05-05 20:30:54.6031 [TRACE] :  正常终了，完成一块PCB插件。
2018-05-05 20:30:54.6187 [TRACE] :  插件初始化...
2018-05-05 20:30:54.6655 [TRACE] :  初始化完成，开始基板搬送...
2018-05-05 20:30:54.6811 [TRACE] :  上下板平台气缸复原
2018-05-05 20:30:55.1959 [TRACE] :  气缸到位，正常终了。
2018-05-05 20:30:55.2115 [TRACE] :  上下板开始...
2018-05-05 20:30:58.4719 [TRACE] :  出口有板，等待后机要板信号...
2018-05-05 20:30:58.4875 [TRACE] :  收到后机要板信号，开始基板搬送...
2018-05-05 20:30:59.3767 [TRACE] :  基板搬送完成。
2018-05-05 20:42:28.3544 [TRACE] :  插件初始化...
2018-05-05 20:42:28.4012 [TRACE] :  初始化完成，开始基板搬送...
2018-05-05 20:42:28.4168 [TRACE] :  上下板平台气缸复原
2018-05-05 20:42:28.9316 [TRACE] :  气缸到位，正常终了。
2018-05-05 20:42:28.9472 [TRACE] :  上下板开始...
2018-05-05 20:42:28.9940 [TRACE] :  轨道入口有板，挡板气缸升起，开始基板搬送...
2018-05-05 20:42:32.5196 [TRACE] :  开始取料...
2018-05-05 20:42:32.5508 [TRACE] :  A头取料开始，发送取料点坐标...
2018-05-05 20:42:32.5508 [TRACE] :  PointA: [ 255.572 , 283.153 , 19.747 , 40.003 ]
2018-05-05 20:42:32.5508 [TRACE] :  A头取料坐标发送成功，发送取料指令...
2018-05-05 20:42:33.1904 [TRACE] :  取料命令发送成功，等待取料完成。
2018-05-05 20:42:37.9172 [TRACE] :  A头取料完成。
2018-05-05 20:42:39.6488 [TRACE] :  B头取料开始，发送取料点坐标...
2018-05-05 20:42:39.6488 [TRACE] :  PointA: [ 255.572 , 283.153 , 19.747 , -80.997 ]
2018-05-05 20:42:39.6488 [TRACE] :  B头取料坐标发送成功，发送取料指令...
2018-05-05 20:42:40.2572 [TRACE] :  取料命令发送成功，等待取料完成。
2018-05-05 20:42:49.9330 [TRACE] :  B头取料完成。
2018-05-05 20:42:52.9906 [TRACE] :  C头取料开始，发送取料点坐标...
2018-05-05 20:42:52.9906 [TRACE] :  PointA: [ 255.572 , 283.153 , 19.747 , 162.003 ]
2018-05-05 20:42:52.9906 [TRACE] :  C头取料坐标发送成功，发送取料指令...
2018-05-05 20:42:53.6614 [TRACE] :  取料命令发送成功，等待取料完成。
2018-05-05 20:42:58.1406 [TRACE] :  C头取料完成。
2018-05-05 20:43:04.1778 [TRACE] :  到达A头拍照点，触发相机定位...
2018-05-05 20:43:04.1934 [TRACE] :  A头物料定位完成！
2018-05-05 20:43:06.8610 [TRACE] :  到达B头拍照点，触发相机定位...
2018-05-05 20:43:06.8766 [TRACE] :  B头物料定位完成！
2018-05-05 20:43:11.4816 [TRACE] :  到达C头拍照点，触发相机定位...
2018-05-05 20:43:11.4972 [TRACE] :  物料定位完成！
2018-05-05 20:43:15.4762 [TRACE] :  到达Mark Point拍照位，触发相机定位...
2018-05-05 20:43:15.4918 [TRACE] :  Mark Point A拍照定位完成！
2018-05-05 20:43:17.4730 [TRACE] :  到达Mark Point B 拍照位，触发相机定位...
2018-05-05 20:43:17.4886 [TRACE] :  Mark Point B拍照定位完成！
2018-05-05 20:43:17.5042 [TRACE] :  开始插件...
2018-05-05 20:43:17.5354 [TRACE] :  A头插件开始，发送插件点坐标...
2018-05-05 20:43:17.5354 [TRACE] :  PointA: [ 105.571998596191 , 123.15299987793 , 20.7479991912842 , -59.9939994812012 ]
2018-05-05 20:43:17.5354 [TRACE] :  A头插件坐标发送成功，发送插件指令...
2018-05-05 20:43:18.1906 [TRACE] :  插件命令发送成功，等待插件完成。
2018-05-05 20:43:20.7334 [TRACE] :  A头插件完成。
2018-05-05 20:43:20.7646 [TRACE] :  B头插件开始，发送插件点坐标...
2018-05-05 20:43:20.7646 [TRACE] :  PointB: [ 97.075 , 118.649 , 18.246 , -39 ]
2018-05-05 20:43:20.7646 [TRACE] :  B头插件坐标发送成功，发送插件指令...
2018-05-05 20:43:21.4354 [TRACE] :  插件命令发送成功，等待插件完成。
2018-05-05 20:43:22.4494 [TRACE] :  B头插件完成。
2018-05-05 20:43:22.4806 [TRACE] :  C头插件开始，发送插件点坐标...
2018-05-05 20:43:22.4806 [TRACE] :  PointC: [ 97.075 , 118 , 18 , 0 ]
2018-05-05 20:43:22.4806 [TRACE] :  C头插件坐标发送成功，发送插件指令...
2018-05-05 20:43:23.1202 [TRACE] :  插件命令发送成功，等待插件完成。
2018-05-05 20:46:51.1026 [TRACE] :  插件初始化...
2018-05-05 20:46:51.1494 [TRACE] :  初始化完成，开始基板搬送...
2018-05-05 20:46:51.1650 [TRACE] :  上下板平台气缸复原
2018-05-05 20:46:51.6798 [TRACE] :  气缸到位，正常终了。
2018-05-05 20:46:51.6954 [TRACE] :  上下板开始...
2018-05-05 20:46:51.7422 [TRACE] :  轨道入口有板，挡板气缸升起，开始基板搬送...
2018-05-05 20:46:55.2522 [TRACE] :  开始取料...
2018-05-05 20:46:55.2834 [TRACE] :  A头取料开始，发送取料点坐标...
2018-05-05 20:46:55.2834 [TRACE] :  PointA: [ 255.572 , 283.153 , 19.747 , 40.003 ]
2018-05-05 20:46:55.2834 [TRACE] :  A头取料坐标发送成功，发送取料指令...
2018-05-05 20:46:55.8918 [TRACE] :  取料命令发送成功，等待取料完成。
2018-05-05 20:47:00.6186 [TRACE] :  A头取料完成。
2018-05-05 20:47:04.1910 [TRACE] :  B头取料开始，发送取料点坐标...
2018-05-05 20:47:04.1910 [TRACE] :  PointA: [ 255.572 , 283.153 , 19.747 , -80.997 ]
2018-05-05 20:47:04.1910 [TRACE] :  B头取料坐标发送成功，发送取料指令...
2018-05-05 20:47:04.8150 [TRACE] :  取料命令发送成功，等待取料完成。
2018-05-05 20:47:07.4358 [TRACE] :  B头取料完成。
2018-05-05 20:47:09.2298 [TRACE] :  C头取料开始，发送取料点坐标...
2018-05-05 20:47:09.2298 [TRACE] :  PointA: [ 255.572 , 283.153 , 19.747 , 162.003 ]
2018-05-05 20:47:09.2298 [TRACE] :  C头取料坐标发送成功，发送取料指令...
2018-05-05 20:47:09.8538 [TRACE] :  取料命令发送成功，等待取料完成。
2018-05-05 20:47:14.3310 [TRACE] :  C头取料完成。
2018-05-05 20:47:20.4306 [TRACE] :  到达A头拍照点，触发相机定位...
2018-05-05 20:47:20.4462 [TRACE] :  A头物料定位完成！
2018-05-05 20:47:23.1294 [TRACE] :  到达B头拍照点，触发相机定位...
2018-05-05 20:47:23.1450 [TRACE] :  B头物料定位完成！
2018-05-05 20:47:27.7626 [TRACE] :  到达C头拍照点，触发相机定位...
2018-05-05 20:47:27.7782 [TRACE] :  物料定位完成！
2018-05-05 20:47:31.7563 [TRACE] :  到达Mark Point拍照位，触发相机定位...
2018-05-05 20:47:31.7719 [TRACE] :  Mark Point A拍照定位完成！
2018-05-05 20:47:33.7063 [TRACE] :  到达Mark Point B 拍照位，触发相机定位...
2018-05-05 20:47:33.7219 [TRACE] :  Mark Point B拍照定位完成！
2018-05-05 20:47:33.7375 [TRACE] :  开始插件...
2018-05-05 20:47:33.7687 [TRACE] :  A头插件开始，发送插件点坐标...
2018-05-05 20:47:33.7687 [TRACE] :  PointA: [ 105.571998596191 , 123.15299987793 , 20.7479991912842 , -59.9939994812012 ]
2018-05-05 20:47:33.7687 [TRACE] :  A头插件坐标发送成功，发送插件指令...
2018-05-05 20:47:34.4239 [TRACE] :  插件命令发送成功，等待插件完成。
2018-05-05 20:47:36.9667 [TRACE] :  A头插件完成。
2018-05-05 20:47:36.9979 [TRACE] :  B头插件开始，发送插件点坐标...
2018-05-05 20:47:36.9979 [TRACE] :  PointB: [ 97.075 , 118.649 , 18.246 , -39 ]
2018-05-05 20:47:36.9979 [TRACE] :  B头插件坐标发送成功，发送插件指令...
2018-05-05 20:47:37.6375 [TRACE] :  插件命令发送成功，等待插件完成。
2018-05-05 20:47:38.6515 [TRACE] :  B头插件完成。
2018-05-05 20:47:38.6827 [TRACE] :  C头插件开始，发送插件点坐标...
2018-05-05 20:47:38.6827 [TRACE] :  PointC: [ 97.075 , 118 , 18 , 0 ]
2018-05-05 20:47:38.6827 [TRACE] :  C头插件坐标发送成功，发送插件指令...
2018-05-05 20:47:39.3379 [TRACE] :  插件命令发送成功，等待插件完成。
2018-05-05 20:47:40.4299 [TRACE] :  C头插件完成。
2018-05-05 20:47:40.4611 [TRACE] :  正常终了，完成一块PCB插件。
2018-05-05 20:47:40.4767 [TRACE] :  插件初始化...
2018-05-05 20:47:40.5235 [TRACE] :  初始化完成，开始基板搬送...
2018-05-05 20:47:40.5391 [TRACE] :  上下板平台气缸复原
2018-05-05 20:47:41.0539 [TRACE] :  气缸到位，正常终了。
2018-05-05 20:47:41.0695 [TRACE] :  上下板开始...
2018-05-05 20:47:44.2987 [TRACE] :  出口有板，等待后机要板信号...
2018-05-05 20:47:44.3143 [TRACE] :  收到后机要板信号，开始基板搬送...
2018-05-05 20:47:45.8119 [TRACE] :  基板搬送完成。
2018-05-05 20:47:50.2891 [WARN] :  轨道中间存在未插件基板，请取走！
2018-05-05 20:49:58.5329 [TRACE] :  上下板平台气缸复原
2018-05-05 20:49:59.0477 [TRACE] :  气缸到位，正常终了。
2018-05-05 20:49:59.0633 [TRACE] :  上下板开始...
2018-05-05 20:50:05.7255 [TRACE] :  轨道入口有板，挡板气缸升起，开始基板搬送...
2018-05-05 20:50:09.8449 [TRACE] :  开始取料...
2018-05-05 20:50:09.8761 [TRACE] :  A头取料开始，发送取料点坐标...
2018-05-05 20:50:09.8761 [TRACE] :  PointA: [ 255.572 , 283.153 , 19.747 , 40.003 ]
2018-05-05 20:50:09.8761 [TRACE] :  A头取料坐标发送成功，发送取料指令...
2018-05-05 20:50:10.5157 [TRACE] :  取料命令发送成功，等待取料完成。
2018-05-05 20:50:19.2216 [TRACE] :  A头取料完成。
2018-05-05 20:50:22.6868 [TRACE] :  B头取料开始，发送取料点坐标...
2018-05-05 20:50:22.6868 [TRACE] :  PointA: [ 255.572 , 283.153 , 19.747 , -80.997 ]
2018-05-05 20:50:22.6868 [TRACE] :  B头取料坐标发送成功，发送取料指令...
2018-05-05 20:50:23.3264 [TRACE] :  取料命令发送成功，等待取料完成。
2018-05-05 20:50:25.9472 [TRACE] :  B头取料完成。
2018-05-05 20:50:27.3044 [TRACE] :  C头取料开始，发送取料点坐标...
2018-05-05 20:50:27.3044 [TRACE] :  PointA: [ 255.572 , 283.153 , 19.747 , 162.003 ]
2018-05-05 20:50:27.3044 [TRACE] :  C头取料坐标发送成功，发送取料指令...
2018-05-05 20:50:27.9752 [TRACE] :  取料命令发送成功，等待取料完成。
2018-05-05 20:50:32.4534 [TRACE] :  C头取料完成。
2018-05-05 20:50:38.5082 [TRACE] :  到达A头拍照点，触发相机定位...
2018-05-05 20:50:38.5238 [TRACE] :  A头物料定位完成！
2018-05-05 20:50:41.2070 [TRACE] :  到达B头拍照点，触发相机定位...
2018-05-05 20:50:41.2226 [TRACE] :  B头物料定位完成！
2018-05-05 20:50:45.8558 [TRACE] :  到达C头拍照点，触发相机定位...
2018-05-05 20:50:45.8714 [TRACE] :  物料定位完成！
2018-05-05 20:50:49.8806 [TRACE] :  到达Mark Point拍照位，触发相机定位...
2018-05-05 20:50:49.8962 [TRACE] :  Mark Point A拍照定位完成！
2018-05-05 20:50:51.8774 [TRACE] :  到达Mark Point B 拍照位，触发相机定位...
2018-05-05 20:50:51.8930 [TRACE] :  Mark Point B拍照定位完成！
2018-05-05 20:50:51.9086 [TRACE] :  开始插件...
2018-05-05 20:50:51.9398 [TRACE] :  A头插件开始，发送插件点坐标...
2018-05-05 20:50:51.9398 [TRACE] :  PointA: [ 105.572 , 123.153 , 20.748 , -60 ]
2018-05-05 20:50:51.9398 [TRACE] :  A头插件坐标发送成功，发送插件指令...
2018-05-05 20:50:52.5638 [TRACE] :  插件命令发送成功，等待插件完成。
2018-05-05 20:50:55.1066 [TRACE] :  A头插件完成。
2018-05-05 20:50:55.1378 [TRACE] :  B头插件开始，发送插件点坐标...
2018-05-05 20:50:55.1378 [TRACE] :  PointB: [ 97.075 , 118.649 , 18.246 , -181 ]
2018-05-05 20:50:55.1378 [TRACE] :  B头插件坐标发送成功，发送插件指令...
2018-05-05 20:50:55.7774 [TRACE] :  插件命令发送成功，等待插件完成。
2018-05-05 20:50:58.2110 [TRACE] :  B头插件完成。
2018-05-05 20:50:58.2422 [TRACE] :  C头插件开始，发送插件点坐标...
2018-05-05 20:50:58.2422 [TRACE] :  PointC: [ 97.075 , 118 , 18 , -60 ]
2018-05-05 20:50:58.2422 [TRACE] :  C头插件坐标发送成功，发送插件指令...
2018-05-05 20:50:58.8818 [TRACE] :  插件命令发送成功，等待插件完成。
2018-05-05 20:51:01.2998 [TRACE] :  C头插件完成。
2018-05-05 20:51:01.3310 [TRACE] :  正常终了，完成一块PCB插件。
2018-05-05 20:51:01.3466 [TRACE] :  插件初始化...
2018-05-05 20:51:01.3934 [TRACE] :  初始化完成，开始基板搬送...
2018-05-05 20:51:01.4090 [TRACE] :  上下板平台气缸复原
2018-05-05 20:51:01.9238 [TRACE] :  气缸到位，正常终了。
2018-05-05 20:51:01.9394 [TRACE] :  上下板开始...
2018-05-05 20:51:05.1686 [TRACE] :  出口有板，等待后机要板信号...
2018-05-05 20:51:05.1842 [TRACE] :  收到后机要板信号，开始基板搬送...
2018-05-05 20:51:06.0422 [TRACE] :  基板搬送完成。
2018-05-05 20:53:38.9371 [TRACE] :  轨道入口有板，挡板气缸升起，开始基板搬送...
2018-05-05 20:53:42.4003 [TRACE] :  开始取料...
2018-05-05 20:53:42.4315 [TRACE] :  A头取料开始，发送取料点坐标...
2018-05-05 20:53:42.4315 [TRACE] :  PointA: [ 255.572 , 283.153 , 19.747 , 40.003 ]
2018-05-05 20:53:42.4315 [TRACE] :  A头取料坐标发送成功，发送取料指令...
2018-05-05 20:53:43.1491 [TRACE] :  取料命令发送成功，等待取料完成。
2018-05-05 20:53:51.7915 [TRACE] :  A头取料完成。
2018-05-05 20:53:54.0847 [TRACE] :  B头取料开始，发送取料点坐标...
2018-05-05 20:53:54.0847 [TRACE] :  PointA: [ 255.572 , 283.153 , 19.747 , -80.997 ]
2018-05-05 20:53:54.0847 [TRACE] :  B头取料坐标发送成功，发送取料指令...
2018-05-05 20:53:54.7867 [TRACE] :  取料命令发送成功，等待取料完成。
2018-05-05 20:53:57.4231 [TRACE] :  B头取料完成。
2018-05-05 20:53:58.7180 [TRACE] :  C头取料开始，发送取料点坐标...
2018-05-05 20:53:58.7180 [TRACE] :  PointA: [ 255.572 , 283.153 , 19.747 , 162.003 ]
2018-05-05 20:53:58.7336 [TRACE] :  C头取料坐标发送成功，发送取料指令...
2018-05-05 20:53:59.4044 [TRACE] :  取料命令发送成功，等待取料完成。
2018-05-05 20:54:03.8660 [TRACE] :  C头取料完成。
2018-05-05 20:54:09.9500 [TRACE] :  到达A头拍照点，触发相机定位...
2018-05-05 20:54:09.9656 [TRACE] :  A头物料定位完成！
2018-05-05 20:54:12.6800 [TRACE] :  到达B头拍照点，触发相机定位...
2018-05-05 20:54:12.6956 [TRACE] :  B头物料定位完成！
2018-05-05 20:54:17.3912 [TRACE] :  到达C头拍照点，触发相机定位...
2018-05-05 20:54:17.4068 [TRACE] :  物料定位完成！
2018-05-05 20:54:21.4940 [TRACE] :  到达Mark Point拍照位，触发相机定位...
2018-05-05 20:54:21.5096 [TRACE] :  Mark Point A拍照定位完成！
2018-05-05 20:54:23.4908 [TRACE] :  到达Mark Point B 拍照位，触发相机定位...
2018-05-05 20:54:23.5064 [TRACE] :  Mark Point B拍照定位完成！
2018-05-05 20:54:23.5220 [TRACE] :  开始插件...
2018-05-05 20:54:23.5532 [TRACE] :  A头插件开始，发送插件点坐标...
2018-05-05 20:54:23.5532 [TRACE] :  PointA: [ 105.572 , 123.153 , 20.748 , -60 ]
2018-05-05 20:54:23.5532 [TRACE] :  A头插件坐标发送成功，发送插件指令...
2018-05-05 20:54:24.1928 [TRACE] :  插件命令发送成功，等待插件完成。
2018-05-05 20:54:26.7200 [TRACE] :  A头插件完成。
2018-05-05 20:54:26.7512 [TRACE] :  B头插件开始，发送插件点坐标...
2018-05-05 20:54:26.7512 [TRACE] :  PointB: [ 97.075 , 118.649 , 18.246 , -181 ]
2018-05-05 20:54:26.7512 [TRACE] :  B头插件坐标发送成功，发送插件指令...
2018-05-05 20:54:27.4688 [TRACE] :  插件命令发送成功，等待插件完成。
2018-05-05 20:54:29.9024 [TRACE] :  B头插件完成。
2018-05-05 20:54:29.9336 [TRACE] :  C头插件开始，发送插件点坐标...
2018-05-05 20:54:29.9336 [TRACE] :  PointC: [ 97.075 , 118 , 18 , 62 ]
2018-05-05 20:54:29.9336 [TRACE] :  C头插件坐标发送成功，发送插件指令...
2018-05-05 20:54:30.6200 [TRACE] :  插件命令发送成功，等待插件完成。
2018-05-05 20:54:35.0504 [TRACE] :  C头插件完成。
2018-05-05 20:54:35.0816 [TRACE] :  正常终了，完成一块PCB插件。
2018-05-05 20:54:35.0972 [TRACE] :  插件初始化...
2018-05-05 20:54:35.1440 [TRACE] :  初始化完成，开始基板搬送...
2018-05-05 20:54:35.1596 [TRACE] :  上下板平台气缸复原
2018-05-05 20:54:35.6744 [TRACE] :  气缸到位，正常终了。
2018-05-05 20:54:35.6900 [TRACE] :  上下板开始...
2018-05-05 20:54:38.9036 [TRACE] :  出口有板，等待后机要板信号...
2018-05-05 20:54:38.9192 [TRACE] :  收到后机要板信号，开始基板搬送...
2018-05-05 20:54:39.8396 [TRACE] :  基板搬送完成。
2018-05-05 20:55:19.5105 [TRACE] :  轨道入口有板，挡板气缸升起，开始基板搬送...
2018-05-05 20:55:23.6445 [TRACE] :  开始取料...
2018-05-05 20:55:23.6757 [TRACE] :  A头取料开始，发送取料点坐标...
2018-05-05 20:55:23.6757 [TRACE] :  PointA: [ 255.572 , 283.153 , 19.747 , 40.003 ]
2018-05-05 20:55:23.6913 [TRACE] :  A头取料坐标发送成功，发送取料指令...
2018-05-05 20:55:24.3933 [TRACE] :  取料命令发送成功，等待取料完成。
2018-05-05 20:55:33.0201 [TRACE] :  A头取料完成。
2018-05-05 20:55:35.4225 [TRACE] :  B头取料开始，发送取料点坐标...
2018-05-05 20:55:35.4225 [TRACE] :  PointA: [ 255.572 , 283.153 , 19.747 , -80.997 ]
2018-05-05 20:55:35.4225 [TRACE] :  B头取料坐标发送成功，发送取料指令...
2018-05-05 20:55:36.0777 [TRACE] :  取料命令发送成功，等待取料完成。
2018-05-05 20:55:38.6985 [TRACE] :  B头取料完成。
2018-05-05 20:55:40.0713 [TRACE] :  C头取料开始，发送取料点坐标...
2018-05-05 20:55:40.0713 [TRACE] :  PointA: [ 255.572 , 283.153 , 19.747 , 162.003 ]
2018-05-05 20:55:40.0869 [TRACE] :  C头取料坐标发送成功，发送取料指令...
2018-05-05 20:55:40.7733 [TRACE] :  取料命令发送成功，等待取料完成。
2018-05-05 20:55:45.2349 [TRACE] :  C头取料完成。
2018-05-05 20:55:51.3189 [TRACE] :  到达A头拍照点，触发相机定位...
2018-05-05 20:55:51.3345 [TRACE] :  A头物料定位完成！
2018-05-05 20:55:54.0490 [TRACE] :  到达B头拍照点，触发相机定位...
2018-05-05 20:55:54.0646 [TRACE] :  B头物料定位完成！
2018-05-05 20:55:58.7758 [TRACE] :  到达C头拍照点，触发相机定位...
2018-05-05 20:55:58.7914 [TRACE] :  物料定位完成！
2018-05-05 20:56:02.8630 [TRACE] :  到达Mark Point拍照位，触发相机定位...
2018-05-05 20:56:02.8786 [TRACE] :  Mark Point A拍照定位完成！
2018-05-05 20:56:04.8754 [TRACE] :  到达Mark Point B 拍照位，触发相机定位...
2018-05-05 20:56:04.8910 [TRACE] :  Mark Point B拍照定位完成！
2018-05-05 20:56:04.9066 [TRACE] :  开始插件...
2018-05-05 20:56:04.9378 [TRACE] :  A头插件开始，发送插件点坐标...
2018-05-05 20:56:04.9378 [TRACE] :  PointA: [ 105.572 , 123.153 , 20.748 , -60 ]
2018-05-05 20:56:04.9378 [TRACE] :  A头插件坐标发送成功，发送插件指令...
2018-05-05 20:56:05.5774 [TRACE] :  插件命令发送成功，等待插件完成。
2018-05-05 20:56:08.1202 [TRACE] :  A头插件完成。
2018-05-05 20:56:08.1514 [TRACE] :  B头插件开始，发送插件点坐标...
2018-05-05 20:56:08.1514 [TRACE] :  PointB: [ 97.075 , 118.649 , 18.246 , -181 ]
2018-05-05 20:56:08.1514 [TRACE] :  B头插件坐标发送成功，发送插件指令...
2018-05-05 20:56:08.8066 [TRACE] :  插件命令发送成功，等待插件完成。
2018-05-05 20:56:11.2558 [TRACE] :  B头插件完成。
2018-05-05 20:56:11.2870 [TRACE] :  C头插件开始，发送插件点坐标...
2018-05-05 20:56:11.2870 [TRACE] :  PointC: [ 97.075 , 118 , 18 , 62 ]
2018-05-05 20:56:11.3026 [TRACE] :  C头插件坐标发送成功，发送插件指令...
2018-05-05 20:56:11.9734 [TRACE] :  插件命令发送成功，等待插件完成。
2018-05-05 20:56:16.4038 [TRACE] :  C头插件完成。
2018-05-05 20:56:16.4350 [TRACE] :  正常终了，完成一块PCB插件。
2018-05-05 20:56:16.4506 [TRACE] :  插件初始化...
2018-05-05 20:56:16.4974 [TRACE] :  初始化完成，开始基板搬送...
2018-05-05 20:56:16.5130 [TRACE] :  上下板平台气缸复原
2018-05-05 20:56:17.0278 [TRACE] :  气缸到位，正常终了。
2018-05-05 20:56:17.0434 [TRACE] :  上下板开始...
2018-05-05 20:56:20.2726 [TRACE] :  出口有板，等待后机要板信号...
2018-05-05 20:56:20.2882 [TRACE] :  收到后机要板信号，开始基板搬送...
2018-05-05 20:56:21.3802 [TRACE] :  基板搬送完成。
