2018-05-04 00:02:10.1114 [TRACE] :  设备开始复位...
2018-05-04 00:02:10.2362 [TRACE] :  机械手复位开始...
2018-05-04 00:02:13.0754 [TRACE] :  机械手复位完成，正常终了。
2018-05-04 00:02:13.1378 [TRACE] :  气缸复原，供料器复位...
2018-05-04 00:02:15.1971 [TRACE] :  正常终了，机器复位完成！
2018-05-04 00:33:38.1393 [TRACE] :  设备开始复位...
2018-05-04 00:33:38.2641 [TRACE] :  机械手复位开始...
2018-05-04 00:33:41.1189 [TRACE] :  机械手复位完成，正常终了。
2018-05-04 00:33:41.2125 [TRACE] :  气缸复原，供料器复位...
2018-05-04 00:34:11.0529 [TRACE] :  设备开始复位...
2018-05-04 00:34:11.1777 [TRACE] :  机械手复位开始...
2018-05-04 00:34:13.9701 [TRACE] :  机械手复位完成，正常终了。
2018-05-04 00:34:14.0325 [TRACE] :  气缸复原，供料器复位...
2018-05-04 00:43:59.8867 [TRACE] :  设备开始复位...
2018-05-04 00:44:00.0115 [TRACE] :  机械手复位开始...
2018-05-04 00:44:02.8049 [TRACE] :  机械手复位完成，正常终了。
2018-05-04 00:44:02.8829 [TRACE] :  气缸复原，供料器复位...
2018-05-04 00:45:50.6159 [TRACE] :  设备开始复位...
2018-05-04 00:45:50.7407 [TRACE] :  机械手复位开始...
2018-05-04 00:45:53.5799 [TRACE] :  机械手复位完成，正常终了。
2018-05-04 00:45:53.6423 [TRACE] :  气缸复原，供料器复位...
2018-05-04 00:46:00.8651 [TRACE] :  机器复位完成，正常终了。
2018-05-04 00:46:57.8998 [TRACE] :  设备开始复位...
2018-05-04 00:46:58.0246 [TRACE] :  机械手复位开始...
2018-05-04 00:47:00.8170 [TRACE] :  机械手复位完成，正常终了。
2018-05-04 00:47:00.8794 [TRACE] :  气缸复原，供料器复位...
2018-05-04 00:47:08.1364 [TRACE] :  机器复位完成，正常终了。
2018-05-04 00:47:47.0609 [TRACE] :  设备开始复位...
2018-05-04 00:47:47.1857 [TRACE] :  机械手复位开始...
2018-05-04 00:47:50.0561 [TRACE] :  机械手复位完成，正常终了。
2018-05-04 00:47:50.1185 [TRACE] :  气缸复原，供料器复位...
2018-05-04 00:47:57.3725 [TRACE] :  机器复位完成，正常终了。
2018-05-04 00:53:02.1876 [TRACE] :  设备开始复位...
2018-05-04 00:53:02.3124 [TRACE] :  机械手复位开始...
2018-05-04 00:53:05.1984 [TRACE] :  机械手复位完成，正常终了。
2018-05-04 00:53:05.2608 [TRACE] :  气缸复原，供料器复位...
2018-05-04 00:53:12.5168 [TRACE] :  机器复位完成，正常终了。
2018-05-04 00:53:18.6320 [TRACE] :  设备开始复位...
2018-05-04 00:53:18.7568 [TRACE] :  机械手复位开始...
2018-05-04 00:53:21.5337 [TRACE] :  机械手复位完成，正常终了。
2018-05-04 00:53:21.5961 [TRACE] :  气缸复原，供料器复位...
2018-05-04 00:53:28.8501 [TRACE] :  机器复位完成，正常终了。
2018-05-04 01:00:40.9206 [TRACE] :  设备开始复位...
2018-05-04 01:00:41.0454 [TRACE] :  机械手复位开始...
2018-05-04 01:00:43.8847 [TRACE] :  机械手复位完成，正常终了。
2018-05-04 01:00:43.9471 [TRACE] :  气缸复原，供料器复位...
2018-05-04 01:00:51.2167 [TRACE] :  机器复位完成，正常终了。
2018-05-04 01:02:06.8179 [TRACE] :  设备开始复位...
2018-05-04 01:02:06.9427 [TRACE] :  机械手复位开始...
2018-05-04 01:02:09.6883 [TRACE] :  机械手复位完成，正常终了。
2018-05-04 01:02:09.7507 [TRACE] :  气缸复原，供料器复位...
2018-05-04 01:02:17.0047 [TRACE] :  机器复位完成，正常终了。
2018-05-04 01:46:46.3605 [TRACE] :  设备开始复位...
2018-05-04 01:46:46.4853 [TRACE] :  机械手复位开始...
2018-05-04 01:46:51.0249 [TRACE] :  机械手复位完成，正常终了。
2018-05-04 01:46:51.0873 [TRACE] :  气缸复原，供料器复位...
2018-05-04 01:46:58.3569 [TRACE] :  机器复位完成，正常终了。
2018-05-04 02:12:02.6248 [TRACE] :  设备开始复位...
2018-05-04 02:12:02.7496 [TRACE] :  机械手复位开始...
2018-05-04 02:12:07.2268 [TRACE] :  机械手复位完成，正常终了。
2018-05-04 02:12:07.2892 [TRACE] :  气缸复原，供料器复位...
2018-05-04 02:12:14.5442 [TRACE] :  机器复位完成，正常终了。
2018-05-04 02:17:23.1437 [TRACE] :  设备开始复位...
2018-05-04 02:17:23.2685 [TRACE] :  机械手复位开始...
2018-05-04 02:17:27.8081 [TRACE] :  机械手复位完成，正常终了。
2018-05-04 02:17:27.8705 [TRACE] :  气缸复原，供料器复位...
2018-05-04 02:17:35.1265 [TRACE] :  机器复位完成，正常终了。
2018-05-04 02:19:39.6762 [TRACE] :  设备开始复位...
2018-05-04 02:19:39.8010 [TRACE] :  机械手复位开始...
2018-05-04 02:19:44.3260 [TRACE] :  机械手复位完成，正常终了。
2018-05-04 02:19:44.3884 [TRACE] :  气缸复原，供料器复位...
2018-05-04 02:19:51.6268 [TRACE] :  机器复位完成，正常终了。
2018-05-04 02:35:43.1324 [TRACE] :  设备开始复位...
2018-05-04 02:35:43.2334 [TRACE] :  机械手复位开始...
2018-05-04 02:35:45.8216 [TRACE] :  机械手复位完成，正常终了。
2018-05-04 02:35:45.8716 [TRACE] :  气缸复原，供料器复位...
2018-05-04 02:35:53.0920 [TRACE] :  机器复位完成，正常终了。
2018-05-04 19:06:31.7779 [TRACE] :  设备开始复位...
2018-05-04 19:06:31.9027 [TRACE] :  机械手复位开始...
2018-05-04 19:06:34.6483 [TRACE] :  机械手复位完成，正常终了。
2018-05-04 19:06:34.7107 [TRACE] :  气缸复原...
2018-05-04 19:06:35.7715 [TRACE] :  气缸到位，轨道自检...
2018-05-04 19:06:40.8269 [TRACE] :  自检完成，供料器复位开始...
2018-05-04 19:07:00.9197 [WARN] :  复位失败，等待气缸到位超时或工料器复位超时！
2018-05-04 19:07:49.2496 [TRACE] :  设备开始复位...
2018-05-04 19:07:49.3744 [TRACE] :  机械手复位开始...
2018-05-04 19:07:52.1824 [TRACE] :  机械手复位完成，正常终了。
2018-05-04 19:07:52.2448 [TRACE] :  气缸复原...
2018-05-04 19:07:53.3056 [TRACE] :  气缸到位，轨道自检...
2018-05-04 19:07:58.3600 [TRACE] :  自检完成，供料器复位开始...
2018-05-04 19:15:32.7950 [TRACE] :  设备开始复位...
2018-05-04 19:15:32.9354 [TRACE] :  机械手复位开始...
2018-05-04 19:15:35.6966 [TRACE] :  机械手复位完成，正常终了。
2018-05-04 19:15:35.7590 [TRACE] :  气缸复原...
2018-05-04 19:15:36.8198 [TRACE] :  气缸到位，轨道自检...
2018-05-04 19:15:41.8742 [TRACE] :  自检完成，供料器复位开始...
2018-05-04 19:16:13.0411 [WARN] :  复位失败，等待气缸到位超时或工料器复位超时！
2018-05-04 19:16:23.3509 [TRACE] :  设备开始复位...
2018-05-04 19:16:23.4757 [TRACE] :  机械手复位开始...
2018-05-04 19:16:26.2681 [TRACE] :  机械手复位完成，正常终了。
2018-05-04 19:16:26.3305 [TRACE] :  气缸复原...
2018-05-04 19:16:27.3575 [TRACE] :  气缸到位，轨道自检...
2018-05-04 19:16:32.4012 [TRACE] :  自检完成，供料器复位开始...
2018-05-04 19:18:58.1277 [TRACE] :  设备开始复位...
2018-05-04 19:18:58.2287 [TRACE] :  机械手复位开始...
2018-05-04 19:19:00.8868 [TRACE] :  机械手复位完成，正常终了。
2018-05-04 19:19:00.9548 [TRACE] :  气缸复原...
2018-05-04 19:19:01.9669 [TRACE] :  气缸到位，轨道自检...
2018-05-04 19:19:07.0082 [TRACE] :  自检完成，供料器复位开始...
2018-05-04 19:19:27.0863 [WARN] :  复位失败，等待气缸到位超时或工料器复位超时！
2018-05-04 19:20:04.4998 [TRACE] :  设备开始复位...
2018-05-04 19:20:04.6246 [TRACE] :  机械手复位开始...
2018-05-04 19:20:07.3858 [TRACE] :  机械手复位完成，正常终了。
2018-05-04 19:20:07.4482 [TRACE] :  气缸复原...
2018-05-04 19:20:08.5090 [TRACE] :  气缸到位，轨道自检...
2018-05-04 19:20:13.5634 [TRACE] :  自检完成，供料器复位开始...
2018-05-04 19:20:40.6925 [WARN] :  复位失败，等待气缸到位超时或工料器复位超时！
2018-05-04 19:21:39.5142 [TRACE] :  设备开始复位...
2018-05-04 19:21:39.6390 [TRACE] :  机械手复位开始...
2018-05-04 19:21:42.3690 [TRACE] :  机械手复位完成，正常终了。
2018-05-04 19:21:42.4314 [TRACE] :  气缸复原...
2018-05-04 19:21:43.4922 [TRACE] :  气缸到位，轨道自检...
2018-05-04 19:21:48.5466 [TRACE] :  自检完成，供料器复位开始...
2018-05-04 19:22:03.9512 [TRACE] :  机器复位完成，正常终了。
2018-05-04 19:41:19.7874 [TRACE] :  设备开始复位...
2018-05-04 19:41:19.9278 [TRACE] :  机械手复位开始...
2018-05-04 19:41:22.8138 [TRACE] :  机械手复位完成，正常终了。
2018-05-04 19:41:22.8918 [TRACE] :  气缸复原...
2018-05-04 19:41:23.9838 [TRACE] :  气缸到位，轨道自检...
2018-05-04 19:41:29.0538 [TRACE] :  自检完成，供料器复位开始...
2018-05-04 19:41:49.1632 [WARN] :  复位失败，等待气缸到位超时或工料器复位超时！
2018-05-04 20:14:31.1853 [TRACE] :  设备开始复位...
2018-05-04 20:14:31.3101 [TRACE] :  机械手复位开始...
2018-05-04 20:14:35.7874 [TRACE] :  机械手复位完成，正常终了。
2018-05-04 20:14:35.8498 [TRACE] :  气缸复原...
2018-05-04 20:14:36.9106 [TRACE] :  气缸到位，轨道自检...
2018-05-04 20:14:41.9650 [TRACE] :  自检完成，供料器复位开始...
2018-05-04 20:14:47.8930 [TRACE] :  机器复位完成，正常终了。
2018-05-04 20:14:58.6268 [TRACE] :  设备开始复位...
2018-05-04 20:14:58.7516 [TRACE] :  机械手复位开始...
2018-05-04 20:15:01.4816 [TRACE] :  机械手复位完成，正常终了。
2018-05-04 20:15:01.5440 [TRACE] :  气缸复原...
2018-05-04 20:15:02.6048 [TRACE] :  气缸到位，轨道自检...
2018-05-04 20:15:07.6592 [TRACE] :  自检完成，供料器复位开始...
2018-05-04 20:15:13.5872 [TRACE] :  机器复位完成，正常终了。
