2018-05-03 08:21:38.4452 [TRACE] :  设备开始复位...
2018-05-03 08:21:38.5700 [TRACE] :  机械手复位开始...
2018-05-03 08:21:39.6464 [TRACE] :  机械手复位完成，正常终了。
2018-05-03 08:21:39.7244 [TRACE] :  气缸复原，供料器复位...
2018-05-03 08:21:41.7836 [TRACE] :  正常终了，机器复位完成！
2018-05-03 08:21:53.3277 [TRACE] :  设备开始复位...
2018-05-03 08:21:53.4525 [TRACE] :  机械手复位开始...
2018-05-03 08:21:54.5133 [TRACE] :  机械手复位完成，正常终了。
2018-05-03 08:21:54.5757 [TRACE] :  气缸复原，供料器复位...
2018-05-03 08:21:56.6349 [TRACE] :  正常终了，机器复位完成！
2018-05-03 08:21:59.7549 [TRACE] :  设备开始复位...
2018-05-03 08:21:59.8797 [TRACE] :  机械手复位开始...
2018-05-03 08:22:00.9405 [TRACE] :  机械手复位完成，正常终了。
2018-05-03 08:22:01.0029 [TRACE] :  气缸复原，供料器复位...
2018-05-03 08:22:03.0621 [TRACE] :  正常终了，机器复位完成！
2018-05-03 08:22:05.6206 [TRACE] :  设备开始复位...
2018-05-03 08:22:05.7454 [TRACE] :  机械手复位开始...
2018-05-03 08:22:06.8062 [TRACE] :  机械手复位完成，正常终了。
2018-05-03 08:22:06.8686 [TRACE] :  气缸复原，供料器复位...
2018-05-03 08:22:08.9278 [TRACE] :  正常终了，机器复位完成！
2018-05-03 08:22:11.7358 [TRACE] :  设备开始复位...
2018-05-03 08:22:11.8606 [TRACE] :  机械手复位开始...
2018-05-03 08:22:12.9214 [TRACE] :  机械手复位完成，正常终了。
2018-05-03 08:22:12.9838 [TRACE] :  气缸复原，供料器复位...
2018-05-03 08:22:15.0430 [TRACE] :  正常终了，机器复位完成！
2018-05-03 08:22:17.8042 [TRACE] :  设备开始复位...
2018-05-03 08:22:17.9290 [TRACE] :  机械手复位开始...
2018-05-03 08:22:18.9899 [TRACE] :  机械手复位完成，正常终了。
2018-05-03 08:22:19.0523 [TRACE] :  气缸复原，供料器复位...
2018-05-03 08:22:21.1115 [TRACE] :  正常终了，机器复位完成！
2018-05-03 08:22:23.3579 [TRACE] :  设备开始复位...
2018-05-03 08:22:23.4827 [TRACE] :  机械手复位开始...
2018-05-03 08:22:24.5435 [TRACE] :  机械手复位完成，正常终了。
2018-05-03 08:22:24.6059 [TRACE] :  气缸复原，供料器复位...
2018-05-03 08:22:26.6651 [TRACE] :  正常终了，机器复位完成！
2018-05-03 08:22:29.6603 [TRACE] :  设备开始复位...
2018-05-03 08:22:29.7851 [TRACE] :  机械手复位开始...
2018-05-03 08:22:30.8459 [TRACE] :  机械手复位完成，正常终了。
2018-05-03 08:22:30.9083 [TRACE] :  气缸复原，供料器复位...
2018-05-03 08:22:32.9675 [TRACE] :  正常终了，机器复位完成！
2018-05-03 08:22:35.3388 [TRACE] :  设备开始复位...
2018-05-03 08:22:35.4636 [TRACE] :  机械手复位开始...
2018-05-03 08:22:36.5244 [TRACE] :  机械手复位完成，正常终了。
2018-05-03 08:22:36.5868 [TRACE] :  气缸复原，供料器复位...
2018-05-03 08:22:38.6460 [TRACE] :  正常终了，机器复位完成！
2018-05-03 08:22:43.5132 [TRACE] :  设备开始复位...
2018-05-03 08:22:43.6380 [TRACE] :  机械手复位开始...
2018-05-03 08:22:44.6988 [TRACE] :  机械手复位完成，正常终了。
2018-05-03 08:22:44.7612 [TRACE] :  气缸复原，供料器复位...
2018-05-03 08:22:46.8204 [TRACE] :  正常终了，机器复位完成！
2018-05-03 08:22:49.6284 [TRACE] :  设备开始复位...
2018-05-03 08:22:49.7532 [TRACE] :  机械手复位开始...
2018-05-03 08:22:50.8141 [TRACE] :  机械手复位完成，正常终了。
2018-05-03 08:22:50.8765 [TRACE] :  气缸复原，供料器复位...
2018-05-03 08:22:52.9357 [TRACE] :  正常终了，机器复位完成！
2018-05-03 08:23:17.8958 [TRACE] :  设备开始复位...
2018-05-03 08:23:18.0206 [TRACE] :  机械手复位开始...
2018-05-03 08:23:19.0814 [TRACE] :  机械手复位完成，正常终了。
2018-05-03 08:23:19.1438 [TRACE] :  气缸复原，供料器复位...
2018-05-03 08:23:21.2030 [TRACE] :  正常终了，机器复位完成！
2018-05-03 08:26:34.8024 [TRACE] :  设备开始复位...
2018-05-03 08:26:34.9272 [TRACE] :  机械手复位开始...
2018-05-03 08:26:35.9880 [TRACE] :  机械手复位完成，正常终了。
2018-05-03 08:26:36.0504 [TRACE] :  气缸复原，供料器复位...
2018-05-03 08:26:38.1096 [TRACE] :  正常终了，机器复位完成！
2018-05-03 08:27:20.4168 [TRACE] :  设备开始复位...
2018-05-03 08:27:20.5416 [TRACE] :  机械手复位开始...
2018-05-03 08:27:21.6024 [TRACE] :  机械手复位完成，正常终了。
2018-05-03 08:27:21.6648 [TRACE] :  气缸复原，供料器复位...
2018-05-03 08:27:23.7240 [TRACE] :  正常终了，机器复位完成！
2018-05-03 08:30:45.9388 [TRACE] :  设备开始复位...
2018-05-03 08:30:46.0636 [TRACE] :  机械手复位开始...
2018-05-03 08:30:47.1244 [TRACE] :  机械手复位完成，正常终了。
2018-05-03 08:30:47.1868 [TRACE] :  气缸复原，供料器复位...
2018-05-03 08:30:49.2148 [TRACE] :  正常终了，机器复位完成！
2018-05-03 08:32:16.2160 [TRACE] :  设备开始复位...
2018-05-03 08:32:16.3408 [TRACE] :  机械手复位开始...
2018-05-03 08:32:17.4016 [TRACE] :  机械手复位完成，正常终了。
2018-05-03 08:32:17.4640 [TRACE] :  气缸复原，供料器复位...
2018-05-03 08:32:19.5242 [TRACE] :  正常终了，机器复位完成！
2018-05-03 09:21:12.6645 [TRACE] :  设备开始复位...
2018-05-03 09:21:12.7893 [TRACE] :  机械手复位开始...
2018-05-03 09:21:13.8501 [TRACE] :  机械手复位完成，正常终了。
2018-05-03 09:21:13.9437 [TRACE] :  气缸复原，供料器复位...
2018-05-03 09:21:16.0029 [TRACE] :  正常终了，机器复位完成！
2018-05-03 09:22:16.9713 [TRACE] :  设备开始复位...
2018-05-03 09:22:17.0961 [TRACE] :  机械手复位开始...
2018-05-03 09:22:18.1569 [TRACE] :  机械手复位完成，正常终了。
2018-05-03 09:22:18.2193 [TRACE] :  气缸复原，供料器复位...
2018-05-03 09:22:20.2785 [TRACE] :  正常终了，机器复位完成！
2018-05-03 09:22:46.9855 [TRACE] :  设备开始复位...
2018-05-03 09:22:47.1103 [TRACE] :  机械手复位开始...
2018-05-03 09:22:48.1711 [TRACE] :  机械手复位完成，正常终了。
2018-05-03 09:22:48.2335 [TRACE] :  气缸复原，供料器复位...
2018-05-03 09:22:50.2927 [TRACE] :  正常终了，机器复位完成！
2018-05-03 09:24:40.5350 [TRACE] :  设备开始复位...
2018-05-03 09:24:40.6598 [TRACE] :  机械手复位开始...
2018-05-03 09:24:41.7205 [TRACE] :  机械手复位完成，正常终了。
2018-05-03 09:24:41.7829 [TRACE] :  气缸复原，供料器复位...
2018-05-03 09:24:43.8421 [TRACE] :  正常终了，机器复位完成！
2018-05-03 09:31:08.7822 [TRACE] :  设备开始复位...
2018-05-03 09:31:08.8842 [TRACE] :  机械手复位开始...
2018-05-03 09:31:09.8942 [TRACE] :  机械手复位完成，正常终了。
2018-05-03 09:31:09.9502 [TRACE] :  气缸复原，供料器复位...
2018-05-03 09:31:11.9592 [TRACE] :  正常终了，机器复位完成！
2018-05-03 09:33:12.0113 [TRACE] :  设备开始复位...
2018-05-03 09:33:12.1361 [TRACE] :  机械手复位开始...
2018-05-03 09:33:13.1969 [TRACE] :  机械手复位完成，正常终了。
2018-05-03 09:33:13.2593 [TRACE] :  气缸复原，供料器复位...
2018-05-03 09:33:15.3185 [TRACE] :  正常终了，机器复位完成！
2018-05-03 14:29:09.5521 [TRACE] :  设备开始复位...
2018-05-03 14:29:09.6911 [TRACE] :  机械手复位开始...
2018-05-03 14:29:10.7801 [TRACE] :  机械手复位完成，正常终了。
2018-05-03 14:29:10.8521 [TRACE] :  气缸复原，供料器复位...
2018-05-03 14:29:12.8661 [TRACE] :  正常终了，机器复位完成！
2018-05-03 14:31:18.5541 [TRACE] :  设备开始复位...
2018-05-03 14:31:18.6591 [TRACE] :  机械手复位开始...
2018-05-03 14:31:19.7771 [TRACE] :  机械手复位完成，正常终了。
2018-05-03 14:31:19.8311 [TRACE] :  气缸复原，供料器复位...
2018-05-03 14:31:21.8321 [TRACE] :  正常终了，机器复位完成！
2018-05-03 14:32:54.0091 [TRACE] :  设备开始复位...
2018-05-03 14:32:54.1151 [TRACE] :  机械手复位开始...
2018-05-03 14:32:55.2481 [TRACE] :  机械手复位完成，正常终了。
2018-05-03 14:32:55.3021 [TRACE] :  气缸复原，供料器复位...
2018-05-03 14:32:57.3081 [TRACE] :  正常终了，机器复位完成！
2018-05-03 14:35:34.7901 [TRACE] :  设备开始复位...
2018-05-03 14:35:34.8911 [TRACE] :  机械手复位开始...
2018-05-03 14:35:35.9911 [TRACE] :  机械手复位完成，正常终了。
2018-05-03 14:35:36.0471 [TRACE] :  气缸复原，供料器复位...
2018-05-03 14:35:38.0501 [TRACE] :  正常终了，机器复位完成！
2018-05-03 14:36:26.2291 [TRACE] :  设备开始复位...
2018-05-03 14:36:26.3321 [TRACE] :  机械手复位开始...
2018-05-03 14:36:27.4501 [TRACE] :  机械手复位完成，正常终了。
2018-05-03 14:36:27.5081 [TRACE] :  气缸复原，供料器复位...
2018-05-03 14:36:29.5111 [TRACE] :  正常终了，机器复位完成！
2018-05-03 14:42:02.9111 [TRACE] :  设备开始复位...
2018-05-03 14:42:03.0121 [TRACE] :  机械手复位开始...
2018-05-03 14:42:04.0981 [TRACE] :  机械手复位完成，正常终了。
2018-05-03 14:42:04.1501 [TRACE] :  气缸复原，供料器复位...
2018-05-03 14:42:06.1591 [TRACE] :  正常终了，机器复位完成！
2018-05-03 14:42:59.3211 [TRACE] :  设备开始复位...
2018-05-03 14:42:59.4271 [TRACE] :  机械手复位开始...
2018-05-03 14:43:00.5171 [TRACE] :  机械手复位完成，正常终了。
2018-05-03 14:43:00.5681 [TRACE] :  气缸复原，供料器复位...
2018-05-03 14:43:02.5771 [TRACE] :  正常终了，机器复位完成！
2018-05-03 14:44:55.1051 [TRACE] :  设备开始复位...
2018-05-03 14:44:55.2091 [TRACE] :  机械手复位开始...
2018-05-03 14:44:56.3521 [TRACE] :  机械手复位完成，正常终了。
2018-05-03 14:44:56.4041 [TRACE] :  气缸复原，供料器复位...
2018-05-03 14:44:58.4251 [TRACE] :  正常终了，机器复位完成！
2018-05-03 14:53:14.1941 [TRACE] :  设备开始复位...
2018-05-03 14:53:14.3021 [TRACE] :  机械手复位开始...
2018-05-03 14:53:15.4301 [TRACE] :  机械手复位完成，正常终了。
2018-05-03 14:53:15.4811 [TRACE] :  气缸复原，供料器复位...
2018-05-03 14:53:17.4931 [TRACE] :  正常终了，机器复位完成！
2018-05-03 14:56:11.7151 [TRACE] :  设备开始复位...
2018-05-03 14:56:11.8221 [TRACE] :  机械手复位开始...
2018-05-03 14:56:12.9241 [TRACE] :  机械手复位完成，正常终了。
2018-05-03 14:56:12.9961 [TRACE] :  气缸复原，供料器复位...
2018-05-03 14:56:15.0221 [TRACE] :  正常终了，机器复位完成！
2018-05-03 15:00:53.1661 [TRACE] :  设备开始复位...
2018-05-03 15:00:53.2671 [TRACE] :  机械手复位开始...
2018-05-03 15:00:54.3561 [TRACE] :  机械手复位完成，正常终了。
2018-05-03 15:00:54.4101 [TRACE] :  气缸复原，供料器复位...
2018-05-03 15:00:56.4311 [TRACE] :  正常终了，机器复位完成！
2018-05-03 15:03:16.4251 [TRACE] :  设备开始复位...
2018-05-03 15:03:16.5291 [TRACE] :  机械手复位开始...
2018-05-03 15:03:17.6781 [TRACE] :  机械手复位完成，正常终了。
2018-05-03 15:03:17.7311 [TRACE] :  气缸复原，供料器复位...
2018-05-03 15:03:19.7331 [TRACE] :  正常终了，机器复位完成！
2018-05-03 15:12:11.4981 [TRACE] :  设备开始复位...
2018-05-03 15:12:11.6041 [TRACE] :  机械手复位开始...
2018-05-03 15:12:12.6801 [TRACE] :  机械手复位完成，正常终了。
2018-05-03 15:12:12.7311 [TRACE] :  气缸复原，供料器复位...
2018-05-03 15:12:14.7811 [TRACE] :  正常终了，机器复位完成！
2018-05-03 15:13:54.0051 [TRACE] :  设备开始复位...
2018-05-03 15:13:54.1111 [TRACE] :  机械手复位开始...
2018-05-03 15:13:55.1911 [TRACE] :  机械手复位完成，正常终了。
2018-05-03 15:13:55.2421 [TRACE] :  气缸复原，供料器复位...
2018-05-03 15:13:57.2451 [TRACE] :  正常终了，机器复位完成！
2018-05-03 15:20:18.1431 [TRACE] :  设备开始复位...
2018-05-03 15:20:18.2451 [TRACE] :  机械手复位开始...
2018-05-03 15:20:19.3331 [TRACE] :  机械手复位完成，正常终了。
2018-05-03 15:20:19.3851 [TRACE] :  气缸复原，供料器复位...
2018-05-03 15:20:21.4361 [TRACE] :  正常终了，机器复位完成！
2018-05-03 19:22:36.3327 [TRACE] :  设备开始复位...
2018-05-03 19:22:36.4407 [TRACE] :  机械手复位开始...
2018-05-03 19:22:37.4717 [TRACE] :  机械手复位完成，正常终了。
2018-05-03 19:22:37.5487 [TRACE] :  气缸复原，供料器复位...
2018-05-03 19:22:39.5607 [TRACE] :  正常终了，机器复位完成！
2018-05-03 20:38:11.2019 [TRACE] :  设备开始复位...
2018-05-03 20:38:17.7419 [TRACE] :  机械手复位开始...
2018-05-03 21:01:20.6023 [WARN] :  等待机械手复位完成超时！
2018-05-03 21:01:46.8924 [TRACE] :  设备开始复位...
2018-05-03 21:01:47.0172 [TRACE] :  机械手复位开始...
2018-05-03 21:02:19.2156 [WARN] :  等待机械手复位完成超时！
2018-05-03 21:02:55.9693 [TRACE] :  设备开始复位...
2018-05-03 21:02:56.0941 [TRACE] :  机械手复位开始...
2018-05-03 21:03:27.7777 [WARN] :  等待机械手复位完成超时！
2018-05-03 21:16:19.1394 [TRACE] :  设备开始复位...
2018-05-03 21:16:19.2954 [TRACE] :  机械手复位开始...
2018-05-03 21:16:51.5573 [WARN] :  等待机械手复位完成超时！
2018-05-03 21:53:33.0363 [TRACE] :  设备开始复位...
2018-05-03 21:53:33.1611 [TRACE] :  机械手复位开始...
2018-05-03 21:54:04.8448 [WARN] :  等待机械手复位完成超时！
2018-05-03 21:55:42.5300 [TRACE] :  设备开始复位...
2018-05-03 21:55:42.6548 [TRACE] :  机械手复位开始...
2018-05-03 22:12:09.0442 [TRACE] :  设备开始复位...
2018-05-03 22:12:09.1846 [TRACE] :  机械手复位开始...
2018-05-03 22:12:22.6081 [TRACE] :  机械手复位完成，正常终了。
2018-05-03 22:12:22.6952 [TRACE] :  气缸复原，供料器复位...
2018-05-03 22:12:24.7274 [TRACE] :  正常终了，机器复位完成！
2018-05-03 22:12:54.8042 [TRACE] :  设备开始复位...
2018-05-03 22:12:54.9290 [TRACE] :  机械手复位开始...
2018-05-03 22:13:01.8148 [TRACE] :  机械手复位完成，正常终了。
2018-05-03 22:13:01.8928 [TRACE] :  气缸复原，供料器复位...
2018-05-03 22:13:03.9520 [TRACE] :  正常终了，机器复位完成！
2018-05-03 23:09:52.1029 [TRACE] :  设备开始复位...
2018-05-03 23:09:52.2277 [TRACE] :  机械手复位开始...
2018-05-03 23:09:54.5677 [TRACE] :  机械手复位完成，正常终了。
2018-05-03 23:09:54.6301 [TRACE] :  气缸复原，供料器复位...
2018-05-03 23:12:49.8682 [TRACE] :  设备开始复位...
2018-05-03 23:12:49.9930 [TRACE] :  机械手复位开始...
2018-05-03 23:13:22.2515 [WARN] :  等待机械手复位完成超时！
2018-05-03 23:13:31.6161 [TRACE] :  设备开始复位...
2018-05-03 23:13:31.7409 [TRACE] :  机械手复位开始...
2018-05-03 23:14:03.9538 [WARN] :  等待机械手复位完成超时！
2018-05-03 23:15:36.9926 [TRACE] :  设备开始复位...
2018-05-03 23:15:38.8365 [TRACE] :  机械手复位开始...
2018-05-03 23:20:15.1649 [TRACE] :  设备开始复位...
2018-05-03 23:20:15.2649 [TRACE] :  机械手复位开始...
2018-05-03 23:20:53.7180 [TRACE] :  机械手复位完成，正常终了。
2018-05-03 23:20:53.7804 [TRACE] :  气缸复原，供料器复位...
2018-05-03 23:23:07.2795 [TRACE] :  设备开始复位...
2018-05-03 23:23:07.4043 [TRACE] :  机械手复位开始...
2018-05-03 23:23:10.1967 [TRACE] :  机械手复位完成，正常终了。
2018-05-03 23:23:10.2591 [TRACE] :  气缸复原，供料器复位...
2018-05-03 23:23:34.5442 [TRACE] :  正常终了，机器复位完成！
2018-05-03 23:31:38.4104 [TRACE] :  设备开始复位...
2018-05-03 23:31:38.5344 [TRACE] :  机械手复位开始...
2018-05-03 23:31:41.2065 [TRACE] :  机械手复位完成，正常终了。
2018-05-03 23:31:41.2855 [TRACE] :  气缸复原，供料器复位...
2018-05-03 23:33:34.5038 [TRACE] :  设备开始复位...
2018-05-03 23:33:34.6286 [TRACE] :  机械手复位开始...
2018-05-03 23:33:37.4678 [TRACE] :  机械手复位完成，正常终了。
2018-05-03 23:33:37.5302 [TRACE] :  气缸复原，供料器复位...
2018-05-03 23:34:55.2348 [TRACE] :  设备开始复位...
2018-05-03 23:34:55.3358 [TRACE] :  机械手复位开始...
2018-05-03 23:34:58.0289 [TRACE] :  机械手复位完成，正常终了。
2018-05-03 23:34:58.0789 [TRACE] :  气缸复原，供料器复位...
2018-05-03 23:35:00.0831 [TRACE] :  正常终了，机器复位完成！
2018-05-03 23:39:26.2123 [TRACE] :  设备开始复位...
2018-05-03 23:39:26.3133 [TRACE] :  机械手复位开始...
2018-05-03 23:39:29.0134 [TRACE] :  机械手复位完成，正常终了。
2018-05-03 23:39:29.0644 [TRACE] :  气缸复原，供料器复位...
2018-05-03 23:39:31.0676 [TRACE] :  正常终了，机器复位完成！
2018-05-03 23:43:07.0857 [TRACE] :  设备开始复位...
2018-05-03 23:43:07.2105 [TRACE] :  机械手复位开始...
2018-05-03 23:43:10.0069 [TRACE] :  机械手复位完成，正常终了。
2018-05-03 23:43:10.0693 [TRACE] :  气缸复原，供料器复位...
2018-05-03 23:43:12.1285 [TRACE] :  正常终了，机器复位完成！
2018-05-03 23:45:37.3675 [TRACE] :  设备开始复位...
2018-05-03 23:45:37.4923 [TRACE] :  机械手复位开始...
2018-05-03 23:45:40.2847 [TRACE] :  机械手复位完成，正常终了。
2018-05-03 23:45:40.3471 [TRACE] :  气缸复原，供料器复位...
2018-05-03 23:45:48.8904 [TRACE] :  正常终了，机器复位完成！
2018-05-03 23:49:05.5538 [TRACE] :  设备开始复位...
2018-05-03 23:49:05.6588 [TRACE] :  机械手复位开始...
2018-05-03 23:49:08.3519 [TRACE] :  机械手复位完成，正常终了。
2018-05-03 23:49:08.4049 [TRACE] :  气缸复原，供料器复位...
2018-05-03 23:49:10.4241 [TRACE] :  正常终了，机器复位完成！
2018-05-03 23:50:46.2075 [TRACE] :  设备开始复位...
2018-05-03 23:50:46.3085 [TRACE] :  机械手复位开始...
2018-05-03 23:50:48.9647 [TRACE] :  机械手复位完成，正常终了。
2018-05-03 23:50:49.0157 [TRACE] :  气缸复原，供料器复位...
2018-05-03 23:50:51.0358 [TRACE] :  正常终了，机器复位完成！
2018-05-03 23:51:00.6054 [TRACE] :  设备开始复位...
2018-05-03 23:51:00.7114 [TRACE] :  机械手复位开始...
2018-05-03 23:51:03.3985 [TRACE] :  机械手复位完成，正常终了。
2018-05-03 23:51:03.4515 [TRACE] :  气缸复原，供料器复位...
2018-05-03 23:51:05.4636 [TRACE] :  正常终了，机器复位完成！
