2018-05-02 14:02:39.4566 [TRACE] :  设备开始复位...
2018-05-02 14:02:39.5646 [TRACE] :  机械手复位开始...
2018-05-02 16:10:32.3475 [TRACE] :  设备开始复位...
2018-05-02 16:16:12.6169 [TRACE] :  设备开始复位...
2018-05-02 16:16:31.3609 [TRACE] :  设备开始复位...
2018-05-02 16:16:58.8719 [TRACE] :  设备开始复位...
2018-05-02 16:17:07.0429 [TRACE] :  设备开始复位...
2018-05-02 16:17:08.9039 [TRACE] :  设备开始复位...
2018-05-02 16:17:14.4769 [TRACE] :  设备开始复位...
2018-05-02 16:17:31.7659 [TRACE] :  设备开始复位...
2018-05-02 16:17:35.1789 [TRACE] :  设备开始复位...
2018-05-02 16:17:39.3449 [TRACE] :  设备开始复位...
2018-05-02 16:17:42.9509 [TRACE] :  设备开始复位...
2018-05-02 16:17:46.0629 [TRACE] :  设备开始复位...
2018-05-02 16:18:07.3269 [TRACE] :  设备开始复位...
2018-05-02 16:18:11.1919 [TRACE] :  设备开始复位...
2018-05-02 16:18:14.9609 [TRACE] :  设备开始复位...
2018-05-02 16:18:17.6659 [TRACE] :  设备开始复位...
2018-05-02 16:18:20.1789 [TRACE] :  设备开始复位...
2018-05-02 16:18:22.6879 [TRACE] :  设备开始复位...
2018-05-02 16:18:25.4499 [TRACE] :  设备开始复位...
2018-05-02 16:18:28.3109 [TRACE] :  设备开始复位...
2018-05-02 16:18:35.7789 [TRACE] :  设备开始复位...
2018-05-02 16:18:40.2919 [TRACE] :  设备开始复位...
2018-05-02 16:18:45.3589 [TRACE] :  设备开始复位...
2018-05-02 16:18:49.9259 [TRACE] :  设备开始复位...
2018-05-02 16:18:53.7339 [TRACE] :  设备开始复位...
2018-05-02 16:18:57.0939 [TRACE] :  设备开始复位...
2018-05-02 16:20:26.1007 [TRACE] :  设备开始复位...
2018-05-02 16:20:26.2255 [TRACE] :  机械手复位开始...
2018-05-02 16:20:56.5207 [WARN] :  等待机械手复位完成超时！
2018-05-02 16:21:18.4075 [TRACE] :  设备开始复位...
2018-05-02 16:21:18.5323 [TRACE] :  机械手复位开始...
2018-05-02 16:22:59.4239 [TRACE] :  设备开始复位...
2018-05-02 16:22:59.5487 [TRACE] :  机械手复位开始...
2018-05-02 16:23:29.9063 [WARN] :  等待机械手复位完成超时！
2018-05-02 16:29:06.4879 [TRACE] :  设备开始复位...
2018-05-02 16:29:06.5979 [TRACE] :  机械手复位开始...
2018-05-02 16:29:37.2809 [WARN] :  等待机械手复位完成超时！
2018-05-02 16:30:30.8537 [TRACE] :  设备开始复位...
2018-05-02 16:30:30.9785 [TRACE] :  机械手复位开始...
2018-05-02 16:36:30.5275 [TRACE] :  设备开始复位...
2018-05-02 16:36:30.6523 [TRACE] :  机械手复位开始...
2018-05-02 16:37:00.9935 [WARN] :  等待机械手复位完成超时！
2018-05-02 16:37:22.6301 [TRACE] :  设备开始复位...
2018-05-02 16:37:22.7549 [TRACE] :  机械手复位开始...
2018-05-02 16:37:53.0962 [WARN] :  等待机械手复位完成超时！
2018-05-02 16:39:34.6342 [TRACE] :  设备开始复位...
2018-05-02 16:39:34.7590 [TRACE] :  机械手复位开始...
2018-05-02 16:40:04.8194 [WARN] :  等待机械手复位完成超时！
2018-05-02 16:47:11.8367 [TRACE] :  设备开始复位...
2018-05-02 16:47:11.9417 [TRACE] :  机械手复位开始...
2018-05-02 16:47:13.0097 [TRACE] :  机械手复位完成，正常终了。
2018-05-02 16:47:13.0837 [TRACE] :  气缸复原，供料器复位...
2018-05-02 16:47:15.0927 [TRACE] :  正常终了，机器复位完成！
2018-05-02 16:52:16.7932 [TRACE] :  设备开始复位...
2018-05-02 16:52:16.9180 [TRACE] :  机械手复位开始...
2018-05-02 16:52:18.0568 [TRACE] :  机械手复位完成，正常终了。
2018-05-02 16:52:18.1192 [TRACE] :  气缸复原，供料器复位...
2018-05-02 16:52:20.1784 [TRACE] :  正常终了，机器复位完成！
2018-05-02 16:52:24.6088 [TRACE] :  设备开始复位...
2018-05-02 16:52:24.7336 [TRACE] :  机械手复位开始...
2018-05-02 16:52:25.8412 [TRACE] :  机械手复位完成，正常终了。
2018-05-02 16:52:25.9192 [TRACE] :  气缸复原，供料器复位...
2018-05-02 16:52:27.9784 [TRACE] :  正常终了，机器复位完成！
2018-05-02 16:52:34.4992 [TRACE] :  设备开始复位...
2018-05-02 16:52:34.6240 [TRACE] :  机械手复位开始...
2018-05-02 16:52:35.7472 [TRACE] :  机械手复位完成，正常终了。
2018-05-02 16:52:35.8252 [TRACE] :  气缸复原，供料器复位...
2018-05-02 16:52:37.8844 [TRACE] :  正常终了，机器复位完成！
2018-05-02 16:52:47.0572 [TRACE] :  设备开始复位...
2018-05-02 16:52:47.1820 [TRACE] :  机械手复位开始...
2018-05-02 16:52:48.3208 [TRACE] :  机械手复位完成，正常终了。
2018-05-02 16:52:48.3832 [TRACE] :  气缸复原，供料器复位...
2018-05-02 16:52:50.4424 [TRACE] :  正常终了，机器复位完成！
2018-05-02 16:52:56.5576 [TRACE] :  设备开始复位...
2018-05-02 16:52:56.6824 [TRACE] :  机械手复位开始...
2018-05-02 16:52:57.8212 [TRACE] :  机械手复位完成，正常终了。
2018-05-02 16:52:57.8992 [TRACE] :  气缸复原，供料器复位...
2018-05-02 16:52:59.9584 [TRACE] :  正常终了，机器复位完成！
2018-05-02 17:13:46.8926 [TRACE] :  设备开始复位...
2018-05-02 17:13:46.9976 [TRACE] :  机械手复位开始...
2018-05-02 17:13:48.0906 [TRACE] :  机械手复位完成，正常终了。
2018-05-02 17:13:48.1416 [TRACE] :  气缸复原，供料器复位...
2018-05-02 17:13:50.1526 [TRACE] :  正常终了，机器复位完成！
2018-05-02 17:17:52.5806 [TRACE] :  设备开始复位...
2018-05-02 17:17:52.6856 [TRACE] :  机械手复位开始...
2018-05-02 17:17:53.7076 [TRACE] :  机械手复位完成，正常终了。
2018-05-02 17:17:53.7626 [TRACE] :  气缸复原，供料器复位...
2018-05-02 17:17:55.7756 [TRACE] :  正常终了，机器复位完成！
2018-05-02 17:22:45.9396 [TRACE] :  设备开始复位...
2018-05-02 17:22:46.0456 [TRACE] :  机械手复位开始...
2018-05-02 17:22:47.0576 [TRACE] :  机械手复位完成，正常终了。
2018-05-02 17:22:47.1086 [TRACE] :  气缸复原，供料器复位...
2018-05-02 17:22:49.1286 [TRACE] :  正常终了，机器复位完成！
2018-05-02 17:26:37.1416 [TRACE] :  设备开始复位...
2018-05-02 17:26:37.2426 [TRACE] :  机械手复位开始...
2018-05-02 17:26:38.2546 [TRACE] :  机械手复位完成，正常终了。
2018-05-02 17:26:38.3076 [TRACE] :  气缸复原，供料器复位...
2018-05-02 17:26:40.3186 [TRACE] :  正常终了，机器复位完成！
2018-05-02 17:28:48.2016 [TRACE] :  设备开始复位...
2018-05-02 17:28:48.3056 [TRACE] :  机械手复位开始...
2018-05-02 17:28:49.3186 [TRACE] :  机械手复位完成，正常终了。
2018-05-02 17:28:49.3736 [TRACE] :  气缸复原，供料器复位...
2018-05-02 17:28:51.3846 [TRACE] :  正常终了，机器复位完成！
2018-05-02 17:29:02.9246 [TRACE] :  设备开始复位...
2018-05-02 17:29:03.0306 [TRACE] :  机械手复位开始...
2018-05-02 17:29:04.0376 [TRACE] :  机械手复位完成，正常终了。
2018-05-02 17:29:04.0906 [TRACE] :  气缸复原，供料器复位...
2018-05-02 17:29:06.0996 [TRACE] :  正常终了，机器复位完成！
2018-05-02 17:29:20.5216 [TRACE] :  设备开始复位...
2018-05-02 17:29:20.6296 [TRACE] :  机械手复位开始...
2018-05-02 17:29:21.6336 [TRACE] :  机械手复位完成，正常终了。
2018-05-02 17:29:21.6916 [TRACE] :  气缸复原，供料器复位...
2018-05-02 17:29:23.7046 [TRACE] :  正常终了，机器复位完成！
