2018-05-05 16:58:53.4420 [TRACE] :  设备开始复位...
2018-05-05 16:58:53.5430 [TRACE] :  机械手复位开始...
2018-05-05 16:59:25.6898 [WARN] :  等待机械手复位完成超时！
2018-05-05 17:00:51.5417 [TRACE] :  设备开始复位...
2018-05-05 17:00:51.6427 [TRACE] :  机械手复位开始...
2018-05-05 17:00:54.2949 [TRACE] :  机械手复位完成，正常终了。
2018-05-05 17:00:54.3519 [TRACE] :  气缸复原...
2018-05-05 17:00:55.3619 [TRACE] :  气缸到位，轨道自检...
2018-05-05 17:01:00.3842 [TRACE] :  自检完成，供料器复位开始...
2018-05-05 17:01:06.2646 [TRACE] :  机器复位完成，正常终了。
2018-05-05 17:01:38.3684 [TRACE] :  设备开始复位...
2018-05-05 17:01:38.4704 [TRACE] :  机械手复位开始...
2018-05-05 17:01:41.1136 [TRACE] :  机械手复位完成，正常终了。
2018-05-05 17:01:41.1656 [TRACE] :  气缸复原...
2018-05-05 17:01:42.1726 [TRACE] :  气缸到位，轨道自检...
2018-05-05 17:01:46.9889 [WARN] :  请先取出轨道上基板后复位！
2018-05-05 17:01:59.9366 [TRACE] :  设备开始复位...
2018-05-05 17:02:00.0376 [TRACE] :  机械手复位开始...
2018-05-05 17:02:02.6788 [TRACE] :  机械手复位完成，正常终了。
2018-05-05 17:02:02.7318 [TRACE] :  气缸复原...
2018-05-05 17:02:03.7599 [TRACE] :  气缸到位，轨道自检...
2018-05-05 17:02:03.8109 [WARN] :  请先取出轨道上基板后复位！
2018-05-05 17:02:10.0802 [TRACE] :  设备开始复位...
2018-05-05 17:02:10.1812 [TRACE] :  机械手复位开始...
2018-05-05 17:02:12.8234 [TRACE] :  机械手复位完成，正常终了。
2018-05-05 17:02:12.8774 [TRACE] :  气缸复原...
2018-05-05 17:02:13.8794 [TRACE] :  气缸到位，轨道自检...
2018-05-05 17:02:13.9334 [WARN] :  请先取出轨道上基板后复位！
2018-05-05 17:02:24.7741 [TRACE] :  设备开始复位...
2018-05-05 17:02:24.8751 [TRACE] :  机械手复位开始...
2018-05-05 17:02:27.5282 [TRACE] :  机械手复位完成，正常终了。
2018-05-05 17:02:27.5812 [TRACE] :  气缸复原...
2018-05-05 17:02:28.5843 [TRACE] :  气缸到位，轨道自检...
2018-05-05 17:02:33.5966 [TRACE] :  自检完成，供料器复位开始...
2018-05-05 17:02:39.5099 [TRACE] :  机器复位完成，正常终了。
2018-05-05 17:04:49.7623 [TRACE] :  设备开始复位...
2018-05-05 17:04:49.8634 [TRACE] :  机械手复位开始...
2018-05-05 17:04:52.5915 [TRACE] :  机械手复位完成，正常终了。
2018-05-05 17:04:52.6425 [TRACE] :  气缸复原...
2018-05-05 17:04:53.6436 [TRACE] :  气缸到位，轨道自检...
2018-05-05 17:04:57.9008 [WARN] :  请先取出轨道上基板后复位！
2018-05-05 17:05:15.6648 [TRACE] :  设备开始复位...
2018-05-05 17:05:15.7658 [TRACE] :  机械手复位开始...
2018-05-05 17:05:18.3950 [TRACE] :  机械手复位完成，正常终了。
2018-05-05 17:05:18.4460 [TRACE] :  气缸复原...
2018-05-05 17:05:19.4500 [TRACE] :  气缸到位，轨道自检...
2018-05-05 17:05:24.4713 [TRACE] :  自检完成，供料器复位开始...
2018-05-05 17:05:30.3937 [TRACE] :  机器复位完成，正常终了。
2018-05-05 17:30:45.2373 [TRACE] :  设备开始复位...
2018-05-05 17:30:45.3483 [TRACE] :  机械手复位开始...
2018-05-05 17:30:49.7026 [TRACE] :  机械手复位完成，正常终了。
2018-05-05 17:30:49.7586 [TRACE] :  气缸复原...
2018-05-05 17:30:50.7676 [TRACE] :  气缸到位，轨道自检...
2018-05-05 17:30:55.8039 [TRACE] :  自检完成，供料器复位开始...
2018-05-05 17:31:01.7203 [TRACE] :  机器复位完成，正常终了。
2018-05-05 17:50:30.5583 [TRACE] :  设备开始复位...
2018-05-05 17:50:30.6831 [TRACE] :  机械手复位开始...
2018-05-05 17:50:38.6703 [TRACE] :  机械手复位完成，正常终了。
2018-05-05 17:50:38.7327 [TRACE] :  气缸复原...
2018-05-05 17:50:39.7935 [TRACE] :  气缸到位，轨道自检...
2018-05-05 17:50:44.8479 [TRACE] :  自检完成，供料器复位开始...
2018-05-05 17:50:50.7769 [TRACE] :  机器复位完成，正常终了。
2018-05-05 18:07:19.5394 [TRACE] :  设备开始复位...
2018-05-05 18:07:19.6642 [TRACE] :  机械手复位开始...
2018-05-05 18:07:27.0118 [TRACE] :  机械手复位完成，正常终了。
2018-05-05 18:07:27.0742 [TRACE] :  气缸复原...
2018-05-05 18:07:28.1350 [TRACE] :  气缸到位，轨道自检...
2018-05-05 18:07:33.1894 [TRACE] :  自检完成，供料器复位开始...
2018-05-05 18:07:39.1330 [TRACE] :  机器复位完成，正常终了。
2018-05-05 18:09:34.8681 [TRACE] :  设备开始复位...
2018-05-05 18:09:34.9929 [TRACE] :  机械手复位开始...
2018-05-05 18:09:41.1725 [TRACE] :  机械手复位完成，正常终了。
2018-05-05 18:09:41.2349 [TRACE] :  气缸复原...
2018-05-05 18:09:42.2957 [TRACE] :  气缸到位，轨道自检...
2018-05-05 18:09:47.3501 [TRACE] :  自检完成，供料器复位开始...
2018-05-05 18:09:53.3163 [TRACE] :  机器复位完成，正常终了。
2018-05-05 18:19:51.8208 [TRACE] :  设备开始复位...
2018-05-05 18:19:51.9456 [TRACE] :  机械手复位开始...
2018-05-05 18:19:57.5626 [TRACE] :  机械手复位完成，正常终了。
2018-05-05 18:19:57.6250 [TRACE] :  气缸复原...
2018-05-05 18:19:58.6858 [TRACE] :  气缸到位，轨道自检...
2018-05-05 18:20:03.4126 [WARN] :  请先取出轨道上基板后复位！
2018-05-05 18:20:11.8990 [TRACE] :  设备开始复位...
2018-05-05 18:20:12.0238 [TRACE] :  机械手复位开始...
2018-05-05 18:20:14.7382 [TRACE] :  机械手复位完成，正常终了。
2018-05-05 18:20:14.8006 [TRACE] :  气缸复原...
2018-05-05 18:20:15.8614 [TRACE] :  气缸到位，轨道自检...
2018-05-05 18:20:20.9158 [TRACE] :  自检完成，供料器复位开始...
2018-05-05 18:20:26.8438 [TRACE] :  机器复位完成，正常终了。
2018-05-05 18:43:50.3896 [TRACE] :  设备开始复位...
2018-05-05 18:43:50.5144 [TRACE] :  机械手复位开始...
2018-05-05 18:43:53.3224 [TRACE] :  机械手复位完成，正常终了。
2018-05-05 18:43:53.3848 [TRACE] :  气缸复原...
2018-05-05 18:43:54.4456 [TRACE] :  气缸到位，轨道自检...
2018-05-05 18:43:59.4533 [TRACE] :  自检完成，供料器复位开始...
2018-05-05 18:44:05.4905 [TRACE] :  机器复位完成，正常终了。
2018-05-05 18:47:59.3126 [TRACE] :  设备开始复位...
2018-05-05 18:47:59.4236 [TRACE] :  机械手复位开始...
2018-05-05 18:48:02.1798 [TRACE] :  机械手复位完成，正常终了。
2018-05-05 18:48:02.2538 [TRACE] :  气缸复原...
2018-05-05 18:48:03.2879 [TRACE] :  气缸到位，轨道自检...
2018-05-05 18:48:08.3361 [TRACE] :  自检完成，供料器复位开始...
2018-05-05 18:48:14.1785 [TRACE] :  机器复位完成，正常终了。
2018-05-05 18:55:09.3699 [TRACE] :  设备开始复位...
2018-05-05 18:55:09.4947 [TRACE] :  机械手复位开始...
2018-05-05 18:55:15.7503 [TRACE] :  机械手复位完成，正常终了。
2018-05-05 18:55:15.8127 [TRACE] :  气缸复原...
2018-05-05 18:55:16.8735 [TRACE] :  气缸到位，轨道自检...
2018-05-05 18:55:19.0575 [WARN] :  请先取出轨道上基板后复位！
2018-05-05 18:55:46.6071 [TRACE] :  设备开始复位...
2018-05-05 18:55:46.7319 [TRACE] :  机械手复位开始...
2018-05-05 18:55:49.5244 [TRACE] :  机械手复位完成，正常终了。
2018-05-05 18:55:49.5868 [TRACE] :  气缸复原...
2018-05-05 18:55:50.6476 [TRACE] :  气缸到位，轨道自检...
2018-05-05 18:55:55.7020 [TRACE] :  自检完成，供料器复位开始...
2018-05-05 18:56:01.6300 [TRACE] :  机器复位完成，正常终了。
2018-05-05 19:01:48.5750 [TRACE] :  设备开始复位...
2018-05-05 19:01:48.6998 [TRACE] :  机械手复位开始...
2018-05-05 19:01:55.5326 [TRACE] :  机械手复位完成，正常终了。
2018-05-05 19:01:55.5950 [TRACE] :  气缸复原...
2018-05-05 19:01:56.6558 [TRACE] :  气缸到位，轨道自检...
2018-05-05 19:02:01.7102 [TRACE] :  自检完成，供料器复位开始...
2018-05-05 19:02:07.6383 [TRACE] :  机器复位完成，正常终了。
2018-05-05 19:10:18.3208 [TRACE] :  设备开始复位...
2018-05-05 19:10:18.4456 [TRACE] :  机械手复位开始...
2018-05-05 19:10:24.3736 [TRACE] :  机械手复位完成，正常终了。
2018-05-05 19:10:24.4360 [TRACE] :  气缸复原...
2018-05-05 19:10:25.4968 [TRACE] :  气缸到位，轨道自检...
2018-05-05 19:10:30.5512 [TRACE] :  自检完成，供料器复位开始...
2018-05-05 19:10:36.5416 [TRACE] :  机器复位完成，正常终了。
2018-05-05 19:19:15.0065 [TRACE] :  设备开始复位...
2018-05-05 19:19:15.1065 [TRACE] :  机械手复位开始...
2018-05-05 19:19:17.8216 [TRACE] :  机械手复位完成，正常终了。
2018-05-05 19:19:17.8746 [TRACE] :  气缸复原...
2018-05-05 19:19:18.8767 [TRACE] :  气缸到位，轨道自检...
2018-05-05 19:19:23.8990 [TRACE] :  自检完成，供料器复位开始...
2018-05-05 19:19:29.7713 [TRACE] :  机器复位完成，正常终了。
2018-05-05 19:21:06.4888 [TRACE] :  设备开始复位...
2018-05-05 19:21:06.5888 [TRACE] :  机械手复位开始...
2018-05-05 19:21:09.2760 [TRACE] :  机械手复位完成，正常终了。
2018-05-05 19:21:09.3270 [TRACE] :  气缸复原...
2018-05-05 19:21:10.3301 [TRACE] :  气缸到位，轨道自检...
2018-05-05 19:21:15.3453 [TRACE] :  自检完成，供料器复位开始...
2018-05-05 19:21:21.2607 [TRACE] :  机器复位完成，正常终了。
2018-05-05 19:21:59.9249 [TRACE] :  设备开始复位...
2018-05-05 19:22:00.0249 [TRACE] :  机械手复位开始...
2018-05-05 19:22:03.7701 [TRACE] :  机械手复位完成，正常终了。
2018-05-05 19:22:03.8211 [TRACE] :  气缸复原...
2018-05-05 19:22:04.8242 [TRACE] :  气缸到位，轨道自检...
2018-05-05 19:22:09.8355 [TRACE] :  自检完成，供料器复位开始...
2018-05-05 19:22:15.7448 [TRACE] :  机器复位完成，正常终了。
2018-05-05 19:38:07.4150 [TRACE] :  设备开始复位...
2018-05-05 19:38:07.5398 [TRACE] :  机械手复位开始...
2018-05-05 19:38:12.0326 [TRACE] :  机械手复位完成，正常终了。
2018-05-05 19:38:12.0950 [TRACE] :  气缸复原...
2018-05-05 19:38:13.1558 [TRACE] :  气缸到位，轨道自检...
2018-05-05 19:38:18.2102 [TRACE] :  自检完成，供料器复位开始...
2018-05-05 19:38:24.1538 [TRACE] :  机器复位完成，正常终了。
2018-05-05 19:56:06.2293 [TRACE] :  设备开始复位...
2018-05-05 19:56:06.3323 [TRACE] :  机械手复位开始...
2018-05-05 19:56:10.6616 [TRACE] :  机械手复位完成，正常终了。
2018-05-05 19:56:10.7186 [TRACE] :  气缸复原...
2018-05-05 19:56:11.7406 [TRACE] :  气缸到位，轨道自检...
2018-05-05 19:56:16.7729 [TRACE] :  自检完成，供料器复位开始...
2018-05-05 19:56:22.6522 [TRACE] :  机器复位完成，正常终了。
2018-05-05 20:00:16.1289 [TRACE] :  设备开始复位...
2018-05-05 20:00:16.2537 [TRACE] :  机械手复位开始...
2018-05-05 20:00:22.4625 [TRACE] :  机械手复位完成，正常终了。
2018-05-05 20:00:22.5249 [TRACE] :  气缸复原...
2018-05-05 20:00:23.5857 [TRACE] :  气缸到位，轨道自检...
2018-05-05 20:00:28.6401 [TRACE] :  自检完成，供料器复位开始...
2018-05-05 20:00:34.5691 [TRACE] :  机器复位完成，正常终了。
2018-05-05 20:02:02.1010 [TRACE] :  设备开始复位...
2018-05-05 20:02:02.2258 [TRACE] :  机械手复位开始...
2018-05-05 20:02:08.4190 [TRACE] :  机械手复位完成，正常终了。
2018-05-05 20:02:08.4814 [TRACE] :  气缸复原...
2018-05-05 20:02:09.5422 [TRACE] :  气缸到位，轨道自检...
2018-05-05 20:02:11.5390 [WARN] :  请先取出轨道上基板后复位！
2018-05-05 20:02:42.1775 [TRACE] :  设备开始复位...
2018-05-05 20:02:42.3023 [TRACE] :  机械手复位开始...
2018-05-05 20:02:45.0479 [TRACE] :  机械手复位完成，正常终了。
2018-05-05 20:02:45.1103 [TRACE] :  气缸复原...
2018-05-05 20:02:46.1711 [TRACE] :  气缸到位，轨道自检...
2018-05-05 20:02:51.2255 [TRACE] :  自检完成，供料器复位开始...
2018-05-05 20:02:57.1535 [TRACE] :  机器复位完成，正常终了。
2018-05-05 20:08:28.4730 [TRACE] :  设备开始复位...
2018-05-05 20:08:28.5978 [TRACE] :  机械手复位开始...
2018-05-05 20:08:34.8534 [TRACE] :  机械手复位完成，正常终了。
2018-05-05 20:08:34.9158 [TRACE] :  气缸复原...
2018-05-05 20:08:35.9766 [TRACE] :  气缸到位，轨道自检...
2018-05-05 20:08:41.0310 [TRACE] :  自检完成，供料器复位开始...
2018-05-05 20:08:46.9917 [TRACE] :  机器复位完成，正常终了。
2018-05-05 20:11:55.3154 [TRACE] :  设备开始复位...
2018-05-05 20:11:55.4402 [TRACE] :  机械手复位开始...
2018-05-05 20:12:01.6334 [TRACE] :  机械手复位完成，正常终了。
2018-05-05 20:12:01.6958 [TRACE] :  气缸复原...
2018-05-05 20:12:02.7566 [TRACE] :  气缸到位，轨道自检...
2018-05-05 20:12:07.8110 [TRACE] :  自检完成，供料器复位开始...
2018-05-05 20:12:13.7390 [TRACE] :  机器复位完成，正常终了。
2018-05-05 20:22:31.0941 [TRACE] :  设备开始复位...
2018-05-05 20:22:31.2189 [TRACE] :  机械手复位开始...
2018-05-05 20:22:37.4277 [TRACE] :  机械手复位完成，正常终了。
2018-05-05 20:22:37.4901 [TRACE] :  气缸复原...
2018-05-05 20:22:38.5509 [TRACE] :  气缸到位，轨道自检...
2018-05-05 20:22:43.6053 [TRACE] :  自检完成，供料器复位开始...
2018-05-05 20:22:49.5333 [TRACE] :  机器复位完成，正常终了。
2018-05-05 20:26:59.1870 [TRACE] :  设备开始复位...
2018-05-05 20:26:59.3118 [TRACE] :  机械手复位开始...
2018-05-05 20:27:05.5207 [TRACE] :  机械手复位完成，正常终了。
2018-05-05 20:27:05.5831 [TRACE] :  气缸复原...
2018-05-05 20:27:06.6439 [TRACE] :  气缸到位，轨道自检...
2018-05-05 20:27:11.6983 [TRACE] :  自检完成，供料器复位开始...
2018-05-05 20:27:17.6263 [TRACE] :  机器复位完成，正常终了。
2018-05-05 20:34:31.7731 [TRACE] :  设备开始复位...
2018-05-05 20:34:31.8979 [TRACE] :  机械手复位开始...
2018-05-05 20:34:38.2471 [TRACE] :  机械手复位完成，正常终了。
2018-05-05 20:34:38.3095 [TRACE] :  气缸复原...
2018-05-05 20:34:39.3235 [TRACE] :  气缸到位，轨道自检...
2018-05-05 20:34:44.3779 [TRACE] :  自检完成，供料器复位开始...
2018-05-05 20:34:50.3215 [TRACE] :  机器复位完成，正常终了。
2018-05-05 20:42:00.8203 [TRACE] :  设备开始复位...
2018-05-05 20:42:00.9451 [TRACE] :  机械手复位开始...
2018-05-05 20:42:07.3099 [TRACE] :  机械手复位完成，正常终了。
2018-05-05 20:42:07.3723 [TRACE] :  气缸复原...
2018-05-05 20:42:08.4331 [TRACE] :  气缸到位，轨道自检...
2018-05-05 20:42:13.4875 [TRACE] :  自检完成，供料器复位开始...
2018-05-05 20:42:19.4311 [TRACE] :  机器复位完成，正常终了。
2018-05-05 20:45:52.6805 [TRACE] :  设备开始复位...
2018-05-05 20:45:52.8053 [TRACE] :  机械手复位开始...
2018-05-05 20:45:59.1545 [TRACE] :  机械手复位完成，正常终了。
2018-05-05 20:45:59.2169 [TRACE] :  气缸复原...
2018-05-05 20:46:00.2777 [TRACE] :  气缸到位，轨道自检...
2018-05-05 20:46:02.4617 [WARN] :  请先取出轨道上基板后复位！
2018-05-05 20:46:15.5033 [TRACE] :  设备开始复位...
2018-05-05 20:46:15.6281 [TRACE] :  机械手复位开始...
2018-05-05 20:46:18.4829 [TRACE] :  机械手复位完成，正常终了。
2018-05-05 20:46:18.5453 [TRACE] :  气缸复原...
2018-05-05 20:46:19.6061 [TRACE] :  气缸到位，轨道自检...
2018-05-05 20:46:24.6605 [TRACE] :  自检完成，供料器复位开始...
2018-05-05 20:46:30.5885 [TRACE] :  机器复位完成，正常终了。
