2018-05-06 19:50:38.2322 [TRACE] :  设备开始复位...
2018-05-06 19:50:38.3570 [TRACE] :  机械手复位开始...
2018-05-06 19:51:10.6169 [WARN] :  等待机械手复位完成超时！
2018-05-06 19:51:50.6210 [TRACE] :  设备开始复位...
2018-05-06 19:51:50.7458 [TRACE] :  机械手复位开始...
2018-05-06 19:51:53.5382 [TRACE] :  机械手复位完成，正常终了。
2018-05-06 19:51:53.6006 [TRACE] :  气缸复原...
2018-05-06 19:51:54.6614 [TRACE] :  气缸到位，轨道自检...
2018-05-06 19:51:59.7178 [TRACE] :  自检完成，供料器复位开始...
2018-05-06 19:56:59.5725 [TRACE] :  设备开始复位...
2018-05-06 19:56:59.6973 [TRACE] :  机械手复位开始...
2018-05-06 19:57:02.4741 [TRACE] :  机械手复位完成，正常终了。
2018-05-06 19:57:02.5521 [TRACE] :  气缸复原...
2018-05-06 19:57:03.6285 [TRACE] :  气缸到位，轨道自检...
2018-05-06 19:57:08.6985 [TRACE] :  自检完成，供料器复位开始...
2018-05-06 19:57:12.9925 [TRACE] :  机器复位完成，正常终了。
2018-05-06 20:03:19.0407 [TRACE] :  设备开始复位...
2018-05-06 20:03:19.1655 [TRACE] :  机械手复位开始...
2018-05-06 20:03:21.9891 [TRACE] :  机械手复位完成，正常终了。
2018-05-06 20:03:22.0515 [TRACE] :  气缸复原...
2018-05-06 20:03:23.1123 [TRACE] :  气缸到位，轨道自检...
2018-05-06 20:03:28.1667 [TRACE] :  自检完成，供料器复位开始...
2018-05-06 20:03:31.9127 [TRACE] :  机器复位完成，正常终了。
2018-05-06 20:08:55.8006 [TRACE] :  设备开始复位...
2018-05-06 20:08:55.9016 [TRACE] :  机械手复位开始...
2018-05-06 20:08:58.6478 [TRACE] :  机械手复位完成，正常终了。
2018-05-06 20:08:58.6978 [TRACE] :  气缸复原...
2018-05-06 20:08:59.6988 [TRACE] :  气缸到位，轨道自检...
2018-05-06 20:09:04.7191 [TRACE] :  自检完成，供料器复位开始...
2018-05-06 20:09:08.3533 [TRACE] :  机器复位完成，正常终了。
2018-05-06 20:14:31.9820 [TRACE] :  设备开始复位...
2018-05-06 20:14:32.1068 [TRACE] :  机械手复位开始...
2018-05-06 20:14:35.0085 [TRACE] :  机械手复位完成，正常终了。
2018-05-06 20:14:35.0709 [TRACE] :  气缸复原...
2018-05-06 20:14:36.1317 [TRACE] :  气缸到位，轨道自检...
2018-05-06 20:14:36.1941 [WARN] :  请先取出轨道上基板后复位！
2018-05-06 20:14:43.0581 [TRACE] :  设备开始复位...
2018-05-06 20:14:43.1829 [TRACE] :  机械手复位开始...
2018-05-06 20:14:45.9929 [TRACE] :  机械手复位完成，正常终了。
2018-05-06 20:14:46.0553 [TRACE] :  气缸复原...
2018-05-06 20:14:47.1161 [TRACE] :  气缸到位，轨道自检...
2018-05-06 20:14:52.1273 [TRACE] :  自检完成，供料器复位开始...
2018-05-06 20:14:55.8473 [TRACE] :  机器复位完成，正常终了。
2018-05-06 20:21:44.5957 [TRACE] :  设备开始复位...
2018-05-06 20:21:44.7205 [TRACE] :  机械手复位开始...
2018-05-06 20:21:49.8560 [TRACE] :  机械手复位完成，正常终了。
2018-05-06 20:21:49.9184 [TRACE] :  气缸复原...
2018-05-06 20:21:50.9792 [TRACE] :  气缸到位，轨道自检...
2018-05-06 20:21:53.1008 [WARN] :  请先取出轨道上基板后复位！
2018-05-06 20:22:02.4608 [TRACE] :  设备开始复位...
2018-05-06 20:22:02.5856 [TRACE] :  机械手复位开始...
2018-05-06 20:22:05.4092 [TRACE] :  机械手复位完成，正常终了。
2018-05-06 20:22:05.4716 [TRACE] :  气缸复原...
2018-05-06 20:22:06.5324 [TRACE] :  气缸到位，轨道自检...
2018-05-06 20:22:11.5868 [TRACE] :  自检完成，供料器复位开始...
2018-05-06 20:22:15.3308 [TRACE] :  机器复位完成，正常终了。
2018-05-06 20:27:38.1619 [TRACE] :  设备开始复位...
2018-05-06 20:27:38.2867 [TRACE] :  机械手复位开始...
2018-05-06 20:27:42.7795 [TRACE] :  机械手复位完成，正常终了。
2018-05-06 20:27:42.8419 [TRACE] :  气缸复原...
2018-05-06 20:27:43.9027 [TRACE] :  气缸到位，轨道自检...
2018-05-06 20:27:46.0867 [WARN] :  请先取出轨道上基板后复位！
2018-05-06 20:31:43.9439 [TRACE] :  设备开始复位...
2018-05-06 20:31:44.0687 [TRACE] :  机械手复位开始...
2018-05-06 20:31:46.9713 [TRACE] :  机械手复位完成，正常终了。
2018-05-06 20:31:47.0337 [TRACE] :  气缸复原...
2018-05-06 20:31:48.0945 [TRACE] :  气缸到位，轨道自检...
2018-05-06 20:31:53.1489 [TRACE] :  自检完成，供料器复位开始...
2018-05-06 20:31:56.8929 [TRACE] :  机器复位完成，正常终了。
2018-05-06 20:38:45.9983 [TRACE] :  设备开始复位...
2018-05-06 20:38:46.1013 [TRACE] :  机械手复位开始...
2018-05-06 20:38:50.5185 [TRACE] :  机械手复位完成，正常终了。
2018-05-06 20:38:50.5685 [TRACE] :  气缸复原...
2018-05-06 20:38:51.5776 [TRACE] :  气缸到位，轨道自检...
2018-05-06 20:38:56.5939 [TRACE] :  自检完成，供料器复位开始...
2018-05-06 20:39:00.2221 [TRACE] :  机器复位完成，正常终了。
2018-05-06 20:59:28.4268 [TRACE] :  设备开始复位...
2018-05-06 20:59:28.5516 [TRACE] :  机械手复位开始...
2018-05-06 20:59:33.4666 [TRACE] :  机械手复位完成，正常终了。
2018-05-06 20:59:33.5290 [TRACE] :  气缸复原...
2018-05-06 20:59:34.5898 [TRACE] :  气缸到位，轨道自检...
2018-05-06 20:59:39.6442 [TRACE] :  自检完成，供料器复位开始...
2018-05-06 20:59:43.3892 [TRACE] :  机器复位完成，正常终了。
2018-05-06 21:04:45.2871 [TRACE] :  设备开始复位...
2018-05-06 21:04:45.3881 [TRACE] :  机械手复位开始...
2018-05-06 21:04:50.7884 [TRACE] :  机械手复位完成，正常终了。
2018-05-06 21:04:50.8404 [TRACE] :  气缸复原...
2018-05-06 21:04:51.8445 [TRACE] :  气缸到位，轨道自检...
2018-05-06 21:04:53.9996 [WARN] :  请先取出轨道上基板后复位！
2018-05-06 21:05:01.7000 [TRACE] :  设备开始复位...
2018-05-06 21:05:01.8000 [TRACE] :  机械手复位开始...
2018-05-06 21:05:04.4442 [TRACE] :  机械手复位完成，正常终了。
2018-05-06 21:05:04.4962 [TRACE] :  气缸复原...
2018-05-06 21:05:05.4992 [TRACE] :  气缸到位，轨道自检...
2018-05-06 21:05:10.5135 [TRACE] :  自检完成，供料器复位开始...
2018-05-06 21:05:14.1937 [TRACE] :  机器复位完成，正常终了。
2018-05-06 21:11:42.7263 [TRACE] :  设备开始复位...
2018-05-06 21:11:42.8511 [TRACE] :  机械手复位开始...
2018-05-06 21:11:47.4531 [TRACE] :  机械手复位完成，正常终了。
2018-05-06 21:11:47.5155 [TRACE] :  气缸复原...
2018-05-06 21:11:48.5763 [TRACE] :  气缸到位，轨道自检...
2018-05-06 21:11:53.6307 [TRACE] :  自检完成，供料器复位开始...
2018-05-06 21:11:57.3279 [TRACE] :  机器复位完成，正常终了。
2018-05-06 21:15:20.2878 [TRACE] :  设备开始复位...
2018-05-06 21:15:20.4126 [TRACE] :  机械手复位开始...
2018-05-06 21:15:24.8898 [TRACE] :  机械手复位完成，正常终了。
2018-05-06 21:15:24.9522 [TRACE] :  气缸复原...
2018-05-06 21:15:26.0130 [TRACE] :  气缸到位，轨道自检...
2018-05-06 21:15:28.1346 [WARN] :  请先取出轨道上基板后复位！
2018-05-06 21:15:37.9314 [TRACE] :  设备开始复位...
2018-05-06 21:15:38.0562 [TRACE] :  机械手复位开始...
2018-05-06 21:15:41.3790 [TRACE] :  机械手复位完成，正常终了。
2018-05-06 21:15:41.4414 [TRACE] :  气缸复原...
2018-05-06 21:15:42.5022 [TRACE] :  气缸到位，轨道自检...
2018-05-06 21:15:47.5567 [TRACE] :  自检完成，供料器复位开始...
2018-05-06 21:15:51.3027 [TRACE] :  机器复位完成，正常终了。
2018-05-06 21:20:59.5676 [TRACE] :  设备开始复位...
2018-05-06 21:20:59.6924 [TRACE] :  机械手复位开始...
2018-05-06 21:21:04.1540 [TRACE] :  机械手复位完成，正常终了。
2018-05-06 21:21:04.2164 [TRACE] :  气缸复原...
2018-05-06 21:21:05.2772 [TRACE] :  气缸到位，轨道自检...
2018-05-06 21:21:10.3336 [TRACE] :  自检完成，供料器复位开始...
2018-05-06 21:21:14.0776 [TRACE] :  机器复位完成，正常终了。
2018-05-06 21:24:24.5169 [TRACE] :  设备开始复位...
2018-05-06 21:24:24.6417 [TRACE] :  机械手复位开始...
2018-05-06 21:24:29.1501 [TRACE] :  机械手复位完成，正常终了。
2018-05-06 21:24:29.2125 [TRACE] :  气缸复原...
2018-05-06 21:24:30.2733 [TRACE] :  气缸到位，轨道自检...
2018-05-06 21:24:32.4573 [WARN] :  请先取出轨道上基板后复位！
2018-05-06 21:24:44.0189 [TRACE] :  设备开始复位...
2018-05-06 21:24:44.1437 [TRACE] :  机械手复位开始...
2018-05-06 21:24:47.5445 [TRACE] :  机械手复位完成，正常终了。
2018-05-06 21:24:47.6069 [TRACE] :  气缸复原...
2018-05-06 21:24:48.6677 [TRACE] :  气缸到位，轨道自检...
2018-05-06 21:24:53.7221 [TRACE] :  自检完成，供料器复位开始...
2018-05-06 21:24:57.4661 [TRACE] :  机器复位完成，正常终了。
2018-05-06 21:31:02.3003 [TRACE] :  设备开始复位...
2018-05-06 21:31:02.4251 [TRACE] :  机械手复位开始...
2018-05-06 21:31:06.9803 [TRACE] :  机械手复位完成，正常终了。
2018-05-06 21:31:07.0427 [TRACE] :  气缸复原...
2018-05-06 21:31:08.1035 [TRACE] :  气缸到位，轨道自检...
2018-05-06 21:31:13.1579 [TRACE] :  自检完成，供料器复位开始...
2018-05-06 21:31:16.9019 [TRACE] :  机器复位完成，正常终了。
2018-05-06 21:38:32.8636 [TRACE] :  设备开始复位...
2018-05-06 21:38:32.9884 [TRACE] :  机械手复位开始...
2018-05-06 21:38:37.6216 [TRACE] :  机械手复位完成，正常终了。
2018-05-06 21:38:37.6840 [TRACE] :  气缸复原...
2018-05-06 21:38:38.7448 [TRACE] :  气缸到位，轨道自检...
2018-05-06 21:38:43.7992 [TRACE] :  自检完成，供料器复位开始...
2018-05-06 21:38:47.5432 [TRACE] :  机器复位完成，正常终了。
2018-05-06 21:39:12.0529 [TRACE] :  设备开始复位...
2018-05-06 21:39:12.1777 [TRACE] :  机械手复位开始...
2018-05-06 21:39:15.7189 [TRACE] :  机械手复位完成，正常终了。
2018-05-06 21:39:15.7813 [TRACE] :  气缸复原...
2018-05-06 21:39:16.8421 [TRACE] :  气缸到位，轨道自检...
2018-05-06 21:39:21.8965 [TRACE] :  自检完成，供料器复位开始...
2018-05-06 21:39:27.8401 [TRACE] :  机器复位完成，正常终了。
2018-05-06 21:39:45.9391 [TRACE] :  设备开始复位...
2018-05-06 21:39:46.0639 [TRACE] :  机械手复位开始...
2018-05-06 21:39:49.4959 [TRACE] :  机械手复位完成，正常终了。
2018-05-06 21:39:49.5583 [TRACE] :  气缸复原...
2018-05-06 21:39:50.6191 [TRACE] :  气缸到位，轨道自检...
2018-05-06 21:39:55.6735 [TRACE] :  自检完成，供料器复位开始...
2018-05-06 21:40:01.6015 [TRACE] :  机器复位完成，正常终了。
2018-05-06 22:28:46.4757 [TRACE] :  设备开始复位...
2018-05-06 22:28:46.6005 [TRACE] :  机械手复位开始...
2018-05-06 22:28:51.2181 [TRACE] :  机械手复位完成，正常终了。
2018-05-06 22:28:51.2805 [TRACE] :  气缸复原...
2018-05-06 22:28:52.3413 [TRACE] :  气缸到位，轨道自检...
2018-05-06 22:28:57.3957 [TRACE] :  自检完成，供料器复位开始...
2018-05-06 22:29:01.1417 [TRACE] :  机器复位完成，正常终了。
2018-05-06 22:37:39.9310 [TRACE] :  设备开始复位...
2018-05-06 22:37:40.0558 [TRACE] :  机械手复位开始...
2018-05-06 22:37:44.5642 [TRACE] :  机械手复位完成，正常终了。
2018-05-06 22:37:44.6266 [TRACE] :  气缸复原...
2018-05-06 22:37:45.6874 [TRACE] :  气缸到位，轨道自检...
2018-05-06 22:37:50.7418 [TRACE] :  自检完成，供料器复位开始...
2018-05-06 22:37:54.4859 [TRACE] :  机器复位完成，正常终了。
2018-05-06 22:56:50.4649 [TRACE] :  设备开始复位...
2018-05-06 22:56:50.5897 [TRACE] :  机械手复位开始...
2018-05-06 22:56:53.9613 [TRACE] :  机械手复位完成，正常终了。
2018-05-06 22:56:54.0237 [TRACE] :  气缸复原...
2018-05-06 22:56:55.0845 [TRACE] :  气缸到位，轨道自检...
2018-05-06 22:57:00.1389 [TRACE] :  自检完成，供料器复位开始...
2018-05-06 22:57:03.8829 [TRACE] :  机器复位完成，正常终了。
2018-05-06 23:06:12.4941 [TRACE] :  设备开始复位...
2018-05-06 23:06:12.6189 [TRACE] :  机械手复位开始...
2018-05-06 23:06:17.1585 [TRACE] :  机械手复位完成，正常终了。
2018-05-06 23:06:17.2209 [TRACE] :  气缸复原...
2018-05-06 23:06:18.2817 [TRACE] :  气缸到位，轨道自检...
2018-05-06 23:06:23.3361 [TRACE] :  自检完成，供料器复位开始...
2018-05-06 23:06:27.0811 [TRACE] :  机器复位完成，正常终了。
2018-05-06 23:10:22.6833 [TRACE] :  设备开始复位...
2018-05-06 23:10:22.8081 [TRACE] :  机械手复位开始...
2018-05-06 23:10:27.2853 [TRACE] :  机械手复位完成，正常终了。
2018-05-06 23:10:27.3477 [TRACE] :  气缸复原...
2018-05-06 23:10:28.4085 [TRACE] :  气缸到位，轨道自检...
2018-05-06 23:10:33.4629 [TRACE] :  自检完成，供料器复位开始...
2018-05-06 23:10:38.9541 [TRACE] :  机器复位完成，正常终了。
2018-05-06 23:28:53.3530 [TRACE] :  设备开始复位...
2018-05-06 23:28:53.4778 [TRACE] :  机械手复位开始...
2018-05-06 23:28:59.1406 [TRACE] :  机械手复位完成，正常终了。
2018-05-06 23:28:59.2030 [TRACE] :  气缸复原...
2018-05-06 23:29:00.2638 [TRACE] :  气缸到位，轨道自检...
2018-05-06 23:29:00.3262 [WARN] :  请先取出轨道上基板后复位！
2018-05-06 23:29:34.2977 [TRACE] :  设备开始复位...
2018-05-06 23:29:34.4225 [TRACE] :  机械手复位开始...
2018-05-06 23:29:37.1993 [TRACE] :  机械手复位完成，正常终了。
2018-05-06 23:29:37.2617 [TRACE] :  气缸复原...
2018-05-06 23:29:38.3225 [TRACE] :  气缸到位，轨道自检...
2018-05-06 23:29:43.3769 [TRACE] :  自检完成，供料器复位开始...
2018-05-06 23:29:49.3049 [TRACE] :  机器复位完成，正常终了。
2018-05-06 23:31:34.7138 [TRACE] :  设备开始复位...
2018-05-06 23:31:34.8386 [TRACE] :  机械手复位开始...
2018-05-06 23:31:37.6154 [TRACE] :  机械手复位完成，正常终了。
2018-05-06 23:31:37.6778 [TRACE] :  气缸复原...
2018-05-06 23:31:38.7386 [TRACE] :  气缸到位，轨道自检...
2018-05-06 23:31:43.7930 [TRACE] :  自检完成，供料器复位开始...
2018-05-06 23:31:49.7210 [TRACE] :  机器复位完成，正常终了。
2018-05-06 23:33:17.0944 [TRACE] :  设备开始复位...
2018-05-06 23:33:17.2192 [TRACE] :  机械手复位开始...
2018-05-06 23:33:21.7120 [TRACE] :  机械手复位完成，正常终了。
2018-05-06 23:33:21.7744 [TRACE] :  气缸复原...
2018-05-06 23:33:22.8352 [TRACE] :  气缸到位，轨道自检...
2018-05-06 23:33:27.8896 [TRACE] :  自检完成，供料器复位开始...
2018-05-06 23:33:31.6336 [TRACE] :  机器复位完成，正常终了。
2018-05-06 23:34:20.8381 [TRACE] :  设备开始复位...
2018-05-06 23:34:20.9629 [TRACE] :  机械手复位开始...
2018-05-06 23:34:25.5025 [TRACE] :  机械手复位完成，正常终了。
2018-05-06 23:34:25.5649 [TRACE] :  气缸复原...
2018-05-06 23:34:26.5749 [TRACE] :  气缸到位，轨道自检...
2018-05-06 23:34:31.5886 [TRACE] :  自检完成，供料器复位开始...
2018-05-06 23:34:35.3326 [TRACE] :  机器复位完成，正常终了。
2018-05-06 23:35:07.9688 [TRACE] :  设备开始复位...
2018-05-06 23:35:08.0936 [TRACE] :  机械手复位开始...
2018-05-06 23:35:10.8548 [TRACE] :  机械手复位完成，正常终了。
2018-05-06 23:35:10.9172 [TRACE] :  气缸复原...
2018-05-06 23:35:11.9780 [TRACE] :  气缸到位，轨道自检...
2018-05-06 23:35:17.0324 [TRACE] :  自检完成，供料器复位开始...
2018-05-06 23:35:22.9605 [TRACE] :  机器复位完成，正常终了。
